#
# A fatal error has been detected by the Java Runtime Environment:
#
#  SIGBUS (0xa) at pc=0x000000010e7754f0, pid=99767, tid=30979
#
# JRE version: Java(TM) SE Runtime Environment (18.0.2.1+1) (build 18.0.2.1+1-1)
# Java VM: Java HotSpot(TM) 64-Bit Server VM (18.0.2.1+1-1, mixed mode, sharing, tiered, compressed oops, compressed class ptrs, g1 gc, bsd-aarch64)
# Problematic frame:
# v  ~StubRoutines::SafeFetchN
#
# No core dump will be written. Core dumps have been disabled. To enable core dumping, try "ulimit -c unlimited" before starting Java again
#
# If you would like to submit a bug report, please visit:
#   https://bugreport.java.com/bugreport/crash.jsp
# The crash happened outside the Java Virtual Machine in native code.
# See problematic frame for where to report the bug.
#

---------------  S U M M A R Y ------------

Command Line: -XX:+ShowCodeDetailsInExceptionMessages --module-path=/Users/nicolegumula/Documents/github/projectfx3/target/classes:/Users/nicolegumula/.m2/repository/org/openjfx/javafx-controls/17/javafx-controls-17-mac-aarch64.jar:/Users/nicolegumula/.m2/repository/org/openjfx/javafx-graphics/17/javafx-graphics-17-mac-aarch64.jar:/Users/nicolegumula/.m2/repository/org/openjfx/javafx-base/17/javafx-base-17-mac-aarch64.jar:/Users/nicolegumula/.m2/repository/org/openjfx/javafx-fxml/17/javafx-fxml-17-mac-aarch64.jar -Djdk.module.main=edu.guilford edu.guilford/edu.guilford.App

Host: "Mac14,2" arm64, 8 cores, 8G, Darwin 21.5.0, macOS 12.4 (21F2081)
Time: Wed Apr 26 20:39:36 2023 EDT elapsed time: 4.260898 seconds (0d 0h 0m 4s)

---------------  T H R E A D  ---------------

Current thread (0x000000012e109e00):  JavaThread "InvokeLaterDispatcher" daemon [_thread_in_native, id=30979, stack(0x0000000171a0c000,0x0000000171c0f000)]

Stack: [0x0000000171a0c000,0x0000000171c0f000],  sp=0x0000000171c0e7d0,  free space=2057k
Native frames: (J=compiled Java code, j=interpreted, Vv=VM code, C=native code)
v  ~StubRoutines::SafeFetchN
V  [libjvm.dylib+0x7cf0dc]  _ZN10OopStorage7releaseEPKP7oopDesc+0x20
V  [libjvm.dylib+0x4f75e8]  jni_DeleteGlobalRef+0xc0
C  [libglass.dylib+0xab08]  -[GlassRunnable dealloc]+0x34
C  [Foundation+0x85318]  -[_NSThreadPerformInfo dealloc]+0x30
C  [Foundation+0x518ac]  -[NSObject(NSThreadPerformAdditions) performSelectorOnMainThread:withObject:waitUntilDone:]+0x88
C  0x7e7a00010e77d8ac
j  com.sun.glass.ui.mac.MacApplication.submitForLaterInvocation(Ljava/lang/Runnable;)V+2 javafx.graphics
j  com.sun.glass.ui.InvokeLaterDispatcher.run()V+82 javafx.graphics
v  ~StubRoutines::call_stub
V  [libjvm.dylib+0x49eb20]  _ZN9JavaCalls11call_helperEP9JavaValueRK12methodHandleP17JavaCallArgumentsP10JavaThread+0x38c
V  [libjvm.dylib+0x49db3c]  _ZN9JavaCalls12call_virtualEP9JavaValueP5KlassP6SymbolS5_P17JavaCallArgumentsP10JavaThread+0x11c
V  [libjvm.dylib+0x49dc08]  _ZN9JavaCalls12call_virtualEP9JavaValue6HandleP5KlassP6SymbolS6_P10JavaThread+0x64
V  [libjvm.dylib+0x54fdf8]  _ZL12thread_entryP10JavaThreadS0_+0x9c
V  [libjvm.dylib+0x919c88]  _ZN10JavaThread17thread_main_innerEv+0xa0
V  [libjvm.dylib+0x9186e8]  _ZN6Thread8call_runEv+0xe0
V  [libjvm.dylib+0x7d58c0]  _ZL19thread_native_entryP6Thread+0x158
C  [libsystem_pthread.dylib+0x726c]  _pthread_start+0x94

Java frames: (J=compiled Java code, j=interpreted, Vv=VM code)
j  com.sun.glass.ui.mac.MacApplication._submitForLaterInvocation(Ljava/lang/Runnable;)V+0 javafx.graphics
j  com.sun.glass.ui.mac.MacApplication.submitForLaterInvocation(Ljava/lang/Runnable;)V+2 javafx.graphics
j  com.sun.glass.ui.InvokeLaterDispatcher.run()V+82 javafx.graphics
v  ~StubRoutines::call_stub

siginfo: si_signo: 10 (SIGBUS), si_code: 1 (BUS_ADRALN), si_addr: 0x000000010e7754f0

Register to memory mapping:

 x0=0x0000000128921048 is a global jni handle
 x1=0x0 is NULL
 x2=0x0000000786ae51f0 is an oop: com.sun.glass.ui.InvokeLaterDispatcher$Future 
{0x0000000786ae51f0} - klass: 'com/sun/glass/ui/InvokeLaterDispatcher$Future'
 - ---- fields (total size 3 words):
 - private 'done' 'Z' @12  true
 - private final 'runnable' 'Ljava/lang/Runnable;' @16  a 'com/sun/javafx/tk/quantum/QuantumToolkit$$Lambda$81+0x0000000800c39140'{0x0000000786801c30} (f0d00386)
 - final synthetic 'this$0' 'Lcom/sun/glass/ui/InvokeLaterDispatcher;' @20  a 'com/sun/glass/ui/InvokeLaterDispatcher'{0x0000000786835548} (f0d06aa9)
 x3=0x0 is NULL
 x4=0x00000000000130a8 is an unknown value
 x5=0x0 is NULL
 x6=0x0 is NULL
 x7=0x0 is NULL
 x8=0x000000010e7754ec is at begin+0 in a stub
StubRoutines::SafeFetchN [0x000000010e7754ec, 0x000000010e7754f8] (12 bytes)
 x9=0x0 is NULL
x10=0x2010000030300000 is an unknown value
x11=0x0000000000000007 is an unknown value
x12=0x0 is NULL
x13=0x000000011f805e80 points into unknown readable memory: 0x000000120000006b | 6b 00 00 00 12 00 00 00
x14=0x0000100000000000 is an unknown value
x15=0x000000011f9a9f98: OBJC_CLASS_$_GlassRunnable+0 in /Users/nicolegumula/.openjfx/cache/17/libglass.dylib at 0x000000011f964000
x16=0x00000001c09f30fc: pthread_getspecific+0 in /usr/lib/system/libsystem_pthread.dylib at 0x00000001c09f1000
x17=0x000000012feacac0 points into unknown readable memory: 0xfffffffffffffffe | fe ff ff ff ff ff ff ff
x18=0x0 is NULL
x19=0x00000001289182f0 points into unknown readable memory: 0x0000000128918570 | 70 85 91 28 01 00 00 00
x20=0x0000000128920e40 points into unknown readable memory: 0x0000000128920e10 | 10 0e 92 28 01 00 00 00
x21=0x0000000128921048 is a global jni handle
x22=0x000000012e109e00 is a thread
x23=0x0000000000000001 is an unknown value
x24=0x0000000128921000 is a global jni handle
x25=0x0000000106b1ece8: _ZN12StubRoutines17_safefetchN_entryE+0 in /Library/Java/JavaVirtualMachines/jdk-18.0.2.1.jdk/Contents/Home/lib/server/libjvm.dylib at 0x0000000105f54000
x26=0x000000013151ac08 is pointing into metadata
x27=0x0 is NULL
x28=0x000000012e109e00 is a thread


Registers:
 x0=0x0000000128921048  x1=0x0000000000000000  x2=0x0000000786ae51f0  x3=0x0000000000000000
 x4=0x00000000000130a8  x5=0x0000000000000000  x6=0x0000000000000000  x7=0x0000000000000000
 x8=0x000000010e7754ec  x9=0x0000000000000000 x10=0x2010000030300000 x11=0x0000000000000007
x12=0x0000000000000000 x13=0x000000011f805e80 x14=0x0000100000000000 x15=0x000000011f9a9f98
x16=0x00000001c09f30fc x17=0x000000012feacac0 x18=0x0000000000000000 x19=0x00000001289182f0
x20=0x0000000128920e40 x21=0x0000000128921048 x22=0x000000012e109e00 x23=0x0000000000000001
x24=0x0000000128921000 x25=0x0000000106b1ece8 x26=0x000000013151ac08 x27=0x0000000000000000
x28=0x000000012e109e00  fp=0x0000000171c0e810  lr=0x0000000106721ed0  sp=0x0000000171c0e7d0
pc=0x000000010e7754f0 cpsr=0x0000000060001000
Top of Stack: (sp=0x0000000171c0e7d0)
0x0000000171c0e7d0:   000000013151ac08 0000000000000001
0x0000000171c0e7e0:   0000000171c0e9c8 000000011f80a380
0x0000000171c0e7f0:   0000000000000000 0000000128921000
0x0000000171c0e800:   0000000128921000 00000001289182f0
0x0000000171c0e810:   0000000171c0e850 00000001067230dc
0x0000000171c0e820:   0000000000000001 0000000128921000
0x0000000171c0e830:   0000000000000000 0000000128921000
0x0000000171c0e840:   0000000000000001 0000000130157200
0x0000000171c0e850:   0000000171c0e880 000000010644b5e8
0x0000000171c0e860:   000000011f80a4a0 000000020acc87dc
0x0000000171c0e870:   0000000000000000 000000011f80a4a0
0x0000000171c0e880:   0000000171c0e8b0 000000011f96eb08
0x0000000171c0e890:   03142b883b30001e 0000000000000000
0x0000000171c0e8a0:   0000000000000000 000000011f80ae10
0x0000000171c0e8b0:   0000000171c0e8f0 00000001c19c9318
0x0000000171c0e8c0:   0000000171c0e9c8 000000011f80a380
0x0000000171c0e8d0:   000000011f80a4a0 03142b883b30001e
0x0000000171c0e8e0:   0000000000000000 0000000000000000
0x0000000171c0e8f0:   0000000171c0e930 71248001c19958ac
0x0000000171c0e900:   0000000171c0e9c8 000000010e77c7c0
0x0000000171c0e910:   0000000000000000 0000000106b267a0
0x0000000171c0e920:   0000000171c0e940 000000010e77b730
0x0000000171c0e930:   0000000171c0e9a0 7e7a00010e77d8ac
0x0000000171c0e940:   0000000000000000 0000000786655488
0x0000000171c0e950:   0000000171c0e950 0000000000000000
0x0000000171c0e960:   0000000171c0e9c8 000000013151ac08
0x0000000171c0e970:   00000007868016e0 0000000000000000
0x0000000171c0e980:   0000000000000000 00000001314f10f0
0x0000000171c0e990:   0000000000000000 0000000171c0e9a0
0x0000000171c0e9a0:   0000000171c0ea20 000000010e779fc8
0x0000000171c0e9b0:   0000000000000000 0000000000000000
0x0000000171c0e9c0:   0000000786ae51f0 0000000786801758 

Instructions: (pc=0x000000010e7754f0)
0x000000010e7753f0:   f2a0d5c9 f2c00029 6d425935 1e640886
0x000000010e775400:   0c402d31 1e6408c7 1f5654d0 1e6c1017
0x000000010e775410:   1f5050d0 1f504cd0 1f5048d0 1e650af6
0x000000010e775420:   1f50d8f6 1f5694d6 1f5158f6 1e762880
0x000000010e775430:   36000501 1e614000 14000026 2e251ca5
0x000000010e775440:   d2963009 f2a0d5c9 f2c00029 6d425d36
0x000000010e775450:   1e600806 0c402d32 1f5758c7 1e6c101a
0x000000010e775460:   1f4754c7 1e650805 1f4750c7 d2866668
0x000000010e775470:   f2a7fa68 1f474cc7 1e6608c0 1f4748c7
0x000000010e775480:   1e6e1019 eb08007f 540000ac 1f479400
0x000000010e775490:   1f460340 1e603b20 1400000e d2a7fd29
0x000000010e7754a0:   eb09007f 540000ac 51480069 d3607d29
0x000000010e7754b0:   9e670121 14000002 1e6a5001 1f679417
0x000000010e7754c0:   1f668742 1e613b23 1e773857 1e773860
0x000000010e7754d0:   a8c17ff3 910003bf a8c17bfd d65f03c0
0x000000010e7754e0:   b9400001 aa0103e0 d65f03c0 f9400001
0x000000010e7754f0:   aa0103e0 d65f03c0 00000000 00000000
0x000000010e775500:   00000000 00000000 00000000 00000000
0x000000010e775510:   00000000 00000000 00000000 00000000
0x000000010e775520:   00000000 00000000 00000000 00000000
0x000000010e775530:   00000000 00000000 00000000 00000000
0x000000010e775540:   00000000 00000000 00000000 00000000
0x000000010e775550:   00000000 00000000 00000000 00000000
0x000000010e775560:   00000000 00000000 00000000 00000000
0x000000010e775570:   00000000 00000000 00000000 00000000
0x000000010e775580:   00000000 00000000 00000000 00000000
0x000000010e775590:   00000000 00000000 00000000 00000000
0x000000010e7755a0:   00000000 00000000 00000000 00000000
0x000000010e7755b0:   00000000 00000000 00000000 00000000
0x000000010e7755c0:   00000000 00000000 00000000 00000000
0x000000010e7755d0:   00000000 00000000 00000000 00000000
0x000000010e7755e0:   00000000 00000000 00000000 00000000 


Stack slot to memory mapping:
stack at sp + 0 slots: 0x000000013151ac08 is pointing into metadata
stack at sp + 1 slots: 0x0000000000000001 is an unknown value
stack at sp + 2 slots: 0x0000000171c0e9c8 is pointing into the stack for thread: 0x000000012e109e00
stack at sp + 3 slots: 0x000000011f80a380 points into unknown readable memory: 0x01000002193da031 | 31 a0 3d 19 02 00 00 01
stack at sp + 4 slots: 0x0 is NULL
stack at sp + 5 slots: 0x0000000128921000 is a global jni handle
stack at sp + 6 slots: 0x0000000128921000 is a global jni handle
stack at sp + 7 slots: 0x00000001289182f0 points into unknown readable memory: 0x0000000128918570 | 70 85 91 28 01 00 00 00

StubRoutines::SafeFetchN [0x000000010e7754ec, 0x000000010e7754f8] (12 bytes)
[MachCode]
  0x000000010e7754ec: 0100 40f9 | e003 01aa | c003 5fd6 
[/MachCode]

---------------  P R O C E S S  ---------------

Threads class SMR info:
_java_thread_list=0x0000000159c4c1c0, length=18, elements={
0x000000013000b800, 0x0000000130809e00, 0x0000000130808800, 0x000000012e04c000,
0x0000000130811a00, 0x000000012e04a000, 0x0000000130814c00, 0x0000000130815200,
0x0000000130810000, 0x000000013081da00, 0x000000012e039800, 0x0000000130814600,
0x000000012e109e00, 0x0000000130157200, 0x0000000130950200, 0x0000000129924a00,
0x00000001309a6800, 0x000000012e179800
}

Java Threads: ( => current thread )
  0x000000013000b800 JavaThread "main" [_thread_blocked, id=5891, stack(0x000000016f210000,0x000000016f413000)]
  0x0000000130809e00 JavaThread "Reference Handler" daemon [_thread_blocked, id=16131, stack(0x0000000170064000,0x0000000170267000)]
  0x0000000130808800 JavaThread "Finalizer" daemon [_thread_blocked, id=17411, stack(0x0000000170270000,0x0000000170473000)]
  0x000000012e04c000 JavaThread "Signal Dispatcher" daemon [_thread_blocked, id=41731, stack(0x0000000170594000,0x0000000170797000)]
  0x0000000130811a00 JavaThread "Service Thread" daemon [_thread_blocked, id=22531, stack(0x00000001707a0000,0x00000001709a3000)]
  0x000000012e04a000 JavaThread "Monitor Deflation Thread" daemon [_thread_blocked, id=41475, stack(0x00000001709ac000,0x0000000170baf000)]
  0x0000000130814c00 JavaThread "C2 CompilerThread0" daemon [_thread_blocked, id=40963, stack(0x0000000170bb8000,0x0000000170dbb000)]
  0x0000000130815200 JavaThread "C1 CompilerThread0" daemon [_thread_blocked, id=23299, stack(0x0000000170dc4000,0x0000000170fc7000)]
  0x0000000130810000 JavaThread "Sweeper thread" daemon [_thread_blocked, id=23811, stack(0x0000000170fd0000,0x00000001711d3000)]
  0x000000013081da00 JavaThread "Common-Cleaner" daemon [_thread_blocked, id=24323, stack(0x00000001711dc000,0x00000001713df000)]
  0x000000012e039800 JavaThread "Notification Thread" daemon [_thread_blocked, id=24835, stack(0x00000001713e8000,0x00000001715eb000)]
  0x0000000130814600 JavaThread "QuantumRenderer-0" daemon [_thread_blocked, id=25603, stack(0x0000000171800000,0x0000000171a03000)]
=>0x000000012e109e00 JavaThread "InvokeLaterDispatcher" daemon [_thread_in_native, id=30979, stack(0x0000000171a0c000,0x0000000171c0f000)]
  0x0000000130157200 JavaThread "JavaFX Application Thread" [_thread_in_vm, id=259, stack(0x000000016e988000,0x000000016f184000)]
  0x0000000130950200 JavaThread "JavaFX-Launcher" [_thread_blocked, id=73987, stack(0x0000000171eb0000,0x00000001720b3000)]
  0x0000000129924a00 JavaThread "PulseTimer-CVDisplayLink thread" daemon [_thread_in_native, id=77063, stack(0x0000000171c18000,0x0000000171c9b000)]
  0x00000001309a6800 JavaThread "Prism Font Disposer" daemon [_thread_blocked, id=70923, stack(0x0000000172af8000,0x0000000172cfb000)]
  0x000000012e179800 JavaThread "Cleaner-0" daemon [_thread_blocked, id=54791, stack(0x0000000172d04000,0x0000000172f07000)]

Other Threads:
  0x000000012891e1d0 VMThread "VM Thread" [stack: 0x000000016fe58000,0x000000017005b000] [id=17923]
  0x0000000128959f00 WatcherThread "VM Periodic Task Thread" [stack: 0x00000001715f4000,0x00000001717f7000] [id=40707]
  0x0000000128a09c50 WorkerThread "GC Thread#0" [stack: 0x000000016f41c000,0x000000016f61f000] [id=19971]
  0x0000000128a801c0 WorkerThread "GC Thread#1" [stack: 0x00000001720bc000,0x00000001722bf000] [id=53251]
  0x0000000159b1f0a0 WorkerThread "GC Thread#2" [stack: 0x00000001722c8000,0x00000001724cb000] [id=73731]
  0x0000000159b1f6a0 WorkerThread "GC Thread#3" [stack: 0x00000001724d4000,0x00000001726d7000] [id=53763]
  0x0000000159b20350 WorkerThread "GC Thread#4" [stack: 0x00000001726e0000,0x00000001728e3000] [id=54019]
  0x0000000159b21000 WorkerThread "GC Thread#5" [stack: 0x00000001728ec000,0x0000000172aef000] [id=54531]
  0x0000000128a0aa90 ConcurrentGCThread "G1 Main Marker" [stack: 0x000000016f628000,0x000000016f82b000] [id=12803]
  0x0000000128a0b7a0 WorkerThread "G1 Conc#0" [stack: 0x000000016f834000,0x000000016fa37000] [id=13827]
  0x000000012fe44b30 ConcurrentGCThread "G1 Refine#0" [stack: 0x000000016fa40000,0x000000016fc43000] [id=14083]
  0x000000012fe458b0 ConcurrentGCThread "G1 Service" [stack: 0x000000016fc4c000,0x000000016fe4f000] [id=14339]

Threads with active compile tasks:

VM state: not at safepoint (normal execution)

VM Mutex/Monitor currently owned by a thread: None

Heap address: 0x0000000780000000, size: 2048 MB, Compressed Oops mode: Zero based, Oop shift amount: 3

CDS archive(s) mapped at: [0x0000000800000000-0x0000000800ba8000-0x0000000800ba8000), size 12222464, SharedBaseAddress: 0x0000000800000000, ArchiveRelocationMode: 0.
Compressed class space mapped at: 0x0000000800c00000-0x0000000840c00000, reserved size: 1073741824
Narrow klass base: 0x0000000800000000, Narrow klass shift: 0, Narrow klass range: 0x100000000

GC Precious Log:
 CardTable entry size: 512
 Card Set container configuration: InlinePtr #cards 5 size 8 Array Of Cards #cards 12 size 40 Howl #buckets 4 coarsen threshold 1843 Howl Bitmap #cards 512 size 80 coarsen threshold 460 Card regions per heap region 1 cards per card region 2048
 CPUs: 8 total, 8 available
 Memory: 8192M
 Large Page Support: Disabled
 NUMA Support: Disabled
 Compressed Oops: Enabled (Zero based)
 Heap Region Size: 1M
 Heap Min Capacity: 8M
 Heap Initial Capacity: 128M
 Heap Max Capacity: 2G
 Pre-touch: Disabled
 Parallel Workers: 8
 Concurrent Workers: 2
 Concurrent Refinement Workers: 8
 Periodic GC: Disabled

Heap:
 garbage-first heap   total 133120K, used 78076K [0x0000000780000000, 0x0000000800000000)
  region size 1024K, 30 young (30720K), 3 survivors (3072K)
 Metaspace       used 13650K, committed 13888K, reserved 1114112K
  class space    used 2017K, committed 2112K, reserved 1048576K

Heap Regions: E=young(eden), S=young(survivor), O=old, HS=humongous(starts), HC=humongous(continues), CS=collection set, F=free, OA=open archive, CA=closed archive, TAMS=top-at-mark-start (previous, next)
|   0|0x0000000780000000, 0x0000000780057000, 0x0000000780100000| 33%| O|  |TAMS 0x0000000780000000, 0x0000000780000000| Untracked 
|   1|0x0000000780100000, 0x0000000780200000, 0x0000000780200000|100%|HS|  |TAMS 0x0000000780100000, 0x0000000780100000| Complete 
|   2|0x0000000780200000, 0x0000000780300000, 0x0000000780300000|100%|HC|  |TAMS 0x0000000780200000, 0x0000000780200000| Complete 
|   3|0x0000000780300000, 0x0000000780400000, 0x0000000780400000|100%|HC|  |TAMS 0x0000000780300000, 0x0000000780300000| Complete 
|   4|0x0000000780400000, 0x0000000780500000, 0x0000000780500000|100%|HC|  |TAMS 0x0000000780400000, 0x0000000780400000| Complete 
|   5|0x0000000780500000, 0x0000000780600000, 0x0000000780600000|100%|HC|  |TAMS 0x0000000780500000, 0x0000000780500000| Complete 
|   6|0x0000000780600000, 0x0000000780700000, 0x0000000780700000|100%|HC|  |TAMS 0x0000000780600000, 0x0000000780600000| Complete 
|   7|0x0000000780700000, 0x0000000780800000, 0x0000000780800000|100%|HC|  |TAMS 0x0000000780700000, 0x0000000780700000| Complete 
|   8|0x0000000780800000, 0x0000000780900000, 0x0000000780900000|100%|HC|  |TAMS 0x0000000780800000, 0x0000000780800000| Complete 
|   9|0x0000000780900000, 0x0000000780a00000, 0x0000000780a00000|100%|HC|  |TAMS 0x0000000780900000, 0x0000000780900000| Complete 
|  10|0x0000000780a00000, 0x0000000780b00000, 0x0000000780b00000|100%|HS|  |TAMS 0x0000000780a00000, 0x0000000780a00000| Complete 
|  11|0x0000000780b00000, 0x0000000780c00000, 0x0000000780c00000|100%|HC|  |TAMS 0x0000000780b00000, 0x0000000780b00000| Complete 
|  12|0x0000000780c00000, 0x0000000780d00000, 0x0000000780d00000|100%|HC|  |TAMS 0x0000000780c00000, 0x0000000780c00000| Complete 
|  13|0x0000000780d00000, 0x0000000780e00000, 0x0000000780e00000|100%|HC|  |TAMS 0x0000000780d00000, 0x0000000780d00000| Complete 
|  14|0x0000000780e00000, 0x0000000780f00000, 0x0000000780f00000|100%|HC|  |TAMS 0x0000000780e00000, 0x0000000780e00000| Complete 
|  15|0x0000000780f00000, 0x0000000781000000, 0x0000000781000000|100%|HC|  |TAMS 0x0000000780f00000, 0x0000000780f00000| Complete 
|  16|0x0000000781000000, 0x0000000781100000, 0x0000000781100000|100%|HC|  |TAMS 0x0000000781000000, 0x0000000781000000| Complete 
|  17|0x0000000781100000, 0x0000000781200000, 0x0000000781200000|100%|HC|  |TAMS 0x0000000781100000, 0x0000000781100000| Complete 
|  18|0x0000000781200000, 0x0000000781300000, 0x0000000781300000|100%|HC|  |TAMS 0x0000000781200000, 0x0000000781200000| Complete 
|  19|0x0000000781300000, 0x0000000781400000, 0x0000000781400000|100%|HC|  |TAMS 0x0000000781300000, 0x0000000781300000| Complete 
|  20|0x0000000781400000, 0x0000000781500000, 0x0000000781500000|100%|HC|  |TAMS 0x0000000781400000, 0x0000000781400000| Complete 
|  21|0x0000000781500000, 0x0000000781600000, 0x0000000781600000|100%|HC|  |TAMS 0x0000000781500000, 0x0000000781500000| Complete 
|  22|0x0000000781600000, 0x0000000781700000, 0x0000000781700000|100%|HC|  |TAMS 0x0000000781600000, 0x0000000781600000| Complete 
|  23|0x0000000781700000, 0x0000000781800000, 0x0000000781800000|100%|HC|  |TAMS 0x0000000781700000, 0x0000000781700000| Complete 
|  24|0x0000000781800000, 0x0000000781900000, 0x0000000781900000|100%|HC|  |TAMS 0x0000000781800000, 0x0000000781800000| Complete 
|  25|0x0000000781900000, 0x0000000781a00000, 0x0000000781a00000|100%|HC|  |TAMS 0x0000000781900000, 0x0000000781900000| Complete 
|  26|0x0000000781a00000, 0x0000000781b00000, 0x0000000781b00000|100%|HC|  |TAMS 0x0000000781a00000, 0x0000000781a00000| Complete 
|  27|0x0000000781b00000, 0x0000000781c00000, 0x0000000781c00000|100%|HC|  |TAMS 0x0000000781b00000, 0x0000000781b00000| Complete 
|  28|0x0000000781c00000, 0x0000000781d00000, 0x0000000781d00000|100%|HC|  |TAMS 0x0000000781c00000, 0x0000000781c00000| Complete 
|  29|0x0000000781d00000, 0x0000000781e00000, 0x0000000781e00000|100%|HC|  |TAMS 0x0000000781d00000, 0x0000000781d00000| Complete 
|  30|0x0000000781e00000, 0x0000000781f00000, 0x0000000781f00000|100%|HC|  |TAMS 0x0000000781e00000, 0x0000000781e00000| Complete 
|  31|0x0000000781f00000, 0x0000000782000000, 0x0000000782000000|100%|HC|  |TAMS 0x0000000781f00000, 0x0000000781f00000| Complete 
|  32|0x0000000782000000, 0x0000000782100000, 0x0000000782100000|100%|HC|  |TAMS 0x0000000782000000, 0x0000000782000000| Complete 
|  33|0x0000000782100000, 0x0000000782200000, 0x0000000782200000|100%|HC|  |TAMS 0x0000000782100000, 0x0000000782100000| Complete 
|  34|0x0000000782200000, 0x0000000782300000, 0x0000000782300000|100%|HC|  |TAMS 0x0000000782200000, 0x0000000782200000| Complete 
|  35|0x0000000782300000, 0x0000000782400000, 0x0000000782400000|100%|HC|  |TAMS 0x0000000782300000, 0x0000000782300000| Complete 
|  36|0x0000000782400000, 0x0000000782500000, 0x0000000782500000|100%|HC|  |TAMS 0x0000000782400000, 0x0000000782400000| Complete 
|  37|0x0000000782500000, 0x0000000782600000, 0x0000000782600000|100%|HC|  |TAMS 0x0000000782500000, 0x0000000782500000| Complete 
|  38|0x0000000782600000, 0x0000000782700000, 0x0000000782700000|100%|HC|  |TAMS 0x0000000782600000, 0x0000000782600000| Complete 
|  39|0x0000000782700000, 0x0000000782800000, 0x0000000782800000|100%|HC|  |TAMS 0x0000000782700000, 0x0000000782700000| Complete 
|  40|0x0000000782800000, 0x0000000782900000, 0x0000000782900000|100%|HC|  |TAMS 0x0000000782800000, 0x0000000782800000| Complete 
|  41|0x0000000782900000, 0x0000000782a00000, 0x0000000782a00000|100%|HC|  |TAMS 0x0000000782900000, 0x0000000782900000| Complete 
|  42|0x0000000782a00000, 0x0000000782b00000, 0x0000000782b00000|100%|HC|  |TAMS 0x0000000782a00000, 0x0000000782a00000| Complete 
|  43|0x0000000782b00000, 0x0000000782c00000, 0x0000000782c00000|100%|HC|  |TAMS 0x0000000782b00000, 0x0000000782b00000| Complete 
|  44|0x0000000782c00000, 0x0000000782d00000, 0x0000000782d00000|100%|HC|  |TAMS 0x0000000782c00000, 0x0000000782c00000| Complete 
|  45|0x0000000782d00000, 0x0000000782e00000, 0x0000000782e00000|100%|HS|  |TAMS 0x0000000782d00000, 0x0000000782d00000| Complete 
|  46|0x0000000782e00000, 0x0000000782f00000, 0x0000000782f00000|100%|HC|  |TAMS 0x0000000782e00000, 0x0000000782e00000| Complete 
|  47|0x0000000782f00000, 0x0000000782f00000, 0x0000000783000000|  0%| F|  |TAMS 0x0000000782f00000, 0x0000000782f00000| Untracked 
|  48|0x0000000783000000, 0x0000000783000000, 0x0000000783100000|  0%| F|  |TAMS 0x0000000783000000, 0x0000000783000000| Untracked 
|  49|0x0000000783100000, 0x0000000783100000, 0x0000000783200000|  0%| F|  |TAMS 0x0000000783100000, 0x0000000783100000| Untracked 
|  50|0x0000000783200000, 0x0000000783200000, 0x0000000783300000|  0%| F|  |TAMS 0x0000000783200000, 0x0000000783200000| Untracked 
|  51|0x0000000783300000, 0x0000000783300000, 0x0000000783400000|  0%| F|  |TAMS 0x0000000783300000, 0x0000000783300000| Untracked 
|  52|0x0000000783400000, 0x0000000783400000, 0x0000000783500000|  0%| F|  |TAMS 0x0000000783400000, 0x0000000783400000| Untracked 
|  53|0x0000000783500000, 0x0000000783500000, 0x0000000783600000|  0%| F|  |TAMS 0x0000000783500000, 0x0000000783500000| Untracked 
|  54|0x0000000783600000, 0x0000000783600000, 0x0000000783700000|  0%| F|  |TAMS 0x0000000783600000, 0x0000000783600000| Untracked 
|  55|0x0000000783700000, 0x0000000783700000, 0x0000000783800000|  0%| F|  |TAMS 0x0000000783700000, 0x0000000783700000| Untracked 
|  56|0x0000000783800000, 0x0000000783800000, 0x0000000783900000|  0%| F|  |TAMS 0x0000000783800000, 0x0000000783800000| Untracked 
|  57|0x0000000783900000, 0x0000000783900000, 0x0000000783a00000|  0%| F|  |TAMS 0x0000000783900000, 0x0000000783900000| Untracked 
|  58|0x0000000783a00000, 0x0000000783a00000, 0x0000000783b00000|  0%| F|  |TAMS 0x0000000783a00000, 0x0000000783a00000| Untracked 
|  59|0x0000000783b00000, 0x0000000783b00000, 0x0000000783c00000|  0%| F|  |TAMS 0x0000000783b00000, 0x0000000783b00000| Untracked 
|  60|0x0000000783c00000, 0x0000000783c00000, 0x0000000783d00000|  0%| F|  |TAMS 0x0000000783c00000, 0x0000000783c00000| Untracked 
|  61|0x0000000783d00000, 0x0000000783d00000, 0x0000000783e00000|  0%| F|  |TAMS 0x0000000783d00000, 0x0000000783d00000| Untracked 
|  62|0x0000000783e00000, 0x0000000783e00000, 0x0000000783f00000|  0%| F|  |TAMS 0x0000000783e00000, 0x0000000783e00000| Untracked 
|  63|0x0000000783f00000, 0x0000000783f00000, 0x0000000784000000|  0%| F|  |TAMS 0x0000000783f00000, 0x0000000783f00000| Untracked 
|  64|0x0000000784000000, 0x0000000784000000, 0x0000000784100000|  0%| F|  |TAMS 0x0000000784000000, 0x0000000784000000| Untracked 
|  65|0x0000000784100000, 0x0000000784100000, 0x0000000784200000|  0%| F|  |TAMS 0x0000000784100000, 0x0000000784100000| Untracked 
|  66|0x0000000784200000, 0x0000000784200000, 0x0000000784300000|  0%| F|  |TAMS 0x0000000784200000, 0x0000000784200000| Untracked 
|  67|0x0000000784300000, 0x0000000784300000, 0x0000000784400000|  0%| F|  |TAMS 0x0000000784300000, 0x0000000784300000| Untracked 
|  68|0x0000000784400000, 0x0000000784400000, 0x0000000784500000|  0%| F|  |TAMS 0x0000000784400000, 0x0000000784400000| Untracked 
|  69|0x0000000784500000, 0x0000000784500000, 0x0000000784600000|  0%| F|  |TAMS 0x0000000784500000, 0x0000000784500000| Untracked 
|  70|0x0000000784600000, 0x0000000784600000, 0x0000000784700000|  0%| F|  |TAMS 0x0000000784600000, 0x0000000784600000| Untracked 
|  71|0x0000000784700000, 0x0000000784700000, 0x0000000784800000|  0%| F|  |TAMS 0x0000000784700000, 0x0000000784700000| Untracked 
|  72|0x0000000784800000, 0x0000000784800000, 0x0000000784900000|  0%| F|  |TAMS 0x0000000784800000, 0x0000000784800000| Untracked 
|  73|0x0000000784900000, 0x0000000784900000, 0x0000000784a00000|  0%| F|  |TAMS 0x0000000784900000, 0x0000000784900000| Untracked 
|  74|0x0000000784a00000, 0x0000000784a00000, 0x0000000784b00000|  0%| F|  |TAMS 0x0000000784a00000, 0x0000000784a00000| Untracked 
|  75|0x0000000784b00000, 0x0000000784b00000, 0x0000000784c00000|  0%| F|  |TAMS 0x0000000784b00000, 0x0000000784b00000| Untracked 
|  76|0x0000000784c00000, 0x0000000784c00000, 0x0000000784d00000|  0%| F|  |TAMS 0x0000000784c00000, 0x0000000784c00000| Untracked 
|  77|0x0000000784d00000, 0x0000000784d00000, 0x0000000784e00000|  0%| F|  |TAMS 0x0000000784d00000, 0x0000000784d00000| Untracked 
|  78|0x0000000784e00000, 0x0000000784e00000, 0x0000000784f00000|  0%| F|  |TAMS 0x0000000784e00000, 0x0000000784e00000| Untracked 
|  79|0x0000000784f00000, 0x0000000784f00000, 0x0000000785000000|  0%| F|  |TAMS 0x0000000784f00000, 0x0000000784f00000| Untracked 
|  80|0x0000000785000000, 0x0000000785000000, 0x0000000785100000|  0%| F|  |TAMS 0x0000000785000000, 0x0000000785000000| Untracked 
|  81|0x0000000785100000, 0x0000000785100000, 0x0000000785200000|  0%| F|  |TAMS 0x0000000785100000, 0x0000000785100000| Untracked 
|  82|0x0000000785200000, 0x0000000785200000, 0x0000000785300000|  0%| F|  |TAMS 0x0000000785200000, 0x0000000785200000| Untracked 
|  83|0x0000000785300000, 0x0000000785300000, 0x0000000785400000|  0%| F|  |TAMS 0x0000000785300000, 0x0000000785300000| Untracked 
|  84|0x0000000785400000, 0x0000000785400000, 0x0000000785500000|  0%| F|  |TAMS 0x0000000785400000, 0x0000000785400000| Untracked 
|  85|0x0000000785500000, 0x0000000785500000, 0x0000000785600000|  0%| F|  |TAMS 0x0000000785500000, 0x0000000785500000| Untracked 
|  86|0x0000000785600000, 0x0000000785600000, 0x0000000785700000|  0%| F|  |TAMS 0x0000000785600000, 0x0000000785600000| Untracked 
|  87|0x0000000785700000, 0x0000000785700000, 0x0000000785800000|  0%| F|  |TAMS 0x0000000785700000, 0x0000000785700000| Untracked 
|  88|0x0000000785800000, 0x0000000785800000, 0x0000000785900000|  0%| F|  |TAMS 0x0000000785800000, 0x0000000785800000| Untracked 
|  89|0x0000000785900000, 0x0000000785900000, 0x0000000785a00000|  0%| F|  |TAMS 0x0000000785900000, 0x0000000785900000| Untracked 
|  90|0x0000000785a00000, 0x0000000785a00000, 0x0000000785b00000|  0%| F|  |TAMS 0x0000000785a00000, 0x0000000785a00000| Untracked 
|  91|0x0000000785b00000, 0x0000000785b00000, 0x0000000785c00000|  0%| F|  |TAMS 0x0000000785b00000, 0x0000000785b00000| Untracked 
|  92|0x0000000785c00000, 0x0000000785c00000, 0x0000000785d00000|  0%| F|  |TAMS 0x0000000785c00000, 0x0000000785c00000| Untracked 
|  93|0x0000000785d00000, 0x0000000785d00000, 0x0000000785e00000|  0%| F|  |TAMS 0x0000000785d00000, 0x0000000785d00000| Untracked 
|  94|0x0000000785e00000, 0x0000000785e00000, 0x0000000785f00000|  0%| F|  |TAMS 0x0000000785e00000, 0x0000000785e00000| Untracked 
|  95|0x0000000785f00000, 0x0000000785f00000, 0x0000000786000000|  0%| F|  |TAMS 0x0000000785f00000, 0x0000000785f00000| Untracked 
|  96|0x0000000786000000, 0x0000000786000000, 0x0000000786100000|  0%| F|  |TAMS 0x0000000786000000, 0x0000000786000000| Untracked 
|  97|0x0000000786100000, 0x0000000786100000, 0x0000000786200000|  0%| F|  |TAMS 0x0000000786100000, 0x0000000786100000| Untracked 
|  98|0x0000000786200000, 0x0000000786300000, 0x0000000786300000|100%| E|  |TAMS 0x0000000786200000, 0x0000000786200000| Complete 
|  99|0x0000000786300000, 0x0000000786400000, 0x0000000786400000|100%| E|CS|TAMS 0x0000000786300000, 0x0000000786300000| Complete 
| 100|0x0000000786400000, 0x0000000786500000, 0x0000000786500000|100%| E|CS|TAMS 0x0000000786400000, 0x0000000786400000| Complete 
| 101|0x0000000786500000, 0x0000000786600000, 0x0000000786600000|100%| E|CS|TAMS 0x0000000786500000, 0x0000000786500000| Complete 
| 102|0x0000000786600000, 0x0000000786700000, 0x0000000786700000|100%| S|CS|TAMS 0x0000000786600000, 0x0000000786600000| Complete 
| 103|0x0000000786700000, 0x0000000786800000, 0x0000000786800000|100%| S|CS|TAMS 0x0000000786700000, 0x0000000786700000| Complete 
| 104|0x0000000786800000, 0x0000000786900000, 0x0000000786900000|100%| S|CS|TAMS 0x0000000786800000, 0x0000000786800000| Complete 
| 105|0x0000000786900000, 0x0000000786a00000, 0x0000000786a00000|100%| E|CS|TAMS 0x0000000786900000, 0x0000000786900000| Complete 
| 106|0x0000000786a00000, 0x0000000786b00000, 0x0000000786b00000|100%| E|CS|TAMS 0x0000000786a00000, 0x0000000786a00000| Complete 
| 107|0x0000000786b00000, 0x0000000786c00000, 0x0000000786c00000|100%| E|CS|TAMS 0x0000000786b00000, 0x0000000786b00000| Complete 
| 108|0x0000000786c00000, 0x0000000786d00000, 0x0000000786d00000|100%| E|CS|TAMS 0x0000000786c00000, 0x0000000786c00000| Complete 
| 109|0x0000000786d00000, 0x0000000786e00000, 0x0000000786e00000|100%| E|CS|TAMS 0x0000000786d00000, 0x0000000786d00000| Complete 
| 110|0x0000000786e00000, 0x0000000786f00000, 0x0000000786f00000|100%| E|CS|TAMS 0x0000000786e00000, 0x0000000786e00000| Complete 
| 111|0x0000000786f00000, 0x0000000787000000, 0x0000000787000000|100%| E|CS|TAMS 0x0000000786f00000, 0x0000000786f00000| Complete 
| 112|0x0000000787000000, 0x0000000787100000, 0x0000000787100000|100%| E|CS|TAMS 0x0000000787000000, 0x0000000787000000| Complete 
| 113|0x0000000787100000, 0x0000000787200000, 0x0000000787200000|100%| E|CS|TAMS 0x0000000787100000, 0x0000000787100000| Complete 
| 114|0x0000000787200000, 0x0000000787300000, 0x0000000787300000|100%| E|CS|TAMS 0x0000000787200000, 0x0000000787200000| Complete 
| 115|0x0000000787300000, 0x0000000787400000, 0x0000000787400000|100%| E|CS|TAMS 0x0000000787300000, 0x0000000787300000| Complete 
| 116|0x0000000787400000, 0x0000000787500000, 0x0000000787500000|100%| E|CS|TAMS 0x0000000787400000, 0x0000000787400000| Complete 
| 117|0x0000000787500000, 0x0000000787600000, 0x0000000787600000|100%| E|CS|TAMS 0x0000000787500000, 0x0000000787500000| Complete 
| 118|0x0000000787600000, 0x0000000787700000, 0x0000000787700000|100%| E|CS|TAMS 0x0000000787600000, 0x0000000787600000| Complete 
| 119|0x0000000787700000, 0x0000000787800000, 0x0000000787800000|100%| E|CS|TAMS 0x0000000787700000, 0x0000000787700000| Complete 
| 120|0x0000000787800000, 0x0000000787900000, 0x0000000787900000|100%| E|CS|TAMS 0x0000000787800000, 0x0000000787800000| Complete 
| 121|0x0000000787900000, 0x0000000787a00000, 0x0000000787a00000|100%| E|CS|TAMS 0x0000000787900000, 0x0000000787900000| Complete 
| 122|0x0000000787a00000, 0x0000000787b00000, 0x0000000787b00000|100%| E|CS|TAMS 0x0000000787a00000, 0x0000000787a00000| Complete 
| 123|0x0000000787b00000, 0x0000000787c00000, 0x0000000787c00000|100%| E|CS|TAMS 0x0000000787b00000, 0x0000000787b00000| Complete 
| 124|0x0000000787c00000, 0x0000000787d00000, 0x0000000787d00000|100%| E|CS|TAMS 0x0000000787c00000, 0x0000000787c00000| Complete 
| 125|0x0000000787d00000, 0x0000000787e00000, 0x0000000787e00000|100%| E|CS|TAMS 0x0000000787d00000, 0x0000000787d00000| Complete 
| 126|0x0000000787e00000, 0x0000000787f00000, 0x0000000787f00000|100%| E|CS|TAMS 0x0000000787e00000, 0x0000000787e00000| Complete 
| 127|0x0000000787f00000, 0x0000000788000000, 0x0000000788000000|100%| E|CS|TAMS 0x0000000787f00000, 0x0000000787f00000| Complete 
|2046|0x00000007ffe00000, 0x00000007ffe74000, 0x00000007fff00000| 45%|OA|  |TAMS 0x00000007ffe00000, 0x00000007ffe00000| Untracked 
|2047|0x00000007fff00000, 0x00000007fff74000, 0x0000000800000000| 45%|CA|  |TAMS 0x00000007fff00000, 0x00000007fff00000| Untracked 

Card table byte_map: [0x00000001055d8000,0x00000001059d8000] _byte_map_base: 0x00000001019d8000

Marking Bits (Prev, Next): (CMBitMap*) 0x0000000129821010, (CMBitMap*) 0x0000000129821050
 Prev Bits: [0x000000011d774000, 0x000000011f774000)
 Next Bits: [0x000000012a000000, 0x000000012c000000)

Polling page: 0x0000000100dfc000

Metaspace:

Usage:
  Non-class:     11.36 MB used.
      Class:      1.97 MB used.
       Both:     13.33 MB used.

Virtual space:
  Non-class space:       64.00 MB reserved,      11.50 MB ( 18%) committed,  1 nodes.
      Class space:        1.00 GB reserved,       2.06 MB ( <1%) committed,  1 nodes.
             Both:        1.06 GB reserved,      13.56 MB (  1%) committed. 

Chunk freelists:
   Non-Class:  3.47 MB
       Class:  1.88 MB
        Both:  5.34 MB

MaxMetaspaceSize: unlimited
CompressedClassSpaceSize: 1.00 GB
Initial GC threshold: 21.00 MB
Current GC threshold: 21.00 MB
CDS: on
MetaspaceReclaimPolicy: balanced
 - commit_granule_bytes: 65536.
 - commit_granule_words: 8192.
 - virtual_space_node_default_size: 8388608.
 - enlarge_chunks_in_place: 1.
 - new_chunks_are_fully_committed: 0.
 - uncommit_free_chunks: 1.
 - use_allocation_guard: 0.


Internal statistics:

num_allocs_failed_limit: 0.
num_arena_births: 208.
num_arena_deaths: 0.
num_vsnodes_births: 2.
num_vsnodes_deaths: 0.
num_space_committed: 217.
num_space_uncommitted: 0.
num_chunks_returned_to_freelist: 0.
num_chunks_taken_from_freelist: 632.
num_chunk_merges: 0.
num_chunk_splits: 465.
num_chunks_enlarged: 386.
num_inconsistent_stats: 0.

CodeHeap 'non-profiled nmethods': size=120032Kb used=790Kb max_used=790Kb free=119242Kb
 bounds [0x000000011623c000, 0x00000001164ac000, 0x000000011d774000]
CodeHeap 'profiled nmethods': size=120016Kb used=4257Kb max_used=4257Kb free=115759Kb
 bounds [0x000000010ed08000, 0x000000010f138000, 0x000000011623c000]
CodeHeap 'non-nmethods': size=5712Kb used=1385Kb max_used=1434Kb free=4326Kb
 bounds [0x000000010e774000, 0x000000010e9e4000, 0x000000010ed08000]
 total_blobs=2946 nmethods=2187 adapters=675
 compilation: enabled
              stopped_count=0, restarted_count=0
 full_count=0

Compilation events (20 events):
Event: 4.122 Thread 0x0000000130815200 2244       3       com.sun.javafx.geom.transform.Affine3D::transform (141 bytes)
Event: 4.122 Thread 0x0000000130815200 nmethod 2244 0x000000010f12c090 code [0x000000010f12c280, 0x000000010f12c658]
Event: 4.122 Thread 0x0000000130815200 2245       3       com.sun.javafx.geom.transform.AffineBase::transform (365 bytes)
Event: 4.122 Thread 0x0000000130815200 nmethod 2245 0x000000010f12c810 code [0x000000010f12ca40, 0x000000010f12d218]
Event: 4.143 Thread 0x0000000130815200 2246       3       javafx.scene.Scene$MouseHandler::updateCursor (36 bytes)
Event: 4.143 Thread 0x0000000130815200 nmethod 2246 0x000000010f12d510 code [0x000000010f12d6c0, 0x000000010f12dae8]
Event: 4.143 Thread 0x0000000130815200 2247       3       com.sun.javafx.geom.transform.AffineBase::translate (548 bytes)
Event: 4.144 Thread 0x0000000130815200 nmethod 2247 0x000000010f12dc10 code [0x000000010f12de40, 0x000000010f12e8d8]
Event: 4.144 Thread 0x0000000130815200 2248       3       com.sun.javafx.geom.DirtyRegionContainer::getDirtyRegion (7 bytes)
Event: 4.144 Thread 0x0000000130815200 nmethod 2248 0x000000010f12ea10 code [0x000000010f12ebc0, 0x000000010f12ed28]
Event: 4.144 Thread 0x0000000130815200 2249       3       com.sun.javafx.sg.prism.NGRegion::getNormalizedFillRadii (43 bytes)
Event: 4.144 Thread 0x0000000130815200 nmethod 2249 0x000000010f12ee10 code [0x000000010f12f000, 0x000000010f12f608]
Event: 4.144 Thread 0x0000000130815200 2250       1       com.sun.prism.es2.ES2TextureData::getWrapMode (5 bytes)
Event: 4.144 Thread 0x0000000130815200 nmethod 2250 0x0000000116300f10 code [0x0000000116301080, 0x0000000116301168]
Event: 4.144 Thread 0x0000000130815200 2251       1       com.sun.prism.impl.BaseTexture::getLinearFiltering (5 bytes)
Event: 4.144 Thread 0x0000000130815200 nmethod 2251 0x0000000116301210 code [0x0000000116301380, 0x0000000116301468]
Event: 4.144 Thread 0x0000000130815200 2252       1       com.sun.prism.es2.ES2TextureData::isFiltered (5 bytes)
Event: 4.144 Thread 0x0000000130815200 nmethod 2252 0x0000000116301510 code [0x0000000116301680, 0x0000000116301768]
Event: 4.145 Thread 0x0000000130815200 2253       3       com.sun.javafx.sg.prism.NGGroup::renderForcedContent (43 bytes)
Event: 4.145 Thread 0x0000000130815200 nmethod 2253 0x000000010f12f790 code [0x000000010f12f9c0, 0x000000010f1301a8]

GC Heap History (2 events):
Event: 0.560 GC heap before
{Heap before GC invocations=0 (full 0):
 garbage-first heap   total 133120K, used 23456K [0x0000000780000000, 0x0000000800000000)
  region size 1024K, 23 young (23552K), 0 survivors (0K)
 Metaspace       used 6716K, committed 6912K, reserved 1114112K
  class space    used 856K, committed 960K, reserved 1048576K
}
Event: 0.561 GC heap after
{Heap after GC invocations=1 (full 0):
 garbage-first heap   total 133120K, used 4348K [0x0000000780000000, 0x0000000800000000)
  region size 1024K, 3 young (3072K), 3 survivors (3072K)
 Metaspace       used 6716K, committed 6912K, reserved 1114112K
  class space    used 856K, committed 960K, reserved 1048576K
}

Deoptimization events (20 events):
Event: 1.198 Thread 0x0000000130814600 DEOPT PACKING pc=0x000000010f035cc8 sp=0x0000000171a00ed0
Event: 1.198 Thread 0x0000000130814600 DEOPT UNPACKING pc=0x000000010e7b2b7c sp=0x0000000171a00b30 mode 0
Event: 2.449 Thread 0x0000000130814600 DEOPT PACKING pc=0x000000010f059960 sp=0x0000000171a01520
Event: 2.449 Thread 0x0000000130814600 DEOPT UNPACKING pc=0x000000010e7b2b7c sp=0x0000000171a01140 mode 0
Event: 2.450 Thread 0x0000000130814600 DEOPT PACKING pc=0x000000010f054764 sp=0x0000000171a01000
Event: 2.450 Thread 0x0000000130814600 DEOPT UNPACKING pc=0x000000010e7b2b7c sp=0x0000000171a00ca0 mode 0
Event: 2.546 Thread 0x0000000130814600 DEOPT PACKING pc=0x000000010f098eb0 sp=0x0000000171a010f0
Event: 2.546 Thread 0x0000000130814600 DEOPT UNPACKING pc=0x000000010e7b2b7c sp=0x0000000171a00cf0 mode 0
Event: 3.145 Thread 0x0000000130814600 DEOPT PACKING pc=0x000000010f09878c sp=0x0000000171a01400
Event: 3.145 Thread 0x0000000130814600 DEOPT UNPACKING pc=0x000000010e7b2b7c sp=0x0000000171a01000 mode 0
Event: 3.464 Thread 0x0000000130814600 Uncommon trap: trap_request=0xffffff45 fr.pc=0x00000001162eafd0 relative=0x0000000000001f50
Event: 3.464 Thread 0x0000000130814600 Uncommon trap: reason=unstable_if action=reinterpret pc=0x00000001162eafd0 method=com.sun.marlin.Renderer._endRendering(IILcom/sun/marlin/MarlinAlphaConsumer;)V @ 2410 c2
Event: 3.464 Thread 0x0000000130814600 DEOPT PACKING pc=0x00000001162eafd0 sp=0x0000000171a014c0
Event: 3.464 Thread 0x0000000130814600 DEOPT UNPACKING pc=0x000000010e7b2d1c sp=0x0000000171a012f0 mode 2
Event: 3.465 Thread 0x0000000130814600 Uncommon trap: trap_request=0xffffff45 fr.pc=0x00000001162e14a8 relative=0x0000000000002b68
Event: 3.465 Thread 0x0000000130814600 Uncommon trap: reason=unstable_if action=reinterpret pc=0x00000001162e14a8 method=com.sun.marlin.Renderer._endRendering(IILcom/sun/marlin/MarlinAlphaConsumer;)V @ 2410 c2
Event: 3.465 Thread 0x0000000130814600 DEOPT PACKING pc=0x00000001162e14a8 sp=0x0000000171a01440
Event: 3.465 Thread 0x0000000130814600 DEOPT UNPACKING pc=0x000000010e7b2d1c sp=0x0000000171a012f0 mode 2
Event: 3.645 Thread 0x0000000130814600 DEOPT PACKING pc=0x000000010f1011b0 sp=0x0000000171a01400
Event: 3.645 Thread 0x0000000130814600 DEOPT UNPACKING pc=0x000000010e7b2b7c sp=0x0000000171a01000 mode 0

Classes loaded (20 events):
Event: 1.157 Loading class java/util/EnumMap$ValueIterator
Event: 1.157 Loading class java/util/EnumMap$EnumMapIterator
Event: 1.157 Loading class java/util/EnumMap$EnumMapIterator done
Event: 1.157 Loading class java/util/EnumMap$ValueIterator done
Event: 1.160 Loading class java/util/concurrent/ConcurrentLinkedQueue
Event: 1.160 Loading class java/util/concurrent/ConcurrentLinkedQueue done
Event: 1.160 Loading class java/util/concurrent/ConcurrentLinkedQueue$Node
Event: 1.160 Loading class java/util/concurrent/ConcurrentLinkedQueue$Node done
Event: 1.163 Loading class java/nio/DoubleBuffer
Event: 1.163 Loading class java/nio/DoubleBuffer done
Event: 1.168 Loading class jdk/internal/ref/CleanerImpl$InnocuousThreadFactory
Event: 1.168 Loading class jdk/internal/ref/CleanerImpl$InnocuousThreadFactory done
Event: 1.170 Loading class sun/misc/Unsafe
Event: 1.170 Loading class sun/misc/Unsafe done
Event: 1.170 Loading class java/lang/invoke/DirectMethodHandle$StaticAccessor
Event: 1.170 Loading class java/lang/invoke/DirectMethodHandle$StaticAccessor done
Event: 1.178 Loading class java/nio/DirectFloatBufferU
Event: 1.178 Loading class java/nio/DirectFloatBufferU done
Event: 1.184 Loading class jdk/internal/misc/ScopedMemoryAccess$Scope
Event: 1.185 Loading class jdk/internal/misc/ScopedMemoryAccess$Scope done

Classes unloaded (0 events):
No events

Classes redefined (0 events):
No events

Internal exceptions (20 events):
Event: 0.757 Thread 0x0000000130157200 Exception <a 'java/lang/ClassNotFoundException'{0x0000000787812ea0}: com/sun/javafx/scene/control/skin/resources/controls-nt_en> (0x0000000787812ea0) 
thrown [open/src/hotspot/share/prims/jni.cpp, line 535]
Event: 0.757 Thread 0x0000000130157200 Exception <a 'java/lang/ClassNotFoundException'{0x0000000787813e40}: com/sun/javafx/scene/control/skin/resources/controls-nt_en_US> (0x0000000787813e40) 
thrown [open/src/hotspot/share/prims/jni.cpp, line 535]
Event: 1.028 Thread 0x0000000130157200 Exception <a 'java/lang/NoSuchMethodError'{0x00000007873b1a40}: 'java.lang.Object java.lang.invoke.DirectMethodHandle$Holder.invokeInterface(java.lang.Object, java.lang.Object, java.lang.Object)'> (0x00000007873b1a40) 
thrown [open/src/hotspot/share/interpreter/linkResolver.cpp, line 759]
Event: 1.028 Thread 0x0000000130157200 Exception <a 'java/lang/IncompatibleClassChangeError'{0x00000007873b53c0}: Found class java.lang.Object, but interface was expected> (0x00000007873b53c0) 
thrown [open/src/hotspot/share/interpreter/linkResolver.cpp, line 826]
Event: 1.044 Thread 0x0000000130157200 Exception <a 'java/lang/ClassNotFoundException'{0x00000007871d3d68}: com/sun/javafx/scene/control/skin/resources/controls> (0x00000007871d3d68) 
thrown [open/src/hotspot/share/prims/jni.cpp, line 535]
Event: 1.045 Thread 0x0000000130157200 Exception <a 'java/lang/ClassNotFoundException'{0x00000007871e2128}: com/sun/javafx/scene/control/skin/resources/controls_en> (0x00000007871e2128) 
thrown [open/src/hotspot/share/prims/jni.cpp, line 535]
Event: 1.045 Thread 0x0000000130157200 Exception <a 'java/lang/ClassNotFoundException'{0x00000007871e30c0}: com/sun/javafx/scene/control/skin/resources/controls_en_US> (0x00000007871e30c0) 
thrown [open/src/hotspot/share/prims/jni.cpp, line 535]
Event: 1.057 Thread 0x0000000130157200 Exception <a 'java/lang/NoSuchMethodError'{0x0000000786fa3c40}: 'void java.lang.invoke.DirectMethodHandle$Holder.invokeSpecial(java.lang.Object, java.lang.Object, java.lang.Object, java.lang.Object, java.lang.Object, java.lang.Object)'> (0x0000000786fa3c40) 
thrown [open/src/hotspot/share/interpreter/linkResolver.cpp, line 759]
Event: 1.085 Thread 0x0000000130157200 Exception <a 'java/lang/NoSuchMethodError'{0x0000000786bee3c0}: 'void java.lang.invoke.DirectMethodHandle$Holder.invokeSpecialIFC(java.lang.Object, java.lang.Object, java.lang.Object, java.lang.Object)'> (0x0000000786bee3c0) 
thrown [open/src/hotspot/share/interpreter/linkResolver.cpp, line 759]
Event: 1.093 Thread 0x0000000130157200 Exception <a 'java/lang/NoSuchMethodError'{0x0000000786a6bff0}: 'int java.lang.invoke.DirectMethodHandle$Holder.invokeSpecial(java.lang.Object, java.lang.Object, int)'> (0x0000000786a6bff0) 
thrown [open/src/hotspot/share/interpreter/linkResolver.cpp, line 759]
Event: 1.093 Thread 0x0000000130157200 Exception <a 'java/lang/NoSuchMethodError'{0x0000000786a73f30}: 'int java.lang.invoke.DirectMethodHandle$Holder.invokeSpecial(java.lang.Object, java.lang.Object, java.lang.Object, int)'> (0x0000000786a73f30) 
thrown [open/src/hotspot/share/interpreter/linkResolver.cpp, line 759]
Event: 1.093 Thread 0x0000000130157200 Exception <a 'java/lang/NoSuchMethodError'{0x0000000786a86700}: 'java.lang.Object java.lang.invoke.DirectMethodHandle$Holder.invokeStatic(java.lang.Object, java.lang.Object, java.lang.Object, java.lang.Object, int)'> (0x0000000786a86700) 
thrown [open/src/hotspot/share/interpreter/linkResolver.cpp, line 759]
Event: 1.094 Thread 0x0000000130157200 Exception <a 'java/lang/NoSuchMethodError'{0x0000000786a8f188}: 'int java.lang.invoke.DirectMethodHandle$Holder.invokeSpecial(java.lang.Object, java.lang.Object, java.lang.Object)'> (0x0000000786a8f188) 
thrown [open/src/hotspot/share/interpreter/linkResolver.cpp, line 759]
Event: 1.100 Thread 0x0000000130157200 Exception <a 'java/lang/NoSuchMethodError'{0x0000000786ad2f00}: 'java.lang.Object java.lang.invoke.DirectMethodHandle$Holder.newInvokeSpecial(java.lang.Object, java.lang.Object, int)'> (0x0000000786ad2f00) 
thrown [open/src/hotspot/share/interpreter/linkResolver.cpp, line 759]
Event: 1.149 Thread 0x0000000130814600 Exception <a 'java/lang/NoSuchMethodError'{0x00000007869b0fe8}: 'int java.lang.invoke.DirectMethodHandle$Holder.invokeStaticInit(java.lang.Object, java.lang.Object)'> (0x00000007869b0fe8) 
thrown [open/src/hotspot/share/interpreter/linkResolver.cpp, line 759]
Event: 1.151 Thread 0x0000000130814600 Exception <a 'java/lang/NoSuchMethodError'{0x00000007869eb7b0}: 'java.lang.Object java.lang.invoke.Invokers$Holder.invokeExact_MT(java.lang.Object, java.lang.Object, java.lang.Object, java.lang.Object, java.lang.Object)'> (0x00000007869eb7b0) 
thrown [open/src/hotspot/share/interpreter/linkResolver.cpp, line 759]
Event: 1.160 Thread 0x0000000130157200 Exception <a 'java/lang/NoSuchMethodError'{0x000000078656e8c8}: 'long java.lang.invoke.DirectMethodHandle$Holder.invokeStatic(java.lang.Object, java.lang.Object, java.lang.Object)'> (0x000000078656e8c8) 
thrown [open/src/hotspot/share/interpreter/linkResolver.cpp, line 759]
Event: 1.161 Thread 0x0000000130157200 Exception <a 'java/lang/NoSuchMethodError'{0x0000000786572068}: 'long java.lang.invoke.DirectMethodHandle$Holder.invokeStaticInit(java.lang.Object, java.lang.Object, java.lang.Object)'> (0x0000000786572068) 
thrown [open/src/hotspot/share/interpreter/linkResolver.cpp, line 759]
Event: 1.161 Thread 0x0000000130157200 Exception <a 'java/lang/NoSuchMethodError'{0x00000007865c37b0}: 'java.lang.Object java.lang.invoke.DirectMethodHandle$Holder.newInvokeSpecial(java.lang.Object, java.lang.Object, long)'> (0x00000007865c37b0) 
thrown [open/src/hotspot/share/interpreter/linkResolver.cpp, line 759]
Event: 1.161 Thread 0x0000000130157200 Exception <a 'java/lang/NoSuchMethodError'{0x00000007865c7080}: 'java.lang.Object java.lang.invoke.Invokers$Holder.linkToTargetMethod(java.lang.Object, long, java.lang.Object)'> (0x00000007865c7080) 
thrown [open/src/hotspot/share/interpreter/linkResolver.cpp, line 759]

VM Operations (20 events):
Event: 0.544 Executing VM operation: HandshakeAllThreads
Event: 0.544 Executing VM operation: HandshakeAllThreads done
Event: 0.558 Executing VM operation: ICBufferFull
Event: 0.558 Executing VM operation: ICBufferFull done
Event: 0.560 Executing VM operation: G1CollectForAllocation
Event: 0.561 Executing VM operation: G1CollectForAllocation done
Event: 1.018 Executing VM operation: HandshakeAllThreads
Event: 1.018 Executing VM operation: HandshakeAllThreads done
Event: 1.031 Executing VM operation: ICBufferFull
Event: 1.031 Executing VM operation: ICBufferFull done
Event: 1.079 Executing VM operation: ICBufferFull
Event: 1.079 Executing VM operation: ICBufferFull done
Event: 1.169 Executing VM operation: ICBufferFull
Event: 1.169 Executing VM operation: ICBufferFull done
Event: 2.171 Executing VM operation: Cleanup
Event: 2.171 Executing VM operation: Cleanup done
Event: 3.171 Executing VM operation: Cleanup
Event: 3.171 Executing VM operation: Cleanup done
Event: 4.176 Executing VM operation: Cleanup
Event: 4.176 Executing VM operation: Cleanup done

Events (20 events):
Event: 0.193 Thread 0x0000000130157200 Thread added: 0x0000000130157200
Event: 0.338 Thread 0x0000000128008e00 Thread added: 0x0000000128008e00
Event: 0.338 Protecting memory [0x0000000171c18000,0x0000000171c24000] with protection modes 0
Event: 0.448 Protecting memory [0x0000000171c18000,0x0000000171c24000] with protection modes 3
Event: 0.448 Thread 0x0000000128008e00 Thread exited: 0x0000000128008e00
Event: 0.475 Protecting memory [0x0000000171c18000,0x0000000171c24000] with protection modes 0
Event: 0.475 Thread 0x0000000130972400 Thread added: 0x0000000130972400
Event: 0.494 Thread 0x0000000130950200 Thread added: 0x0000000130950200
Event: 0.494 Protecting memory [0x0000000171eb0000,0x0000000171ebc000] with protection modes 0
Event: 0.537 Loading shared library /Users/nicolegumula/.m2/repository/org/openjfx/javafx-graphics/17/libjavafx_font.dylib failed, dlopen(/Users/nicolegumula/.m2/repository/org/openjfx/javafx-graphics/17/libjavafx_font.dylib, 0x0001): tried: '/Users/nicolegumula/.m2/r
Event: 0.539 Loaded shared library /Users/nicolegumula/.openjfx/cache/17/libjavafx_font.dylib
Event: 0.691 Loaded shared library /Library/Java/JavaVirtualMachines/jdk-18.0.2.1.jdk/Contents/Home/lib/libjimage.dylib
Event: 0.726 Protecting memory [0x0000000171c18000,0x0000000171c24000] with protection modes 3
Event: 0.727 Thread 0x0000000130972400 Thread exited: 0x0000000130972400
Event: 0.776 Protecting memory [0x0000000171c18000,0x0000000171c24000] with protection modes 0
Event: 0.776 Thread 0x0000000129924a00 Thread added: 0x0000000129924a00
Event: 1.026 Thread 0x00000001309a6800 Thread added: 0x00000001309a6800
Event: 1.026 Protecting memory [0x0000000172af8000,0x0000000172b04000] with protection modes 0
Event: 1.168 Thread 0x000000012e179800 Thread added: 0x000000012e179800
Event: 1.168 Protecting memory [0x0000000172d04000,0x0000000172d10000] with protection modes 0


Dynamic libraries:
0x0000000100db0000 	/Library/Java/JavaVirtualMachines/jdk-18.0.2.1.jdk/Contents/Home/lib/libjli.dylib
0x00000001cb4a2000 	/usr/lib/libz.1.dylib
0x00000001cb559000 	/usr/lib/libSystem.B.dylib
0x00000001cb553000 	/usr/lib/system/libcache.dylib
0x00000001cb511000 	/usr/lib/system/libcommonCrypto.dylib
0x00000001cb53a000 	/usr/lib/system/libcompiler_rt.dylib
0x00000001cb531000 	/usr/lib/system/libcopyfile.dylib
0x00000001c077b000 	/usr/lib/system/libcorecrypto.dylib
0x00000001c0830000 	/usr/lib/system/libdispatch.dylib
0x00000001c09fe000 	/usr/lib/system/libdyld.dylib
0x00000001cb549000 	/usr/lib/system/libkeymgr.dylib
0x00000001cb4ec000 	/usr/lib/system/libmacho.dylib
0x00000001cabdc000 	/usr/lib/system/libquarantine.dylib
0x00000001cb546000 	/usr/lib/system/libremovefile.dylib
0x00000001c5b75000 	/usr/lib/system/libsystem_asl.dylib
0x00000001c071d000 	/usr/lib/system/libsystem_blocks.dylib
0x00000001c08b8000 	/usr/lib/system/libsystem_c.dylib
0x00000001cb53e000 	/usr/lib/system/libsystem_collections.dylib
0x00000001ca071000 	/usr/lib/system/libsystem_configuration.dylib
0x00000001c92cb000 	/usr/lib/system/libsystem_containermanager.dylib
0x00000001cb249000 	/usr/lib/system/libsystem_coreservices.dylib
0x00000001c312f000 	/usr/lib/system/libsystem_darwin.dylib
0x00000001cb54a000 	/usr/lib/system/libsystem_dnssd.dylib
0x00000001c08b5000 	/usr/lib/system/libsystem_featureflags.dylib
0x00000001c0a13000 	/usr/lib/system/libsystem_info.dylib
0x00000001cb4b4000 	/usr/lib/system/libsystem_m.dylib
0x00000001c0805000 	/usr/lib/system/libsystem_malloc.dylib
0x00000001c5b03000 	/usr/lib/system/libsystem_networkextension.dylib
0x00000001c3588000 	/usr/lib/system/libsystem_notify.dylib
0x00000001d18ac000 	/usr/lib/system/libsystem_product_info_filter.dylib
0x00000001ca076000 	/usr/lib/system/libsystem_sandbox.dylib
0x00000001cb543000 	/usr/lib/system/libsystem_secinit.dylib
0x00000001c09b9000 	/usr/lib/system/libsystem_kernel.dylib
0x00000001c0a0b000 	/usr/lib/system/libsystem_platform.dylib
0x00000001c09f1000 	/usr/lib/system/libsystem_pthread.dylib
0x00000001c72d5000 	/usr/lib/system/libsystem_symptoms.dylib
0x00000001c0761000 	/usr/lib/system/libsystem_trace.dylib
0x00000001cb51e000 	/usr/lib/system/libunwind.dylib
0x00000001c071f000 	/usr/lib/system/libxpc.dylib
0x00000001c09a1000 	/usr/lib/libc++abi.dylib
0x00000001c0877000 	/usr/lib/libobjc.A.dylib
0x00000001cb529000 	/usr/lib/liboah.dylib
0x00000001c093a000 	/usr/lib/libc++.1.dylib
0x00000001d73d4000 	/System/Library/Frameworks/Cocoa.framework/Versions/A/Cocoa
0x00000001c35e9000 	/System/Library/Frameworks/AppKit.framework/Versions/C/AppKit
0x00000001c6afc000 	/System/Library/Frameworks/CoreData.framework/Versions/A/CoreData
0x00000001c1944000 	/System/Library/Frameworks/Foundation.framework/Versions/C/Foundation
0x00000001c44a1000 	/System/Library/PrivateFrameworks/UIFoundation.framework/Versions/A/UIFoundation
0x00000001d15a6000 	/System/Library/PrivateFrameworks/RemoteViewServices.framework/Versions/A/RemoteViewServices
0x00000001c9a19000 	/System/Library/PrivateFrameworks/XCTTargetBootstrap.framework/Versions/A/XCTTargetBootstrap
0x00000001cd299000 	/System/Library/PrivateFrameworks/InternationalSupport.framework/Versions/A/InternationalSupport
0x00000001cd322000 	/System/Library/PrivateFrameworks/UserActivity.framework/Versions/A/UserActivity
0x00000001cc790000 	/usr/lib/libspindump.dylib
0x00000001c4712000 	/System/Library/Frameworks/UniformTypeIdentifiers.framework/Versions/A/UniformTypeIdentifiers
0x00000001c7f61000 	/usr/lib/libapp_launch_measurement.dylib
0x00000001c7487000 	/System/Library/PrivateFrameworks/CoreAnalytics.framework/Versions/A/CoreAnalytics
0x00000001c7f64000 	/System/Library/PrivateFrameworks/CoreAutoLayout.framework/Versions/A/CoreAutoLayout
0x00000001c9308000 	/System/Library/Frameworks/Metal.framework/Versions/A/Metal
0x00000001ca081000 	/usr/lib/liblangid.dylib
0x00000001c9a1e000 	/System/Library/PrivateFrameworks/CoreSVG.framework/Versions/A/CoreSVG
0x00000001c5ba9000 	/System/Library/PrivateFrameworks/SkyLight.framework/Versions/A/SkyLight
0x00000001c5f82000 	/System/Library/Frameworks/CoreGraphics.framework/Versions/A/CoreGraphics
0x00000001d1c72000 	/System/Library/Frameworks/Accelerate.framework/Versions/A/Accelerate
0x00000001cc207000 	/System/Library/PrivateFrameworks/IconServices.framework/Versions/A/IconServices
0x00000001c92ea000 	/System/Library/Frameworks/IOSurface.framework/Versions/A/IOSurface
0x00000001c74b8000 	/usr/lib/libDiagnosticMessagesClient.dylib
0x00000001d5175000 	/System/Library/Frameworks/ApplicationServices.framework/Versions/A/ApplicationServices
0x00000001c9a01000 	/System/Library/PrivateFrameworks/DFRFoundation.framework/Versions/A/DFRFoundation
0x00000001c2e79000 	/usr/lib/libicucore.A.dylib
0x00000001ce146000 	/System/Library/Frameworks/AudioToolbox.framework/Versions/A/AudioToolbox
0x00000001cd2a5000 	/System/Library/PrivateFrameworks/DataDetectorsCore.framework/Versions/A/DataDetectorsCore
0x00000001e3cac000 	/System/Library/PrivateFrameworks/TextInput.framework/Versions/A/TextInput
0x00000001c5b1e000 	/usr/lib/libMobileGestalt.dylib
0x00000001c96cd000 	/System/Library/Frameworks/Carbon.framework/Versions/A/Frameworks/HIToolbox.framework/Versions/A/HIToolbox
0x00000001c7938000 	/System/Library/Frameworks/QuartzCore.framework/Versions/A/QuartzCore
0x00000001c2afa000 	/System/Library/Frameworks/Security.framework/Versions/A/Security
0x00000001d15e6000 	/System/Library/Frameworks/Carbon.framework/Versions/A/Frameworks/SpeechRecognition.framework/Versions/A/SpeechRecognition
0x00000001c7cb6000 	/System/Library/PrivateFrameworks/CoreUI.framework/Versions/A/CoreUI
0x00000001c23d6000 	/System/Library/Frameworks/CoreAudio.framework/Versions/A/CoreAudio
0x00000001c75ac000 	/System/Library/Frameworks/DiskArbitration.framework/Versions/A/DiskArbitration
0x00000001ccb9a000 	/System/Library/PrivateFrameworks/MultitouchSupport.framework/Versions/A/MultitouchSupport
0x00000001c5b1c000 	/usr/lib/libenergytrace.dylib
0x00000001c34b1000 	/System/Library/Frameworks/IOKit.framework/Versions/A/IOKit
0x00000001d19d5000 	/System/Library/Frameworks/CoreServices.framework/Versions/A/CoreServices
0x00000001c7ef1000 	/System/Library/PrivateFrameworks/PerformanceAnalysis.framework/Versions/A/PerformanceAnalysis
0x00000002220ef000 	/System/Library/Frameworks/OpenGL.framework/Versions/A/OpenGL
0x00000001caaf4000 	/System/Library/PrivateFrameworks/MobileKeyBag.framework/Versions/A/MobileKeyBag
0x00000001c6590000 	/System/Library/Frameworks/ColorSync.framework/Versions/A/ColorSync
0x00000001c0a40000 	/System/Library/Frameworks/CoreFoundation.framework/Versions/A/CoreFoundation
0x00000001c9c9d000 	/System/Library/Frameworks/CoreImage.framework/Versions/A/CoreImage
0x00000001c21fa000 	/System/Library/Frameworks/CoreText.framework/Versions/A/CoreText
0x00000001c9a4e000 	/System/Library/Frameworks/ImageIO.framework/Versions/A/ImageIO
0x00000001cb55f000 	/System/Library/PrivateFrameworks/SoftLinking.framework/Versions/A/SoftLinking
0x00000001c7faf000 	/usr/lib/libxml2.2.dylib
0x00000001cb7f8000 	/usr/lib/libcompression.dylib
0x00000001cd1f5000 	/System/Library/PrivateFrameworks/TextureIO.framework/Versions/A/TextureIO
0x00000001cbf20000 	/usr/lib/libate.dylib
0x00000001cbde5000 	/usr/lib/liblzma.5.dylib
0x00000001c1637000 	/System/Library/Frameworks/SystemConfiguration.framework/Versions/A/SystemConfiguration
0x00000001cb55b000 	/usr/lib/libfakelink.dylib
0x00000001c564e000 	/System/Library/Frameworks/CFNetwork.framework/Versions/A/CFNetwork
0x00000001cb6a1000 	/usr/lib/libarchive.2.dylib
0x00000001ca07d000 	/System/Library/PrivateFrameworks/AppleSystemInfo.framework/Versions/A/AppleSystemInfo
0x00000001cac07000 	/usr/lib/libbsm.0.dylib
0x00000001c4bbb000 	/usr/lib/libnetwork.dylib
0x00000001cb4f5000 	/usr/lib/system/libkxld.dylib
0x00000001ca821000 	/System/Library/PrivateFrameworks/IOMobileFramebuffer.framework/Versions/A/IOMobileFramebuffer
0x000000024041d000 	/usr/lib/libCoreEntitlements.dylib
0x00000001cb22b000 	/System/Library/PrivateFrameworks/AppleFSCompression.framework/Versions/A/AppleFSCompression
0x00000001cabef000 	/usr/lib/libcoretls.dylib
0x00000001cbdfe000 	/usr/lib/libcoretls_cfhelpers.dylib
0x00000001cb7f3000 	/usr/lib/libpam.2.dylib
0x00000001c6eec000 	/usr/lib/libsqlite3.dylib
0x00000001cbe67000 	/usr/lib/libxar.1.dylib
0x00000001cb23c000 	/usr/lib/libbz2.1.0.dylib
0x00000001cb560000 	/usr/lib/libpcap.A.dylib
0x00000001c72cc000 	/usr/lib/libdns_services.dylib
0x00000001cb7c6000 	/usr/lib/libapple_nghttp2.dylib
0x00000001cb59d000 	/usr/lib/libiconv.2.dylib
0x00000001cb4eb000 	/usr/lib/libcharset.1.dylib
0x00000001c7f2d000 	/System/Library/Frameworks/CoreServices.framework/Versions/A/Frameworks/FSEvents.framework/Versions/A/FSEvents
0x00000001c313a000 	/System/Library/Frameworks/CoreServices.framework/Versions/A/Frameworks/CarbonCore.framework/Versions/A/CarbonCore
0x00000001c750c000 	/System/Library/Frameworks/CoreServices.framework/Versions/A/Frameworks/Metadata.framework/Versions/A/Metadata
0x00000001cb24f000 	/System/Library/Frameworks/CoreServices.framework/Versions/A/Frameworks/OSServices.framework/Versions/A/OSServices
0x00000001cb727000 	/System/Library/Frameworks/CoreServices.framework/Versions/A/Frameworks/SearchKit.framework/Versions/A/SearchKit
0x00000001c725b000 	/System/Library/Frameworks/CoreServices.framework/Versions/A/Frameworks/AE.framework/Versions/A/AE
0x00000001c0f87000 	/System/Library/Frameworks/CoreServices.framework/Versions/A/Frameworks/LaunchServices.framework/Versions/A/LaunchServices
0x00000001cbd8e000 	/System/Library/Frameworks/CoreServices.framework/Versions/A/Frameworks/DictionaryServices.framework/Versions/A/DictionaryServices
0x00000001c7f3a000 	/System/Library/Frameworks/CoreServices.framework/Versions/A/Frameworks/SharedFileList.framework/Versions/A/SharedFileList
0x00000001cabdf000 	/usr/lib/libCheckFix.dylib
0x00000001c5b8d000 	/System/Library/PrivateFrameworks/TCC.framework/Versions/A/TCC
0x00000001ca083000 	/System/Library/PrivateFrameworks/CoreNLP.framework/Versions/A/CoreNLP
0x00000001c74bb000 	/System/Library/PrivateFrameworks/MetadataUtilities.framework/Versions/A/MetadataUtilities
0x00000001c16f1000 	/usr/lib/libmecabra.dylib
0x00000001cac18000 	/usr/lib/libmecab.dylib
0x00000001c16bd000 	/usr/lib/libCRFSuite.dylib
0x00000001cac75000 	/usr/lib/libgermantok.dylib
0x00000001cb79f000 	/usr/lib/libThaiTokenizer.dylib
0x00000001c75b4000 	/System/Library/Frameworks/Accelerate.framework/Versions/A/Frameworks/vImage.framework/Versions/A/vImage
0x00000001d19ac000 	/System/Library/Frameworks/Accelerate.framework/Versions/A/Frameworks/vecLib.framework/Versions/A/vecLib
0x00000001cbeac000 	/System/Library/Frameworks/Accelerate.framework/Versions/A/Frameworks/vecLib.framework/Versions/A/libvMisc.dylib
0x00000001ca728000 	/System/Library/Frameworks/Accelerate.framework/Versions/A/Frameworks/vecLib.framework/Versions/A/libvDSP.dylib
0x00000001c1312000 	/System/Library/Frameworks/Accelerate.framework/Versions/A/Frameworks/vecLib.framework/Versions/A/libBLAS.dylib
0x00000001cb8c9000 	/System/Library/Frameworks/Accelerate.framework/Versions/A/Frameworks/vecLib.framework/Versions/A/libLAPACK.dylib
0x00000001cac78000 	/System/Library/Frameworks/Accelerate.framework/Versions/A/Frameworks/vecLib.framework/Versions/A/libLinearAlgebra.dylib
0x00000001cb7de000 	/System/Library/Frameworks/Accelerate.framework/Versions/A/Frameworks/vecLib.framework/Versions/A/libSparseBLAS.dylib
0x00000001cb8c4000 	/System/Library/Frameworks/Accelerate.framework/Versions/A/Frameworks/vecLib.framework/Versions/A/libQuadrature.dylib
0x00000001ca17c000 	/System/Library/Frameworks/Accelerate.framework/Versions/A/Frameworks/vecLib.framework/Versions/A/libBNNS.dylib
0x00000001c15d0000 	/System/Library/Frameworks/Accelerate.framework/Versions/A/Frameworks/vecLib.framework/Versions/A/libSparse.dylib
0x00000001ca174000 	/System/Library/PrivateFrameworks/LinguisticData.framework/Versions/A/LinguisticData
0x00000001c1588000 	/System/Library/PrivateFrameworks/Lexicon.framework/Versions/A/Lexicon
0x00000001cbea4000 	/usr/lib/libChineseTokenizer.dylib
0x00000001c1d36000 	/System/Library/PrivateFrameworks/LanguageModeling.framework/Versions/A/LanguageModeling
0x00000001cb7a1000 	/System/Library/PrivateFrameworks/AppleSauce.framework/Versions/A/AppleSauce
0x00000001ca80e000 	/System/Library/PrivateFrameworks/CoreEmoji.framework/Versions/A/CoreEmoji
0x00000001cb68f000 	/usr/lib/libcmph.dylib
0x00000001c7f0d000 	/System/Library/Frameworks/OpenDirectory.framework/Versions/A/Frameworks/CFOpenDirectory.framework/Versions/A/CFOpenDirectory
0x00000001c7efd000 	/System/Library/Frameworks/OpenDirectory.framework/Versions/A/OpenDirectory
0x00000001cbe00000 	/System/Library/PrivateFrameworks/APFS.framework/Versions/A/APFS
0x00000001cab2f000 	/System/Library/Frameworks/SecurityFoundation.framework/Versions/A/SecurityFoundation
0x00000001cbe76000 	/usr/lib/libutil.dylib
0x00000001c3473000 	/System/Library/PrivateFrameworks/CoreServicesStore.framework/Versions/A/CoreServicesStore
0x00000001cbe7a000 	/usr/lib/libxslt.1.dylib
0x00000001cabc3000 	/System/Library/PrivateFrameworks/BackgroundTaskManagement.framework/Versions/A/BackgroundTaskManagement
0x00000001cd116000 	/System/Library/Frameworks/ImageIO.framework/Versions/A/Resources/libRadiance.dylib
0x00000001cd11f000 	/System/Library/Frameworks/ImageIO.framework/Versions/A/Resources/libJPEG.dylib
0x00000001cd072000 	/System/Library/Frameworks/ImageIO.framework/Versions/A/Resources/libPng.dylib
0x00000001cd094000 	/System/Library/Frameworks/ImageIO.framework/Versions/A/Resources/libTIFF.dylib
0x00000001cd17a000 	/System/Library/Frameworks/ImageIO.framework/Versions/A/Resources/libGIF.dylib
0x00000001ccaaa000 	/System/Library/Frameworks/ImageIO.framework/Versions/A/Resources/libJP2.dylib
0x00000001cc1cc000 	/usr/lib/libexpat.1.dylib
0x00000001cca65000 	/System/Library/PrivateFrameworks/AppleJPEG.framework/Versions/A/AppleJPEG
0x00000001c9589000 	/System/Library/PrivateFrameworks/FontServices.framework/libFontParser.dylib
0x00000001c7200000 	/System/Library/PrivateFrameworks/RunningBoardServices.framework/Versions/A/RunningBoardServices
0x00000001d7aaa000 	/System/Library/PrivateFrameworks/IOSurfaceAccelerator.framework/Versions/A/IOSurfaceAccelerator
0x00000001ccb96000 	/System/Library/PrivateFrameworks/WatchdogClient.framework/Versions/A/WatchdogClient
0x00000001c1e36000 	/System/Library/Frameworks/CoreDisplay.framework/Versions/A/CoreDisplay
0x00000001c9473000 	/System/Library/Frameworks/CoreMedia.framework/Versions/A/CoreMedia
0x00000001c92fe000 	/System/Library/PrivateFrameworks/IOAccelerator.framework/Versions/A/IOAccelerator
0x00000001c809d000 	/System/Library/Frameworks/CoreVideo.framework/Versions/A/CoreVideo
0x00000001cb7f1000 	/System/Library/Frameworks/MetalPerformanceShaders.framework/Versions/A/MetalPerformanceShaders
0x00000001ccbd5000 	/System/Library/Frameworks/VideoToolbox.framework/Versions/A/VideoToolbox
0x00000001c7144000 	/System/Library/PrivateFrameworks/BaseBoard.framework/Versions/A/BaseBoard
0x00000001c6ed2000 	/System/Library/PrivateFrameworks/ProtocolBuffer.framework/Versions/A/ProtocolBuffer
0x00000001cd111000 	/System/Library/PrivateFrameworks/GPUWrangler.framework/Versions/A/GPUWrangler
0x00000001cd0f1000 	/System/Library/PrivateFrameworks/IOPresentment.framework/Versions/A/IOPresentment
0x00000001cd119000 	/System/Library/PrivateFrameworks/DSExternalDisplay.framework/Versions/A/DSExternalDisplay
0x00000002220e2000 	/System/Library/Frameworks/OpenGL.framework/Versions/A/Libraries/libCoreFSCache.dylib
0x000000022cf0c000 	/System/Library/PrivateFrameworks/GPUCompiler.framework/Versions/31001/Libraries/libGPUCompilerUtils.dylib
0x00000001cd17f000 	/System/Library/PrivateFrameworks/CMCaptureCore.framework/Versions/A/CMCaptureCore
0x00000001cc77d000 	/System/Library/PrivateFrameworks/AppServerSupport.framework/Versions/A/AppServerSupport
0x00000001cea03000 	/System/Library/PrivateFrameworks/perfdata.framework/Versions/A/perfdata
0x00000001c1f56000 	/System/Library/PrivateFrameworks/AudioToolboxCore.framework/Versions/A/AudioToolboxCore
0x00000001c944c000 	/System/Library/PrivateFrameworks/caulk.framework/Versions/A/caulk
0x00000001ce2f8000 	/usr/lib/libAudioStatistics.dylib
0x00000001e0301000 	/System/Library/PrivateFrameworks/SystemPolicy.framework/Versions/A/SystemPolicy
0x00000001ce564000 	/usr/lib/libSMC.dylib
0x00000001d72b2000 	/System/Library/Frameworks/CoreMIDI.framework/Versions/A/CoreMIDI
0x00000001cd040000 	/usr/lib/libAudioToolboxUtility.dylib
0x00000001dc471000 	/System/Library/PrivateFrameworks/OSAServicesClient.framework/Versions/A/OSAServicesClient
0x00000001cea10000 	/usr/lib/libperfcheck.dylib
0x00000001e0e20000 	/usr/lib/libmis.dylib
0x0000000222144000 	/System/Library/Frameworks/OpenGL.framework/Versions/A/Libraries/libGLU.dylib
0x0000000222103000 	/System/Library/Frameworks/OpenGL.framework/Versions/A/Libraries/libGFXShared.dylib
0x00000002222f0000 	/System/Library/Frameworks/OpenGL.framework/Versions/A/Libraries/libGL.dylib
0x000000022210c000 	/System/Library/Frameworks/OpenGL.framework/Versions/A/Libraries/libGLImage.dylib
0x0000000222100000 	/System/Library/Frameworks/OpenGL.framework/Versions/A/Libraries/libCVMSPluginSupport.dylib
0x00000002220e9000 	/System/Library/Frameworks/OpenGL.framework/Versions/A/Libraries/libCoreVMClient.dylib
0x00000001c9ffd000 	/System/Library/Frameworks/MetalPerformanceShaders.framework/Versions/A/Frameworks/MPSCore.framework/Versions/A/MPSCore
0x00000001cb19e000 	/System/Library/Frameworks/MetalPerformanceShaders.framework/Versions/A/Frameworks/MPSImage.framework/Versions/A/MPSImage
0x00000001cac8d000 	/System/Library/Frameworks/MetalPerformanceShaders.framework/Versions/A/Frameworks/MPSNeuralNetwork.framework/Versions/A/MPSNeuralNetwork
0x00000001cb0c6000 	/System/Library/Frameworks/MetalPerformanceShaders.framework/Versions/A/Frameworks/MPSMatrix.framework/Versions/A/MPSMatrix
0x00000001cae9f000 	/System/Library/Frameworks/MetalPerformanceShaders.framework/Versions/A/Frameworks/MPSRayIntersector.framework/Versions/A/MPSRayIntersector
0x00000001cb0f7000 	/System/Library/Frameworks/MetalPerformanceShaders.framework/Versions/A/Frameworks/MPSNDArray.framework/Versions/A/MPSNDArray
0x0000000224b6f000 	/System/Library/Frameworks/MetalPerformanceShaders.framework/Versions/A/Frameworks/MPSFunctions.framework/Versions/A/MPSFunctions
0x00000001c11e8000 	/System/Library/PrivateFrameworks/MetalTools.framework/Versions/A/MetalTools
0x00000001ca07b000 	/System/Library/PrivateFrameworks/AggregateDictionary.framework/Versions/A/AggregateDictionary
0x00000001cbfb1000 	/usr/lib/libIOReport.dylib
0x00000001d62cf000 	/System/Library/PrivateFrameworks/ASEProcessing.framework/Versions/A/ASEProcessing
0x00000001cc326000 	/System/Library/PrivateFrameworks/FaceCore.framework/Versions/A/FaceCore
0x00000001cc318000 	/System/Library/PrivateFrameworks/GraphVisualizer.framework/Versions/A/GraphVisualizer
0x000000022ce23000 	/System/Library/PrivateFrameworks/FontServices.framework/Versions/A/FontServices
0x00000001cc739000 	/System/Library/PrivateFrameworks/OTSVG.framework/Versions/A/OTSVG
0x00000001c7c66000 	/System/Library/Frameworks/ApplicationServices.framework/Versions/A/Frameworks/ATS.framework/Versions/A/Resources/libFontRegistry.dylib
0x00000001cc786000 	/System/Library/PrivateFrameworks/FontServices.framework/libhvf.dylib
0x000000022ce24000 	/System/Library/PrivateFrameworks/FontServices.framework/libXTFontStaticRegistryData.dylib
0x0000000222491000 	/System/Library/Frameworks/OpenCL.framework/Versions/A/OpenCL
0x00000001cc180000 	/System/Library/PrivateFrameworks/AppleVA.framework/Versions/A/AppleVA
0x00000001ce320000 	/System/Library/Frameworks/ApplicationServices.framework/Versions/A/Frameworks/ATS.framework/Versions/A/ATS
0x00000001c668f000 	/System/Library/Frameworks/ApplicationServices.framework/Versions/A/Frameworks/HIServices.framework/Versions/A/HIServices
0x00000001cd189000 	/System/Library/Frameworks/ApplicationServices.framework/Versions/A/Frameworks/PrintCore.framework/Versions/A/PrintCore
0x00000001ce6b7000 	/System/Library/Frameworks/ApplicationServices.framework/Versions/A/Frameworks/QD.framework/Versions/A/QD
0x00000001ce6af000 	/System/Library/Frameworks/ApplicationServices.framework/Versions/A/Frameworks/ColorSyncLegacy.framework/Versions/A/ColorSyncLegacy
0x00000001ce30c000 	/System/Library/Frameworks/ApplicationServices.framework/Versions/A/Frameworks/SpeechSynthesis.framework/Versions/A/SpeechSynthesis
0x00000001cd14a000 	/System/Library/Frameworks/ApplicationServices.framework/Versions/A/Frameworks/ATSUI.framework/Versions/A/ATSUI
0x00000001ce644000 	/usr/lib/libcups.2.dylib
0x00000001cea1e000 	/System/Library/Frameworks/Kerberos.framework/Versions/A/Kerberos
0x00000001cea2f000 	/System/Library/Frameworks/GSS.framework/Versions/A/GSS
0x00000001ce390000 	/usr/lib/libresolv.9.dylib
0x00000001cc795000 	/System/Library/PrivateFrameworks/Heimdal.framework/Versions/A/Heimdal
0x00000001d5505000 	/System/Library/Frameworks/Kerberos.framework/Versions/A/Libraries/libHeimdalProxy.dylib
0x00000001c72de000 	/System/Library/Frameworks/Network.framework/Versions/A/Network
0x00000001cc1e7000 	/usr/lib/libheimdal-asn1.dylib
0x00000001cea7f000 	/System/Library/PrivateFrameworks/CommonAuth.framework/Versions/A/CommonAuth
0x00000001ce286000 	/System/Library/PrivateFrameworks/AudioSession.framework/Versions/A/AudioSession
0x00000001cc279000 	/System/Library/PrivateFrameworks/MediaExperience.framework/Versions/A/MediaExperience
0x00000001ce10c000 	/System/Library/PrivateFrameworks/AudioSession.framework/libSessionUtility.dylib
0x00000001ce6c3000 	/System/Library/PrivateFrameworks/AudioResourceArbitration.framework/Versions/A/AudioResourceArbitration
0x00000001d2889000 	/System/Library/PrivateFrameworks/PowerLog.framework/Versions/A/PowerLog
0x00000001cc1f1000 	/System/Library/PrivateFrameworks/IconFoundation.framework/Versions/A/IconFoundation
0x00000001d15d2000 	/System/Library/PrivateFrameworks/SpeechRecognitionCore.framework/Versions/A/SpeechRecognitionCore
0x0000000105f54000 	/Library/Java/JavaVirtualMachines/jdk-18.0.2.1.jdk/Contents/Home/lib/server/libjvm.dylib
0x0000000100e10000 	/Library/Java/JavaVirtualMachines/jdk-18.0.2.1.jdk/Contents/Home/lib/libjimage.dylib
0x0000000100f7c000 	/Library/Java/JavaVirtualMachines/jdk-18.0.2.1.jdk/Contents/Home/lib/libjava.dylib
0x0000000100e9c000 	/Library/Java/JavaVirtualMachines/jdk-18.0.2.1.jdk/Contents/Home/lib/libnio.dylib
0x0000000100fb0000 	/Library/Java/JavaVirtualMachines/jdk-18.0.2.1.jdk/Contents/Home/lib/libnet.dylib
0x0000000100fd0000 	/Library/Java/JavaVirtualMachines/jdk-18.0.2.1.jdk/Contents/Home/lib/libzip.dylib
0x0000000100fe8000 	/Users/nicolegumula/.openjfx/cache/17/libprism_es2.dylib
0x00000001c3436000 	/System/Library/PrivateFrameworks/CoreServicesInternal.framework/Versions/A/CoreServicesInternal
0x00000002222fa000 	/System/Library/Frameworks/OpenGL.framework/Versions/A/Resources/GLEngine.bundle/GLEngine
0x0000000222182000 	/System/Library/Frameworks/OpenGL.framework/Versions/A/Libraries/libGLProgrammability.dylib
0x000000011fa40000 	/System/Library/Extensions/AppleMetalOpenGLRenderer.bundle/Contents/MacOS/AppleMetalOpenGLRenderer
0x0000000222469000 	/System/Library/Frameworks/OpenGL.framework/Versions/A/Resources/GLRendererFloat.bundle/GLRendererFloat
0x0000000222feb000 	/System/Library/Extensions/AGXMetalG14G.bundle/Contents/MacOS/AGXMetalG14G
0x00000001e0e3c000 	/System/Library/PrivateFrameworks/GPURawCounter.framework/Versions/A/GPURawCounter
0x00000001db5d2000 	/System/Library/PrivateFrameworks/IOGPU.framework/Versions/A/IOGPU
0x000000011f964000 	/Users/nicolegumula/.openjfx/cache/17/libglass.dylib
0x00000001d2ae1000 	/System/Library/Frameworks/FileProvider.framework/Versions/A/FileProvider
0x00000001c70ac000 	/System/Library/Frameworks/Accounts.framework/Versions/A/Accounts
0x00000001d2c65000 	/System/Library/PrivateFrameworks/GenerationalStorage.framework/Versions/A/GenerationalStorage
0x00000001d382a000 	/System/Library/PrivateFrameworks/CoreSymbolication.framework/Versions/A/CoreSymbolication
0x00000001d287d000 	/System/Library/PrivateFrameworks/SymptomDiagnosticReporter.framework/Versions/A/SymptomDiagnosticReporter
0x00000001c4726000 	/System/Library/PrivateFrameworks/DesktopServicesPriv.framework/Versions/A/DesktopServicesPriv
0x00000001c3598000 	/usr/lib/libsandbox.1.dylib
0x00000001c812b000 	/System/Library/PrivateFrameworks/UserManagement.framework/Versions/A/UserManagement
0x00000001d37e7000 	/System/Library/PrivateFrameworks/DebugSymbols.framework/Versions/A/DebugSymbols
0x00000001ce6a2000 	/System/Library/PrivateFrameworks/NetAuth.framework/Versions/A/NetAuth
0x00000001cf5c3000 	/System/Library/PrivateFrameworks/Sharing.framework/Versions/A/Sharing
0x00000001c80fb000 	/System/Library/PrivateFrameworks/login.framework/Versions/A/Frameworks/loginsupport.framework/Versions/A/loginsupport
0x00000001d4a1c000 	/System/Library/PrivateFrameworks/Apple80211.framework/Versions/A/Apple80211
0x00000001cb282000 	/System/Library/PrivateFrameworks/AuthKit.framework/Versions/A/AuthKit
0x00000001ca90a000 	/System/Library/PrivateFrameworks/CoreUtils.framework/Versions/A/CoreUtils
0x00000001ca82d000 	/System/Library/Frameworks/CoreWLAN.framework/Versions/A/CoreWLAN
0x00000001cf733000 	/System/Library/Frameworks/IOBluetooth.framework/Versions/A/IOBluetooth
0x00000001d4a7c000 	/System/Library/PrivateFrameworks/CoreWiFi.framework/Versions/A/CoreWiFi
0x00000001d33c7000 	/System/Library/PrivateFrameworks/FrontBoardServices.framework/Versions/A/FrontBoardServices
0x00000001d345f000 	/System/Library/PrivateFrameworks/BoardServices.framework/Versions/A/BoardServices
0x00000001cab1d000 	/System/Library/PrivateFrameworks/AssertionServices.framework/Versions/A/AssertionServices
0x00000001d4bf9000 	/System/Library/PrivateFrameworks/BackBoardServices.framework/Versions/A/BackBoardServices
0x00000001ceb16000 	/System/Library/PrivateFrameworks/CorePhoneNumbers.framework/Versions/A/CorePhoneNumbers
0x00000001ce3bd000 	/System/Library/PrivateFrameworks/MultiverseSupport.framework/Versions/A/MultiverseSupport
0x00000001d4e7a000 	/System/Library/PrivateFrameworks/RemoteServiceDiscovery.framework/Versions/A/RemoteServiceDiscovery
0x00000001d29ad000 	/System/Library/PrivateFrameworks/DiskManagement.framework/Versions/A/DiskManagement
0x00000001d28b0000 	/System/Library/PrivateFrameworks/AppleIDAuthSupport.framework/Versions/A/AppleIDAuthSupport
0x00000002273ab000 	/System/Library/PrivateFrameworks/AAAFoundation.framework/Versions/A/AAAFoundation
0x00000001ceaf5000 	/System/Library/PrivateFrameworks/KeychainCircle.framework/Versions/A/KeychainCircle
0x00000001d4e8a000 	/System/Library/PrivateFrameworks/RemoteXPC.framework/Versions/A/RemoteXPC
0x00000001d2979000 	/System/Library/PrivateFrameworks/MediaKit.framework/Versions/A/MediaKit
0x00000001d28bd000 	/System/Library/Frameworks/DiscRecording.framework/Versions/A/DiscRecording
0x00000001cc0fc000 	/usr/lib/libCoreStorage.dylib
0x00000001d4ef6000 	/usr/lib/libcsfde.dylib
0x00000001cf808000 	/System/Library/PrivateFrameworks/ProtectedCloudStorage.framework/Versions/A/ProtectedCloudStorage
0x00000001d4eee000 	/System/Library/PrivateFrameworks/EFILogin.framework/Versions/A/EFILogin
0x00000001d2c8c000 	/System/Library/PrivateFrameworks/OctagonTrust.framework/Versions/A/OctagonTrust
0x000000022bfaa000 	/System/Library/PrivateFrameworks/CoreUtilsExtras.framework/Versions/A/CoreUtilsExtras
0x00000001d27e2000 	/System/Library/Frameworks/CoreBluetooth.framework/Versions/A/CoreBluetooth
0x00000001d558a000 	/System/Library/Frameworks/AudioUnit.framework/Versions/A/AudioUnit
0x00000001cc0f4000 	/usr/lib/libMatch.1.dylib
0x00000001e5322000 	/System/Library/Frameworks/Accelerate.framework/Versions/A/Frameworks/vImage.framework/Versions/A/Libraries/libCGInterfaces.dylib
0x000000011fddc000 	/usr/lib/libobjc-trampolines.dylib
0x00000001c7df5000 	/System/Library/PrivateFrameworks/ViewBridge.framework/Versions/A/ViewBridge
0x000000012fb68000 	/Users/nicolegumula/.openjfx/cache/17/libjavafx_font.dylib
0x00000001cc858000 	/System/Library/PrivateFrameworks/login.framework/Versions/A/login
0x000000024057a000 	/usr/lib/libRosetta.dylib


VM Arguments:
jvm_args: -XX:+ShowCodeDetailsInExceptionMessages --module-path=/Users/nicolegumula/Documents/github/projectfx3/target/classes:/Users/nicolegumula/.m2/repository/org/openjfx/javafx-controls/17/javafx-controls-17-mac-aarch64.jar:/Users/nicolegumula/.m2/repository/org/openjfx/javafx-graphics/17/javafx-graphics-17-mac-aarch64.jar:/Users/nicolegumula/.m2/repository/org/openjfx/javafx-base/17/javafx-base-17-mac-aarch64.jar:/Users/nicolegumula/.m2/repository/org/openjfx/javafx-fxml/17/javafx-fxml-17-mac-aarch64.jar -Djdk.module.main=edu.guilford 
java_command: edu.guilford/edu.guilford.App
java_class_path (initial): /Users/nicolegumula/.m2/repository/org/openjfx/javafx-controls/17/javafx-controls-17.jar:/Users/nicolegumula/.m2/repository/org/openjfx/javafx-graphics/17/javafx-graphics-17.jar:/Users/nicolegumula/.m2/repository/org/openjfx/javafx-base/17/javafx-base-17.jar:/Users/nicolegumula/.m2/repository/org/openjfx/javafx-fxml/17/javafx-fxml-17.jar
Launcher Type: SUN_STANDARD

[Global flags]
     intx CICompilerCount                          = 4                                         {product} {ergonomic}
     uint ConcGCThreads                            = 2                                         {product} {ergonomic}
     uint G1ConcRefinementThreads                  = 8                                         {product} {ergonomic}
   size_t G1HeapRegionSize                         = 1048576                                   {product} {ergonomic}
    uintx GCDrainStackTargetSize                   = 64                                        {product} {ergonomic}
   size_t InitialHeapSize                          = 134217728                                 {product} {ergonomic}
   size_t MarkStackSize                            = 4194304                                   {product} {ergonomic}
   size_t MaxHeapSize                              = 2147483648                                {product} {ergonomic}
   size_t MaxNewSize                               = 1287651328                                {product} {ergonomic}
   size_t MinHeapDeltaBytes                        = 1048576                                   {product} {ergonomic}
   size_t MinHeapSize                              = 8388608                                   {product} {ergonomic}
    uintx NonNMethodCodeHeapSize                   = 5839564                                {pd product} {ergonomic}
    uintx NonProfiledCodeHeapSize                  = 122909338                              {pd product} {ergonomic}
    uintx ProfiledCodeHeapSize                     = 122909338                              {pd product} {ergonomic}
    uintx ReservedCodeCacheSize                    = 251658240                              {pd product} {ergonomic}
     bool SegmentedCodeCache                       = true                                      {product} {ergonomic}
     bool ShowCodeDetailsInExceptionMessages       = true                                   {manageable} {command line}
   size_t SoftMaxHeapSize                          = 2147483648                             {manageable} {ergonomic}
     bool UseCompressedClassPointers               = true                           {product lp64_product} {ergonomic}
     bool UseCompressedOops                        = true                           {product lp64_product} {ergonomic}
     bool UseG1GC                                  = true                                      {product} {ergonomic}
     bool UseNUMA                                  = false                                     {product} {ergonomic}
     bool UseNUMAInterleaving                      = false                                     {product} {ergonomic}

Logging:
Log output configuration:
 #0: stdout all=warning uptime,level,tags foldmultilines=false
 #1: stderr all=off uptime,level,tags foldmultilines=false

Environment Variables:
PATH=/usr/local/bin:/usr/bin:/bin:/usr/sbin:/sbin
SHELL=/bin/zsh
LANG=en_US.UTF-8

Signal Handlers:
   SIGSEGV: _ZL13crash_handleriP9__siginfoPv in libjvm.dylib, mask=11100110000111110111111111111111, flags=SA_RESTART|SA_SIGINFO
    SIGBUS: _ZL13crash_handleriP9__siginfoPv in libjvm.dylib, mask=11100110000111110111111111111111, flags=SA_RESTART|SA_SIGINFO
    SIGFPE: _ZL13crash_handleriP9__siginfoPv in libjvm.dylib, mask=11100110000111110111111111111111, flags=SA_RESTART|SA_SIGINFO
   SIGPIPE: _ZL17javaSignalHandleriP9__siginfoPv in libjvm.dylib, mask=11100110000111110111111111111111, flags=SA_RESTART|SA_SIGINFO
   SIGXFSZ: _ZL17javaSignalHandleriP9__siginfoPv in libjvm.dylib, mask=11100110000111110111111111111111, flags=SA_RESTART|SA_SIGINFO
    SIGILL: _ZL13crash_handleriP9__siginfoPv in libjvm.dylib, mask=11100110000111110111111111111111, flags=SA_RESTART|SA_SIGINFO
   SIGUSR2: _ZL10SR_handleriP9__siginfoP17__darwin_ucontext in libjvm.dylib, mask=00000000000000000000000000000000, flags=SA_RESTART|SA_SIGINFO
    SIGHUP: _ZL11UserHandleriPvS_ in libjvm.dylib, mask=11100110000111110111111111111111, flags=SA_RESTART|SA_SIGINFO
    SIGINT: _ZL11UserHandleriPvS_ in libjvm.dylib, mask=11100110000111110111111111111111, flags=SA_RESTART|SA_SIGINFO
   SIGTERM: _ZL11UserHandleriPvS_ in libjvm.dylib, mask=11100110000111110111111111111111, flags=SA_RESTART|SA_SIGINFO
   SIGQUIT: _ZL11UserHandleriPvS_ in libjvm.dylib, mask=11100110000111110111111111111111, flags=SA_RESTART|SA_SIGINFO
   SIGTRAP: _ZL13crash_handleriP9__siginfoPv in libjvm.dylib, mask=11100110000111110111111111111111, flags=SA_RESTART|SA_SIGINFO


---------------  S Y S T E M  ---------------

OS:
uname: Darwin 21.5.0 Darwin Kernel Version 21.5.0: Tue Apr 26 20:57:23 PDT 2022; root:xnu-8020.121.3~2/RELEASE_ARM64_T8110 arm64
OS uptime: 94 days 2:32 hours
rlimit (soft/hard): STACK 8176k/65520k , CORE 0k/infinity , NPROC 1333/2000 , NOFILE 10240/infinity , AS infinity/infinity , CPU infinity/infinity , DATA infinity/infinity , FSIZE infinity/infinity , MEMLOCK infinity/infinity , RSS infinity/infinity
load average: 2.32 1.76 1.61

CPU: total 8 (initial active 8) 0x61:0x0:0xda33d83d:0, fp, simd, aes, pmull, crc, lse

Memory: 16k page, physical 8388608k(76288k free), swap 5242880k(867328k free)

vm_info: Java HotSpot(TM) 64-Bit Server VM (18.0.2.1+1-1) for bsd-aarch64 JRE (18.0.2.1+1-1), built on Aug 16 2022 00:50:09 by "mach5one" with clang Apple LLVM 12.0.0 (clang-1200.0.32.29)

END.
