#
# A fatal error has been detected by the Java Runtime Environment:
#
#  SIGBUS (0xa) at pc=0x0000000110f754f0, pid=88445, tid=30731
#
# JRE version: Java(TM) SE Runtime Environment (18.0.2.1+1) (build 18.0.2.1+1-1)
# Java VM: Java HotSpot(TM) 64-Bit Server VM (18.0.2.1+1-1, mixed mode, sharing, tiered, compressed oops, compressed class ptrs, g1 gc, bsd-aarch64)
# Problematic frame:
# v  ~StubRoutines::SafeFetchN
#
# No core dump will be written. Core dumps have been disabled. To enable core dumping, try "ulimit -c unlimited" before starting Java again
#
# If you would like to submit a bug report, please visit:
#   https://bugreport.java.com/bugreport/crash.jsp
# The crash happened outside the Java Virtual Machine in native code.
# See problematic frame for where to report the bug.
#

---------------  S U M M A R Y ------------

Command Line: -XX:+ShowCodeDetailsInExceptionMessages --module-path=/Users/nicolegumula/Documents/github/projectfx3/target/classes:/Users/nicolegumula/.m2/repository/org/openjfx/javafx-controls/17/javafx-controls-17-mac-aarch64.jar:/Users/nicolegumula/.m2/repository/org/openjfx/javafx-graphics/17/javafx-graphics-17-mac-aarch64.jar:/Users/nicolegumula/.m2/repository/org/openjfx/javafx-base/17/javafx-base-17-mac-aarch64.jar:/Users/nicolegumula/.m2/repository/org/openjfx/javafx-fxml/17/javafx-fxml-17-mac-aarch64.jar -Djdk.module.main=edu.guilford edu.guilford/edu.guilford.App

Host: "Mac14,2" arm64, 8 cores, 8G, Darwin 21.5.0, macOS 12.4 (21F2081)
Time: Wed Apr 26 20:52:12 2023 EDT elapsed time: 12.695829 seconds (0d 0h 0m 12s)

---------------  T H R E A D  ---------------

Current thread (0x000000012c13e400):  JavaThread "InvokeLaterDispatcher" daemon [_thread_in_native, id=30731, stack(0x000000016f8a0000,0x000000016faa3000)]

Stack: [0x000000016f8a0000,0x000000016faa3000],  sp=0x000000016faa27f0,  free space=2057k
Native frames: (J=compiled Java code, j=interpreted, Vv=VM code, C=native code)
v  ~StubRoutines::SafeFetchN
V  [libjvm.dylib+0x7cf0dc]  _ZN10OopStorage7releaseEPKP7oopDesc+0x20
V  [libjvm.dylib+0x4f75e8]  jni_DeleteGlobalRef+0xc0
C  [libglass.dylib+0xab08]  -[GlassRunnable dealloc]+0x34
C  [Foundation+0x85318]  -[_NSThreadPerformInfo dealloc]+0x30
C  [Foundation+0x518ac]  -[NSObject(NSThreadPerformAdditions) performSelectorOnMainThread:withObject:waitUntilDone:]+0x88
C  0xd840800118ada4cc
J 2037 c1 com.sun.glass.ui.mac.MacApplication.submitForLaterInvocation(Ljava/lang/Runnable;)V javafx.graphics (6 bytes) @ 0x00000001118deb58 [0x00000001118deac0+0x0000000000000098]
C  0x000000078681fff8

Java frames: (J=compiled Java code, j=interpreted, Vv=VM code)
J 1999  com.sun.glass.ui.mac.MacApplication._submitForLaterInvocation(Ljava/lang/Runnable;)V javafx.graphics (0 bytes) @ 0x0000000118ada4cc [0x0000000118ada440+0x000000000000008c]
J 2037 c1 com.sun.glass.ui.mac.MacApplication.submitForLaterInvocation(Ljava/lang/Runnable;)V javafx.graphics (6 bytes) @ 0x00000001118deb58 [0x00000001118deac0+0x0000000000000098]
j  com.sun.glass.ui.InvokeLaterDispatcher.run()V+82 javafx.graphics
v  ~StubRoutines::call_stub

siginfo: si_signo: 10 (SIGBUS), si_code: 1 (BUS_ADRALN), si_addr: 0x0000000110f754f0

Register to memory mapping:

 x0=0x000000012b756b48 is a global jni handle
 x1=0x0 is NULL
 x2=0x0000000786152088 is an oop: com.sun.glass.ui.InvokeLaterDispatcher$Future 
{0x0000000786152088} - klass: 'com/sun/glass/ui/InvokeLaterDispatcher$Future'
 - ---- fields (total size 3 words):
 - private 'done' 'Z' @12  true
 - private final 'runnable' 'Ljava/lang/Runnable;' @16  a 'com/sun/javafx/application/PlatformImpl$$Lambda$88+0x0000000800c857a8'{0x00000007860ab290} (f0c15652)
 - final synthetic 'this$0' 'Lcom/sun/glass/ui/InvokeLaterDispatcher;' @20  a 'com/sun/glass/ui/InvokeLaterDispatcher'{0x000000078681fff8} (f0d03fff)
 x3=0x0 is NULL
 x4=0x00000000000130a8 is an unknown value
 x5=0x0 is NULL
 x6=0x0 is NULL
 x7=0x0 is NULL
 x8=0x0000000110f754ec is at begin+0 in a stub
StubRoutines::SafeFetchN [0x0000000110f754ec, 0x0000000110f754f8] (12 bytes)
 x9=0x0 is NULL
x10=0x2010000030300000 is an unknown value
x11=0x0000000000000007 is an unknown value
x12=0x0 is NULL
x13=0x0000000108205960 points into unknown readable memory: 0x0000000800000000 | 00 00 00 00 08 00 00 00
x14=0x00000c0000000000 is an unknown value
x15=0x000000012ca45f98: OBJC_CLASS_$_GlassRunnable+0 in /Users/nicolegumula/.openjfx/cache/17/libglass.dylib at 0x000000012ca00000
x16=0x00000001907b70fc: pthread_getspecific+0 in /usr/lib/system/libsystem_pthread.dylib at 0x00000001907b5000
x17=0x000000012b7ca5f0 points into unknown readable memory: 0xfffffffffffffffe | fe ff ff ff ff ff ff ff
x18=0x0 is NULL
x19=0x000000012c8097f0 points into unknown readable memory: 0x000000012c809a70 | 70 9a 80 2c 01 00 00 00
x20=0x000000012b756940 points into unknown readable memory: 0x0000000110fc84d4 | d4 84 fc 10 01 00 00 00
x21=0x000000012b756b48 is a global jni handle
x22=0x000000012c13e400 is a thread
x23=0x0000000000000001 is an unknown value
x24=0x000000012b756b00 is a global jni handle
x25=0x000000010931ece8: _ZN12StubRoutines17_safefetchN_entryE+0 in /Library/Java/JavaVirtualMachines/jdk-18.0.2.1.jdk/Contents/Home/lib/server/libjvm.dylib at 0x0000000108754000
x26=0x000000012651d288 is pointing into metadata
x27=0x0 is NULL
x28=0x000000012c13e400 is a thread


Registers:
 x0=0x000000012b756b48  x1=0x0000000000000000  x2=0x0000000786152088  x3=0x0000000000000000
 x4=0x00000000000130a8  x5=0x0000000000000000  x6=0x0000000000000000  x7=0x0000000000000000
 x8=0x0000000110f754ec  x9=0x0000000000000000 x10=0x2010000030300000 x11=0x0000000000000007
x12=0x0000000000000000 x13=0x0000000108205960 x14=0x00000c0000000000 x15=0x000000012ca45f98
x16=0x00000001907b70fc x17=0x000000012b7ca5f0 x18=0x0000000000000000 x19=0x000000012c8097f0
x20=0x000000012b756940 x21=0x000000012b756b48 x22=0x000000012c13e400 x23=0x0000000000000001
x24=0x000000012b756b00 x25=0x000000010931ece8 x26=0x000000012651d288 x27=0x0000000000000000
x28=0x000000012c13e400  fp=0x000000016faa2830  lr=0x0000000108f21ed0  sp=0x000000016faa27f0
pc=0x0000000110f754f0 cpsr=0x0000000060001000
Top of Stack: (sp=0x000000016faa27f0)
0x000000016faa27f0:   000000012651d288 0000000000000001
0x000000016faa2800:   0000000800c2f458 0000000108410450
0x000000016faa2810:   0000000000000000 000000012b756b00
0x000000016faa2820:   000000012b756b00 000000012c8097f0
0x000000016faa2830:   000000016faa2870 0000000108f230dc
0x000000016faa2840:   0000000000000001 000000012b756b00
0x000000016faa2850:   0000000000000000 000000012b756b00
0x000000016faa2860:   0000000000000001 000000012c141200
0x000000016faa2870:   000000016faa28a0 0000000108c4b5e8
0x000000016faa2880:   000000010840f720 00000001daa8c7dc
0x000000016faa2890:   0000000000000000 000000010840f720
0x000000016faa28a0:   000000016faa28d0 000000012ca0ab08
0x000000016faa28b0:   31826a09085400e4 0000000000000000
0x000000016faa28c0:   0000000000000000 0000000108410460
0x000000016faa28d0:   000000016faa2910 000000019178d318
0x000000016faa28e0:   0000000800c2f458 0000000108410450
0x000000016faa28f0:   000000010840f720 31826a09085400e4
0x000000016faa2900:   0000000000000000 0000000000000000
0x000000016faa2910:   000000016faa2950 076d8001917598ac
0x000000016faa2920:   0000000800c2f458 0000000110f7c7c0
0x000000016faa2930:   000000012651ccc2 00000001093267a0
0x000000016faa2940:   000000016faa2a30 00000000000000b9
0x000000016faa2950:   000000016faa29b0 d840800118ada4cc
0x000000016faa2960:   0000000786801860 0000000786152088
0x000000016faa2970:   000000016faa2ad8 00000001907c3630
0x000000016faa2980:   000000012c13e400 0000000109302b00
0x000000016faa2990:   000000016faa2a40 0000000000000001
0x000000016faa29a0:   000000016faa29e0 00000007867e51b0
0x000000016faa29b0:   000000016faa2aa0 00000001118deb58
0x000000016faa29c0:   0000000786152088 00000007860ab290
0x000000016faa29d0:   000000016faa2a38 00000000000000b6
0x000000016faa29e0:   000000016faa2aa0 e140000110f8b2a0 

Instructions: (pc=0x0000000110f754f0)
0x0000000110f753f0:   f2a125c9 f2c00029 6d425935 1e640886
0x0000000110f75400:   0c402d31 1e6408c7 1f5654d0 1e6c1017
0x0000000110f75410:   1f5050d0 1f504cd0 1f5048d0 1e650af6
0x0000000110f75420:   1f50d8f6 1f5694d6 1f5158f6 1e762880
0x0000000110f75430:   36000501 1e614000 14000026 2e251ca5
0x0000000110f75440:   d2963009 f2a125c9 f2c00029 6d425d36
0x0000000110f75450:   1e600806 0c402d32 1f5758c7 1e6c101a
0x0000000110f75460:   1f4754c7 1e650805 1f4750c7 d2866668
0x0000000110f75470:   f2a7fa68 1f474cc7 1e6608c0 1f4748c7
0x0000000110f75480:   1e6e1019 eb08007f 540000ac 1f479400
0x0000000110f75490:   1f460340 1e603b20 1400000e d2a7fd29
0x0000000110f754a0:   eb09007f 540000ac 51480069 d3607d29
0x0000000110f754b0:   9e670121 14000002 1e6a5001 1f679417
0x0000000110f754c0:   1f668742 1e613b23 1e773857 1e773860
0x0000000110f754d0:   a8c17ff3 910003bf a8c17bfd d65f03c0
0x0000000110f754e0:   b9400001 aa0103e0 d65f03c0 f9400001
0x0000000110f754f0:   aa0103e0 d65f03c0 00000000 00000000
0x0000000110f75500:   00000000 00000000 00000000 00000000
0x0000000110f75510:   00000000 00000000 00000000 00000000
0x0000000110f75520:   00000000 00000000 00000000 00000000
0x0000000110f75530:   00000000 00000000 00000000 00000000
0x0000000110f75540:   00000000 00000000 00000000 00000000
0x0000000110f75550:   00000000 00000000 00000000 00000000
0x0000000110f75560:   00000000 00000000 00000000 00000000
0x0000000110f75570:   00000000 00000000 00000000 00000000
0x0000000110f75580:   00000000 00000000 00000000 00000000
0x0000000110f75590:   00000000 00000000 00000000 00000000
0x0000000110f755a0:   00000000 00000000 00000000 00000000
0x0000000110f755b0:   00000000 00000000 00000000 00000000
0x0000000110f755c0:   00000000 00000000 00000000 00000000
0x0000000110f755d0:   00000000 00000000 00000000 00000000
0x0000000110f755e0:   00000000 00000000 00000000 00000000 


Stack slot to memory mapping:
stack at sp + 0 slots: 0x000000012651d288 is pointing into metadata
stack at sp + 1 slots: 0x0000000000000001 is an unknown value
stack at sp + 2 slots: 0x0000000800c2f458 is a pointer to class: 
com.sun.glass.ui.mac.MacApplication {0x0000000800c2f458}
 - instance size:     5
 - klass size:        133
 - access:            final synchronized 
 - state:             fully_initialized
 - name:              'com/sun/glass/ui/mac/MacApplication'
 - super:             'com/sun/glass/ui/Application'
 - sub:               
 - arrays:            NULL
 - methods:           Array<T>(0x00000001264f2100)
 - method ordering:   Array<T>(0x0000000800a85da8)
 - default_methods:   Array<T>(0x0000000000000000)
 - local interfaces:  Array<T>(0x00000001264f7ee8)
 - trans. interfaces: Array<T>(0x00000001264f7ee8)
 - constants:         constant pool [548]/operands[69] {0x00000001264f6c08} for 'com/sun/glass/ui/mac/MacApplication' cache=0x000000012651ac20
 - class loader data:  loader data: 0x0000000108013110 for instance a 'jdk/internal/loader/ClassLoaders$AppClassLoader'{0x000000078680ac78}
 - source file:       'MacApplication.java'
 - class annotations:       Array<T>(0x0000000000000000)
 - class type annotations:  Array<T>(0x0000000000000000)
 - field annotations:       Array<T>(0x0000000000000000)
 - field type annotations:  Array<T>(0x0000000000000000)
 - inner classes:     Array<T>(0x00000001264f0800)
 - nest members:     Array<T>(0x00000001264f1fe8)
 - permitted subclasses:     Array<T>(0x00000008005c92a0)
 - java mirror:       a 'java/lang/Class'{0x00000007868017e8} = 'com/sun/glass/ui/mac/MacApplication'
 - vtable length      72  (start addr: 0x0000000800c2f610)
 - itable length      5 (start addr: 0x0000000800c2f850)
 - ---- static fields (1 words):
 - static final 'BROWSER_PARENT_ID' 'J' @112 
 - ---- non-static fields (7 words):
 - private 'initialActiveEventReceived' 'Z' @12 
 - private 'terminateWhenLastWindowClosed' 'Z' @13 
 - protected 'name' 'Ljava/lang/String;' @16 
 - private 'eventHandler' 'Lcom/sun/glass/ui/Application$EventHandler;' @20 
 - private 'initialOpenedFiles' '[Ljava/lang/String;' @24 
 - private 'isTaskbarApplication' 'Z' @14 
 - private 'firstDidResignActive' 'Z' @15 
 - private final 'invokeLaterDispatcher' 'Lcom/sun/glass/ui/InvokeLaterDispatcher;' @28 
 - private 'appleMenu' 'Lcom/sun/glass/ui/Menu;' @32 
 - private final 'reactivationLatch' 'Ljava/util/concurrent/CountDownLatch;' @36 
 - non-static oop maps: 16-36 
stack at sp + 3 slots: 0x0000000108410450 points into unknown readable memory: 0x01000001e919e031 | 31 e0 19 e9 01 00 00 01
stack at sp + 4 slots: 0x0 is NULL
stack at sp + 5 slots: 0x000000012b756b00 is a global jni handle
stack at sp + 6 slots: 0x000000012b756b00 is a global jni handle
stack at sp + 7 slots: 0x000000012c8097f0 points into unknown readable memory: 0x000000012c809a70 | 70 9a 80 2c 01 00 00 00

StubRoutines::SafeFetchN [0x0000000110f754ec, 0x0000000110f754f8] (12 bytes)
[MachCode]
  0x0000000110f754ec: 0100 40f9 | e003 01aa | c003 5fd6 
[/MachCode]

Compiled method (c1)   12705 2037       3       com.sun.glass.ui.mac.MacApplication::submitForLaterInvocation (6 bytes)
 total in heap  [0x00000001118de910,0x00000001118decd8] = 968
 relocation     [0x00000001118dea68,0x00000001118deaa0] = 56
 main code      [0x00000001118deac0,0x00000001118dec00] = 320
 stub code      [0x00000001118dec00,0x00000001118dec58] = 88
 oops           [0x00000001118dec58,0x00000001118dec60] = 8
 metadata       [0x00000001118dec60,0x00000001118dec78] = 24
 scopes data    [0x00000001118dec78,0x00000001118dec90] = 24
 scopes pcs     [0x00000001118dec90,0x00000001118decd0] = 64
 dependencies   [0x00000001118decd0,0x00000001118decd8] = 8

[Constant Pool (empty)]

[MachCode]
[Entry Point]
  # {method} {0x00000001264f1198} 'submitForLaterInvocation' '(Ljava/lang/Runnable;)V' in 'com/sun/glass/ui/mac/MacApplication'
  # this:     c_rarg1:c_rarg1 
                        = 'com/sun/glass/ui/mac/MacApplication'
  # parm0:    c_rarg2:c_rarg2 
                        = 'java/lang/Runnable'
  #           [sp+0x40]  (sp of caller)
  0x00000001118deac0: 2808 40b9 | 3f01 086b | c001 0054 

  0x00000001118deacc: ;   {runtime_call ic_miss_stub}
  0x00000001118deacc: 68b6 ffd0 | 0801 0091 | 0001 1fd6 | 1f20 03d5 | 1f20 03d5 | 1f20 03d5 | 1f20 03d5 | 1f20 03d5 
  0x00000001118deaec: 1f20 03d5 | 1f20 03d5 | 1f20 03d5 | 1f20 03d5 | 1f20 03d5 
[Verified Entry Point]
  0x00000001118deb00: 1f20 03d5 | e953 40d1 | 3f01 00f9 | ff03 01d1 | fd7b 03a9 

  0x00000001118deb14: ;   {metadata(method data for {method} {0x00000001264f1198} 'submitForLaterInvocation' '(Ljava/lang/Runnable;)V' in 'com/sun/glass/ui/mac/MacApplication')}
  0x00000001118deb14: 003d 97d2 | a0d8 a4f2 | 2000 c0f2 | 03ac 40b9 | 6308 0011 | 03ac 00b9 | 6324 1f12 | 7f00 0071 
  0x00000001118deb34: e001 0054 | e003 01aa 

  0x00000001118deb3c: ;   {metadata(method data for {method} {0x00000001264f1198} 'submitForLaterInvocation' '(Ljava/lang/Runnable;)V' in 'com/sun/glass/ui/mac/MacApplication')}
  0x00000001118deb3c: 033d 97d2 | a3d8 a4f2 | 2300 c0f2 | 6878 40f9 | 0805 0091 | 6878 00f9 

  0x00000001118deb54: ; ImmutableOopMap {}
                      ;*invokevirtual _submitForLaterInvocation {reexecute=0 rethrow=0 return_oop=0}
                      ; - com.sun.glass.ui.mac.MacApplication::submitForLaterInvocation@2 (line 348)
                      ;   {optimized virtual_call}
  0x00000001118deb54: 41ee c795 | fd7b 43a9 | ff03 0191 

  0x00000001118deb60: ;   {poll_return}
  0x00000001118deb60: 889f 41f9 | ff63 28eb | 8801 0054 | c003 5fd6 

  0x00000001118deb70: ;   {metadata({method} {0x00000001264f1198} 'submitForLaterInvocation' '(Ljava/lang/Runnable;)V' in 'com/sun/glass/ui/mac/MacApplication')}
  0x00000001118deb70: 0833 82d2 | e8c9 a4f2 | 2800 c0f2 | e807 00f9 | 0800 8092 | e803 00f9 

  0x00000001118deb88: ;   {runtime_call counter_overflow Runtime1 stub}
  0x00000001118deb88: 68bc ff90 | 0801 2691 

  0x00000001118deb90: ; ImmutableOopMap {c_rarg1=Oop c_rarg2=Oop }
                      ;*synchronization entry
                      ; - com.sun.glass.ui.mac.MacApplication::submitForLaterInvocation@-1 (line 348)
  0x00000001118deb90: 0001 3fd6 | e9ff ff17 

  0x00000001118deb98: ;   {internal_word}
  0x00000001118deb98: 48fe ff10 | 88ab 01f9 

  0x00000001118deba0: ;   {runtime_call SafepointBlob}
  0x00000001118deba0: a8b6 ff90 | 0801 1891 | 0001 1fd6 | 1f20 03d5 | 1f20 03d5 | 80e7 41f9 | 9fe7 01f9 | 9feb 01f9 
  0x00000001118debc0: fd7b 43a9 | ff03 0191 

  0x00000001118debc8: ;   {runtime_call unwind_exception Runtime1 stub}
  0x00000001118debc8: 28bc ffb0 | 0801 1e91 | 0001 1fd6 | 0000 0000 | 0000 0000 | 0000 0000 | 0000 0000 | 0000 0000 
  0x00000001118debe8: 0000 0000 | 0000 0000 | 0000 0000 | 0000 0000 | 0000 0000 | 0000 0000 
[Stub Code]
  0x00000001118dec00: ;   {no_reloc}
  0x00000001118dec00: df3f 03d5 

  0x00000001118dec04: ;   {metadata(NULL)}
  0x00000001118dec04: 0c00 80d2 | 0c00 a0f2 | 0c00 c0f2 | 0800 80d2 | 0800 a0f2 | 0800 c0f2 | 0001 1fd6 

  0x00000001118dec20: ;   {trampoline_stub}
  0x00000001118dec20: 4800 0058 | 0001 1fd6 | 58a4 ad18 | 0100 0000 
[Exception Handler]
  0x00000001118dec30: ;   {runtime_call handle_exception_from_callee Runtime1 stub}
  0x00000001118dec30: 48bc ff90 | 0801 2a91 | 0001 3fd6 | c1d5 bbd4 | 25a3 1709 | 0100 0000 
[Deopt Handler Code]
  0x00000001118dec48: 1e00 0010 

  0x00000001118dec4c: ;   {runtime_call DeoptimizationBlob}
  0x00000001118dec4c: a8b6 ff90 | 0801 2591 | 0001 1fd6 
[/MachCode]


Compiled method (n/a)   12709 1999     n 0       com.sun.glass.ui.mac.MacApplication::_submitForLaterInvocation (native)
 total in heap  [0x0000000118ada290,0x0000000118ada5e0] = 848
 relocation     [0x0000000118ada3e8,0x0000000118ada410] = 40
 main code      [0x0000000118ada440,0x0000000118ada5d0] = 400
 oops           [0x0000000118ada5d0,0x0000000118ada5d8] = 8
 metadata       [0x0000000118ada5d8,0x0000000118ada5e0] = 8

[Constant Pool (empty)]

[MachCode]
[Entry Point]
  # {method} {0x00000001264f10f0} '_submitForLaterInvocation' '(Ljava/lang/Runnable;)V' in 'com/sun/glass/ui/mac/MacApplication'
  # this:     c_rarg1:c_rarg1 
                        = 'com/sun/glass/ui/mac/MacApplication'
  # parm0:    c_rarg2:c_rarg2 
                        = 'java/lang/Runnable'
  #           [sp+0x60]  (sp of caller)
  0x0000000118ada440: 2808 40b9 | 3f01 086b | 8000 0054 

  0x0000000118ada44c: ;   {runtime_call ic_miss_stub}
  0x0000000118ada44c: 8826 fcd0 | 0801 0091 | 0001 1fd6 
[Verified Entry Point]
  0x0000000118ada458: 1f20 03d5 | e953 40d1 | 3f01 00f9 | fd7b bfa9 | fd03 0091 | ff43 01d1 | e207 00f9 | 5f00 1feb 
  0x0000000118ada478: e223 0091 | e203 829a | e103 00f9 | 3f00 1feb | e103 00d1 | e103 819a | e801 0010 | 883f 01f9 
  0x0000000118ada498: e803 0091 | 883b 01f9 

  0x0000000118ada4a0: ;   {external_word}
  0x0000000118ada4a0: c841 f890 | 08c9 4e39 | 4806 0035 | 8043 0a91 | e803 7eb2 | 89c3 0c91 | 28fd 9f88 

  0x0000000118ada4bc: ;   {runtime_call Java_com_sun_glass_ui_mac_MacApplication__1submitForLaterInvocation}
  0x0000000118ada4bc: 0841 9bd2 | 0894 a5f2 | 2800 c0f2 | 0001 3fd6 | a800 80d2 | 8833 03b9 | bf3b 03d5 | 88e3 0c91 
  0x0000000118ada4dc: 08fd dfc8 | bf03 08eb | a803 0054 | 8823 43b9 | 6803 0035 | e803 7db2 | 89c3 0c91 | 28fd 9f88 
  0x0000000118ada4fc: 8883 4e39 | 1f09 0071 | 0002 0054 

  0x0000000118ada508: ;   {external_word}
  0x0000000118ada508: c841 f890 | 08c9 4e39 | a804 0035 | 9f3b 01f9 | 9f3f 01f9 | 8283 41f9 | 5f80 00f9 | bf03 0091 
  0x0000000118ada528: fd7b c1a8 | 8807 40f9 | 4800 00b5 | c003 5fd6 

  0x0000000118ada538: ;   {runtime_call StubRoutines (1)}
  0x0000000118ada538: c824 fcd0 | 0801 0291 | 0001 1fd6 

  0x0000000118ada544: ;   {runtime_call _ZN13SharedRuntime20reguard_yellow_pagesEv}
  0x0000000118ada544: 08d7 94d2 | 681f a1f2 | 2800 c0f2 | 0001 3fd6 | edff ff17 | e003 1caa 

  0x0000000118ada55c: ;   {runtime_call _ZN10JavaThread40check_special_condition_for_native_transEPS_}
  0x0000000118ada55c: 8843 9ed2 | c820 a1f2 | 2800 c0f2 | 0001 3fd6 | e1ff ff17 | e10b bfa9 

  0x0000000118ada574: ;   {metadata({method} {0x00000001264f10f0} '_submitForLaterInvocation' '(Ljava/lang/Runnable;)V' in 'com/sun/glass/ui/mac/MacApplication')}
  0x0000000118ada574: 011e 82d2 | e1c9 a4f2 | 2100 c0f2 | e003 1caa | e833 bfa9 | 08ae 90d2 | 681f a1f2 | 2800 c0f2 
  0x0000000118ada594: 0001 3fd6 | e833 c1a8 | e10b c1a8 | c3ff ff17 

  0x0000000118ada5a4: ;   {metadata({method} {0x00000001264f10f0} '_submitForLaterInvocation' '(Ljava/lang/Runnable;)V' in 'com/sun/glass/ui/mac/MacApplication')}
  0x0000000118ada5a4: 011e 82d2 | e1c9 a4f2 | 2100 c0f2 | e003 1caa | e833 bfa9 | 08be 90d2 | 681f a1f2 | 2800 c0f2 
  0x0000000118ada5c4: 0001 3fd6 | e833 c1a8 | d2ff ff17 
[/MachCode]


---------------  P R O C E S S  ---------------

Threads class SMR info:
_java_thread_list=0x0000000168fc0340, length=18, elements={
0x000000012c00a200, 0x000000012d01e800, 0x000000012d021000, 0x000000012c07fa00,
0x000000012c080000, 0x000000012c080600, 0x000000012c07e000, 0x000000012c07e600,
0x000000012c084800, 0x000000012c083000, 0x000000012a047c00, 0x000000012a04ac00,
0x000000012c13e400, 0x000000012c141200, 0x000000012a19bc00, 0x000000012d0f8000,
0x000000012c1e7a00, 0x000000012c301c00
}

Java Threads: ( => current thread )
  0x000000012c00a200 JavaThread "main" [_thread_blocked, id=6147, stack(0x000000016d0a4000,0x000000016d2a7000)]
  0x000000012d01e800 JavaThread "Reference Handler" daemon [_thread_blocked, id=17155, stack(0x000000016def8000,0x000000016e0fb000)]
  0x000000012d021000 JavaThread "Finalizer" daemon [_thread_blocked, id=15875, stack(0x000000016e104000,0x000000016e307000)]
  0x000000012c07fa00 JavaThread "Signal Dispatcher" daemon [_thread_blocked, id=42499, stack(0x000000016e428000,0x000000016e62b000)]
  0x000000012c080000 JavaThread "Service Thread" daemon [_thread_blocked, id=23299, stack(0x000000016e634000,0x000000016e837000)]
  0x000000012c080600 JavaThread "Monitor Deflation Thread" daemon [_thread_blocked, id=23811, stack(0x000000016e840000,0x000000016ea43000)]
  0x000000012c07e000 JavaThread "C2 CompilerThread0" daemon [_thread_blocked, id=41987, stack(0x000000016ea4c000,0x000000016ec4f000)]
  0x000000012c07e600 JavaThread "C1 CompilerThread0" daemon [_thread_blocked, id=24323, stack(0x000000016ec58000,0x000000016ee5b000)]
  0x000000012c084800 JavaThread "Sweeper thread" daemon [_thread_blocked, id=24835, stack(0x000000016ee64000,0x000000016f067000)]
  0x000000012c083000 JavaThread "Common-Cleaner" daemon [_thread_blocked, id=41731, stack(0x000000016f070000,0x000000016f273000)]
  0x000000012a047c00 JavaThread "Notification Thread" daemon [_thread_blocked, id=25603, stack(0x000000016f27c000,0x000000016f47f000)]
  0x000000012a04ac00 JavaThread "QuantumRenderer-0" daemon [_thread_blocked, id=25859, stack(0x000000016f694000,0x000000016f897000)]
=>0x000000012c13e400 JavaThread "InvokeLaterDispatcher" daemon [_thread_in_native, id=30731, stack(0x000000016f8a0000,0x000000016faa3000)]
  0x000000012c141200 JavaThread "JavaFX Application Thread" [_thread_in_native, id=259, stack(0x000000016c81c000,0x000000016d018000)]
  0x000000012a19bc00 JavaThread "JavaFX-Launcher" [_thread_blocked, id=75267, stack(0x000000016fdd0000,0x000000016ffd3000)]
  0x000000012d0f8000 JavaThread "PulseTimer-CVDisplayLink thread" daemon [_thread_in_native, id=51203, stack(0x000000016faac000,0x000000016fb2f000)]
  0x000000012c1e7a00 JavaThread "Prism Font Disposer" daemon [_thread_blocked, id=71691, stack(0x0000000178c04000,0x0000000178e07000)]
  0x000000012c301c00 JavaThread "Cleaner-0" daemon [_thread_blocked, id=61447, stack(0x000000017a514000,0x000000017a717000)]

Other Threads:
  0x000000012c80f6d0 VMThread "VM Thread" [stack: 0x000000016dcec000,0x000000016deef000] [id=15107]
  0x0000000108036a30 WatcherThread "VM Periodic Task Thread" [stack: 0x000000016f488000,0x000000016f68b000] [id=41219]
  0x000000012b720310 WorkerThread "GC Thread#0" [stack: 0x000000016d2b0000,0x000000016d4b3000] [id=19971]
  0x000000012c868450 WorkerThread "GC Thread#1" [stack: 0x0000000178004000,0x0000000178207000] [id=53763]
  0x000000012b6d1720 WorkerThread "GC Thread#2" [stack: 0x0000000178210000,0x0000000178413000] [id=54275]
  0x000000012b6d1f10 WorkerThread "GC Thread#3" [stack: 0x000000017841c000,0x000000017861f000] [id=54531]
  0x000000012b6d2770 WorkerThread "GC Thread#4" [stack: 0x0000000178628000,0x000000017882b000] [id=55043]
  0x000000012b6d3420 WorkerThread "GC Thread#5" [stack: 0x0000000178834000,0x0000000178a37000] [id=74243]
  0x000000012b7211c0 ConcurrentGCThread "G1 Main Marker" [stack: 0x000000016d4bc000,0x000000016d6bf000] [id=12547]
  0x000000012b721f40 WorkerThread "G1 Conc#0" [stack: 0x000000016d6c8000,0x000000016d8cb000] [id=19203]
  0x000000012b74e5e0 ConcurrentGCThread "G1 Refine#0" [stack: 0x000000016d8d4000,0x000000016dad7000] [id=18947]
  0x000000012b74f360 ConcurrentGCThread "G1 Service" [stack: 0x000000016dae0000,0x000000016dce3000] [id=13827]

Threads with active compile tasks:

VM state: not at safepoint (normal execution)

VM Mutex/Monitor currently owned by a thread: None

Heap address: 0x0000000780000000, size: 2048 MB, Compressed Oops mode: Zero based, Oop shift amount: 3

CDS archive(s) mapped at: [0x0000000800000000-0x0000000800ba8000-0x0000000800ba8000), size 12222464, SharedBaseAddress: 0x0000000800000000, ArchiveRelocationMode: 0.
Compressed class space mapped at: 0x0000000800c00000-0x0000000840c00000, reserved size: 1073741824
Narrow klass base: 0x0000000800000000, Narrow klass shift: 0, Narrow klass range: 0x100000000

GC Precious Log:
 CardTable entry size: 512
 Card Set container configuration: InlinePtr #cards 5 size 8 Array Of Cards #cards 12 size 40 Howl #buckets 4 coarsen threshold 1843 Howl Bitmap #cards 512 size 80 coarsen threshold 460 Card regions per heap region 1 cards per card region 2048
 CPUs: 8 total, 8 available
 Memory: 8192M
 Large Page Support: Disabled
 NUMA Support: Disabled
 Compressed Oops: Enabled (Zero based)
 Heap Region Size: 1M
 Heap Min Capacity: 8M
 Heap Initial Capacity: 128M
 Heap Max Capacity: 2G
 Pre-touch: Disabled
 Parallel Workers: 8
 Concurrent Workers: 2
 Concurrent Refinement Workers: 8
 Periodic GC: Disabled

Heap:
 garbage-first heap   total 133120K, used 79883K [0x0000000780000000, 0x0000000800000000)
  region size 1024K, 32 young (32768K), 3 survivors (3072K)
 Metaspace       used 13708K, committed 13952K, reserved 1114112K
  class space    used 2017K, committed 2112K, reserved 1048576K

Heap Regions: E=young(eden), S=young(survivor), O=old, HS=humongous(starts), HC=humongous(continues), CS=collection set, F=free, OA=open archive, CA=closed archive, TAMS=top-at-mark-start (previous, next)
|   0|0x0000000780000000, 0x000000078001ac00, 0x0000000780100000| 10%| O|  |TAMS 0x0000000780000000, 0x0000000780000000| Untracked 
|   1|0x0000000780100000, 0x0000000780200000, 0x0000000780200000|100%|HS|  |TAMS 0x0000000780100000, 0x0000000780100000| Complete 
|   2|0x0000000780200000, 0x0000000780300000, 0x0000000780300000|100%|HC|  |TAMS 0x0000000780200000, 0x0000000780200000| Complete 
|   3|0x0000000780300000, 0x0000000780400000, 0x0000000780400000|100%|HC|  |TAMS 0x0000000780300000, 0x0000000780300000| Complete 
|   4|0x0000000780400000, 0x0000000780500000, 0x0000000780500000|100%|HC|  |TAMS 0x0000000780400000, 0x0000000780400000| Complete 
|   5|0x0000000780500000, 0x0000000780600000, 0x0000000780600000|100%|HC|  |TAMS 0x0000000780500000, 0x0000000780500000| Complete 
|   6|0x0000000780600000, 0x0000000780700000, 0x0000000780700000|100%|HC|  |TAMS 0x0000000780600000, 0x0000000780600000| Complete 
|   7|0x0000000780700000, 0x0000000780800000, 0x0000000780800000|100%|HC|  |TAMS 0x0000000780700000, 0x0000000780700000| Complete 
|   8|0x0000000780800000, 0x0000000780900000, 0x0000000780900000|100%|HC|  |TAMS 0x0000000780800000, 0x0000000780800000| Complete 
|   9|0x0000000780900000, 0x0000000780a00000, 0x0000000780a00000|100%|HC|  |TAMS 0x0000000780900000, 0x0000000780900000| Complete 
|  10|0x0000000780a00000, 0x0000000780b00000, 0x0000000780b00000|100%|HS|  |TAMS 0x0000000780a00000, 0x0000000780a00000| Complete 
|  11|0x0000000780b00000, 0x0000000780c00000, 0x0000000780c00000|100%|HC|  |TAMS 0x0000000780b00000, 0x0000000780b00000| Complete 
|  12|0x0000000780c00000, 0x0000000780d00000, 0x0000000780d00000|100%|HC|  |TAMS 0x0000000780c00000, 0x0000000780c00000| Complete 
|  13|0x0000000780d00000, 0x0000000780e00000, 0x0000000780e00000|100%|HC|  |TAMS 0x0000000780d00000, 0x0000000780d00000| Complete 
|  14|0x0000000780e00000, 0x0000000780f00000, 0x0000000780f00000|100%|HC|  |TAMS 0x0000000780e00000, 0x0000000780e00000| Complete 
|  15|0x0000000780f00000, 0x0000000781000000, 0x0000000781000000|100%|HC|  |TAMS 0x0000000780f00000, 0x0000000780f00000| Complete 
|  16|0x0000000781000000, 0x0000000781100000, 0x0000000781100000|100%|HC|  |TAMS 0x0000000781000000, 0x0000000781000000| Complete 
|  17|0x0000000781100000, 0x0000000781200000, 0x0000000781200000|100%|HC|  |TAMS 0x0000000781100000, 0x0000000781100000| Complete 
|  18|0x0000000781200000, 0x0000000781300000, 0x0000000781300000|100%|HC|  |TAMS 0x0000000781200000, 0x0000000781200000| Complete 
|  19|0x0000000781300000, 0x0000000781400000, 0x0000000781400000|100%|HC|  |TAMS 0x0000000781300000, 0x0000000781300000| Complete 
|  20|0x0000000781400000, 0x0000000781500000, 0x0000000781500000|100%|HC|  |TAMS 0x0000000781400000, 0x0000000781400000| Complete 
|  21|0x0000000781500000, 0x0000000781600000, 0x0000000781600000|100%|HC|  |TAMS 0x0000000781500000, 0x0000000781500000| Complete 
|  22|0x0000000781600000, 0x0000000781700000, 0x0000000781700000|100%|HC|  |TAMS 0x0000000781600000, 0x0000000781600000| Complete 
|  23|0x0000000781700000, 0x0000000781800000, 0x0000000781800000|100%|HC|  |TAMS 0x0000000781700000, 0x0000000781700000| Complete 
|  24|0x0000000781800000, 0x0000000781900000, 0x0000000781900000|100%|HC|  |TAMS 0x0000000781800000, 0x0000000781800000| Complete 
|  25|0x0000000781900000, 0x0000000781a00000, 0x0000000781a00000|100%|HC|  |TAMS 0x0000000781900000, 0x0000000781900000| Complete 
|  26|0x0000000781a00000, 0x0000000781b00000, 0x0000000781b00000|100%|HC|  |TAMS 0x0000000781a00000, 0x0000000781a00000| Complete 
|  27|0x0000000781b00000, 0x0000000781c00000, 0x0000000781c00000|100%|HC|  |TAMS 0x0000000781b00000, 0x0000000781b00000| Complete 
|  28|0x0000000781c00000, 0x0000000781d00000, 0x0000000781d00000|100%|HC|  |TAMS 0x0000000781c00000, 0x0000000781c00000| Complete 
|  29|0x0000000781d00000, 0x0000000781e00000, 0x0000000781e00000|100%|HC|  |TAMS 0x0000000781d00000, 0x0000000781d00000| Complete 
|  30|0x0000000781e00000, 0x0000000781f00000, 0x0000000781f00000|100%|HC|  |TAMS 0x0000000781e00000, 0x0000000781e00000| Complete 
|  31|0x0000000781f00000, 0x0000000782000000, 0x0000000782000000|100%|HC|  |TAMS 0x0000000781f00000, 0x0000000781f00000| Complete 
|  32|0x0000000782000000, 0x0000000782100000, 0x0000000782100000|100%|HC|  |TAMS 0x0000000782000000, 0x0000000782000000| Complete 
|  33|0x0000000782100000, 0x0000000782200000, 0x0000000782200000|100%|HC|  |TAMS 0x0000000782100000, 0x0000000782100000| Complete 
|  34|0x0000000782200000, 0x0000000782300000, 0x0000000782300000|100%|HC|  |TAMS 0x0000000782200000, 0x0000000782200000| Complete 
|  35|0x0000000782300000, 0x0000000782400000, 0x0000000782400000|100%|HC|  |TAMS 0x0000000782300000, 0x0000000782300000| Complete 
|  36|0x0000000782400000, 0x0000000782500000, 0x0000000782500000|100%|HC|  |TAMS 0x0000000782400000, 0x0000000782400000| Complete 
|  37|0x0000000782500000, 0x0000000782600000, 0x0000000782600000|100%|HC|  |TAMS 0x0000000782500000, 0x0000000782500000| Complete 
|  38|0x0000000782600000, 0x0000000782700000, 0x0000000782700000|100%|HC|  |TAMS 0x0000000782600000, 0x0000000782600000| Complete 
|  39|0x0000000782700000, 0x0000000782800000, 0x0000000782800000|100%|HC|  |TAMS 0x0000000782700000, 0x0000000782700000| Complete 
|  40|0x0000000782800000, 0x0000000782900000, 0x0000000782900000|100%|HC|  |TAMS 0x0000000782800000, 0x0000000782800000| Complete 
|  41|0x0000000782900000, 0x0000000782a00000, 0x0000000782a00000|100%|HC|  |TAMS 0x0000000782900000, 0x0000000782900000| Complete 
|  42|0x0000000782a00000, 0x0000000782b00000, 0x0000000782b00000|100%|HC|  |TAMS 0x0000000782a00000, 0x0000000782a00000| Complete 
|  43|0x0000000782b00000, 0x0000000782c00000, 0x0000000782c00000|100%|HC|  |TAMS 0x0000000782b00000, 0x0000000782b00000| Complete 
|  44|0x0000000782c00000, 0x0000000782d00000, 0x0000000782d00000|100%|HC|  |TAMS 0x0000000782c00000, 0x0000000782c00000| Complete 
|  45|0x0000000782d00000, 0x0000000782e00000, 0x0000000782e00000|100%|HS|  |TAMS 0x0000000782d00000, 0x0000000782d00000| Complete 
|  46|0x0000000782e00000, 0x0000000782f00000, 0x0000000782f00000|100%|HC|  |TAMS 0x0000000782e00000, 0x0000000782e00000| Complete 
|  47|0x0000000782f00000, 0x0000000782f00000, 0x0000000783000000|  0%| F|  |TAMS 0x0000000782f00000, 0x0000000782f00000| Untracked 
|  48|0x0000000783000000, 0x0000000783000000, 0x0000000783100000|  0%| F|  |TAMS 0x0000000783000000, 0x0000000783000000| Untracked 
|  49|0x0000000783100000, 0x0000000783100000, 0x0000000783200000|  0%| F|  |TAMS 0x0000000783100000, 0x0000000783100000| Untracked 
|  50|0x0000000783200000, 0x0000000783200000, 0x0000000783300000|  0%| F|  |TAMS 0x0000000783200000, 0x0000000783200000| Untracked 
|  51|0x0000000783300000, 0x0000000783300000, 0x0000000783400000|  0%| F|  |TAMS 0x0000000783300000, 0x0000000783300000| Untracked 
|  52|0x0000000783400000, 0x0000000783400000, 0x0000000783500000|  0%| F|  |TAMS 0x0000000783400000, 0x0000000783400000| Untracked 
|  53|0x0000000783500000, 0x0000000783500000, 0x0000000783600000|  0%| F|  |TAMS 0x0000000783500000, 0x0000000783500000| Untracked 
|  54|0x0000000783600000, 0x0000000783600000, 0x0000000783700000|  0%| F|  |TAMS 0x0000000783600000, 0x0000000783600000| Untracked 
|  55|0x0000000783700000, 0x0000000783700000, 0x0000000783800000|  0%| F|  |TAMS 0x0000000783700000, 0x0000000783700000| Untracked 
|  56|0x0000000783800000, 0x0000000783800000, 0x0000000783900000|  0%| F|  |TAMS 0x0000000783800000, 0x0000000783800000| Untracked 
|  57|0x0000000783900000, 0x0000000783900000, 0x0000000783a00000|  0%| F|  |TAMS 0x0000000783900000, 0x0000000783900000| Untracked 
|  58|0x0000000783a00000, 0x0000000783a00000, 0x0000000783b00000|  0%| F|  |TAMS 0x0000000783a00000, 0x0000000783a00000| Untracked 
|  59|0x0000000783b00000, 0x0000000783b00000, 0x0000000783c00000|  0%| F|  |TAMS 0x0000000783b00000, 0x0000000783b00000| Untracked 
|  60|0x0000000783c00000, 0x0000000783c00000, 0x0000000783d00000|  0%| F|  |TAMS 0x0000000783c00000, 0x0000000783c00000| Untracked 
|  61|0x0000000783d00000, 0x0000000783d00000, 0x0000000783e00000|  0%| F|  |TAMS 0x0000000783d00000, 0x0000000783d00000| Untracked 
|  62|0x0000000783e00000, 0x0000000783e00000, 0x0000000783f00000|  0%| F|  |TAMS 0x0000000783e00000, 0x0000000783e00000| Untracked 
|  63|0x0000000783f00000, 0x0000000783f00000, 0x0000000784000000|  0%| F|  |TAMS 0x0000000783f00000, 0x0000000783f00000| Untracked 
|  64|0x0000000784000000, 0x0000000784000000, 0x0000000784100000|  0%| F|  |TAMS 0x0000000784000000, 0x0000000784000000| Untracked 
|  65|0x0000000784100000, 0x0000000784100000, 0x0000000784200000|  0%| F|  |TAMS 0x0000000784100000, 0x0000000784100000| Untracked 
|  66|0x0000000784200000, 0x0000000784200000, 0x0000000784300000|  0%| F|  |TAMS 0x0000000784200000, 0x0000000784200000| Untracked 
|  67|0x0000000784300000, 0x0000000784300000, 0x0000000784400000|  0%| F|  |TAMS 0x0000000784300000, 0x0000000784300000| Untracked 
|  68|0x0000000784400000, 0x0000000784400000, 0x0000000784500000|  0%| F|  |TAMS 0x0000000784400000, 0x0000000784400000| Untracked 
|  69|0x0000000784500000, 0x0000000784500000, 0x0000000784600000|  0%| F|  |TAMS 0x0000000784500000, 0x0000000784500000| Untracked 
|  70|0x0000000784600000, 0x0000000784600000, 0x0000000784700000|  0%| F|  |TAMS 0x0000000784600000, 0x0000000784600000| Untracked 
|  71|0x0000000784700000, 0x0000000784700000, 0x0000000784800000|  0%| F|  |TAMS 0x0000000784700000, 0x0000000784700000| Untracked 
|  72|0x0000000784800000, 0x0000000784800000, 0x0000000784900000|  0%| F|  |TAMS 0x0000000784800000, 0x0000000784800000| Untracked 
|  73|0x0000000784900000, 0x0000000784900000, 0x0000000784a00000|  0%| F|  |TAMS 0x0000000784900000, 0x0000000784900000| Untracked 
|  74|0x0000000784a00000, 0x0000000784a00000, 0x0000000784b00000|  0%| F|  |TAMS 0x0000000784a00000, 0x0000000784a00000| Untracked 
|  75|0x0000000784b00000, 0x0000000784b00000, 0x0000000784c00000|  0%| F|  |TAMS 0x0000000784b00000, 0x0000000784b00000| Untracked 
|  76|0x0000000784c00000, 0x0000000784c00000, 0x0000000784d00000|  0%| F|  |TAMS 0x0000000784c00000, 0x0000000784c00000| Untracked 
|  77|0x0000000784d00000, 0x0000000784d00000, 0x0000000784e00000|  0%| F|  |TAMS 0x0000000784d00000, 0x0000000784d00000| Untracked 
|  78|0x0000000784e00000, 0x0000000784e00000, 0x0000000784f00000|  0%| F|  |TAMS 0x0000000784e00000, 0x0000000784e00000| Untracked 
|  79|0x0000000784f00000, 0x0000000784f00000, 0x0000000785000000|  0%| F|  |TAMS 0x0000000784f00000, 0x0000000784f00000| Untracked 
|  80|0x0000000785000000, 0x0000000785000000, 0x0000000785100000|  0%| F|  |TAMS 0x0000000785000000, 0x0000000785000000| Untracked 
|  81|0x0000000785100000, 0x0000000785100000, 0x0000000785200000|  0%| F|  |TAMS 0x0000000785100000, 0x0000000785100000| Untracked 
|  82|0x0000000785200000, 0x0000000785200000, 0x0000000785300000|  0%| F|  |TAMS 0x0000000785200000, 0x0000000785200000| Untracked 
|  83|0x0000000785300000, 0x0000000785300000, 0x0000000785400000|  0%| F|  |TAMS 0x0000000785300000, 0x0000000785300000| Untracked 
|  84|0x0000000785400000, 0x0000000785400000, 0x0000000785500000|  0%| F|  |TAMS 0x0000000785400000, 0x0000000785400000| Untracked 
|  85|0x0000000785500000, 0x0000000785500000, 0x0000000785600000|  0%| F|  |TAMS 0x0000000785500000, 0x0000000785500000| Untracked 
|  86|0x0000000785600000, 0x0000000785600000, 0x0000000785700000|  0%| F|  |TAMS 0x0000000785600000, 0x0000000785600000| Untracked 
|  87|0x0000000785700000, 0x0000000785700000, 0x0000000785800000|  0%| F|  |TAMS 0x0000000785700000, 0x0000000785700000| Untracked 
|  88|0x0000000785800000, 0x0000000785800000, 0x0000000785900000|  0%| F|  |TAMS 0x0000000785800000, 0x0000000785800000| Untracked 
|  89|0x0000000785900000, 0x0000000785900000, 0x0000000785a00000|  0%| F|  |TAMS 0x0000000785900000, 0x0000000785900000| Untracked 
|  90|0x0000000785a00000, 0x0000000785a00000, 0x0000000785b00000|  0%| F|  |TAMS 0x0000000785a00000, 0x0000000785a00000| Untracked 
|  91|0x0000000785b00000, 0x0000000785b00000, 0x0000000785c00000|  0%| F|  |TAMS 0x0000000785b00000, 0x0000000785b00000| Untracked 
|  92|0x0000000785c00000, 0x0000000785c00000, 0x0000000785d00000|  0%| F|  |TAMS 0x0000000785c00000, 0x0000000785c00000| Untracked 
|  93|0x0000000785d00000, 0x0000000785d00000, 0x0000000785e00000|  0%| F|  |TAMS 0x0000000785d00000, 0x0000000785d00000| Untracked 
|  94|0x0000000785e00000, 0x0000000785e00000, 0x0000000785f00000|  0%| F|  |TAMS 0x0000000785e00000, 0x0000000785e00000| Untracked 
|  95|0x0000000785f00000, 0x0000000785f00000, 0x0000000786000000|  0%| F|  |TAMS 0x0000000785f00000, 0x0000000785f00000| Untracked 
|  96|0x0000000786000000, 0x00000007860d9b28, 0x0000000786100000| 85%| E|  |TAMS 0x0000000786000000, 0x0000000786000000| Complete 
|  97|0x0000000786100000, 0x0000000786200000, 0x0000000786200000|100%| E|CS|TAMS 0x0000000786100000, 0x0000000786100000| Complete 
|  98|0x0000000786200000, 0x0000000786300000, 0x0000000786300000|100%| E|CS|TAMS 0x0000000786200000, 0x0000000786200000| Complete 
|  99|0x0000000786300000, 0x0000000786400000, 0x0000000786400000|100%| E|CS|TAMS 0x0000000786300000, 0x0000000786300000| Complete 
| 100|0x0000000786400000, 0x0000000786500000, 0x0000000786500000|100%| E|CS|TAMS 0x0000000786400000, 0x0000000786400000| Complete 
| 101|0x0000000786500000, 0x0000000786600000, 0x0000000786600000|100%| E|CS|TAMS 0x0000000786500000, 0x0000000786500000| Complete 
| 102|0x0000000786600000, 0x0000000786700000, 0x0000000786700000|100%| S|CS|TAMS 0x0000000786600000, 0x0000000786600000| Complete 
| 103|0x0000000786700000, 0x0000000786800000, 0x0000000786800000|100%| S|CS|TAMS 0x0000000786700000, 0x0000000786700000| Complete 
| 104|0x0000000786800000, 0x0000000786900000, 0x0000000786900000|100%| S|CS|TAMS 0x0000000786800000, 0x0000000786800000| Complete 
| 105|0x0000000786900000, 0x0000000786a00000, 0x0000000786a00000|100%| E|CS|TAMS 0x0000000786900000, 0x0000000786900000| Complete 
| 106|0x0000000786a00000, 0x0000000786b00000, 0x0000000786b00000|100%| E|CS|TAMS 0x0000000786a00000, 0x0000000786a00000| Complete 
| 107|0x0000000786b00000, 0x0000000786c00000, 0x0000000786c00000|100%| E|CS|TAMS 0x0000000786b00000, 0x0000000786b00000| Complete 
| 108|0x0000000786c00000, 0x0000000786d00000, 0x0000000786d00000|100%| E|CS|TAMS 0x0000000786c00000, 0x0000000786c00000| Complete 
| 109|0x0000000786d00000, 0x0000000786e00000, 0x0000000786e00000|100%| E|CS|TAMS 0x0000000786d00000, 0x0000000786d00000| Complete 
| 110|0x0000000786e00000, 0x0000000786f00000, 0x0000000786f00000|100%| E|CS|TAMS 0x0000000786e00000, 0x0000000786e00000| Complete 
| 111|0x0000000786f00000, 0x0000000787000000, 0x0000000787000000|100%| E|CS|TAMS 0x0000000786f00000, 0x0000000786f00000| Complete 
| 112|0x0000000787000000, 0x0000000787100000, 0x0000000787100000|100%| E|CS|TAMS 0x0000000787000000, 0x0000000787000000| Complete 
| 113|0x0000000787100000, 0x0000000787200000, 0x0000000787200000|100%| E|CS|TAMS 0x0000000787100000, 0x0000000787100000| Complete 
| 114|0x0000000787200000, 0x0000000787300000, 0x0000000787300000|100%| E|CS|TAMS 0x0000000787200000, 0x0000000787200000| Complete 
| 115|0x0000000787300000, 0x0000000787400000, 0x0000000787400000|100%| E|CS|TAMS 0x0000000787300000, 0x0000000787300000| Complete 
| 116|0x0000000787400000, 0x0000000787500000, 0x0000000787500000|100%| E|CS|TAMS 0x0000000787400000, 0x0000000787400000| Complete 
| 117|0x0000000787500000, 0x0000000787600000, 0x0000000787600000|100%| E|CS|TAMS 0x0000000787500000, 0x0000000787500000| Complete 
| 118|0x0000000787600000, 0x0000000787700000, 0x0000000787700000|100%| E|CS|TAMS 0x0000000787600000, 0x0000000787600000| Complete 
| 119|0x0000000787700000, 0x0000000787800000, 0x0000000787800000|100%| E|CS|TAMS 0x0000000787700000, 0x0000000787700000| Complete 
| 120|0x0000000787800000, 0x0000000787900000, 0x0000000787900000|100%| E|CS|TAMS 0x0000000787800000, 0x0000000787800000| Complete 
| 121|0x0000000787900000, 0x0000000787a00000, 0x0000000787a00000|100%| E|CS|TAMS 0x0000000787900000, 0x0000000787900000| Complete 
| 122|0x0000000787a00000, 0x0000000787b00000, 0x0000000787b00000|100%| E|CS|TAMS 0x0000000787a00000, 0x0000000787a00000| Complete 
| 123|0x0000000787b00000, 0x0000000787c00000, 0x0000000787c00000|100%| E|CS|TAMS 0x0000000787b00000, 0x0000000787b00000| Complete 
| 124|0x0000000787c00000, 0x0000000787d00000, 0x0000000787d00000|100%| E|CS|TAMS 0x0000000787c00000, 0x0000000787c00000| Complete 
| 125|0x0000000787d00000, 0x0000000787e00000, 0x0000000787e00000|100%| E|CS|TAMS 0x0000000787d00000, 0x0000000787d00000| Complete 
| 126|0x0000000787e00000, 0x0000000787f00000, 0x0000000787f00000|100%| E|CS|TAMS 0x0000000787e00000, 0x0000000787e00000| Complete 
| 127|0x0000000787f00000, 0x0000000788000000, 0x0000000788000000|100%| E|CS|TAMS 0x0000000787f00000, 0x0000000787f00000| Complete 
|2046|0x00000007ffe00000, 0x00000007ffe74000, 0x00000007fff00000| 45%|OA|  |TAMS 0x00000007ffe00000, 0x00000007ffe00000| Untracked 
|2047|0x00000007fff00000, 0x00000007fff74000, 0x0000000800000000| 45%|CA|  |TAMS 0x00000007fff00000, 0x00000007fff00000| Untracked 

Card table byte_map: [0x0000000107800000,0x0000000107c00000] _byte_map_base: 0x0000000103c00000

Marking Bits (Prev, Next): (CMBitMap*) 0x000000012c03f810, (CMBitMap*) 0x000000012c03f850
 Prev Bits: [0x000000011ff74000, 0x0000000121f74000)
 Next Bits: [0x0000000121f74000, 0x0000000123f74000)

Polling page: 0x0000000102f68000

Metaspace:

Usage:
  Non-class:     11.42 MB used.
      Class:      1.97 MB used.
       Both:     13.39 MB used.

Virtual space:
  Non-class space:       64.00 MB reserved,      11.56 MB ( 18%) committed,  1 nodes.
      Class space:        1.00 GB reserved,       2.06 MB ( <1%) committed,  1 nodes.
             Both:        1.06 GB reserved,      13.62 MB (  1%) committed. 

Chunk freelists:
   Non-Class:  3.42 MB
       Class:  1.88 MB
        Both:  5.30 MB

MaxMetaspaceSize: unlimited
CompressedClassSpaceSize: 1.00 GB
Initial GC threshold: 21.00 MB
Current GC threshold: 21.00 MB
CDS: on
MetaspaceReclaimPolicy: balanced
 - commit_granule_bytes: 65536.
 - commit_granule_words: 8192.
 - virtual_space_node_default_size: 8388608.
 - enlarge_chunks_in_place: 1.
 - new_chunks_are_fully_committed: 0.
 - uncommit_free_chunks: 1.
 - use_allocation_guard: 0.


Internal statistics:

num_allocs_failed_limit: 0.
num_arena_births: 208.
num_arena_deaths: 0.
num_vsnodes_births: 2.
num_vsnodes_deaths: 0.
num_space_committed: 218.
num_space_uncommitted: 0.
num_chunks_returned_to_freelist: 0.
num_chunks_taken_from_freelist: 630.
num_chunk_merges: 0.
num_chunk_splits: 467.
num_chunks_enlarged: 385.
num_inconsistent_stats: 0.

CodeHeap 'non-profiled nmethods': size=120032Kb used=751Kb max_used=751Kb free=119280Kb
 bounds [0x0000000118a3c000, 0x0000000118cac000, 0x000000011ff74000]
CodeHeap 'profiled nmethods': size=120016Kb used=4291Kb max_used=4291Kb free=115724Kb
 bounds [0x0000000111508000, 0x0000000111948000, 0x0000000118a3c000]
CodeHeap 'non-nmethods': size=5712Kb used=1386Kb max_used=1427Kb free=4326Kb
 bounds [0x0000000110f74000, 0x00000001111e4000, 0x0000000111508000]
 total_blobs=2919 nmethods=2160 adapters=675
 compilation: enabled
              stopped_count=0, restarted_count=0
 full_count=0

Compilation events (20 events):
Event: 12.664 Thread 0x000000012c07e600 2208       3       com.sun.prism.impl.ps.BaseShaderContext::setRenderTarget (278 bytes)
Event: 12.665 Thread 0x000000012c07e600 nmethod 2208 0x000000011192f310 code [0x000000011192f700, 0x0000000111930f18]
Event: 12.674 Thread 0x000000012c07e600 2209       3       com.sun.javafx.geom.transform.Translate2D::inverseTransform (48 bytes)
Event: 12.674 Thread 0x000000012c07e600 nmethod 2209 0x0000000111931590 code [0x0000000111931740, 0x0000000111931a28]
Event: 12.693 Thread 0x000000012c07e600 2210       3       java.util.HashMap::afterNodeRemoval (1 bytes)
Event: 12.693 Thread 0x000000012c07e600 nmethod 2210 0x0000000111931b90 code [0x0000000111931d40, 0x0000000111931e68]
Event: 12.693 Thread 0x000000012c07e000 2211       4       java.lang.ref.Reference::refersToImpl (6 bytes)
Event: 12.693 Thread 0x000000012c07e600 2213       3       com.sun.javafx.util.Utils::HSBtoRGB (257 bytes)
Event: 12.693 Thread 0x000000012c07e000 nmethod 2211 0x0000000118af7490 code [0x0000000118af7600, 0x0000000118af76a0]
Event: 12.694 Thread 0x000000012c07e000 2212       4       com.sun.javafx.css.StyleMap::isEmpty (36 bytes)
Event: 12.694 Thread 0x000000012c07e600 nmethod 2213 0x0000000111931f10 code [0x0000000111932140, 0x0000000111932708]
Event: 12.694 Thread 0x000000012c07e600 2214       3       com.sun.javafx.util.Utils::calculateBrightness (27 bytes)
Event: 12.694 Thread 0x000000012c07e600 nmethod 2214 0x0000000111932990 code [0x0000000111932b80, 0x0000000111932de8]
Event: 12.694 Thread 0x000000012c07e600 2218       3       javafx.css.SizeUnits$9::pixels (2 bytes)
Event: 12.694 Thread 0x000000012c07e600 nmethod 2218 0x0000000111932f90 code [0x0000000111933140, 0x0000000111933268]
Event: 12.694 Thread 0x000000012c07e600 2217       3       javafx.scene.paint.Stop::<init> (20 bytes)
Event: 12.694 Thread 0x000000012c07e600 nmethod 2217 0x0000000111933310 code [0x00000001119334c0, 0x00000001119336a8]
Event: 12.694 Thread 0x000000012c07e600 2215       3       javafx.css.converter.StopConverter::convert (7 bytes)
Event: 12.694 Thread 0x000000012c07e600 nmethod 2215 0x0000000111933790 code [0x0000000111933940, 0x0000000111933ad8]
Event: 12.694 Thread 0x000000012c07e600 2216       3       javafx.css.converter.StopConverter::convert (54 bytes)

GC Heap History (2 events):
Event: 0.273 GC heap before
{Heap before GC invocations=0 (full 0):
 garbage-first heap   total 133120K, used 23456K [0x0000000780000000, 0x0000000800000000)
  region size 1024K, 23 young (23552K), 0 survivors (0K)
 Metaspace       used 6521K, committed 6784K, reserved 1114112K
  class space    used 828K, committed 960K, reserved 1048576K
}
Event: 0.274 GC heap after
{Heap after GC invocations=1 (full 0):
 garbage-first heap   total 133120K, used 4107K [0x0000000780000000, 0x0000000800000000)
  region size 1024K, 3 young (3072K), 3 survivors (3072K)
 Metaspace       used 6521K, committed 6784K, reserved 1114112K
  class space    used 828K, committed 960K, reserved 1048576K
}

Deoptimization events (20 events):
Event: 0.690 Thread 0x000000012a04ac00 DEOPT PACKING pc=0x0000000111823ac8 sp=0x000000016f894ed0
Event: 0.690 Thread 0x000000012a04ac00 DEOPT UNPACKING pc=0x0000000110fb2b7c sp=0x000000016f894b30 mode 0
Event: 9.145 Thread 0x000000012a04ac00 DEOPT PACKING pc=0x00000001118486e0 sp=0x000000016f895450
Event: 9.145 Thread 0x000000012a04ac00 DEOPT UNPACKING pc=0x0000000110fb2b7c sp=0x000000016f895070 mode 0
Event: 11.645 Thread 0x000000012a04ac00 DEOPT PACKING pc=0x0000000111888a8c sp=0x000000016f895330
Event: 11.645 Thread 0x000000012a04ac00 DEOPT UNPACKING pc=0x0000000110fb2b7c sp=0x000000016f894f30 mode 0
Event: 11.645 Thread 0x000000012a04ac00 DEOPT PACKING pc=0x0000000111843be4 sp=0x000000016f895410
Event: 11.645 Thread 0x000000012a04ac00 DEOPT UNPACKING pc=0x0000000110fb2b7c sp=0x000000016f8950b0 mode 0
Event: 12.283 Thread 0x000000012a04ac00 Uncommon trap: trap_request=0xffffff45 fr.pc=0x0000000118aec294 relative=0x0000000000001914
Event: 12.283 Thread 0x000000012a04ac00 Uncommon trap: reason=unstable_if action=reinterpret pc=0x0000000118aec294 method=com.sun.marlin.Renderer._endRendering(IILcom/sun/marlin/MarlinAlphaConsumer;)V @ 207 c2
Event: 12.283 Thread 0x000000012a04ac00 DEOPT PACKING pc=0x0000000118aec294 sp=0x000000016f895400
Event: 12.283 Thread 0x000000012a04ac00 DEOPT UNPACKING pc=0x0000000110fb2d1c sp=0x000000016f895220 mode 2
Event: 12.283 Thread 0x000000012a04ac00 Uncommon trap: trap_request=0xffffff45 fr.pc=0x0000000118adeeac relative=0x00000000000019ac
Event: 12.283 Thread 0x000000012a04ac00 Uncommon trap: reason=unstable_if action=reinterpret pc=0x0000000118adeeac method=com.sun.marlin.Renderer._endRendering(IILcom/sun/marlin/MarlinAlphaConsumer;)V @ 2137 c2
Event: 12.283 Thread 0x000000012a04ac00 DEOPT PACKING pc=0x0000000118adeeac sp=0x000000016f895370
Event: 12.283 Thread 0x000000012a04ac00 DEOPT UNPACKING pc=0x0000000110fb2d1c sp=0x000000016f895220 mode 2
Event: 12.284 Thread 0x000000012a04ac00 Uncommon trap: trap_request=0xffffff45 fr.pc=0x0000000118ae3ed8 relative=0x00000000000015d8
Event: 12.284 Thread 0x000000012a04ac00 Uncommon trap: reason=unstable_if action=reinterpret pc=0x0000000118ae3ed8 method=com.sun.marlin.Renderer._endRendering(IILcom/sun/marlin/MarlinAlphaConsumer;)V @ 2137 c2
Event: 12.284 Thread 0x000000012a04ac00 DEOPT PACKING pc=0x0000000118ae3ed8 sp=0x000000016f895380
Event: 12.284 Thread 0x000000012a04ac00 DEOPT UNPACKING pc=0x0000000110fb2d1c sp=0x000000016f895220 mode 2

Classes loaded (20 events):
Event: 0.653 Loading class java/nio/DirectShortBufferU
Event: 0.653 Loading class java/nio/ShortBuffer
Event: 0.653 Loading class java/nio/ShortBuffer done
Event: 0.653 Loading class java/nio/DirectShortBufferU done
Event: 0.659 Loading class java/util/concurrent/ConcurrentLinkedQueue
Event: 0.659 Loading class java/util/concurrent/ConcurrentLinkedQueue done
Event: 0.659 Loading class java/util/concurrent/ConcurrentLinkedQueue$Node
Event: 0.659 Loading class java/util/concurrent/ConcurrentLinkedQueue$Node done
Event: 0.659 Loading class java/nio/DoubleBuffer
Event: 0.660 Loading class java/nio/DoubleBuffer done
Event: 0.664 Loading class jdk/internal/ref/CleanerImpl$InnocuousThreadFactory
Event: 0.664 Loading class jdk/internal/ref/CleanerImpl$InnocuousThreadFactory done
Event: 0.665 Loading class sun/misc/Unsafe
Event: 0.665 Loading class sun/misc/Unsafe done
Event: 0.666 Loading class java/lang/invoke/DirectMethodHandle$StaticAccessor
Event: 0.666 Loading class java/lang/invoke/DirectMethodHandle$StaticAccessor done
Event: 0.674 Loading class java/nio/DirectFloatBufferU
Event: 0.674 Loading class java/nio/DirectFloatBufferU done
Event: 0.680 Loading class jdk/internal/misc/ScopedMemoryAccess$Scope
Event: 0.680 Loading class jdk/internal/misc/ScopedMemoryAccess$Scope done

Classes unloaded (0 events):
No events

Classes redefined (0 events):
No events

Internal exceptions (20 events):
Event: 0.393 Thread 0x000000012c141200 Exception <a 'java/lang/ClassNotFoundException'{0x00000007878da8d0}: com/sun/javafx/scene/control/skin/resources/controls-nt_en> (0x00000007878da8d0) 
thrown [open/src/hotspot/share/prims/jni.cpp, line 535]
Event: 0.393 Thread 0x000000012c141200 Exception <a 'java/lang/ClassNotFoundException'{0x00000007878db870}: com/sun/javafx/scene/control/skin/resources/controls-nt_en_US> (0x00000007878db870) 
thrown [open/src/hotspot/share/prims/jni.cpp, line 535]
Event: 0.551 Thread 0x000000012c141200 Exception <a 'java/lang/NoSuchMethodError'{0x000000078728f158}: 'java.lang.Object java.lang.invoke.DirectMethodHandle$Holder.invokeInterface(java.lang.Object, java.lang.Object, java.lang.Object)'> (0x000000078728f158) 
thrown [open/src/hotspot/share/interpreter/linkResolver.cpp, line 759]
Event: 0.551 Thread 0x000000012c141200 Exception <a 'java/lang/IncompatibleClassChangeError'{0x0000000787292ef8}: Found class java.lang.Object, but interface was expected> (0x0000000787292ef8) 
thrown [open/src/hotspot/share/interpreter/linkResolver.cpp, line 826]
Event: 0.567 Thread 0x000000012c141200 Exception <a 'java/lang/ClassNotFoundException'{0x00000007870b2ca0}: com/sun/javafx/scene/control/skin/resources/controls> (0x00000007870b2ca0) 
thrown [open/src/hotspot/share/prims/jni.cpp, line 535]
Event: 0.568 Thread 0x000000012c141200 Exception <a 'java/lang/ClassNotFoundException'{0x00000007870c0c40}: com/sun/javafx/scene/control/skin/resources/controls_en> (0x00000007870c0c40) 
thrown [open/src/hotspot/share/prims/jni.cpp, line 535]
Event: 0.568 Thread 0x000000012c141200 Exception <a 'java/lang/ClassNotFoundException'{0x00000007870c1bd8}: com/sun/javafx/scene/control/skin/resources/controls_en_US> (0x00000007870c1bd8) 
thrown [open/src/hotspot/share/prims/jni.cpp, line 535]
Event: 0.579 Thread 0x000000012c141200 Exception <a 'java/lang/NoSuchMethodError'{0x0000000786e80b58}: 'void java.lang.invoke.DirectMethodHandle$Holder.invokeSpecial(java.lang.Object, java.lang.Object, java.lang.Object, java.lang.Object, java.lang.Object, java.lang.Object)'> (0x0000000786e80b58) 
thrown [open/src/hotspot/share/interpreter/linkResolver.cpp, line 759]
Event: 0.604 Thread 0x000000012c141200 Exception <a 'java/lang/NoSuchMethodError'{0x0000000786ac94d0}: 'void java.lang.invoke.DirectMethodHandle$Holder.invokeSpecialIFC(java.lang.Object, java.lang.Object, java.lang.Object, java.lang.Object)'> (0x0000000786ac94d0) 
thrown [open/src/hotspot/share/interpreter/linkResolver.cpp, line 759]
Event: 0.610 Thread 0x000000012c141200 Exception <a 'java/lang/NoSuchMethodError'{0x0000000786946d10}: 'int java.lang.invoke.DirectMethodHandle$Holder.invokeSpecial(java.lang.Object, java.lang.Object, int)'> (0x0000000786946d10) 
thrown [open/src/hotspot/share/interpreter/linkResolver.cpp, line 759]
Event: 0.611 Thread 0x000000012c141200 Exception <a 'java/lang/NoSuchMethodError'{0x000000078694f058}: 'int java.lang.invoke.DirectMethodHandle$Holder.invokeSpecial(java.lang.Object, java.lang.Object, java.lang.Object, int)'> (0x000000078694f058) 
thrown [open/src/hotspot/share/interpreter/linkResolver.cpp, line 759]
Event: 0.611 Thread 0x000000012c141200 Exception <a 'java/lang/NoSuchMethodError'{0x0000000786961828}: 'java.lang.Object java.lang.invoke.DirectMethodHandle$Holder.invokeStatic(java.lang.Object, java.lang.Object, java.lang.Object, java.lang.Object, int)'> (0x0000000786961828) 
thrown [open/src/hotspot/share/interpreter/linkResolver.cpp, line 759]
Event: 0.611 Thread 0x000000012c141200 Exception <a 'java/lang/NoSuchMethodError'{0x000000078696a2b0}: 'int java.lang.invoke.DirectMethodHandle$Holder.invokeSpecial(java.lang.Object, java.lang.Object, java.lang.Object)'> (0x000000078696a2b0) 
thrown [open/src/hotspot/share/interpreter/linkResolver.cpp, line 759]
Event: 0.619 Thread 0x000000012c141200 Exception <a 'java/lang/NoSuchMethodError'{0x00000007869ae208}: 'java.lang.Object java.lang.invoke.DirectMethodHandle$Holder.newInvokeSpecial(java.lang.Object, java.lang.Object, int)'> (0x00000007869ae208) 
thrown [open/src/hotspot/share/interpreter/linkResolver.cpp, line 759]
Event: 0.648 Thread 0x000000012a04ac00 Exception <a 'java/lang/NoSuchMethodError'{0x00000007865aed40}: 'int java.lang.invoke.DirectMethodHandle$Holder.invokeStaticInit(java.lang.Object, java.lang.Object)'> (0x00000007865aed40) 
thrown [open/src/hotspot/share/interpreter/linkResolver.cpp, line 759]
Event: 0.650 Thread 0x000000012a04ac00 Exception <a 'java/lang/NoSuchMethodError'{0x000000078642fc30}: 'java.lang.Object java.lang.invoke.Invokers$Holder.invokeExact_MT(java.lang.Object, java.lang.Object, java.lang.Object, java.lang.Object, java.lang.Object)'> (0x000000078642fc30) 
thrown [open/src/hotspot/share/interpreter/linkResolver.cpp, line 759]
Event: 0.659 Thread 0x000000012c141200 Exception <a 'java/lang/NoSuchMethodError'{0x00000007865d2cf0}: 'long java.lang.invoke.DirectMethodHandle$Holder.invokeStatic(java.lang.Object, java.lang.Object, java.lang.Object)'> (0x00000007865d2cf0) 
thrown [open/src/hotspot/share/interpreter/linkResolver.cpp, line 759]
Event: 0.659 Thread 0x000000012c141200 Exception <a 'java/lang/NoSuchMethodError'{0x00000007865d6490}: 'long java.lang.invoke.DirectMethodHandle$Holder.invokeStaticInit(java.lang.Object, java.lang.Object, java.lang.Object)'> (0x00000007865d6490) 
thrown [open/src/hotspot/share/interpreter/linkResolver.cpp, line 759]
Event: 0.660 Thread 0x000000012c141200 Exception <a 'java/lang/NoSuchMethodError'{0x00000007865eebd0}: 'java.lang.Object java.lang.invoke.DirectMethodHandle$Holder.newInvokeSpecial(java.lang.Object, java.lang.Object, long)'> (0x00000007865eebd0) 
thrown [open/src/hotspot/share/interpreter/linkResolver.cpp, line 759]
Event: 0.660 Thread 0x000000012c141200 Exception <a 'java/lang/NoSuchMethodError'{0x00000007865f24a0}: 'java.lang.Object java.lang.invoke.Invokers$Holder.linkToTargetMethod(java.lang.Object, long, java.lang.Object)'> (0x00000007865f24a0) 
thrown [open/src/hotspot/share/interpreter/linkResolver.cpp, line 759]

VM Operations (20 events):
Event: 2.651 Executing VM operation: Cleanup
Event: 2.652 Executing VM operation: Cleanup done
Event: 3.657 Executing VM operation: Cleanup
Event: 3.657 Executing VM operation: Cleanup done
Event: 4.662 Executing VM operation: Cleanup
Event: 4.662 Executing VM operation: Cleanup done
Event: 5.666 Executing VM operation: Cleanup
Event: 5.666 Executing VM operation: Cleanup done
Event: 6.668 Executing VM operation: Cleanup
Event: 6.668 Executing VM operation: Cleanup done
Event: 7.670 Executing VM operation: Cleanup
Event: 7.670 Executing VM operation: Cleanup done
Event: 8.675 Executing VM operation: Cleanup
Event: 8.675 Executing VM operation: Cleanup done
Event: 9.680 Executing VM operation: Cleanup
Event: 9.680 Executing VM operation: Cleanup done
Event: 10.685 Executing VM operation: Cleanup
Event: 10.686 Executing VM operation: Cleanup done
Event: 11.691 Executing VM operation: Cleanup
Event: 11.691 Executing VM operation: Cleanup done

Events (20 events):
Event: 0.140 Loaded shared library /Users/nicolegumula/.openjfx/cache/17/libglass.dylib
Event: 0.141 Thread 0x000000012c13e400 Thread added: 0x000000012c13e400
Event: 0.141 Protecting memory [0x000000016f8a0000,0x000000016f8ac000] with protection modes 0
Event: 0.142 Protecting memory [0x000000016c81c000,0x000000016c828000] with protection modes 0
Event: 0.142 Thread 0x000000012c141200 Thread added: 0x000000012c141200
Event: 0.168 Thread 0x000000012a048800 Thread added: 0x000000012a048800
Event: 0.168 Protecting memory [0x000000016faac000,0x000000016fab8000] with protection modes 0
Event: 0.198 Protecting memory [0x000000016faac000,0x000000016fab8000] with protection modes 3
Event: 0.198 Thread 0x000000012a048800 Thread exited: 0x000000012a048800
Event: 0.225 Thread 0x000000012a19bc00 Thread added: 0x000000012a19bc00
Event: 0.225 Protecting memory [0x000000016fdd0000,0x000000016fddc000] with protection modes 0
Event: 0.226 Protecting memory [0x000000016faac000,0x000000016fab8000] with protection modes 0
Event: 0.226 Thread 0x000000012d0f8000 Thread added: 0x000000012d0f8000
Event: 0.259 Loading shared library /Users/nicolegumula/.m2/repository/org/openjfx/javafx-graphics/17/libjavafx_font.dylib failed, dlopen(/Users/nicolegumula/.m2/repository/org/openjfx/javafx-graphics/17/libjavafx_font.dylib, 0x0001): tried: '/Users/nicolegumula/.m2/r
Event: 0.260 Loaded shared library /Users/nicolegumula/.openjfx/cache/17/libjavafx_font.dylib
Event: 0.380 Loaded shared library /Library/Java/JavaVirtualMachines/jdk-18.0.2.1.jdk/Contents/Home/lib/libjimage.dylib
Event: 0.549 Thread 0x000000012c1e7a00 Thread added: 0x000000012c1e7a00
Event: 0.549 Protecting memory [0x0000000178c04000,0x0000000178c10000] with protection modes 0
Event: 0.664 Thread 0x000000012c301c00 Thread added: 0x000000012c301c00
Event: 0.664 Protecting memory [0x000000017a514000,0x000000017a520000] with protection modes 0


Dynamic libraries:
0x0000000102f1c000 	/Library/Java/JavaVirtualMachines/jdk-18.0.2.1.jdk/Contents/Home/lib/libjli.dylib
0x000000019b266000 	/usr/lib/libz.1.dylib
0x000000019b31d000 	/usr/lib/libSystem.B.dylib
0x000000019b317000 	/usr/lib/system/libcache.dylib
0x000000019b2d5000 	/usr/lib/system/libcommonCrypto.dylib
0x000000019b2fe000 	/usr/lib/system/libcompiler_rt.dylib
0x000000019b2f5000 	/usr/lib/system/libcopyfile.dylib
0x000000019053f000 	/usr/lib/system/libcorecrypto.dylib
0x00000001905f4000 	/usr/lib/system/libdispatch.dylib
0x00000001907c2000 	/usr/lib/system/libdyld.dylib
0x000000019b30d000 	/usr/lib/system/libkeymgr.dylib
0x000000019b2b0000 	/usr/lib/system/libmacho.dylib
0x000000019a9a0000 	/usr/lib/system/libquarantine.dylib
0x000000019b30a000 	/usr/lib/system/libremovefile.dylib
0x0000000195939000 	/usr/lib/system/libsystem_asl.dylib
0x00000001904e1000 	/usr/lib/system/libsystem_blocks.dylib
0x000000019067c000 	/usr/lib/system/libsystem_c.dylib
0x000000019b302000 	/usr/lib/system/libsystem_collections.dylib
0x0000000199e35000 	/usr/lib/system/libsystem_configuration.dylib
0x000000019908f000 	/usr/lib/system/libsystem_containermanager.dylib
0x000000019b00d000 	/usr/lib/system/libsystem_coreservices.dylib
0x0000000192ef3000 	/usr/lib/system/libsystem_darwin.dylib
0x000000019b30e000 	/usr/lib/system/libsystem_dnssd.dylib
0x0000000190679000 	/usr/lib/system/libsystem_featureflags.dylib
0x00000001907d7000 	/usr/lib/system/libsystem_info.dylib
0x000000019b278000 	/usr/lib/system/libsystem_m.dylib
0x00000001905c9000 	/usr/lib/system/libsystem_malloc.dylib
0x00000001958c7000 	/usr/lib/system/libsystem_networkextension.dylib
0x000000019334c000 	/usr/lib/system/libsystem_notify.dylib
0x00000001a1670000 	/usr/lib/system/libsystem_product_info_filter.dylib
0x0000000199e3a000 	/usr/lib/system/libsystem_sandbox.dylib
0x000000019b307000 	/usr/lib/system/libsystem_secinit.dylib
0x000000019077d000 	/usr/lib/system/libsystem_kernel.dylib
0x00000001907cf000 	/usr/lib/system/libsystem_platform.dylib
0x00000001907b5000 	/usr/lib/system/libsystem_pthread.dylib
0x0000000197099000 	/usr/lib/system/libsystem_symptoms.dylib
0x0000000190525000 	/usr/lib/system/libsystem_trace.dylib
0x000000019b2e2000 	/usr/lib/system/libunwind.dylib
0x00000001904e3000 	/usr/lib/system/libxpc.dylib
0x0000000190765000 	/usr/lib/libc++abi.dylib
0x000000019063b000 	/usr/lib/libobjc.A.dylib
0x000000019b2ed000 	/usr/lib/liboah.dylib
0x00000001906fe000 	/usr/lib/libc++.1.dylib
0x00000001a7198000 	/System/Library/Frameworks/Cocoa.framework/Versions/A/Cocoa
0x00000001933ad000 	/System/Library/Frameworks/AppKit.framework/Versions/C/AppKit
0x00000001968c0000 	/System/Library/Frameworks/CoreData.framework/Versions/A/CoreData
0x0000000191708000 	/System/Library/Frameworks/Foundation.framework/Versions/C/Foundation
0x0000000194265000 	/System/Library/PrivateFrameworks/UIFoundation.framework/Versions/A/UIFoundation
0x00000001a136a000 	/System/Library/PrivateFrameworks/RemoteViewServices.framework/Versions/A/RemoteViewServices
0x00000001997dd000 	/System/Library/PrivateFrameworks/XCTTargetBootstrap.framework/Versions/A/XCTTargetBootstrap
0x000000019d05d000 	/System/Library/PrivateFrameworks/InternationalSupport.framework/Versions/A/InternationalSupport
0x000000019d0e6000 	/System/Library/PrivateFrameworks/UserActivity.framework/Versions/A/UserActivity
0x000000019c554000 	/usr/lib/libspindump.dylib
0x00000001944d6000 	/System/Library/Frameworks/UniformTypeIdentifiers.framework/Versions/A/UniformTypeIdentifiers
0x0000000197d25000 	/usr/lib/libapp_launch_measurement.dylib
0x000000019724b000 	/System/Library/PrivateFrameworks/CoreAnalytics.framework/Versions/A/CoreAnalytics
0x0000000197d28000 	/System/Library/PrivateFrameworks/CoreAutoLayout.framework/Versions/A/CoreAutoLayout
0x00000001990cc000 	/System/Library/Frameworks/Metal.framework/Versions/A/Metal
0x0000000199e45000 	/usr/lib/liblangid.dylib
0x00000001997e2000 	/System/Library/PrivateFrameworks/CoreSVG.framework/Versions/A/CoreSVG
0x000000019596d000 	/System/Library/PrivateFrameworks/SkyLight.framework/Versions/A/SkyLight
0x0000000195d46000 	/System/Library/Frameworks/CoreGraphics.framework/Versions/A/CoreGraphics
0x00000001a1a36000 	/System/Library/Frameworks/Accelerate.framework/Versions/A/Accelerate
0x000000019bfcb000 	/System/Library/PrivateFrameworks/IconServices.framework/Versions/A/IconServices
0x00000001990ae000 	/System/Library/Frameworks/IOSurface.framework/Versions/A/IOSurface
0x000000019727c000 	/usr/lib/libDiagnosticMessagesClient.dylib
0x00000001a4f39000 	/System/Library/Frameworks/ApplicationServices.framework/Versions/A/ApplicationServices
0x00000001997c5000 	/System/Library/PrivateFrameworks/DFRFoundation.framework/Versions/A/DFRFoundation
0x0000000192c3d000 	/usr/lib/libicucore.A.dylib
0x000000019df0a000 	/System/Library/Frameworks/AudioToolbox.framework/Versions/A/AudioToolbox
0x000000019d069000 	/System/Library/PrivateFrameworks/DataDetectorsCore.framework/Versions/A/DataDetectorsCore
0x00000001b3a70000 	/System/Library/PrivateFrameworks/TextInput.framework/Versions/A/TextInput
0x00000001958e2000 	/usr/lib/libMobileGestalt.dylib
0x0000000199491000 	/System/Library/Frameworks/Carbon.framework/Versions/A/Frameworks/HIToolbox.framework/Versions/A/HIToolbox
0x00000001976fc000 	/System/Library/Frameworks/QuartzCore.framework/Versions/A/QuartzCore
0x00000001928be000 	/System/Library/Frameworks/Security.framework/Versions/A/Security
0x00000001a13aa000 	/System/Library/Frameworks/Carbon.framework/Versions/A/Frameworks/SpeechRecognition.framework/Versions/A/SpeechRecognition
0x0000000197a7a000 	/System/Library/PrivateFrameworks/CoreUI.framework/Versions/A/CoreUI
0x000000019219a000 	/System/Library/Frameworks/CoreAudio.framework/Versions/A/CoreAudio
0x0000000197370000 	/System/Library/Frameworks/DiskArbitration.framework/Versions/A/DiskArbitration
0x000000019c95e000 	/System/Library/PrivateFrameworks/MultitouchSupport.framework/Versions/A/MultitouchSupport
0x00000001958e0000 	/usr/lib/libenergytrace.dylib
0x0000000193275000 	/System/Library/Frameworks/IOKit.framework/Versions/A/IOKit
0x00000001a1799000 	/System/Library/Frameworks/CoreServices.framework/Versions/A/CoreServices
0x0000000197cb5000 	/System/Library/PrivateFrameworks/PerformanceAnalysis.framework/Versions/A/PerformanceAnalysis
0x00000001f1eb3000 	/System/Library/Frameworks/OpenGL.framework/Versions/A/OpenGL
0x000000019a8b8000 	/System/Library/PrivateFrameworks/MobileKeyBag.framework/Versions/A/MobileKeyBag
0x0000000196354000 	/System/Library/Frameworks/ColorSync.framework/Versions/A/ColorSync
0x0000000190804000 	/System/Library/Frameworks/CoreFoundation.framework/Versions/A/CoreFoundation
0x0000000199a61000 	/System/Library/Frameworks/CoreImage.framework/Versions/A/CoreImage
0x0000000191fbe000 	/System/Library/Frameworks/CoreText.framework/Versions/A/CoreText
0x0000000199812000 	/System/Library/Frameworks/ImageIO.framework/Versions/A/ImageIO
0x000000019b323000 	/System/Library/PrivateFrameworks/SoftLinking.framework/Versions/A/SoftLinking
0x0000000197d73000 	/usr/lib/libxml2.2.dylib
0x000000019b5bc000 	/usr/lib/libcompression.dylib
0x000000019cfb9000 	/System/Library/PrivateFrameworks/TextureIO.framework/Versions/A/TextureIO
0x000000019bce4000 	/usr/lib/libate.dylib
0x000000019bba9000 	/usr/lib/liblzma.5.dylib
0x00000001913fb000 	/System/Library/Frameworks/SystemConfiguration.framework/Versions/A/SystemConfiguration
0x000000019b31f000 	/usr/lib/libfakelink.dylib
0x0000000195412000 	/System/Library/Frameworks/CFNetwork.framework/Versions/A/CFNetwork
0x000000019b465000 	/usr/lib/libarchive.2.dylib
0x0000000199e41000 	/System/Library/PrivateFrameworks/AppleSystemInfo.framework/Versions/A/AppleSystemInfo
0x000000019a9cb000 	/usr/lib/libbsm.0.dylib
0x000000019497f000 	/usr/lib/libnetwork.dylib
0x000000019b2b9000 	/usr/lib/system/libkxld.dylib
0x000000019a5e5000 	/System/Library/PrivateFrameworks/IOMobileFramebuffer.framework/Versions/A/IOMobileFramebuffer
0x00000002101e1000 	/usr/lib/libCoreEntitlements.dylib
0x000000019afef000 	/System/Library/PrivateFrameworks/AppleFSCompression.framework/Versions/A/AppleFSCompression
0x000000019a9b3000 	/usr/lib/libcoretls.dylib
0x000000019bbc2000 	/usr/lib/libcoretls_cfhelpers.dylib
0x000000019b5b7000 	/usr/lib/libpam.2.dylib
0x0000000196cb0000 	/usr/lib/libsqlite3.dylib
0x000000019bc2b000 	/usr/lib/libxar.1.dylib
0x000000019b000000 	/usr/lib/libbz2.1.0.dylib
0x000000019b324000 	/usr/lib/libpcap.A.dylib
0x0000000197090000 	/usr/lib/libdns_services.dylib
0x000000019b58a000 	/usr/lib/libapple_nghttp2.dylib
0x000000019b361000 	/usr/lib/libiconv.2.dylib
0x000000019b2af000 	/usr/lib/libcharset.1.dylib
0x0000000197cf1000 	/System/Library/Frameworks/CoreServices.framework/Versions/A/Frameworks/FSEvents.framework/Versions/A/FSEvents
0x0000000192efe000 	/System/Library/Frameworks/CoreServices.framework/Versions/A/Frameworks/CarbonCore.framework/Versions/A/CarbonCore
0x00000001972d0000 	/System/Library/Frameworks/CoreServices.framework/Versions/A/Frameworks/Metadata.framework/Versions/A/Metadata
0x000000019b013000 	/System/Library/Frameworks/CoreServices.framework/Versions/A/Frameworks/OSServices.framework/Versions/A/OSServices
0x000000019b4eb000 	/System/Library/Frameworks/CoreServices.framework/Versions/A/Frameworks/SearchKit.framework/Versions/A/SearchKit
0x000000019701f000 	/System/Library/Frameworks/CoreServices.framework/Versions/A/Frameworks/AE.framework/Versions/A/AE
0x0000000190d4b000 	/System/Library/Frameworks/CoreServices.framework/Versions/A/Frameworks/LaunchServices.framework/Versions/A/LaunchServices
0x000000019bb52000 	/System/Library/Frameworks/CoreServices.framework/Versions/A/Frameworks/DictionaryServices.framework/Versions/A/DictionaryServices
0x0000000197cfe000 	/System/Library/Frameworks/CoreServices.framework/Versions/A/Frameworks/SharedFileList.framework/Versions/A/SharedFileList
0x000000019a9a3000 	/usr/lib/libCheckFix.dylib
0x0000000195951000 	/System/Library/PrivateFrameworks/TCC.framework/Versions/A/TCC
0x0000000199e47000 	/System/Library/PrivateFrameworks/CoreNLP.framework/Versions/A/CoreNLP
0x000000019727f000 	/System/Library/PrivateFrameworks/MetadataUtilities.framework/Versions/A/MetadataUtilities
0x00000001914b5000 	/usr/lib/libmecabra.dylib
0x000000019a9dc000 	/usr/lib/libmecab.dylib
0x0000000191481000 	/usr/lib/libCRFSuite.dylib
0x000000019aa39000 	/usr/lib/libgermantok.dylib
0x000000019b563000 	/usr/lib/libThaiTokenizer.dylib
0x0000000197378000 	/System/Library/Frameworks/Accelerate.framework/Versions/A/Frameworks/vImage.framework/Versions/A/vImage
0x00000001a1770000 	/System/Library/Frameworks/Accelerate.framework/Versions/A/Frameworks/vecLib.framework/Versions/A/vecLib
0x000000019bc70000 	/System/Library/Frameworks/Accelerate.framework/Versions/A/Frameworks/vecLib.framework/Versions/A/libvMisc.dylib
0x000000019a4ec000 	/System/Library/Frameworks/Accelerate.framework/Versions/A/Frameworks/vecLib.framework/Versions/A/libvDSP.dylib
0x00000001910d6000 	/System/Library/Frameworks/Accelerate.framework/Versions/A/Frameworks/vecLib.framework/Versions/A/libBLAS.dylib
0x000000019b68d000 	/System/Library/Frameworks/Accelerate.framework/Versions/A/Frameworks/vecLib.framework/Versions/A/libLAPACK.dylib
0x000000019aa3c000 	/System/Library/Frameworks/Accelerate.framework/Versions/A/Frameworks/vecLib.framework/Versions/A/libLinearAlgebra.dylib
0x000000019b5a2000 	/System/Library/Frameworks/Accelerate.framework/Versions/A/Frameworks/vecLib.framework/Versions/A/libSparseBLAS.dylib
0x000000019b688000 	/System/Library/Frameworks/Accelerate.framework/Versions/A/Frameworks/vecLib.framework/Versions/A/libQuadrature.dylib
0x0000000199f40000 	/System/Library/Frameworks/Accelerate.framework/Versions/A/Frameworks/vecLib.framework/Versions/A/libBNNS.dylib
0x0000000191394000 	/System/Library/Frameworks/Accelerate.framework/Versions/A/Frameworks/vecLib.framework/Versions/A/libSparse.dylib
0x0000000199f38000 	/System/Library/PrivateFrameworks/LinguisticData.framework/Versions/A/LinguisticData
0x000000019134c000 	/System/Library/PrivateFrameworks/Lexicon.framework/Versions/A/Lexicon
0x000000019bc68000 	/usr/lib/libChineseTokenizer.dylib
0x0000000191afa000 	/System/Library/PrivateFrameworks/LanguageModeling.framework/Versions/A/LanguageModeling
0x000000019b565000 	/System/Library/PrivateFrameworks/AppleSauce.framework/Versions/A/AppleSauce
0x000000019a5d2000 	/System/Library/PrivateFrameworks/CoreEmoji.framework/Versions/A/CoreEmoji
0x000000019b453000 	/usr/lib/libcmph.dylib
0x0000000197cd1000 	/System/Library/Frameworks/OpenDirectory.framework/Versions/A/Frameworks/CFOpenDirectory.framework/Versions/A/CFOpenDirectory
0x0000000197cc1000 	/System/Library/Frameworks/OpenDirectory.framework/Versions/A/OpenDirectory
0x000000019bbc4000 	/System/Library/PrivateFrameworks/APFS.framework/Versions/A/APFS
0x000000019a8f3000 	/System/Library/Frameworks/SecurityFoundation.framework/Versions/A/SecurityFoundation
0x000000019bc3a000 	/usr/lib/libutil.dylib
0x0000000193237000 	/System/Library/PrivateFrameworks/CoreServicesStore.framework/Versions/A/CoreServicesStore
0x000000019bc3e000 	/usr/lib/libxslt.1.dylib
0x000000019a987000 	/System/Library/PrivateFrameworks/BackgroundTaskManagement.framework/Versions/A/BackgroundTaskManagement
0x000000019ceda000 	/System/Library/Frameworks/ImageIO.framework/Versions/A/Resources/libRadiance.dylib
0x000000019cee3000 	/System/Library/Frameworks/ImageIO.framework/Versions/A/Resources/libJPEG.dylib
0x000000019ce36000 	/System/Library/Frameworks/ImageIO.framework/Versions/A/Resources/libPng.dylib
0x000000019ce58000 	/System/Library/Frameworks/ImageIO.framework/Versions/A/Resources/libTIFF.dylib
0x000000019cf3e000 	/System/Library/Frameworks/ImageIO.framework/Versions/A/Resources/libGIF.dylib
0x000000019c86e000 	/System/Library/Frameworks/ImageIO.framework/Versions/A/Resources/libJP2.dylib
0x000000019bf90000 	/usr/lib/libexpat.1.dylib
0x000000019c829000 	/System/Library/PrivateFrameworks/AppleJPEG.framework/Versions/A/AppleJPEG
0x000000019934d000 	/System/Library/PrivateFrameworks/FontServices.framework/libFontParser.dylib
0x0000000196fc4000 	/System/Library/PrivateFrameworks/RunningBoardServices.framework/Versions/A/RunningBoardServices
0x00000001a786e000 	/System/Library/PrivateFrameworks/IOSurfaceAccelerator.framework/Versions/A/IOSurfaceAccelerator
0x000000019c95a000 	/System/Library/PrivateFrameworks/WatchdogClient.framework/Versions/A/WatchdogClient
0x0000000191bfa000 	/System/Library/Frameworks/CoreDisplay.framework/Versions/A/CoreDisplay
0x0000000199237000 	/System/Library/Frameworks/CoreMedia.framework/Versions/A/CoreMedia
0x00000001990c2000 	/System/Library/PrivateFrameworks/IOAccelerator.framework/Versions/A/IOAccelerator
0x0000000197e61000 	/System/Library/Frameworks/CoreVideo.framework/Versions/A/CoreVideo
0x000000019b5b5000 	/System/Library/Frameworks/MetalPerformanceShaders.framework/Versions/A/MetalPerformanceShaders
0x000000019c999000 	/System/Library/Frameworks/VideoToolbox.framework/Versions/A/VideoToolbox
0x0000000196f08000 	/System/Library/PrivateFrameworks/BaseBoard.framework/Versions/A/BaseBoard
0x0000000196c96000 	/System/Library/PrivateFrameworks/ProtocolBuffer.framework/Versions/A/ProtocolBuffer
0x000000019ced5000 	/System/Library/PrivateFrameworks/GPUWrangler.framework/Versions/A/GPUWrangler
0x000000019ceb5000 	/System/Library/PrivateFrameworks/IOPresentment.framework/Versions/A/IOPresentment
0x000000019cedd000 	/System/Library/PrivateFrameworks/DSExternalDisplay.framework/Versions/A/DSExternalDisplay
0x00000001f1ea6000 	/System/Library/Frameworks/OpenGL.framework/Versions/A/Libraries/libCoreFSCache.dylib
0x00000001fccd0000 	/System/Library/PrivateFrameworks/GPUCompiler.framework/Versions/31001/Libraries/libGPUCompilerUtils.dylib
0x000000019cf43000 	/System/Library/PrivateFrameworks/CMCaptureCore.framework/Versions/A/CMCaptureCore
0x000000019c541000 	/System/Library/PrivateFrameworks/AppServerSupport.framework/Versions/A/AppServerSupport
0x000000019e7c7000 	/System/Library/PrivateFrameworks/perfdata.framework/Versions/A/perfdata
0x0000000191d1a000 	/System/Library/PrivateFrameworks/AudioToolboxCore.framework/Versions/A/AudioToolboxCore
0x0000000199210000 	/System/Library/PrivateFrameworks/caulk.framework/Versions/A/caulk
0x000000019e0bc000 	/usr/lib/libAudioStatistics.dylib
0x00000001b00c5000 	/System/Library/PrivateFrameworks/SystemPolicy.framework/Versions/A/SystemPolicy
0x000000019e328000 	/usr/lib/libSMC.dylib
0x00000001a7076000 	/System/Library/Frameworks/CoreMIDI.framework/Versions/A/CoreMIDI
0x000000019ce04000 	/usr/lib/libAudioToolboxUtility.dylib
0x00000001ac235000 	/System/Library/PrivateFrameworks/OSAServicesClient.framework/Versions/A/OSAServicesClient
0x000000019e7d4000 	/usr/lib/libperfcheck.dylib
0x00000001b0be4000 	/usr/lib/libmis.dylib
0x00000001f1f08000 	/System/Library/Frameworks/OpenGL.framework/Versions/A/Libraries/libGLU.dylib
0x00000001f1ec7000 	/System/Library/Frameworks/OpenGL.framework/Versions/A/Libraries/libGFXShared.dylib
0x00000001f20b4000 	/System/Library/Frameworks/OpenGL.framework/Versions/A/Libraries/libGL.dylib
0x00000001f1ed0000 	/System/Library/Frameworks/OpenGL.framework/Versions/A/Libraries/libGLImage.dylib
0x00000001f1ec4000 	/System/Library/Frameworks/OpenGL.framework/Versions/A/Libraries/libCVMSPluginSupport.dylib
0x00000001f1ead000 	/System/Library/Frameworks/OpenGL.framework/Versions/A/Libraries/libCoreVMClient.dylib
0x0000000199dc1000 	/System/Library/Frameworks/MetalPerformanceShaders.framework/Versions/A/Frameworks/MPSCore.framework/Versions/A/MPSCore
0x000000019af62000 	/System/Library/Frameworks/MetalPerformanceShaders.framework/Versions/A/Frameworks/MPSImage.framework/Versions/A/MPSImage
0x000000019aa51000 	/System/Library/Frameworks/MetalPerformanceShaders.framework/Versions/A/Frameworks/MPSNeuralNetwork.framework/Versions/A/MPSNeuralNetwork
0x000000019ae8a000 	/System/Library/Frameworks/MetalPerformanceShaders.framework/Versions/A/Frameworks/MPSMatrix.framework/Versions/A/MPSMatrix
0x000000019ac63000 	/System/Library/Frameworks/MetalPerformanceShaders.framework/Versions/A/Frameworks/MPSRayIntersector.framework/Versions/A/MPSRayIntersector
0x000000019aebb000 	/System/Library/Frameworks/MetalPerformanceShaders.framework/Versions/A/Frameworks/MPSNDArray.framework/Versions/A/MPSNDArray
0x00000001f4933000 	/System/Library/Frameworks/MetalPerformanceShaders.framework/Versions/A/Frameworks/MPSFunctions.framework/Versions/A/MPSFunctions
0x0000000190fac000 	/System/Library/PrivateFrameworks/MetalTools.framework/Versions/A/MetalTools
0x0000000199e3f000 	/System/Library/PrivateFrameworks/AggregateDictionary.framework/Versions/A/AggregateDictionary
0x000000019bd75000 	/usr/lib/libIOReport.dylib
0x00000001a6093000 	/System/Library/PrivateFrameworks/ASEProcessing.framework/Versions/A/ASEProcessing
0x000000019c0ea000 	/System/Library/PrivateFrameworks/FaceCore.framework/Versions/A/FaceCore
0x000000019c0dc000 	/System/Library/PrivateFrameworks/GraphVisualizer.framework/Versions/A/GraphVisualizer
0x00000001fcbe7000 	/System/Library/PrivateFrameworks/FontServices.framework/Versions/A/FontServices
0x000000019c4fd000 	/System/Library/PrivateFrameworks/OTSVG.framework/Versions/A/OTSVG
0x0000000197a2a000 	/System/Library/Frameworks/ApplicationServices.framework/Versions/A/Frameworks/ATS.framework/Versions/A/Resources/libFontRegistry.dylib
0x000000019c54a000 	/System/Library/PrivateFrameworks/FontServices.framework/libhvf.dylib
0x00000001fcbe8000 	/System/Library/PrivateFrameworks/FontServices.framework/libXTFontStaticRegistryData.dylib
0x00000001f2255000 	/System/Library/Frameworks/OpenCL.framework/Versions/A/OpenCL
0x000000019bf44000 	/System/Library/PrivateFrameworks/AppleVA.framework/Versions/A/AppleVA
0x000000019e0e4000 	/System/Library/Frameworks/ApplicationServices.framework/Versions/A/Frameworks/ATS.framework/Versions/A/ATS
0x0000000196453000 	/System/Library/Frameworks/ApplicationServices.framework/Versions/A/Frameworks/HIServices.framework/Versions/A/HIServices
0x000000019cf4d000 	/System/Library/Frameworks/ApplicationServices.framework/Versions/A/Frameworks/PrintCore.framework/Versions/A/PrintCore
0x000000019e47b000 	/System/Library/Frameworks/ApplicationServices.framework/Versions/A/Frameworks/QD.framework/Versions/A/QD
0x000000019e473000 	/System/Library/Frameworks/ApplicationServices.framework/Versions/A/Frameworks/ColorSyncLegacy.framework/Versions/A/ColorSyncLegacy
0x000000019e0d0000 	/System/Library/Frameworks/ApplicationServices.framework/Versions/A/Frameworks/SpeechSynthesis.framework/Versions/A/SpeechSynthesis
0x000000019cf0e000 	/System/Library/Frameworks/ApplicationServices.framework/Versions/A/Frameworks/ATSUI.framework/Versions/A/ATSUI
0x000000019e408000 	/usr/lib/libcups.2.dylib
0x000000019e7e2000 	/System/Library/Frameworks/Kerberos.framework/Versions/A/Kerberos
0x000000019e7f3000 	/System/Library/Frameworks/GSS.framework/Versions/A/GSS
0x000000019e154000 	/usr/lib/libresolv.9.dylib
0x000000019c559000 	/System/Library/PrivateFrameworks/Heimdal.framework/Versions/A/Heimdal
0x00000001a52c9000 	/System/Library/Frameworks/Kerberos.framework/Versions/A/Libraries/libHeimdalProxy.dylib
0x00000001970a2000 	/System/Library/Frameworks/Network.framework/Versions/A/Network
0x000000019bfab000 	/usr/lib/libheimdal-asn1.dylib
0x000000019e843000 	/System/Library/PrivateFrameworks/CommonAuth.framework/Versions/A/CommonAuth
0x000000019e04a000 	/System/Library/PrivateFrameworks/AudioSession.framework/Versions/A/AudioSession
0x000000019c03d000 	/System/Library/PrivateFrameworks/MediaExperience.framework/Versions/A/MediaExperience
0x000000019ded0000 	/System/Library/PrivateFrameworks/AudioSession.framework/libSessionUtility.dylib
0x000000019e487000 	/System/Library/PrivateFrameworks/AudioResourceArbitration.framework/Versions/A/AudioResourceArbitration
0x00000001a264d000 	/System/Library/PrivateFrameworks/PowerLog.framework/Versions/A/PowerLog
0x000000019bfb5000 	/System/Library/PrivateFrameworks/IconFoundation.framework/Versions/A/IconFoundation
0x00000001a1396000 	/System/Library/PrivateFrameworks/SpeechRecognitionCore.framework/Versions/A/SpeechRecognitionCore
0x0000000108754000 	/Library/Java/JavaVirtualMachines/jdk-18.0.2.1.jdk/Contents/Home/lib/server/libjvm.dylib
0x0000000102f7c000 	/Library/Java/JavaVirtualMachines/jdk-18.0.2.1.jdk/Contents/Home/lib/libjimage.dylib
0x0000000103004000 	/Library/Java/JavaVirtualMachines/jdk-18.0.2.1.jdk/Contents/Home/lib/libjava.dylib
0x0000000103144000 	/Library/Java/JavaVirtualMachines/jdk-18.0.2.1.jdk/Contents/Home/lib/libnio.dylib
0x0000000103780000 	/Library/Java/JavaVirtualMachines/jdk-18.0.2.1.jdk/Contents/Home/lib/libnet.dylib
0x0000000103124000 	/Library/Java/JavaVirtualMachines/jdk-18.0.2.1.jdk/Contents/Home/lib/libzip.dylib
0x00000001037a0000 	/Users/nicolegumula/.openjfx/cache/17/libprism_es2.dylib
0x00000001931fa000 	/System/Library/PrivateFrameworks/CoreServicesInternal.framework/Versions/A/CoreServicesInternal
0x00000001f20be000 	/System/Library/Frameworks/OpenGL.framework/Versions/A/Resources/GLEngine.bundle/GLEngine
0x00000001f1f46000 	/System/Library/Frameworks/OpenGL.framework/Versions/A/Libraries/libGLProgrammability.dylib
0x000000012c900000 	/System/Library/Extensions/AppleMetalOpenGLRenderer.bundle/Contents/MacOS/AppleMetalOpenGLRenderer
0x00000001f222d000 	/System/Library/Frameworks/OpenGL.framework/Versions/A/Resources/GLRendererFloat.bundle/GLRendererFloat
0x00000001f2daf000 	/System/Library/Extensions/AGXMetalG14G.bundle/Contents/MacOS/AGXMetalG14G
0x00000001b0c00000 	/System/Library/PrivateFrameworks/GPURawCounter.framework/Versions/A/GPURawCounter
0x00000001ab396000 	/System/Library/PrivateFrameworks/IOGPU.framework/Versions/A/IOGPU
0x000000012ca00000 	/Users/nicolegumula/.openjfx/cache/17/libglass.dylib
0x00000001a28a5000 	/System/Library/Frameworks/FileProvider.framework/Versions/A/FileProvider
0x0000000196e70000 	/System/Library/Frameworks/Accounts.framework/Versions/A/Accounts
0x00000001a2a29000 	/System/Library/PrivateFrameworks/GenerationalStorage.framework/Versions/A/GenerationalStorage
0x00000001a35ee000 	/System/Library/PrivateFrameworks/CoreSymbolication.framework/Versions/A/CoreSymbolication
0x00000001a2641000 	/System/Library/PrivateFrameworks/SymptomDiagnosticReporter.framework/Versions/A/SymptomDiagnosticReporter
0x00000001944ea000 	/System/Library/PrivateFrameworks/DesktopServicesPriv.framework/Versions/A/DesktopServicesPriv
0x000000019335c000 	/usr/lib/libsandbox.1.dylib
0x0000000197eef000 	/System/Library/PrivateFrameworks/UserManagement.framework/Versions/A/UserManagement
0x00000001a35ab000 	/System/Library/PrivateFrameworks/DebugSymbols.framework/Versions/A/DebugSymbols
0x000000019e466000 	/System/Library/PrivateFrameworks/NetAuth.framework/Versions/A/NetAuth
0x000000019f387000 	/System/Library/PrivateFrameworks/Sharing.framework/Versions/A/Sharing
0x0000000197ebf000 	/System/Library/PrivateFrameworks/login.framework/Versions/A/Frameworks/loginsupport.framework/Versions/A/loginsupport
0x00000001a47e0000 	/System/Library/PrivateFrameworks/Apple80211.framework/Versions/A/Apple80211
0x000000019b046000 	/System/Library/PrivateFrameworks/AuthKit.framework/Versions/A/AuthKit
0x000000019a6ce000 	/System/Library/PrivateFrameworks/CoreUtils.framework/Versions/A/CoreUtils
0x000000019a5f1000 	/System/Library/Frameworks/CoreWLAN.framework/Versions/A/CoreWLAN
0x000000019f4f7000 	/System/Library/Frameworks/IOBluetooth.framework/Versions/A/IOBluetooth
0x00000001a4840000 	/System/Library/PrivateFrameworks/CoreWiFi.framework/Versions/A/CoreWiFi
0x00000001a318b000 	/System/Library/PrivateFrameworks/FrontBoardServices.framework/Versions/A/FrontBoardServices
0x00000001a3223000 	/System/Library/PrivateFrameworks/BoardServices.framework/Versions/A/BoardServices
0x000000019a8e1000 	/System/Library/PrivateFrameworks/AssertionServices.framework/Versions/A/AssertionServices
0x00000001a49bd000 	/System/Library/PrivateFrameworks/BackBoardServices.framework/Versions/A/BackBoardServices
0x000000019e8da000 	/System/Library/PrivateFrameworks/CorePhoneNumbers.framework/Versions/A/CorePhoneNumbers
0x000000019e181000 	/System/Library/PrivateFrameworks/MultiverseSupport.framework/Versions/A/MultiverseSupport
0x00000001a4c3e000 	/System/Library/PrivateFrameworks/RemoteServiceDiscovery.framework/Versions/A/RemoteServiceDiscovery
0x00000001a2771000 	/System/Library/PrivateFrameworks/DiskManagement.framework/Versions/A/DiskManagement
0x00000001a2674000 	/System/Library/PrivateFrameworks/AppleIDAuthSupport.framework/Versions/A/AppleIDAuthSupport
0x00000001f716f000 	/System/Library/PrivateFrameworks/AAAFoundation.framework/Versions/A/AAAFoundation
0x000000019e8b9000 	/System/Library/PrivateFrameworks/KeychainCircle.framework/Versions/A/KeychainCircle
0x00000001a4c4e000 	/System/Library/PrivateFrameworks/RemoteXPC.framework/Versions/A/RemoteXPC
0x00000001a273d000 	/System/Library/PrivateFrameworks/MediaKit.framework/Versions/A/MediaKit
0x00000001a2681000 	/System/Library/Frameworks/DiscRecording.framework/Versions/A/DiscRecording
0x000000019bec0000 	/usr/lib/libCoreStorage.dylib
0x00000001a4cba000 	/usr/lib/libcsfde.dylib
0x000000019f5cc000 	/System/Library/PrivateFrameworks/ProtectedCloudStorage.framework/Versions/A/ProtectedCloudStorage
0x00000001a4cb2000 	/System/Library/PrivateFrameworks/EFILogin.framework/Versions/A/EFILogin
0x00000001a2a50000 	/System/Library/PrivateFrameworks/OctagonTrust.framework/Versions/A/OctagonTrust
0x00000001fbd6e000 	/System/Library/PrivateFrameworks/CoreUtilsExtras.framework/Versions/A/CoreUtilsExtras
0x00000001a25a6000 	/System/Library/Frameworks/CoreBluetooth.framework/Versions/A/CoreBluetooth
0x00000001a534e000 	/System/Library/Frameworks/AudioUnit.framework/Versions/A/AudioUnit
0x000000019beb8000 	/usr/lib/libMatch.1.dylib
0x00000001b50e6000 	/System/Library/Frameworks/Accelerate.framework/Versions/A/Frameworks/vImage.framework/Versions/A/Libraries/libCGInterfaces.dylib
0x000000012f58c000 	/usr/lib/libobjc-trampolines.dylib
0x0000000197bb9000 	/System/Library/PrivateFrameworks/ViewBridge.framework/Versions/A/ViewBridge
0x0000000162f4c000 	/Users/nicolegumula/.openjfx/cache/17/libjavafx_font.dylib
0x000000019c61c000 	/System/Library/PrivateFrameworks/login.framework/Versions/A/login
0x000000021033e000 	/usr/lib/libRosetta.dylib


VM Arguments:
jvm_args: -XX:+ShowCodeDetailsInExceptionMessages --module-path=/Users/nicolegumula/Documents/github/projectfx3/target/classes:/Users/nicolegumula/.m2/repository/org/openjfx/javafx-controls/17/javafx-controls-17-mac-aarch64.jar:/Users/nicolegumula/.m2/repository/org/openjfx/javafx-graphics/17/javafx-graphics-17-mac-aarch64.jar:/Users/nicolegumula/.m2/repository/org/openjfx/javafx-base/17/javafx-base-17-mac-aarch64.jar:/Users/nicolegumula/.m2/repository/org/openjfx/javafx-fxml/17/javafx-fxml-17-mac-aarch64.jar -Djdk.module.main=edu.guilford 
java_command: edu.guilford/edu.guilford.App
java_class_path (initial): /Users/nicolegumula/.m2/repository/org/openjfx/javafx-controls/17/javafx-controls-17.jar:/Users/nicolegumula/.m2/repository/org/openjfx/javafx-graphics/17/javafx-graphics-17.jar:/Users/nicolegumula/.m2/repository/org/openjfx/javafx-base/17/javafx-base-17.jar:/Users/nicolegumula/.m2/repository/org/openjfx/javafx-fxml/17/javafx-fxml-17.jar
Launcher Type: SUN_STANDARD

[Global flags]
     intx CICompilerCount                          = 4                                         {product} {ergonomic}
     uint ConcGCThreads                            = 2                                         {product} {ergonomic}
     uint G1ConcRefinementThreads                  = 8                                         {product} {ergonomic}
   size_t G1HeapRegionSize                         = 1048576                                   {product} {ergonomic}
    uintx GCDrainStackTargetSize                   = 64                                        {product} {ergonomic}
   size_t InitialHeapSize                          = 134217728                                 {product} {ergonomic}
   size_t MarkStackSize                            = 4194304                                   {product} {ergonomic}
   size_t MaxHeapSize                              = 2147483648                                {product} {ergonomic}
   size_t MaxNewSize                               = 1287651328                                {product} {ergonomic}
   size_t MinHeapDeltaBytes                        = 1048576                                   {product} {ergonomic}
   size_t MinHeapSize                              = 8388608                                   {product} {ergonomic}
    uintx NonNMethodCodeHeapSize                   = 5839564                                {pd product} {ergonomic}
    uintx NonProfiledCodeHeapSize                  = 122909338                              {pd product} {ergonomic}
    uintx ProfiledCodeHeapSize                     = 122909338                              {pd product} {ergonomic}
    uintx ReservedCodeCacheSize                    = 251658240                              {pd product} {ergonomic}
     bool SegmentedCodeCache                       = true                                      {product} {ergonomic}
     bool ShowCodeDetailsInExceptionMessages       = true                                   {manageable} {command line}
   size_t SoftMaxHeapSize                          = 2147483648                             {manageable} {ergonomic}
     bool UseCompressedClassPointers               = true                           {product lp64_product} {ergonomic}
     bool UseCompressedOops                        = true                           {product lp64_product} {ergonomic}
     bool UseG1GC                                  = true                                      {product} {ergonomic}
     bool UseNUMA                                  = false                                     {product} {ergonomic}
     bool UseNUMAInterleaving                      = false                                     {product} {ergonomic}

Logging:
Log output configuration:
 #0: stdout all=warning uptime,level,tags foldmultilines=false
 #1: stderr all=off uptime,level,tags foldmultilines=false

Environment Variables:
PATH=/usr/local/bin:/usr/bin:/bin:/usr/sbin:/sbin
SHELL=/bin/zsh
LANG=en_US.UTF-8

Signal Handlers:
   SIGSEGV: _ZL13crash_handleriP9__siginfoPv in libjvm.dylib, mask=11100110000111110111111111111111, flags=SA_RESTART|SA_SIGINFO
    SIGBUS: _ZL13crash_handleriP9__siginfoPv in libjvm.dylib, mask=11100110000111110111111111111111, flags=SA_RESTART|SA_SIGINFO
    SIGFPE: _ZL13crash_handleriP9__siginfoPv in libjvm.dylib, mask=11100110000111110111111111111111, flags=SA_RESTART|SA_SIGINFO
   SIGPIPE: _ZL17javaSignalHandleriP9__siginfoPv in libjvm.dylib, mask=11100110000111110111111111111111, flags=SA_RESTART|SA_SIGINFO
   SIGXFSZ: _ZL17javaSignalHandleriP9__siginfoPv in libjvm.dylib, mask=11100110000111110111111111111111, flags=SA_RESTART|SA_SIGINFO
    SIGILL: _ZL13crash_handleriP9__siginfoPv in libjvm.dylib, mask=11100110000111110111111111111111, flags=SA_RESTART|SA_SIGINFO
   SIGUSR2: _ZL10SR_handleriP9__siginfoP17__darwin_ucontext in libjvm.dylib, mask=00000000000000000000000000000000, flags=SA_RESTART|SA_SIGINFO
    SIGHUP: _ZL11UserHandleriPvS_ in libjvm.dylib, mask=11100110000111110111111111111111, flags=SA_RESTART|SA_SIGINFO
    SIGINT: _ZL11UserHandleriPvS_ in libjvm.dylib, mask=11100110000111110111111111111111, flags=SA_RESTART|SA_SIGINFO
   SIGTERM: _ZL11UserHandleriPvS_ in libjvm.dylib, mask=11100110000111110111111111111111, flags=SA_RESTART|SA_SIGINFO
   SIGQUIT: _ZL11UserHandleriPvS_ in libjvm.dylib, mask=11100110000111110111111111111111, flags=SA_RESTART|SA_SIGINFO
   SIGTRAP: _ZL13crash_handleriP9__siginfoPv in libjvm.dylib, mask=11100110000111110111111111111111, flags=SA_RESTART|SA_SIGINFO


---------------  S Y S T E M  ---------------

OS:
uname: Darwin 21.5.0 Darwin Kernel Version 21.5.0: Tue Apr 26 20:57:23 PDT 2022; root:xnu-8020.121.3~2/RELEASE_ARM64_T8110 arm64
OS uptime: 0 days 0:09 hours
rlimit (soft/hard): STACK 8176k/65520k , CORE 0k/infinity , NPROC 1333/2000 , NOFILE 10240/infinity , AS infinity/infinity , CPU infinity/infinity , DATA infinity/infinity , FSIZE infinity/infinity , MEMLOCK infinity/infinity , RSS infinity/infinity
load average: 1.93 2.99 2.36

CPU: total 8 (initial active 8) 0x61:0x0:0xda33d83d:0, fp, simd, aes, pmull, crc, lse

Memory: 16k page, physical 8388608k(168560k free), swap 0k(0k free)

vm_info: Java HotSpot(TM) 64-Bit Server VM (18.0.2.1+1-1) for bsd-aarch64 JRE (18.0.2.1+1-1), built on Aug 16 2022 00:50:09 by "mach5one" with clang Apple LLVM 12.0.0 (clang-1200.0.32.29)

END.
