#
# A fatal error has been detected by the Java Runtime Environment:
#
#  SIGBUS (0xa) at pc=0x000000012f8594f0, pid=90546, tid=36107
#
# JRE version: Java(TM) SE Runtime Environment (18.0.2.1+1) (build 18.0.2.1+1-1)
# Java VM: Java HotSpot(TM) 64-Bit Server VM (18.0.2.1+1-1, mixed mode, sharing, tiered, compressed oops, compressed class ptrs, g1 gc, bsd-aarch64)
# Problematic frame:
# v  ~StubRoutines::SafeFetchN
#
# No core dump will be written. Core dumps have been disabled. To enable core dumping, try "ulimit -c unlimited" before starting Java again
#
# If you would like to submit a bug report, please visit:
#   https://bugreport.java.com/bugreport/crash.jsp
# The crash happened outside the Java Virtual Machine in native code.
# See problematic frame for where to report the bug.
#

---------------  S U M M A R Y ------------

Command Line: -XX:+ShowCodeDetailsInExceptionMessages --module-path=/Users/nicolegumula/Documents/github/projectfx3/target/classes:/Users/nicolegumula/.m2/repository/org/openjfx/javafx-controls/17/javafx-controls-17-mac-aarch64.jar:/Users/nicolegumula/.m2/repository/org/openjfx/javafx-graphics/17/javafx-graphics-17-mac-aarch64.jar:/Users/nicolegumula/.m2/repository/org/openjfx/javafx-base/17/javafx-base-17-mac-aarch64.jar:/Users/nicolegumula/.m2/repository/org/openjfx/javafx-fxml/17/javafx-fxml-17-mac-aarch64.jar -Djdk.module.main=edu.guilford edu.guilford/edu.guilford.App

Host: "Mac14,2" arm64, 8 cores, 8G, Darwin 21.5.0, macOS 12.4 (21F2081)
Time: Thu Apr 27 09:50:48 2023 EDT elapsed time: 4.940450 seconds (0d 0h 0m 4s)

---------------  T H R E A D  ---------------

Current thread (0x000000011d0ec200):  JavaThread "InvokeLaterDispatcher" daemon [_thread_in_native, id=36107, stack(0x000000016ff54000,0x0000000170157000)]

Stack: [0x000000016ff54000,0x0000000170157000],  sp=0x00000001701567d0,  free space=2057k
Native frames: (J=compiled Java code, j=interpreted, Vv=VM code, C=native code)
v  ~StubRoutines::SafeFetchN
V  [libjvm.dylib+0x7cf0dc]  _ZN10OopStorage7releaseEPKP7oopDesc+0x20
V  [libjvm.dylib+0x4f75e8]  jni_DeleteGlobalRef+0xc0
C  [libglass.dylib+0xab08]  -[GlassRunnable dealloc]+0x34
C  [Foundation+0x85318]  -[_NSThreadPerformInfo dealloc]+0x30
C  [Foundation+0x518ac]  -[NSObject(NSThreadPerformAdditions) performSelectorOnMainThread:withObject:waitUntilDone:]+0x88
C  0xcc0200012f8618ac
j  com.sun.glass.ui.mac.MacApplication.submitForLaterInvocation(Ljava/lang/Runnable;)V+2 javafx.graphics
j  com.sun.glass.ui.InvokeLaterDispatcher.run()V+82 javafx.graphics
v  ~StubRoutines::call_stub
V  [libjvm.dylib+0x49eb20]  _ZN9JavaCalls11call_helperEP9JavaValueRK12methodHandleP17JavaCallArgumentsP10JavaThread+0x38c
V  [libjvm.dylib+0x49db3c]  _ZN9JavaCalls12call_virtualEP9JavaValueP5KlassP6SymbolS5_P17JavaCallArgumentsP10JavaThread+0x11c
V  [libjvm.dylib+0x49dc08]  _ZN9JavaCalls12call_virtualEP9JavaValue6HandleP5KlassP6SymbolS6_P10JavaThread+0x64
V  [libjvm.dylib+0x54fdf8]  _ZL12thread_entryP10JavaThreadS0_+0x9c
V  [libjvm.dylib+0x919c88]  _ZN10JavaThread17thread_main_innerEv+0xa0
V  [libjvm.dylib+0x9186e8]  _ZN6Thread8call_runEv+0xe0
V  [libjvm.dylib+0x7d58c0]  _ZL19thread_native_entryP6Thread+0x158
C  [libsystem_pthread.dylib+0x726c]  _pthread_start+0x94

Java frames: (J=compiled Java code, j=interpreted, Vv=VM code)
j  com.sun.glass.ui.mac.MacApplication._submitForLaterInvocation(Ljava/lang/Runnable;)V+0 javafx.graphics
j  com.sun.glass.ui.mac.MacApplication.submitForLaterInvocation(Ljava/lang/Runnable;)V+2 javafx.graphics
j  com.sun.glass.ui.InvokeLaterDispatcher.run()V+82 javafx.graphics
v  ~StubRoutines::call_stub

siginfo: si_signo: 10 (SIGBUS), si_code: 1 (BUS_ADRALN), si_addr: 0x000000012f8594f0

Register to memory mapping:

 x0=0x000000011d916488 is a global jni handle
 x1=0x0 is NULL
 x2=0x00000007862036a0 is an oop: com.sun.glass.ui.InvokeLaterDispatcher$Future 
{0x00000007862036a0} - klass: 'com/sun/glass/ui/InvokeLaterDispatcher$Future'
 - ---- fields (total size 3 words):
 - private 'done' 'Z' @12  true
 - private final 'runnable' 'Ljava/lang/Runnable;' @16  a 'com/sun/javafx/application/PlatformImpl$$Lambda$88+0x0000000800c857a8'{0x00000007862b4458} (f0c5688b)
 - final synthetic 'this$0' 'Lcom/sun/glass/ui/InvokeLaterDispatcher;' @20  a 'com/sun/glass/ui/InvokeLaterDispatcher'{0x0000000786835548} (f0d06aa9)
 x3=0x0 is NULL
 x4=0x00000000000130a8 is an unknown value
 x5=0x0 is NULL
 x6=0x0 is NULL
 x7=0x0 is NULL
 x8=0x000000012f8594ec is at begin+0 in a stub
StubRoutines::SafeFetchN [0x000000012f8594ec, 0x000000012f8594f8] (12 bytes)
 x9=0x0 is NULL
x10=0x2010000030300000 is an unknown value
x11=0x0000000000000007 is an unknown value
x12=0x0 is NULL
x13=0x000000011db04dc0 points into unknown readable memory: 0x0000000000000000 | 00 00 00 00 00 00 00 00
x14=0x0000040000000000 is an unknown value
x15=0x0000000107e25f98: OBJC_CLASS_$_GlassRunnable+0 in /Users/nicolegumula/.openjfx/cache/17/libglass.dylib at 0x0000000107de0000
x16=0x00000001907b70fc: pthread_getspecific+0 in /usr/lib/system/libsystem_pthread.dylib at 0x00000001907b5000
x17=0x000000011c75e980 points into unknown readable memory: 0xfffffffffffffffe | fe ff ff ff ff ff ff ff
x18=0x0 is NULL
x19=0x000000011d907ad0 points into unknown readable memory: 0x000000011d907d50 | 50 7d 90 1d 01 00 00 00
x20=0x000000011d916280 points into unknown readable memory: 0x00000001e9697138 | 38 71 69 e9 01 00 00 00
x21=0x000000011d916488 is a global jni handle
x22=0x000000011d0ec200 is a thread
x23=0x0000000000000001 is an unknown value
x24=0x000000011d916440 is a global jni handle
x25=0x0000000108b1ece8: _ZN12StubRoutines17_safefetchN_entryE+0 in /Library/Java/JavaVirtualMachines/jdk-18.0.2.1.jdk/Contents/Home/lib/server/libjvm.dylib at 0x0000000107f54000
x26=0x000000011851ad70 is pointing into metadata
x27=0x0 is NULL
x28=0x000000011d0ec200 is a thread


Registers:
 x0=0x000000011d916488  x1=0x0000000000000000  x2=0x00000007862036a0  x3=0x0000000000000000
 x4=0x00000000000130a8  x5=0x0000000000000000  x6=0x0000000000000000  x7=0x0000000000000000
 x8=0x000000012f8594ec  x9=0x0000000000000000 x10=0x2010000030300000 x11=0x0000000000000007
x12=0x0000000000000000 x13=0x000000011db04dc0 x14=0x0000040000000000 x15=0x0000000107e25f98
x16=0x00000001907b70fc x17=0x000000011c75e980 x18=0x0000000000000000 x19=0x000000011d907ad0
x20=0x000000011d916280 x21=0x000000011d916488 x22=0x000000011d0ec200 x23=0x0000000000000001
x24=0x000000011d916440 x25=0x0000000108b1ece8 x26=0x000000011851ad70 x27=0x0000000000000000
x28=0x000000011d0ec200  fp=0x0000000170156810  lr=0x0000000108721ed0  sp=0x00000001701567d0
pc=0x000000012f8594f0 cpsr=0x0000000060001000
Top of Stack: (sp=0x00000001701567d0)
0x00000001701567d0:   000000011851ad70 0000000000000001
0x00000001701567e0:   00000001701569c8 000000011da04b80
0x00000001701567f0:   0000000000000000 000000011d916440
0x0000000170156800:   000000011d916440 000000011d907ad0
0x0000000170156810:   0000000170156850 00000001087230dc
0x0000000170156820:   0000000000000001 000000011d916440
0x0000000170156830:   0000000000000000 000000011d916440
0x0000000170156840:   0000000000000001 000000011d192800
0x0000000170156850:   0000000170156880 000000010844b5e8
0x0000000170156860:   000000011da06760 00000001daa8c7dc
0x0000000170156870:   0000000000000000 000000011da06760
0x0000000170156880:   00000001701568b0 0000000107deab08
0x0000000170156890:   cf081adf195900f5 0000000000000000
0x00000001701568a0:   0000000000000000 000000011da06560
0x00000001701568b0:   00000001701568f0 000000019178d318
0x00000001701568c0:   00000001701569c8 000000011da04b80
0x00000001701568d0:   000000011da06760 cf081adf195900f5
0x00000001701568e0:   0000000000000000 0000000000000000
0x00000001701568f0:   0000000170156930 cf380001917598ac
0x0000000170156900:   00000001701569c8 000000012f8607c0
0x0000000170156910:   0000000000000000 0000000108b267a0
0x0000000170156920:   0000000170156940 000000012f85f730
0x0000000170156930:   00000001701569a0 cc0200012f8618ac
0x0000000170156940:   000000011851d280 0000000000000001
0x0000000170156950:   0000000170156950 0000000000000000
0x0000000170156960:   00000001701569c8 000000011851ad70
0x0000000170156970:   0000000786851148 0000000000000000
0x0000000170156980:   0000000000000000 00000001184f3110
0x0000000170156990:   0000000000000000 00000001701569a0
0x00000001701569a0:   0000000170156a20 000000012f85dfc8
0x00000001701569b0:   0000000000000000 0000000000000000
0x00000001701569c0:   00000007862036a0 00000007868511c0 

Instructions: (pc=0x000000012f8594f0)
0x000000012f8593f0:   f2a115c9 f2c00029 6d425935 1e640886
0x000000012f859400:   0c402d31 1e6408c7 1f5654d0 1e6c1017
0x000000012f859410:   1f5050d0 1f504cd0 1f5048d0 1e650af6
0x000000012f859420:   1f50d8f6 1f5694d6 1f5158f6 1e762880
0x000000012f859430:   36000501 1e614000 14000026 2e251ca5
0x000000012f859440:   d2963009 f2a115c9 f2c00029 6d425d36
0x000000012f859450:   1e600806 0c402d32 1f5758c7 1e6c101a
0x000000012f859460:   1f4754c7 1e650805 1f4750c7 d2866668
0x000000012f859470:   f2a7fa68 1f474cc7 1e6608c0 1f4748c7
0x000000012f859480:   1e6e1019 eb08007f 540000ac 1f479400
0x000000012f859490:   1f460340 1e603b20 1400000e d2a7fd29
0x000000012f8594a0:   eb09007f 540000ac 51480069 d3607d29
0x000000012f8594b0:   9e670121 14000002 1e6a5001 1f679417
0x000000012f8594c0:   1f668742 1e613b23 1e773857 1e773860
0x000000012f8594d0:   a8c17ff3 910003bf a8c17bfd d65f03c0
0x000000012f8594e0:   b9400001 aa0103e0 d65f03c0 f9400001
0x000000012f8594f0:   aa0103e0 d65f03c0 00000000 00000000
0x000000012f859500:   00000000 00000000 00000000 00000000
0x000000012f859510:   00000000 00000000 00000000 00000000
0x000000012f859520:   00000000 00000000 00000000 00000000
0x000000012f859530:   00000000 00000000 00000000 00000000
0x000000012f859540:   00000000 00000000 00000000 00000000
0x000000012f859550:   00000000 00000000 00000000 00000000
0x000000012f859560:   00000000 00000000 00000000 00000000
0x000000012f859570:   00000000 00000000 00000000 00000000
0x000000012f859580:   00000000 00000000 00000000 00000000
0x000000012f859590:   00000000 00000000 00000000 00000000
0x000000012f8595a0:   00000000 00000000 00000000 00000000
0x000000012f8595b0:   00000000 00000000 00000000 00000000
0x000000012f8595c0:   00000000 00000000 00000000 00000000
0x000000012f8595d0:   00000000 00000000 00000000 00000000
0x000000012f8595e0:   00000000 00000000 00000000 00000000 


Stack slot to memory mapping:
stack at sp + 0 slots: 0x000000011851ad70 is pointing into metadata
stack at sp + 1 slots: 0x0000000000000001 is an unknown value
stack at sp + 2 slots: 0x00000001701569c8 is pointing into the stack for thread: 0x000000011d0ec200
stack at sp + 3 slots: 0x000000011da04b80 points into unknown readable memory: 0x01000001e919e031 | 31 e0 19 e9 01 00 00 01
stack at sp + 4 slots: 0x0 is NULL
stack at sp + 5 slots: 0x000000011d916440 is a global jni handle
stack at sp + 6 slots: 0x000000011d916440 is a global jni handle
stack at sp + 7 slots: 0x000000011d907ad0 points into unknown readable memory: 0x000000011d907d50 | 50 7d 90 1d 01 00 00 00

StubRoutines::SafeFetchN [0x000000012f8594ec, 0x000000012f8594f8] (12 bytes)
[MachCode]
  0x000000012f8594ec: 0100 40f9 | e003 01aa | c003 5fd6 
[/MachCode]

---------------  P R O C E S S  ---------------

Threads class SMR info:
_java_thread_list=0x000000011c7e6500, length=18, elements={
0x000000011c80b800, 0x000000011e011e00, 0x000000011e014600, 0x000000011c88a600,
0x000000011c88ac00, 0x000000011c889600, 0x000000011c889c00, 0x000000011c88b400,
0x000000011c88ba00, 0x000000011c8d7200, 0x000000011e83fe00, 0x000000011d009200,
0x000000011d0ec200, 0x000000011d192800, 0x000000011e90e800, 0x000000011ca2ce00,
0x000000011d18d800, 0x000000011cde2c00
}

Java Threads: ( => current thread )
  0x000000011c80b800 JavaThread "main" [_thread_blocked, id=6403, stack(0x000000016d6cc000,0x000000016d8cf000)]
  0x000000011e011e00 JavaThread "Reference Handler" daemon [_thread_blocked, id=15619, stack(0x000000016e520000,0x000000016e723000)]
  0x000000011e014600 JavaThread "Finalizer" daemon [_thread_blocked, id=16131, stack(0x000000016e72c000,0x000000016e92f000)]
  0x000000011c88a600 JavaThread "Signal Dispatcher" daemon [_thread_blocked, id=22531, stack(0x000000016eadc000,0x000000016ecdf000)]
  0x000000011c88ac00 JavaThread "Service Thread" daemon [_thread_blocked, id=23043, stack(0x000000016ece8000,0x000000016eeeb000)]
  0x000000011c889600 JavaThread "Monitor Deflation Thread" daemon [_thread_blocked, id=23299, stack(0x000000016eef4000,0x000000016f0f7000)]
  0x000000011c889c00 JavaThread "C2 CompilerThread0" daemon [_thread_blocked, id=41731, stack(0x000000016f100000,0x000000016f303000)]
  0x000000011c88b400 JavaThread "C1 CompilerThread0" daemon [_thread_blocked, id=41475, stack(0x000000016f30c000,0x000000016f50f000)]
  0x000000011c88ba00 JavaThread "Sweeper thread" daemon [_thread_blocked, id=41219, stack(0x000000016f518000,0x000000016f71b000)]
  0x000000011c8d7200 JavaThread "Common-Cleaner" daemon [_thread_blocked, id=24579, stack(0x000000016f724000,0x000000016f927000)]
  0x000000011e83fe00 JavaThread "Notification Thread" daemon [_thread_blocked, id=40963, stack(0x000000016f930000,0x000000016fb33000)]
  0x000000011d009200 JavaThread "QuantumRenderer-0" daemon [_thread_blocked, id=40451, stack(0x000000016fd48000,0x000000016ff4b000)]
=>0x000000011d0ec200 JavaThread "InvokeLaterDispatcher" daemon [_thread_in_native, id=36107, stack(0x000000016ff54000,0x0000000170157000)]
  0x000000011d192800 JavaThread "JavaFX Application Thread" [_thread_in_vm, id=259, stack(0x000000016ce44000,0x000000016d640000)]
  0x000000011e90e800 JavaThread "PulseTimer-CVDisplayLink thread" daemon [_thread_in_native, id=51459, stack(0x0000000170160000,0x00000001701e3000)]
  0x000000011ca2ce00 JavaThread "JavaFX-Launcher" [_thread_blocked, id=54531, stack(0x00000001703f8000,0x00000001705fb000)]
  0x000000011d18d800 JavaThread "Prism Font Disposer" daemon [_thread_blocked, id=57091, stack(0x0000000171040000,0x0000000171243000)]
  0x000000011cde2c00 JavaThread "Cleaner-0" daemon [_thread_blocked, id=68107, stack(0x000000017124c000,0x000000017144f000)]

Other Threads:
  0x000000011d806db0 VMThread "VM Thread" [stack: 0x000000016e314000,0x000000016e517000] [id=15107]
  0x000000011d922e80 WatcherThread "VM Periodic Task Thread" [stack: 0x000000016fb3c000,0x000000016fd3f000] [id=25347]
  0x000000011c62d670 WorkerThread "GC Thread#0" [stack: 0x000000016d8d8000,0x000000016dadb000] [id=19971]
  0x0000000143e0c320 WorkerThread "GC Thread#1" [stack: 0x0000000170604000,0x0000000170807000] [id=76035]
  0x000000010ff5e160 WorkerThread "GC Thread#2" [stack: 0x0000000170810000,0x0000000170a13000] [id=55043]
  0x0000000143e0cc50 WorkerThread "GC Thread#3" [stack: 0x0000000170a1c000,0x0000000170c1f000] [id=75523]
  0x0000000143e0d580 WorkerThread "GC Thread#4" [stack: 0x0000000170c28000,0x0000000170e2b000] [id=75011]
  0x000000010ff5ea70 WorkerThread "GC Thread#5" [stack: 0x0000000170e34000,0x0000000171037000] [id=55811]
  0x000000011c62e4b0 ConcurrentGCThread "G1 Main Marker" [stack: 0x000000016dae4000,0x000000016dce7000] [id=19459]
  0x000000011c62f1c0 WorkerThread "G1 Conc#0" [stack: 0x000000016dcf0000,0x000000016def3000] [id=12803]
  0x000000011c65b7f0 ConcurrentGCThread "G1 Refine#0" [stack: 0x000000016defc000,0x000000016e0ff000] [id=13571]
  0x000000011c65c500 ConcurrentGCThread "G1 Service" [stack: 0x000000016e108000,0x000000016e30b000] [id=13827]

Threads with active compile tasks:

VM state: not at safepoint (normal execution)

VM Mutex/Monitor currently owned by a thread: None

Heap address: 0x0000000780000000, size: 2048 MB, Compressed Oops mode: Zero based, Oop shift amount: 3

CDS archive(s) mapped at: [0x0000000800000000-0x0000000800ba8000-0x0000000800ba8000), size 12222464, SharedBaseAddress: 0x0000000800000000, ArchiveRelocationMode: 0.
Compressed class space mapped at: 0x0000000800c00000-0x0000000840c00000, reserved size: 1073741824
Narrow klass base: 0x0000000800000000, Narrow klass shift: 0, Narrow klass range: 0x100000000

GC Precious Log:
 CardTable entry size: 512
 Card Set container configuration: InlinePtr #cards 5 size 8 Array Of Cards #cards 12 size 40 Howl #buckets 4 coarsen threshold 1843 Howl Bitmap #cards 512 size 80 coarsen threshold 460 Card regions per heap region 1 cards per card region 2048
 CPUs: 8 total, 8 available
 Memory: 8192M
 Large Page Support: Disabled
 NUMA Support: Disabled
 Compressed Oops: Enabled (Zero based)
 Heap Region Size: 1M
 Heap Min Capacity: 8M
 Heap Initial Capacity: 128M
 Heap Max Capacity: 2G
 Pre-touch: Disabled
 Parallel Workers: 8
 Concurrent Workers: 2
 Concurrent Refinement Workers: 8
 Periodic GC: Disabled

Heap:
 garbage-first heap   total 133120K, used 78483K [0x0000000780000000, 0x0000000800000000)
  region size 1024K, 30 young (30720K), 3 survivors (3072K)
 Metaspace       used 13567K, committed 13824K, reserved 1114112K
  class space    used 2020K, committed 2176K, reserved 1048576K

Heap Regions: E=young(eden), S=young(survivor), O=old, HS=humongous(starts), HC=humongous(continues), CS=collection set, F=free, OA=open archive, CA=closed archive, TAMS=top-at-mark-start (previous, next)
|   0|0x0000000780000000, 0x00000007800bce00, 0x0000000780100000| 73%| O|  |TAMS 0x0000000780000000, 0x0000000780000000| Untracked 
|   1|0x0000000780100000, 0x0000000780200000, 0x0000000780200000|100%|HS|  |TAMS 0x0000000780100000, 0x0000000780100000| Complete 
|   2|0x0000000780200000, 0x0000000780300000, 0x0000000780300000|100%|HC|  |TAMS 0x0000000780200000, 0x0000000780200000| Complete 
|   3|0x0000000780300000, 0x0000000780400000, 0x0000000780400000|100%|HC|  |TAMS 0x0000000780300000, 0x0000000780300000| Complete 
|   4|0x0000000780400000, 0x0000000780500000, 0x0000000780500000|100%|HC|  |TAMS 0x0000000780400000, 0x0000000780400000| Complete 
|   5|0x0000000780500000, 0x0000000780600000, 0x0000000780600000|100%|HC|  |TAMS 0x0000000780500000, 0x0000000780500000| Complete 
|   6|0x0000000780600000, 0x0000000780700000, 0x0000000780700000|100%|HC|  |TAMS 0x0000000780600000, 0x0000000780600000| Complete 
|   7|0x0000000780700000, 0x0000000780800000, 0x0000000780800000|100%|HC|  |TAMS 0x0000000780700000, 0x0000000780700000| Complete 
|   8|0x0000000780800000, 0x0000000780900000, 0x0000000780900000|100%|HC|  |TAMS 0x0000000780800000, 0x0000000780800000| Complete 
|   9|0x0000000780900000, 0x0000000780a00000, 0x0000000780a00000|100%|HC|  |TAMS 0x0000000780900000, 0x0000000780900000| Complete 
|  10|0x0000000780a00000, 0x0000000780b00000, 0x0000000780b00000|100%|HS|  |TAMS 0x0000000780a00000, 0x0000000780a00000| Complete 
|  11|0x0000000780b00000, 0x0000000780c00000, 0x0000000780c00000|100%|HC|  |TAMS 0x0000000780b00000, 0x0000000780b00000| Complete 
|  12|0x0000000780c00000, 0x0000000780d00000, 0x0000000780d00000|100%|HC|  |TAMS 0x0000000780c00000, 0x0000000780c00000| Complete 
|  13|0x0000000780d00000, 0x0000000780e00000, 0x0000000780e00000|100%|HC|  |TAMS 0x0000000780d00000, 0x0000000780d00000| Complete 
|  14|0x0000000780e00000, 0x0000000780f00000, 0x0000000780f00000|100%|HC|  |TAMS 0x0000000780e00000, 0x0000000780e00000| Complete 
|  15|0x0000000780f00000, 0x0000000781000000, 0x0000000781000000|100%|HC|  |TAMS 0x0000000780f00000, 0x0000000780f00000| Complete 
|  16|0x0000000781000000, 0x0000000781100000, 0x0000000781100000|100%|HC|  |TAMS 0x0000000781000000, 0x0000000781000000| Complete 
|  17|0x0000000781100000, 0x0000000781200000, 0x0000000781200000|100%|HC|  |TAMS 0x0000000781100000, 0x0000000781100000| Complete 
|  18|0x0000000781200000, 0x0000000781300000, 0x0000000781300000|100%|HC|  |TAMS 0x0000000781200000, 0x0000000781200000| Complete 
|  19|0x0000000781300000, 0x0000000781400000, 0x0000000781400000|100%|HC|  |TAMS 0x0000000781300000, 0x0000000781300000| Complete 
|  20|0x0000000781400000, 0x0000000781500000, 0x0000000781500000|100%|HC|  |TAMS 0x0000000781400000, 0x0000000781400000| Complete 
|  21|0x0000000781500000, 0x0000000781600000, 0x0000000781600000|100%|HC|  |TAMS 0x0000000781500000, 0x0000000781500000| Complete 
|  22|0x0000000781600000, 0x0000000781700000, 0x0000000781700000|100%|HC|  |TAMS 0x0000000781600000, 0x0000000781600000| Complete 
|  23|0x0000000781700000, 0x0000000781800000, 0x0000000781800000|100%|HC|  |TAMS 0x0000000781700000, 0x0000000781700000| Complete 
|  24|0x0000000781800000, 0x0000000781900000, 0x0000000781900000|100%|HC|  |TAMS 0x0000000781800000, 0x0000000781800000| Complete 
|  25|0x0000000781900000, 0x0000000781a00000, 0x0000000781a00000|100%|HC|  |TAMS 0x0000000781900000, 0x0000000781900000| Complete 
|  26|0x0000000781a00000, 0x0000000781b00000, 0x0000000781b00000|100%|HC|  |TAMS 0x0000000781a00000, 0x0000000781a00000| Complete 
|  27|0x0000000781b00000, 0x0000000781c00000, 0x0000000781c00000|100%|HC|  |TAMS 0x0000000781b00000, 0x0000000781b00000| Complete 
|  28|0x0000000781c00000, 0x0000000781d00000, 0x0000000781d00000|100%|HC|  |TAMS 0x0000000781c00000, 0x0000000781c00000| Complete 
|  29|0x0000000781d00000, 0x0000000781e00000, 0x0000000781e00000|100%|HC|  |TAMS 0x0000000781d00000, 0x0000000781d00000| Complete 
|  30|0x0000000781e00000, 0x0000000781f00000, 0x0000000781f00000|100%|HC|  |TAMS 0x0000000781e00000, 0x0000000781e00000| Complete 
|  31|0x0000000781f00000, 0x0000000782000000, 0x0000000782000000|100%|HC|  |TAMS 0x0000000781f00000, 0x0000000781f00000| Complete 
|  32|0x0000000782000000, 0x0000000782100000, 0x0000000782100000|100%|HC|  |TAMS 0x0000000782000000, 0x0000000782000000| Complete 
|  33|0x0000000782100000, 0x0000000782200000, 0x0000000782200000|100%|HC|  |TAMS 0x0000000782100000, 0x0000000782100000| Complete 
|  34|0x0000000782200000, 0x0000000782300000, 0x0000000782300000|100%|HC|  |TAMS 0x0000000782200000, 0x0000000782200000| Complete 
|  35|0x0000000782300000, 0x0000000782400000, 0x0000000782400000|100%|HC|  |TAMS 0x0000000782300000, 0x0000000782300000| Complete 
|  36|0x0000000782400000, 0x0000000782500000, 0x0000000782500000|100%|HC|  |TAMS 0x0000000782400000, 0x0000000782400000| Complete 
|  37|0x0000000782500000, 0x0000000782600000, 0x0000000782600000|100%|HC|  |TAMS 0x0000000782500000, 0x0000000782500000| Complete 
|  38|0x0000000782600000, 0x0000000782700000, 0x0000000782700000|100%|HC|  |TAMS 0x0000000782600000, 0x0000000782600000| Complete 
|  39|0x0000000782700000, 0x0000000782800000, 0x0000000782800000|100%|HC|  |TAMS 0x0000000782700000, 0x0000000782700000| Complete 
|  40|0x0000000782800000, 0x0000000782900000, 0x0000000782900000|100%|HC|  |TAMS 0x0000000782800000, 0x0000000782800000| Complete 
|  41|0x0000000782900000, 0x0000000782a00000, 0x0000000782a00000|100%|HC|  |TAMS 0x0000000782900000, 0x0000000782900000| Complete 
|  42|0x0000000782a00000, 0x0000000782b00000, 0x0000000782b00000|100%|HC|  |TAMS 0x0000000782a00000, 0x0000000782a00000| Complete 
|  43|0x0000000782b00000, 0x0000000782c00000, 0x0000000782c00000|100%|HC|  |TAMS 0x0000000782b00000, 0x0000000782b00000| Complete 
|  44|0x0000000782c00000, 0x0000000782d00000, 0x0000000782d00000|100%|HC|  |TAMS 0x0000000782c00000, 0x0000000782c00000| Complete 
|  45|0x0000000782d00000, 0x0000000782e00000, 0x0000000782e00000|100%|HS|  |TAMS 0x0000000782d00000, 0x0000000782d00000| Complete 
|  46|0x0000000782e00000, 0x0000000782f00000, 0x0000000782f00000|100%|HC|  |TAMS 0x0000000782e00000, 0x0000000782e00000| Complete 
|  47|0x0000000782f00000, 0x0000000782f00000, 0x0000000783000000|  0%| F|  |TAMS 0x0000000782f00000, 0x0000000782f00000| Untracked 
|  48|0x0000000783000000, 0x0000000783000000, 0x0000000783100000|  0%| F|  |TAMS 0x0000000783000000, 0x0000000783000000| Untracked 
|  49|0x0000000783100000, 0x0000000783100000, 0x0000000783200000|  0%| F|  |TAMS 0x0000000783100000, 0x0000000783100000| Untracked 
|  50|0x0000000783200000, 0x0000000783200000, 0x0000000783300000|  0%| F|  |TAMS 0x0000000783200000, 0x0000000783200000| Untracked 
|  51|0x0000000783300000, 0x0000000783300000, 0x0000000783400000|  0%| F|  |TAMS 0x0000000783300000, 0x0000000783300000| Untracked 
|  52|0x0000000783400000, 0x0000000783400000, 0x0000000783500000|  0%| F|  |TAMS 0x0000000783400000, 0x0000000783400000| Untracked 
|  53|0x0000000783500000, 0x0000000783500000, 0x0000000783600000|  0%| F|  |TAMS 0x0000000783500000, 0x0000000783500000| Untracked 
|  54|0x0000000783600000, 0x0000000783600000, 0x0000000783700000|  0%| F|  |TAMS 0x0000000783600000, 0x0000000783600000| Untracked 
|  55|0x0000000783700000, 0x0000000783700000, 0x0000000783800000|  0%| F|  |TAMS 0x0000000783700000, 0x0000000783700000| Untracked 
|  56|0x0000000783800000, 0x0000000783800000, 0x0000000783900000|  0%| F|  |TAMS 0x0000000783800000, 0x0000000783800000| Untracked 
|  57|0x0000000783900000, 0x0000000783900000, 0x0000000783a00000|  0%| F|  |TAMS 0x0000000783900000, 0x0000000783900000| Untracked 
|  58|0x0000000783a00000, 0x0000000783a00000, 0x0000000783b00000|  0%| F|  |TAMS 0x0000000783a00000, 0x0000000783a00000| Untracked 
|  59|0x0000000783b00000, 0x0000000783b00000, 0x0000000783c00000|  0%| F|  |TAMS 0x0000000783b00000, 0x0000000783b00000| Untracked 
|  60|0x0000000783c00000, 0x0000000783c00000, 0x0000000783d00000|  0%| F|  |TAMS 0x0000000783c00000, 0x0000000783c00000| Untracked 
|  61|0x0000000783d00000, 0x0000000783d00000, 0x0000000783e00000|  0%| F|  |TAMS 0x0000000783d00000, 0x0000000783d00000| Untracked 
|  62|0x0000000783e00000, 0x0000000783e00000, 0x0000000783f00000|  0%| F|  |TAMS 0x0000000783e00000, 0x0000000783e00000| Untracked 
|  63|0x0000000783f00000, 0x0000000783f00000, 0x0000000784000000|  0%| F|  |TAMS 0x0000000783f00000, 0x0000000783f00000| Untracked 
|  64|0x0000000784000000, 0x0000000784000000, 0x0000000784100000|  0%| F|  |TAMS 0x0000000784000000, 0x0000000784000000| Untracked 
|  65|0x0000000784100000, 0x0000000784100000, 0x0000000784200000|  0%| F|  |TAMS 0x0000000784100000, 0x0000000784100000| Untracked 
|  66|0x0000000784200000, 0x0000000784200000, 0x0000000784300000|  0%| F|  |TAMS 0x0000000784200000, 0x0000000784200000| Untracked 
|  67|0x0000000784300000, 0x0000000784300000, 0x0000000784400000|  0%| F|  |TAMS 0x0000000784300000, 0x0000000784300000| Untracked 
|  68|0x0000000784400000, 0x0000000784400000, 0x0000000784500000|  0%| F|  |TAMS 0x0000000784400000, 0x0000000784400000| Untracked 
|  69|0x0000000784500000, 0x0000000784500000, 0x0000000784600000|  0%| F|  |TAMS 0x0000000784500000, 0x0000000784500000| Untracked 
|  70|0x0000000784600000, 0x0000000784600000, 0x0000000784700000|  0%| F|  |TAMS 0x0000000784600000, 0x0000000784600000| Untracked 
|  71|0x0000000784700000, 0x0000000784700000, 0x0000000784800000|  0%| F|  |TAMS 0x0000000784700000, 0x0000000784700000| Untracked 
|  72|0x0000000784800000, 0x0000000784800000, 0x0000000784900000|  0%| F|  |TAMS 0x0000000784800000, 0x0000000784800000| Untracked 
|  73|0x0000000784900000, 0x0000000784900000, 0x0000000784a00000|  0%| F|  |TAMS 0x0000000784900000, 0x0000000784900000| Untracked 
|  74|0x0000000784a00000, 0x0000000784a00000, 0x0000000784b00000|  0%| F|  |TAMS 0x0000000784a00000, 0x0000000784a00000| Untracked 
|  75|0x0000000784b00000, 0x0000000784b00000, 0x0000000784c00000|  0%| F|  |TAMS 0x0000000784b00000, 0x0000000784b00000| Untracked 
|  76|0x0000000784c00000, 0x0000000784c00000, 0x0000000784d00000|  0%| F|  |TAMS 0x0000000784c00000, 0x0000000784c00000| Untracked 
|  77|0x0000000784d00000, 0x0000000784d00000, 0x0000000784e00000|  0%| F|  |TAMS 0x0000000784d00000, 0x0000000784d00000| Untracked 
|  78|0x0000000784e00000, 0x0000000784e00000, 0x0000000784f00000|  0%| F|  |TAMS 0x0000000784e00000, 0x0000000784e00000| Untracked 
|  79|0x0000000784f00000, 0x0000000784f00000, 0x0000000785000000|  0%| F|  |TAMS 0x0000000784f00000, 0x0000000784f00000| Untracked 
|  80|0x0000000785000000, 0x0000000785000000, 0x0000000785100000|  0%| F|  |TAMS 0x0000000785000000, 0x0000000785000000| Untracked 
|  81|0x0000000785100000, 0x0000000785100000, 0x0000000785200000|  0%| F|  |TAMS 0x0000000785100000, 0x0000000785100000| Untracked 
|  82|0x0000000785200000, 0x0000000785200000, 0x0000000785300000|  0%| F|  |TAMS 0x0000000785200000, 0x0000000785200000| Untracked 
|  83|0x0000000785300000, 0x0000000785300000, 0x0000000785400000|  0%| F|  |TAMS 0x0000000785300000, 0x0000000785300000| Untracked 
|  84|0x0000000785400000, 0x0000000785400000, 0x0000000785500000|  0%| F|  |TAMS 0x0000000785400000, 0x0000000785400000| Untracked 
|  85|0x0000000785500000, 0x0000000785500000, 0x0000000785600000|  0%| F|  |TAMS 0x0000000785500000, 0x0000000785500000| Untracked 
|  86|0x0000000785600000, 0x0000000785600000, 0x0000000785700000|  0%| F|  |TAMS 0x0000000785600000, 0x0000000785600000| Untracked 
|  87|0x0000000785700000, 0x0000000785700000, 0x0000000785800000|  0%| F|  |TAMS 0x0000000785700000, 0x0000000785700000| Untracked 
|  88|0x0000000785800000, 0x0000000785800000, 0x0000000785900000|  0%| F|  |TAMS 0x0000000785800000, 0x0000000785800000| Untracked 
|  89|0x0000000785900000, 0x0000000785900000, 0x0000000785a00000|  0%| F|  |TAMS 0x0000000785900000, 0x0000000785900000| Untracked 
|  90|0x0000000785a00000, 0x0000000785a00000, 0x0000000785b00000|  0%| F|  |TAMS 0x0000000785a00000, 0x0000000785a00000| Untracked 
|  91|0x0000000785b00000, 0x0000000785b00000, 0x0000000785c00000|  0%| F|  |TAMS 0x0000000785b00000, 0x0000000785b00000| Untracked 
|  92|0x0000000785c00000, 0x0000000785c00000, 0x0000000785d00000|  0%| F|  |TAMS 0x0000000785c00000, 0x0000000785c00000| Untracked 
|  93|0x0000000785d00000, 0x0000000785d00000, 0x0000000785e00000|  0%| F|  |TAMS 0x0000000785d00000, 0x0000000785d00000| Untracked 
|  94|0x0000000785e00000, 0x0000000785e00000, 0x0000000785f00000|  0%| F|  |TAMS 0x0000000785e00000, 0x0000000785e00000| Untracked 
|  95|0x0000000785f00000, 0x0000000785f00000, 0x0000000786000000|  0%| F|  |TAMS 0x0000000785f00000, 0x0000000785f00000| Untracked 
|  96|0x0000000786000000, 0x0000000786000000, 0x0000000786100000|  0%| F|  |TAMS 0x0000000786000000, 0x0000000786000000| Untracked 
|  97|0x0000000786100000, 0x0000000786100000, 0x0000000786200000|  0%| F|  |TAMS 0x0000000786100000, 0x0000000786100000| Untracked 
|  98|0x0000000786200000, 0x00000007862b6c68, 0x0000000786300000| 71%| E|  |TAMS 0x0000000786200000, 0x0000000786200000| Complete 
|  99|0x0000000786300000, 0x0000000786400000, 0x0000000786400000|100%| E|CS|TAMS 0x0000000786300000, 0x0000000786300000| Complete 
| 100|0x0000000786400000, 0x0000000786500000, 0x0000000786500000|100%| E|CS|TAMS 0x0000000786400000, 0x0000000786400000| Complete 
| 101|0x0000000786500000, 0x0000000786600000, 0x0000000786600000|100%| E|CS|TAMS 0x0000000786500000, 0x0000000786500000| Complete 
| 102|0x0000000786600000, 0x0000000786700000, 0x0000000786700000|100%| S|CS|TAMS 0x0000000786600000, 0x0000000786600000| Complete 
| 103|0x0000000786700000, 0x0000000786800000, 0x0000000786800000|100%| S|CS|TAMS 0x0000000786700000, 0x0000000786700000| Complete 
| 104|0x0000000786800000, 0x0000000786900000, 0x0000000786900000|100%| S|CS|TAMS 0x0000000786800000, 0x0000000786800000| Complete 
| 105|0x0000000786900000, 0x0000000786a00000, 0x0000000786a00000|100%| E|CS|TAMS 0x0000000786900000, 0x0000000786900000| Complete 
| 106|0x0000000786a00000, 0x0000000786b00000, 0x0000000786b00000|100%| E|CS|TAMS 0x0000000786a00000, 0x0000000786a00000| Complete 
| 107|0x0000000786b00000, 0x0000000786c00000, 0x0000000786c00000|100%| E|CS|TAMS 0x0000000786b00000, 0x0000000786b00000| Complete 
| 108|0x0000000786c00000, 0x0000000786d00000, 0x0000000786d00000|100%| E|CS|TAMS 0x0000000786c00000, 0x0000000786c00000| Complete 
| 109|0x0000000786d00000, 0x0000000786e00000, 0x0000000786e00000|100%| E|CS|TAMS 0x0000000786d00000, 0x0000000786d00000| Complete 
| 110|0x0000000786e00000, 0x0000000786f00000, 0x0000000786f00000|100%| E|CS|TAMS 0x0000000786e00000, 0x0000000786e00000| Complete 
| 111|0x0000000786f00000, 0x0000000787000000, 0x0000000787000000|100%| E|CS|TAMS 0x0000000786f00000, 0x0000000786f00000| Complete 
| 112|0x0000000787000000, 0x0000000787100000, 0x0000000787100000|100%| E|CS|TAMS 0x0000000787000000, 0x0000000787000000| Complete 
| 113|0x0000000787100000, 0x0000000787200000, 0x0000000787200000|100%| E|CS|TAMS 0x0000000787100000, 0x0000000787100000| Complete 
| 114|0x0000000787200000, 0x0000000787300000, 0x0000000787300000|100%| E|CS|TAMS 0x0000000787200000, 0x0000000787200000| Complete 
| 115|0x0000000787300000, 0x0000000787400000, 0x0000000787400000|100%| E|CS|TAMS 0x0000000787300000, 0x0000000787300000| Complete 
| 116|0x0000000787400000, 0x0000000787500000, 0x0000000787500000|100%| E|CS|TAMS 0x0000000787400000, 0x0000000787400000| Complete 
| 117|0x0000000787500000, 0x0000000787600000, 0x0000000787600000|100%| E|CS|TAMS 0x0000000787500000, 0x0000000787500000| Complete 
| 118|0x0000000787600000, 0x0000000787700000, 0x0000000787700000|100%| E|CS|TAMS 0x0000000787600000, 0x0000000787600000| Complete 
| 119|0x0000000787700000, 0x0000000787800000, 0x0000000787800000|100%| E|CS|TAMS 0x0000000787700000, 0x0000000787700000| Complete 
| 120|0x0000000787800000, 0x0000000787900000, 0x0000000787900000|100%| E|CS|TAMS 0x0000000787800000, 0x0000000787800000| Complete 
| 121|0x0000000787900000, 0x0000000787a00000, 0x0000000787a00000|100%| E|CS|TAMS 0x0000000787900000, 0x0000000787900000| Complete 
| 122|0x0000000787a00000, 0x0000000787b00000, 0x0000000787b00000|100%| E|CS|TAMS 0x0000000787a00000, 0x0000000787a00000| Complete 
| 123|0x0000000787b00000, 0x0000000787c00000, 0x0000000787c00000|100%| E|CS|TAMS 0x0000000787b00000, 0x0000000787b00000| Complete 
| 124|0x0000000787c00000, 0x0000000787d00000, 0x0000000787d00000|100%| E|CS|TAMS 0x0000000787c00000, 0x0000000787c00000| Complete 
| 125|0x0000000787d00000, 0x0000000787e00000, 0x0000000787e00000|100%| E|CS|TAMS 0x0000000787d00000, 0x0000000787d00000| Complete 
| 126|0x0000000787e00000, 0x0000000787f00000, 0x0000000787f00000|100%| E|CS|TAMS 0x0000000787e00000, 0x0000000787e00000| Complete 
| 127|0x0000000787f00000, 0x0000000788000000, 0x0000000788000000|100%| E|CS|TAMS 0x0000000787f00000, 0x0000000787f00000| Complete 
|2046|0x00000007ffe00000, 0x00000007ffe74000, 0x00000007fff00000| 45%|OA|  |TAMS 0x00000007ffe00000, 0x00000007ffe00000| Untracked 
|2047|0x00000007fff00000, 0x00000007fff74000, 0x0000000800000000| 45%|CA|  |TAMS 0x00000007fff00000, 0x00000007fff00000| Untracked 

Card table byte_map: [0x0000000107400000,0x0000000107800000] _byte_map_base: 0x0000000103800000

Marking Bits (Prev, Next): (CMBitMap*) 0x000000011c844610, (CMBitMap*) 0x000000011c844650
 Prev Bits: [0x0000000108f1c000, 0x000000010af1c000)
 Next Bits: [0x000000010af1c000, 0x000000010cf1c000)

Polling page: 0x0000000102940000

Metaspace:

Usage:
  Non-class:     11.28 MB used.
      Class:      1.97 MB used.
       Both:     13.25 MB used.

Virtual space:
  Non-class space:       64.00 MB reserved,      11.38 MB ( 18%) committed,  1 nodes.
      Class space:        1.00 GB reserved,       2.12 MB ( <1%) committed,  1 nodes.
             Both:        1.06 GB reserved,      13.50 MB (  1%) committed. 

Chunk freelists:
   Non-Class:  3.56 MB
       Class:  1.86 MB
        Both:  5.42 MB

MaxMetaspaceSize: unlimited
CompressedClassSpaceSize: 1.00 GB
Initial GC threshold: 21.00 MB
Current GC threshold: 21.00 MB
CDS: on
MetaspaceReclaimPolicy: balanced
 - commit_granule_bytes: 65536.
 - commit_granule_words: 8192.
 - virtual_space_node_default_size: 8388608.
 - enlarge_chunks_in_place: 1.
 - new_chunks_are_fully_committed: 0.
 - uncommit_free_chunks: 1.
 - use_allocation_guard: 0.


Internal statistics:

num_allocs_failed_limit: 0.
num_arena_births: 208.
num_arena_deaths: 0.
num_vsnodes_births: 2.
num_vsnodes_deaths: 0.
num_space_committed: 216.
num_space_uncommitted: 0.
num_chunks_returned_to_freelist: 0.
num_chunks_taken_from_freelist: 634.
num_chunk_merges: 0.
num_chunk_splits: 461.
num_chunks_enlarged: 380.
num_inconsistent_stats: 0.

CodeHeap 'non-profiled nmethods': size=120032Kb used=720Kb max_used=720Kb free=119311Kb
 bounds [0x0000000137320000, 0x0000000137590000, 0x000000013e858000]
CodeHeap 'profiled nmethods': size=120016Kb used=3898Kb max_used=3898Kb free=116117Kb
 bounds [0x000000012fdec000, 0x00000001301bc000, 0x0000000137320000]
CodeHeap 'non-nmethods': size=5712Kb used=1386Kb max_used=1436Kb free=4325Kb
 bounds [0x000000012f858000, 0x000000012fac8000, 0x000000012fdec000]
 total_blobs=2737 nmethods=1978 adapters=675
 compilation: enabled
              stopped_count=0, restarted_count=0
 full_count=0

Compilation events (20 events):
Event: 4.922 Thread 0x000000011c88b400 nmethod 2018 0x00000001301ae890 code [0x00000001301aea40, 0x00000001301aed98]
Event: 4.934 Thread 0x000000011c88b400 2019       3       javafx.scene.input.KeyEvent::getEventType (5 bytes)
Event: 4.934 Thread 0x000000011c88b400 nmethod 2019 0x00000001301aef10 code [0x00000001301af0c0, 0x00000001301af268]
Event: 4.934 Thread 0x000000011c88b400 2020       3       com.sun.javafx.scene.control.inputmap.KeyBinding::getSpecificity (165 bytes)
Event: 4.935 Thread 0x000000011c88b400 nmethod 2020 0x00000001301af310 code [0x00000001301af5c0, 0x00000001301afe68]
Event: 4.935 Thread 0x000000011c88b400 2021       1       javafx.util.Duration::toMillis (5 bytes)
Event: 4.935 Thread 0x000000011c88b400 nmethod 2021 0x00000001373d1910 code [0x00000001373d1a80, 0x00000001373d1b68]
Event: 4.935 Thread 0x000000011c88b400 2022       3       javafx.beans.property.DoublePropertyBase::fireValueChangedEvent (8 bytes)
Event: 4.935 Thread 0x000000011c88b400 nmethod 2022 0x00000001301b0110 code [0x00000001301b02c0, 0x00000001301b0598]
Event: 4.935 Thread 0x000000011c88b400 2023       3       javafx.scene.text.Text::getTextAttribute (24 bytes)
Event: 4.935 Thread 0x000000011c88b400 nmethod 2023 0x00000001301b0690 code [0x00000001301b0840, 0x00000001301b0ba8]
Event: 4.936 Thread 0x000000011c88b400 2025       3       javafx.scene.Node::isTreeVisible (8 bytes)
Event: 4.936 Thread 0x000000011c88b400 nmethod 2025 0x00000001301b0d10 code [0x00000001301b0f00, 0x00000001301b13e8]
Event: 4.936 Thread 0x000000011c88b400 2024       3       com.sun.javafx.geom.RectBounds::getWidth (10 bytes)
Event: 4.936 Thread 0x000000011c88b400 nmethod 2024 0x00000001301b1610 code [0x00000001301b17c0, 0x00000001301b18e8]
Event: 4.938 Thread 0x000000011c88b400 2026       3       javafx.scene.layout.GridPane::getNodeColumnSpan (18 bytes)
Event: 4.939 Thread 0x000000011c88b400 nmethod 2026 0x00000001301b1990 code [0x00000001301b1c40, 0x00000001301b2848]
Event: 4.939 Thread 0x000000011c88b400 2027       3       javafx.scene.layout.GridPane::getColumnSpan (10 bytes)
Event: 4.939 Thread 0x000000011c88b400 nmethod 2027 0x00000001301b2c10 code [0x00000001301b2e80, 0x00000001301b3988]
Event: 4.939 Thread 0x000000011c88b400 2032       3       javafx.scene.Parent::updateBounds (44 bytes)

GC Heap History (2 events):
Event: 0.404 GC heap before
{Heap before GC invocations=0 (full 0):
 garbage-first heap   total 133120K, used 23456K [0x0000000780000000, 0x0000000800000000)
  region size 1024K, 23 young (23552K), 0 survivors (0K)
 Metaspace       used 6714K, committed 6912K, reserved 1114112K
  class space    used 857K, committed 960K, reserved 1048576K
}
Event: 0.406 GC heap after
{Heap after GC invocations=1 (full 0):
 garbage-first heap   total 133120K, used 4755K [0x0000000780000000, 0x0000000800000000)
  region size 1024K, 3 young (3072K), 3 survivors (3072K)
 Metaspace       used 6714K, committed 6912K, reserved 1114112K
  class space    used 857K, committed 960K, reserved 1048576K
}

Deoptimization events (20 events):
Event: 0.868 Thread 0x000000011d009200 DEOPT PACKING pc=0x000000013010bd48 sp=0x000000016ff491e0
Event: 0.868 Thread 0x000000011d009200 DEOPT UNPACKING pc=0x000000012f896b7c sp=0x000000016ff48e40 mode 0
Event: 0.871 Thread 0x000000011d009200 DEOPT PACKING pc=0x000000013010bd48 sp=0x000000016ff491e0
Event: 0.871 Thread 0x000000011d009200 DEOPT UNPACKING pc=0x000000012f896b7c sp=0x000000016ff48e40 mode 0
Event: 0.871 Thread 0x000000011d009200 DEOPT PACKING pc=0x000000013010bd48 sp=0x000000016ff491e0
Event: 0.871 Thread 0x000000011d009200 DEOPT UNPACKING pc=0x000000012f896b7c sp=0x000000016ff48e40 mode 0
Event: 0.871 Thread 0x000000011d009200 DEOPT PACKING pc=0x000000013010bd48 sp=0x000000016ff491e0
Event: 0.871 Thread 0x000000011d009200 DEOPT UNPACKING pc=0x000000012f896b7c sp=0x000000016ff48e40 mode 0
Event: 0.872 Thread 0x000000011d009200 DEOPT PACKING pc=0x000000013010bd48 sp=0x000000016ff491e0
Event: 0.872 Thread 0x000000011d009200 DEOPT UNPACKING pc=0x000000012f896b7c sp=0x000000016ff48e40 mode 0
Event: 0.874 Thread 0x000000011d009200 DEOPT PACKING pc=0x000000013010bd48 sp=0x000000016ff491e0
Event: 0.874 Thread 0x000000011d009200 DEOPT UNPACKING pc=0x000000012f896b7c sp=0x000000016ff48e40 mode 0
Event: 0.874 Thread 0x000000011d009200 DEOPT PACKING pc=0x000000013010bd48 sp=0x000000016ff491e0
Event: 0.874 Thread 0x000000011d009200 DEOPT UNPACKING pc=0x000000012f896b7c sp=0x000000016ff48e40 mode 0
Event: 0.875 Thread 0x000000011d009200 DEOPT PACKING pc=0x000000013010bd48 sp=0x000000016ff491e0
Event: 0.875 Thread 0x000000011d009200 DEOPT UNPACKING pc=0x000000012f896b7c sp=0x000000016ff48e40 mode 0
Event: 4.392 Thread 0x000000011d009200 DEOPT PACKING pc=0x0000000130153660 sp=0x000000016ff48a70
Event: 4.392 Thread 0x000000011d009200 DEOPT UNPACKING pc=0x000000012f896b7c sp=0x000000016ff48690 mode 0
Event: 4.745 Thread 0x000000011d009200 DEOPT PACKING pc=0x0000000130173e0c sp=0x000000016ff49400
Event: 4.745 Thread 0x000000011d009200 DEOPT UNPACKING pc=0x000000012f896b7c sp=0x000000016ff49000 mode 0

Classes loaded (20 events):
Event: 0.838 Loading class java/util/concurrent/ConcurrentLinkedQueue
Event: 0.838 Loading class java/util/concurrent/ConcurrentLinkedQueue done
Event: 0.838 Loading class java/util/concurrent/ConcurrentLinkedQueue$Node
Event: 0.838 Loading class java/util/concurrent/ConcurrentLinkedQueue$Node done
Event: 0.840 Loading class java/nio/DirectShortBufferU
Event: 0.840 Loading class java/nio/ShortBuffer
Event: 0.840 Loading class java/nio/ShortBuffer done
Event: 0.840 Loading class java/nio/DirectShortBufferU done
Event: 0.847 Loading class java/nio/DoubleBuffer
Event: 0.847 Loading class java/nio/DoubleBuffer done
Event: 0.852 Loading class jdk/internal/ref/CleanerImpl$InnocuousThreadFactory
Event: 0.852 Loading class jdk/internal/ref/CleanerImpl$InnocuousThreadFactory done
Event: 0.854 Loading class sun/misc/Unsafe
Event: 0.854 Loading class sun/misc/Unsafe done
Event: 0.854 Loading class java/lang/invoke/DirectMethodHandle$StaticAccessor
Event: 0.854 Loading class java/lang/invoke/DirectMethodHandle$StaticAccessor done
Event: 0.861 Loading class java/nio/DirectFloatBufferU
Event: 0.861 Loading class java/nio/DirectFloatBufferU done
Event: 0.866 Loading class jdk/internal/misc/ScopedMemoryAccess$Scope
Event: 0.866 Loading class jdk/internal/misc/ScopedMemoryAccess$Scope done

Classes unloaded (0 events):
No events

Classes redefined (0 events):
No events

Internal exceptions (20 events):
Event: 0.539 Thread 0x000000011d192800 Exception <a 'java/lang/ClassNotFoundException'{0x000000078799fd30}: com/sun/javafx/scene/control/skin/resources/controls-nt_en> (0x000000078799fd30) 
thrown [open/src/hotspot/share/prims/jni.cpp, line 535]
Event: 0.539 Thread 0x000000011d192800 Exception <a 'java/lang/ClassNotFoundException'{0x00000007879a0cd0}: com/sun/javafx/scene/control/skin/resources/controls-nt_en_US> (0x00000007879a0cd0) 
thrown [open/src/hotspot/share/prims/jni.cpp, line 535]
Event: 0.724 Thread 0x000000011d192800 Exception <a 'java/lang/NoSuchMethodError'{0x0000000787396358}: 'java.lang.Object java.lang.invoke.DirectMethodHandle$Holder.invokeInterface(java.lang.Object, java.lang.Object, java.lang.Object)'> (0x0000000787396358) 
thrown [open/src/hotspot/share/interpreter/linkResolver.cpp, line 759]
Event: 0.724 Thread 0x000000011d192800 Exception <a 'java/lang/IncompatibleClassChangeError'{0x0000000787399cd8}: Found class java.lang.Object, but interface was expected> (0x0000000787399cd8) 
thrown [open/src/hotspot/share/interpreter/linkResolver.cpp, line 826]
Event: 0.736 Thread 0x000000011d192800 Exception <a 'java/lang/ClassNotFoundException'{0x00000007871bb378}: com/sun/javafx/scene/control/skin/resources/controls> (0x00000007871bb378) 
thrown [open/src/hotspot/share/prims/jni.cpp, line 535]
Event: 0.737 Thread 0x000000011d192800 Exception <a 'java/lang/ClassNotFoundException'{0x00000007871c9318}: com/sun/javafx/scene/control/skin/resources/controls_en> (0x00000007871c9318) 
thrown [open/src/hotspot/share/prims/jni.cpp, line 535]
Event: 0.737 Thread 0x000000011d192800 Exception <a 'java/lang/ClassNotFoundException'{0x00000007871ca2b0}: com/sun/javafx/scene/control/skin/resources/controls_en_US> (0x00000007871ca2b0) 
thrown [open/src/hotspot/share/prims/jni.cpp, line 535]
Event: 0.747 Thread 0x000000011d192800 Exception <a 'java/lang/NoSuchMethodError'{0x0000000786f88240}: 'void java.lang.invoke.DirectMethodHandle$Holder.invokeSpecial(java.lang.Object, java.lang.Object, java.lang.Object, java.lang.Object, java.lang.Object, java.lang.Object)'> (0x0000000786f88240) 
thrown [open/src/hotspot/share/interpreter/linkResolver.cpp, line 759]
Event: 0.771 Thread 0x000000011d192800 Exception <a 'java/lang/NoSuchMethodError'{0x0000000786bd0200}: 'void java.lang.invoke.DirectMethodHandle$Holder.invokeSpecialIFC(java.lang.Object, java.lang.Object, java.lang.Object, java.lang.Object)'> (0x0000000786bd0200) 
thrown [open/src/hotspot/share/interpreter/linkResolver.cpp, line 759]
Event: 0.777 Thread 0x000000011d192800 Exception <a 'java/lang/NoSuchMethodError'{0x0000000786a47840}: 'int java.lang.invoke.DirectMethodHandle$Holder.invokeSpecial(java.lang.Object, java.lang.Object, int)'> (0x0000000786a47840) 
thrown [open/src/hotspot/share/interpreter/linkResolver.cpp, line 759]
Event: 0.777 Thread 0x000000011d192800 Exception <a 'java/lang/NoSuchMethodError'{0x0000000786a55d88}: 'int java.lang.invoke.DirectMethodHandle$Holder.invokeSpecial(java.lang.Object, java.lang.Object, java.lang.Object, int)'> (0x0000000786a55d88) 
thrown [open/src/hotspot/share/interpreter/linkResolver.cpp, line 759]
Event: 0.778 Thread 0x000000011d192800 Exception <a 'java/lang/NoSuchMethodError'{0x0000000786a68558}: 'java.lang.Object java.lang.invoke.DirectMethodHandle$Holder.invokeStatic(java.lang.Object, java.lang.Object, java.lang.Object, java.lang.Object, int)'> (0x0000000786a68558) 
thrown [open/src/hotspot/share/interpreter/linkResolver.cpp, line 759]
Event: 0.778 Thread 0x000000011d192800 Exception <a 'java/lang/NoSuchMethodError'{0x0000000786a70fe0}: 'int java.lang.invoke.DirectMethodHandle$Holder.invokeSpecial(java.lang.Object, java.lang.Object, java.lang.Object)'> (0x0000000786a70fe0) 
thrown [open/src/hotspot/share/interpreter/linkResolver.cpp, line 759]
Event: 0.786 Thread 0x000000011d192800 Exception <a 'java/lang/NoSuchMethodError'{0x0000000786ab4cb0}: 'java.lang.Object java.lang.invoke.DirectMethodHandle$Holder.newInvokeSpecial(java.lang.Object, java.lang.Object, int)'> (0x0000000786ab4cb0) 
thrown [open/src/hotspot/share/interpreter/linkResolver.cpp, line 759]
Event: 0.831 Thread 0x000000011d009200 Exception <a 'java/lang/NoSuchMethodError'{0x00000007869b2638}: 'int java.lang.invoke.DirectMethodHandle$Holder.invokeStaticInit(java.lang.Object, java.lang.Object)'> (0x00000007869b2638) 
thrown [open/src/hotspot/share/interpreter/linkResolver.cpp, line 759]
Event: 0.834 Thread 0x000000011d009200 Exception <a 'java/lang/NoSuchMethodError'{0x00000007869ece00}: 'java.lang.Object java.lang.invoke.Invokers$Holder.invokeExact_MT(java.lang.Object, java.lang.Object, java.lang.Object, java.lang.Object, java.lang.Object)'> (0x00000007869ece00) 
thrown [open/src/hotspot/share/interpreter/linkResolver.cpp, line 759]
Event: 0.839 Thread 0x000000011d192800 Exception <a 'java/lang/NoSuchMethodError'{0x0000000786514aa8}: 'long java.lang.invoke.DirectMethodHandle$Holder.invokeStatic(java.lang.Object, java.lang.Object, java.lang.Object)'> (0x0000000786514aa8) 
thrown [open/src/hotspot/share/interpreter/linkResolver.cpp, line 759]
Event: 0.839 Thread 0x000000011d192800 Exception <a 'java/lang/NoSuchMethodError'{0x0000000786518248}: 'long java.lang.invoke.DirectMethodHandle$Holder.invokeStaticInit(java.lang.Object, java.lang.Object, java.lang.Object)'> (0x0000000786518248) 
thrown [open/src/hotspot/share/interpreter/linkResolver.cpp, line 759]
Event: 0.839 Thread 0x000000011d192800 Exception <a 'java/lang/NoSuchMethodError'{0x0000000786530988}: 'java.lang.Object java.lang.invoke.DirectMethodHandle$Holder.newInvokeSpecial(java.lang.Object, java.lang.Object, long)'> (0x0000000786530988) 
thrown [open/src/hotspot/share/interpreter/linkResolver.cpp, line 759]
Event: 0.839 Thread 0x000000011d192800 Exception <a 'java/lang/NoSuchMethodError'{0x0000000786534258}: 'java.lang.Object java.lang.invoke.Invokers$Holder.linkToTargetMethod(java.lang.Object, long, java.lang.Object)'> (0x0000000786534258) 
thrown [open/src/hotspot/share/interpreter/linkResolver.cpp, line 759]

VM Operations (20 events):
Event: 0.388 Executing VM operation: HandshakeAllThreads
Event: 0.388 Executing VM operation: HandshakeAllThreads done
Event: 0.402 Executing VM operation: ICBufferFull
Event: 0.402 Executing VM operation: ICBufferFull done
Event: 0.404 Executing VM operation: G1CollectForAllocation
Event: 0.406 Executing VM operation: G1CollectForAllocation done
Event: 0.717 Executing VM operation: HandshakeAllThreads
Event: 0.717 Executing VM operation: HandshakeAllThreads done
Event: 0.727 Executing VM operation: ICBufferFull
Event: 0.727 Executing VM operation: ICBufferFull done
Event: 0.767 Executing VM operation: ICBufferFull
Event: 0.767 Executing VM operation: ICBufferFull done
Event: 1.505 Executing VM operation: ICBufferFull
Event: 1.505 Executing VM operation: ICBufferFull done
Event: 2.510 Executing VM operation: Cleanup
Event: 2.510 Executing VM operation: Cleanup done
Event: 3.515 Executing VM operation: Cleanup
Event: 3.515 Executing VM operation: Cleanup done
Event: 4.520 Executing VM operation: Cleanup
Event: 4.520 Executing VM operation: Cleanup done

Events (20 events):
Event: 0.242 Loaded shared library /Users/nicolegumula/.openjfx/cache/17/libglass.dylib
Event: 0.243 Thread 0x000000011d0ec200 Thread added: 0x000000011d0ec200
Event: 0.243 Protecting memory [0x000000016ff54000,0x000000016ff60000] with protection modes 0
Event: 0.243 Protecting memory [0x000000016ce44000,0x000000016ce50000] with protection modes 0
Event: 0.243 Thread 0x000000011d192800 Thread added: 0x000000011d192800
Event: 0.287 Thread 0x000000011d1b4000 Thread added: 0x000000011d1b4000
Event: 0.287 Protecting memory [0x0000000170160000,0x000000017016c000] with protection modes 0
Event: 0.317 Protecting memory [0x0000000170160000,0x000000017016c000] with protection modes 3
Event: 0.317 Thread 0x000000011d1b4000 Thread exited: 0x000000011d1b4000
Event: 0.338 Protecting memory [0x0000000170160000,0x000000017016c000] with protection modes 0
Event: 0.338 Thread 0x000000011e90e800 Thread added: 0x000000011e90e800
Event: 0.343 Thread 0x000000011ca2ce00 Thread added: 0x000000011ca2ce00
Event: 0.343 Protecting memory [0x00000001703f8000,0x0000000170404000] with protection modes 0
Event: 0.370 Loading shared library /Users/nicolegumula/.m2/repository/org/openjfx/javafx-graphics/17/libjavafx_font.dylib failed, dlopen(/Users/nicolegumula/.m2/repository/org/openjfx/javafx-graphics/17/libjavafx_font.dylib, 0x0001): tried: '/Users/nicolegumula/.m2/r
Event: 0.385 Loaded shared library /Users/nicolegumula/.openjfx/cache/17/libjavafx_font.dylib
Event: 0.526 Loaded shared library /Library/Java/JavaVirtualMachines/jdk-18.0.2.1.jdk/Contents/Home/lib/libjimage.dylib
Event: 0.722 Thread 0x000000011d18d800 Thread added: 0x000000011d18d800
Event: 0.722 Protecting memory [0x0000000171040000,0x000000017104c000] with protection modes 0
Event: 0.852 Thread 0x000000011cde2c00 Thread added: 0x000000011cde2c00
Event: 0.852 Protecting memory [0x000000017124c000,0x0000000171258000] with protection modes 0


Dynamic libraries:
0x00000001028f4000 	/Library/Java/JavaVirtualMachines/jdk-18.0.2.1.jdk/Contents/Home/lib/libjli.dylib
0x000000019b266000 	/usr/lib/libz.1.dylib
0x000000019b31d000 	/usr/lib/libSystem.B.dylib
0x000000019b317000 	/usr/lib/system/libcache.dylib
0x000000019b2d5000 	/usr/lib/system/libcommonCrypto.dylib
0x000000019b2fe000 	/usr/lib/system/libcompiler_rt.dylib
0x000000019b2f5000 	/usr/lib/system/libcopyfile.dylib
0x000000019053f000 	/usr/lib/system/libcorecrypto.dylib
0x00000001905f4000 	/usr/lib/system/libdispatch.dylib
0x00000001907c2000 	/usr/lib/system/libdyld.dylib
0x000000019b30d000 	/usr/lib/system/libkeymgr.dylib
0x000000019b2b0000 	/usr/lib/system/libmacho.dylib
0x000000019a9a0000 	/usr/lib/system/libquarantine.dylib
0x000000019b30a000 	/usr/lib/system/libremovefile.dylib
0x0000000195939000 	/usr/lib/system/libsystem_asl.dylib
0x00000001904e1000 	/usr/lib/system/libsystem_blocks.dylib
0x000000019067c000 	/usr/lib/system/libsystem_c.dylib
0x000000019b302000 	/usr/lib/system/libsystem_collections.dylib
0x0000000199e35000 	/usr/lib/system/libsystem_configuration.dylib
0x000000019908f000 	/usr/lib/system/libsystem_containermanager.dylib
0x000000019b00d000 	/usr/lib/system/libsystem_coreservices.dylib
0x0000000192ef3000 	/usr/lib/system/libsystem_darwin.dylib
0x000000019b30e000 	/usr/lib/system/libsystem_dnssd.dylib
0x0000000190679000 	/usr/lib/system/libsystem_featureflags.dylib
0x00000001907d7000 	/usr/lib/system/libsystem_info.dylib
0x000000019b278000 	/usr/lib/system/libsystem_m.dylib
0x00000001905c9000 	/usr/lib/system/libsystem_malloc.dylib
0x00000001958c7000 	/usr/lib/system/libsystem_networkextension.dylib
0x000000019334c000 	/usr/lib/system/libsystem_notify.dylib
0x00000001a1670000 	/usr/lib/system/libsystem_product_info_filter.dylib
0x0000000199e3a000 	/usr/lib/system/libsystem_sandbox.dylib
0x000000019b307000 	/usr/lib/system/libsystem_secinit.dylib
0x000000019077d000 	/usr/lib/system/libsystem_kernel.dylib
0x00000001907cf000 	/usr/lib/system/libsystem_platform.dylib
0x00000001907b5000 	/usr/lib/system/libsystem_pthread.dylib
0x0000000197099000 	/usr/lib/system/libsystem_symptoms.dylib
0x0000000190525000 	/usr/lib/system/libsystem_trace.dylib
0x000000019b2e2000 	/usr/lib/system/libunwind.dylib
0x00000001904e3000 	/usr/lib/system/libxpc.dylib
0x0000000190765000 	/usr/lib/libc++abi.dylib
0x000000019063b000 	/usr/lib/libobjc.A.dylib
0x000000019b2ed000 	/usr/lib/liboah.dylib
0x00000001906fe000 	/usr/lib/libc++.1.dylib
0x00000001a7198000 	/System/Library/Frameworks/Cocoa.framework/Versions/A/Cocoa
0x00000001933ad000 	/System/Library/Frameworks/AppKit.framework/Versions/C/AppKit
0x00000001968c0000 	/System/Library/Frameworks/CoreData.framework/Versions/A/CoreData
0x0000000191708000 	/System/Library/Frameworks/Foundation.framework/Versions/C/Foundation
0x0000000194265000 	/System/Library/PrivateFrameworks/UIFoundation.framework/Versions/A/UIFoundation
0x00000001a136a000 	/System/Library/PrivateFrameworks/RemoteViewServices.framework/Versions/A/RemoteViewServices
0x00000001997dd000 	/System/Library/PrivateFrameworks/XCTTargetBootstrap.framework/Versions/A/XCTTargetBootstrap
0x000000019d05d000 	/System/Library/PrivateFrameworks/InternationalSupport.framework/Versions/A/InternationalSupport
0x000000019d0e6000 	/System/Library/PrivateFrameworks/UserActivity.framework/Versions/A/UserActivity
0x000000019c554000 	/usr/lib/libspindump.dylib
0x00000001944d6000 	/System/Library/Frameworks/UniformTypeIdentifiers.framework/Versions/A/UniformTypeIdentifiers
0x0000000197d25000 	/usr/lib/libapp_launch_measurement.dylib
0x000000019724b000 	/System/Library/PrivateFrameworks/CoreAnalytics.framework/Versions/A/CoreAnalytics
0x0000000197d28000 	/System/Library/PrivateFrameworks/CoreAutoLayout.framework/Versions/A/CoreAutoLayout
0x00000001990cc000 	/System/Library/Frameworks/Metal.framework/Versions/A/Metal
0x0000000199e45000 	/usr/lib/liblangid.dylib
0x00000001997e2000 	/System/Library/PrivateFrameworks/CoreSVG.framework/Versions/A/CoreSVG
0x000000019596d000 	/System/Library/PrivateFrameworks/SkyLight.framework/Versions/A/SkyLight
0x0000000195d46000 	/System/Library/Frameworks/CoreGraphics.framework/Versions/A/CoreGraphics
0x00000001a1a36000 	/System/Library/Frameworks/Accelerate.framework/Versions/A/Accelerate
0x000000019bfcb000 	/System/Library/PrivateFrameworks/IconServices.framework/Versions/A/IconServices
0x00000001990ae000 	/System/Library/Frameworks/IOSurface.framework/Versions/A/IOSurface
0x000000019727c000 	/usr/lib/libDiagnosticMessagesClient.dylib
0x00000001a4f39000 	/System/Library/Frameworks/ApplicationServices.framework/Versions/A/ApplicationServices
0x00000001997c5000 	/System/Library/PrivateFrameworks/DFRFoundation.framework/Versions/A/DFRFoundation
0x0000000192c3d000 	/usr/lib/libicucore.A.dylib
0x000000019df0a000 	/System/Library/Frameworks/AudioToolbox.framework/Versions/A/AudioToolbox
0x000000019d069000 	/System/Library/PrivateFrameworks/DataDetectorsCore.framework/Versions/A/DataDetectorsCore
0x00000001b3a70000 	/System/Library/PrivateFrameworks/TextInput.framework/Versions/A/TextInput
0x00000001958e2000 	/usr/lib/libMobileGestalt.dylib
0x0000000199491000 	/System/Library/Frameworks/Carbon.framework/Versions/A/Frameworks/HIToolbox.framework/Versions/A/HIToolbox
0x00000001976fc000 	/System/Library/Frameworks/QuartzCore.framework/Versions/A/QuartzCore
0x00000001928be000 	/System/Library/Frameworks/Security.framework/Versions/A/Security
0x00000001a13aa000 	/System/Library/Frameworks/Carbon.framework/Versions/A/Frameworks/SpeechRecognition.framework/Versions/A/SpeechRecognition
0x0000000197a7a000 	/System/Library/PrivateFrameworks/CoreUI.framework/Versions/A/CoreUI
0x000000019219a000 	/System/Library/Frameworks/CoreAudio.framework/Versions/A/CoreAudio
0x0000000197370000 	/System/Library/Frameworks/DiskArbitration.framework/Versions/A/DiskArbitration
0x000000019c95e000 	/System/Library/PrivateFrameworks/MultitouchSupport.framework/Versions/A/MultitouchSupport
0x00000001958e0000 	/usr/lib/libenergytrace.dylib
0x0000000193275000 	/System/Library/Frameworks/IOKit.framework/Versions/A/IOKit
0x00000001a1799000 	/System/Library/Frameworks/CoreServices.framework/Versions/A/CoreServices
0x0000000197cb5000 	/System/Library/PrivateFrameworks/PerformanceAnalysis.framework/Versions/A/PerformanceAnalysis
0x00000001f1eb3000 	/System/Library/Frameworks/OpenGL.framework/Versions/A/OpenGL
0x000000019a8b8000 	/System/Library/PrivateFrameworks/MobileKeyBag.framework/Versions/A/MobileKeyBag
0x0000000196354000 	/System/Library/Frameworks/ColorSync.framework/Versions/A/ColorSync
0x0000000190804000 	/System/Library/Frameworks/CoreFoundation.framework/Versions/A/CoreFoundation
0x0000000199a61000 	/System/Library/Frameworks/CoreImage.framework/Versions/A/CoreImage
0x0000000191fbe000 	/System/Library/Frameworks/CoreText.framework/Versions/A/CoreText
0x0000000199812000 	/System/Library/Frameworks/ImageIO.framework/Versions/A/ImageIO
0x000000019b323000 	/System/Library/PrivateFrameworks/SoftLinking.framework/Versions/A/SoftLinking
0x0000000197d73000 	/usr/lib/libxml2.2.dylib
0x000000019b5bc000 	/usr/lib/libcompression.dylib
0x000000019cfb9000 	/System/Library/PrivateFrameworks/TextureIO.framework/Versions/A/TextureIO
0x000000019bce4000 	/usr/lib/libate.dylib
0x000000019bba9000 	/usr/lib/liblzma.5.dylib
0x00000001913fb000 	/System/Library/Frameworks/SystemConfiguration.framework/Versions/A/SystemConfiguration
0x000000019b31f000 	/usr/lib/libfakelink.dylib
0x0000000195412000 	/System/Library/Frameworks/CFNetwork.framework/Versions/A/CFNetwork
0x000000019b465000 	/usr/lib/libarchive.2.dylib
0x0000000199e41000 	/System/Library/PrivateFrameworks/AppleSystemInfo.framework/Versions/A/AppleSystemInfo
0x000000019a9cb000 	/usr/lib/libbsm.0.dylib
0x000000019497f000 	/usr/lib/libnetwork.dylib
0x000000019b2b9000 	/usr/lib/system/libkxld.dylib
0x000000019a5e5000 	/System/Library/PrivateFrameworks/IOMobileFramebuffer.framework/Versions/A/IOMobileFramebuffer
0x00000002101e1000 	/usr/lib/libCoreEntitlements.dylib
0x000000019afef000 	/System/Library/PrivateFrameworks/AppleFSCompression.framework/Versions/A/AppleFSCompression
0x000000019a9b3000 	/usr/lib/libcoretls.dylib
0x000000019bbc2000 	/usr/lib/libcoretls_cfhelpers.dylib
0x000000019b5b7000 	/usr/lib/libpam.2.dylib
0x0000000196cb0000 	/usr/lib/libsqlite3.dylib
0x000000019bc2b000 	/usr/lib/libxar.1.dylib
0x000000019b000000 	/usr/lib/libbz2.1.0.dylib
0x000000019b324000 	/usr/lib/libpcap.A.dylib
0x0000000197090000 	/usr/lib/libdns_services.dylib
0x000000019b58a000 	/usr/lib/libapple_nghttp2.dylib
0x000000019b361000 	/usr/lib/libiconv.2.dylib
0x000000019b2af000 	/usr/lib/libcharset.1.dylib
0x0000000197cf1000 	/System/Library/Frameworks/CoreServices.framework/Versions/A/Frameworks/FSEvents.framework/Versions/A/FSEvents
0x0000000192efe000 	/System/Library/Frameworks/CoreServices.framework/Versions/A/Frameworks/CarbonCore.framework/Versions/A/CarbonCore
0x00000001972d0000 	/System/Library/Frameworks/CoreServices.framework/Versions/A/Frameworks/Metadata.framework/Versions/A/Metadata
0x000000019b013000 	/System/Library/Frameworks/CoreServices.framework/Versions/A/Frameworks/OSServices.framework/Versions/A/OSServices
0x000000019b4eb000 	/System/Library/Frameworks/CoreServices.framework/Versions/A/Frameworks/SearchKit.framework/Versions/A/SearchKit
0x000000019701f000 	/System/Library/Frameworks/CoreServices.framework/Versions/A/Frameworks/AE.framework/Versions/A/AE
0x0000000190d4b000 	/System/Library/Frameworks/CoreServices.framework/Versions/A/Frameworks/LaunchServices.framework/Versions/A/LaunchServices
0x000000019bb52000 	/System/Library/Frameworks/CoreServices.framework/Versions/A/Frameworks/DictionaryServices.framework/Versions/A/DictionaryServices
0x0000000197cfe000 	/System/Library/Frameworks/CoreServices.framework/Versions/A/Frameworks/SharedFileList.framework/Versions/A/SharedFileList
0x000000019a9a3000 	/usr/lib/libCheckFix.dylib
0x0000000195951000 	/System/Library/PrivateFrameworks/TCC.framework/Versions/A/TCC
0x0000000199e47000 	/System/Library/PrivateFrameworks/CoreNLP.framework/Versions/A/CoreNLP
0x000000019727f000 	/System/Library/PrivateFrameworks/MetadataUtilities.framework/Versions/A/MetadataUtilities
0x00000001914b5000 	/usr/lib/libmecabra.dylib
0x000000019a9dc000 	/usr/lib/libmecab.dylib
0x0000000191481000 	/usr/lib/libCRFSuite.dylib
0x000000019aa39000 	/usr/lib/libgermantok.dylib
0x000000019b563000 	/usr/lib/libThaiTokenizer.dylib
0x0000000197378000 	/System/Library/Frameworks/Accelerate.framework/Versions/A/Frameworks/vImage.framework/Versions/A/vImage
0x00000001a1770000 	/System/Library/Frameworks/Accelerate.framework/Versions/A/Frameworks/vecLib.framework/Versions/A/vecLib
0x000000019bc70000 	/System/Library/Frameworks/Accelerate.framework/Versions/A/Frameworks/vecLib.framework/Versions/A/libvMisc.dylib
0x000000019a4ec000 	/System/Library/Frameworks/Accelerate.framework/Versions/A/Frameworks/vecLib.framework/Versions/A/libvDSP.dylib
0x00000001910d6000 	/System/Library/Frameworks/Accelerate.framework/Versions/A/Frameworks/vecLib.framework/Versions/A/libBLAS.dylib
0x000000019b68d000 	/System/Library/Frameworks/Accelerate.framework/Versions/A/Frameworks/vecLib.framework/Versions/A/libLAPACK.dylib
0x000000019aa3c000 	/System/Library/Frameworks/Accelerate.framework/Versions/A/Frameworks/vecLib.framework/Versions/A/libLinearAlgebra.dylib
0x000000019b5a2000 	/System/Library/Frameworks/Accelerate.framework/Versions/A/Frameworks/vecLib.framework/Versions/A/libSparseBLAS.dylib
0x000000019b688000 	/System/Library/Frameworks/Accelerate.framework/Versions/A/Frameworks/vecLib.framework/Versions/A/libQuadrature.dylib
0x0000000199f40000 	/System/Library/Frameworks/Accelerate.framework/Versions/A/Frameworks/vecLib.framework/Versions/A/libBNNS.dylib
0x0000000191394000 	/System/Library/Frameworks/Accelerate.framework/Versions/A/Frameworks/vecLib.framework/Versions/A/libSparse.dylib
0x0000000199f38000 	/System/Library/PrivateFrameworks/LinguisticData.framework/Versions/A/LinguisticData
0x000000019134c000 	/System/Library/PrivateFrameworks/Lexicon.framework/Versions/A/Lexicon
0x000000019bc68000 	/usr/lib/libChineseTokenizer.dylib
0x0000000191afa000 	/System/Library/PrivateFrameworks/LanguageModeling.framework/Versions/A/LanguageModeling
0x000000019b565000 	/System/Library/PrivateFrameworks/AppleSauce.framework/Versions/A/AppleSauce
0x000000019a5d2000 	/System/Library/PrivateFrameworks/CoreEmoji.framework/Versions/A/CoreEmoji
0x000000019b453000 	/usr/lib/libcmph.dylib
0x0000000197cd1000 	/System/Library/Frameworks/OpenDirectory.framework/Versions/A/Frameworks/CFOpenDirectory.framework/Versions/A/CFOpenDirectory
0x0000000197cc1000 	/System/Library/Frameworks/OpenDirectory.framework/Versions/A/OpenDirectory
0x000000019bbc4000 	/System/Library/PrivateFrameworks/APFS.framework/Versions/A/APFS
0x000000019a8f3000 	/System/Library/Frameworks/SecurityFoundation.framework/Versions/A/SecurityFoundation
0x000000019bc3a000 	/usr/lib/libutil.dylib
0x0000000193237000 	/System/Library/PrivateFrameworks/CoreServicesStore.framework/Versions/A/CoreServicesStore
0x000000019bc3e000 	/usr/lib/libxslt.1.dylib
0x000000019a987000 	/System/Library/PrivateFrameworks/BackgroundTaskManagement.framework/Versions/A/BackgroundTaskManagement
0x000000019ceda000 	/System/Library/Frameworks/ImageIO.framework/Versions/A/Resources/libRadiance.dylib
0x000000019cee3000 	/System/Library/Frameworks/ImageIO.framework/Versions/A/Resources/libJPEG.dylib
0x000000019ce36000 	/System/Library/Frameworks/ImageIO.framework/Versions/A/Resources/libPng.dylib
0x000000019ce58000 	/System/Library/Frameworks/ImageIO.framework/Versions/A/Resources/libTIFF.dylib
0x000000019cf3e000 	/System/Library/Frameworks/ImageIO.framework/Versions/A/Resources/libGIF.dylib
0x000000019c86e000 	/System/Library/Frameworks/ImageIO.framework/Versions/A/Resources/libJP2.dylib
0x000000019bf90000 	/usr/lib/libexpat.1.dylib
0x000000019c829000 	/System/Library/PrivateFrameworks/AppleJPEG.framework/Versions/A/AppleJPEG
0x000000019934d000 	/System/Library/PrivateFrameworks/FontServices.framework/libFontParser.dylib
0x0000000196fc4000 	/System/Library/PrivateFrameworks/RunningBoardServices.framework/Versions/A/RunningBoardServices
0x00000001a786e000 	/System/Library/PrivateFrameworks/IOSurfaceAccelerator.framework/Versions/A/IOSurfaceAccelerator
0x000000019c95a000 	/System/Library/PrivateFrameworks/WatchdogClient.framework/Versions/A/WatchdogClient
0x0000000191bfa000 	/System/Library/Frameworks/CoreDisplay.framework/Versions/A/CoreDisplay
0x0000000199237000 	/System/Library/Frameworks/CoreMedia.framework/Versions/A/CoreMedia
0x00000001990c2000 	/System/Library/PrivateFrameworks/IOAccelerator.framework/Versions/A/IOAccelerator
0x0000000197e61000 	/System/Library/Frameworks/CoreVideo.framework/Versions/A/CoreVideo
0x000000019b5b5000 	/System/Library/Frameworks/MetalPerformanceShaders.framework/Versions/A/MetalPerformanceShaders
0x000000019c999000 	/System/Library/Frameworks/VideoToolbox.framework/Versions/A/VideoToolbox
0x0000000196f08000 	/System/Library/PrivateFrameworks/BaseBoard.framework/Versions/A/BaseBoard
0x0000000196c96000 	/System/Library/PrivateFrameworks/ProtocolBuffer.framework/Versions/A/ProtocolBuffer
0x000000019ced5000 	/System/Library/PrivateFrameworks/GPUWrangler.framework/Versions/A/GPUWrangler
0x000000019ceb5000 	/System/Library/PrivateFrameworks/IOPresentment.framework/Versions/A/IOPresentment
0x000000019cedd000 	/System/Library/PrivateFrameworks/DSExternalDisplay.framework/Versions/A/DSExternalDisplay
0x00000001f1ea6000 	/System/Library/Frameworks/OpenGL.framework/Versions/A/Libraries/libCoreFSCache.dylib
0x00000001fccd0000 	/System/Library/PrivateFrameworks/GPUCompiler.framework/Versions/31001/Libraries/libGPUCompilerUtils.dylib
0x000000019cf43000 	/System/Library/PrivateFrameworks/CMCaptureCore.framework/Versions/A/CMCaptureCore
0x000000019c541000 	/System/Library/PrivateFrameworks/AppServerSupport.framework/Versions/A/AppServerSupport
0x000000019e7c7000 	/System/Library/PrivateFrameworks/perfdata.framework/Versions/A/perfdata
0x0000000191d1a000 	/System/Library/PrivateFrameworks/AudioToolboxCore.framework/Versions/A/AudioToolboxCore
0x0000000199210000 	/System/Library/PrivateFrameworks/caulk.framework/Versions/A/caulk
0x000000019e0bc000 	/usr/lib/libAudioStatistics.dylib
0x00000001b00c5000 	/System/Library/PrivateFrameworks/SystemPolicy.framework/Versions/A/SystemPolicy
0x000000019e328000 	/usr/lib/libSMC.dylib
0x00000001a7076000 	/System/Library/Frameworks/CoreMIDI.framework/Versions/A/CoreMIDI
0x000000019ce04000 	/usr/lib/libAudioToolboxUtility.dylib
0x00000001ac235000 	/System/Library/PrivateFrameworks/OSAServicesClient.framework/Versions/A/OSAServicesClient
0x000000019e7d4000 	/usr/lib/libperfcheck.dylib
0x00000001b0be4000 	/usr/lib/libmis.dylib
0x00000001f1f08000 	/System/Library/Frameworks/OpenGL.framework/Versions/A/Libraries/libGLU.dylib
0x00000001f1ec7000 	/System/Library/Frameworks/OpenGL.framework/Versions/A/Libraries/libGFXShared.dylib
0x00000001f20b4000 	/System/Library/Frameworks/OpenGL.framework/Versions/A/Libraries/libGL.dylib
0x00000001f1ed0000 	/System/Library/Frameworks/OpenGL.framework/Versions/A/Libraries/libGLImage.dylib
0x00000001f1ec4000 	/System/Library/Frameworks/OpenGL.framework/Versions/A/Libraries/libCVMSPluginSupport.dylib
0x00000001f1ead000 	/System/Library/Frameworks/OpenGL.framework/Versions/A/Libraries/libCoreVMClient.dylib
0x0000000199dc1000 	/System/Library/Frameworks/MetalPerformanceShaders.framework/Versions/A/Frameworks/MPSCore.framework/Versions/A/MPSCore
0x000000019af62000 	/System/Library/Frameworks/MetalPerformanceShaders.framework/Versions/A/Frameworks/MPSImage.framework/Versions/A/MPSImage
0x000000019aa51000 	/System/Library/Frameworks/MetalPerformanceShaders.framework/Versions/A/Frameworks/MPSNeuralNetwork.framework/Versions/A/MPSNeuralNetwork
0x000000019ae8a000 	/System/Library/Frameworks/MetalPerformanceShaders.framework/Versions/A/Frameworks/MPSMatrix.framework/Versions/A/MPSMatrix
0x000000019ac63000 	/System/Library/Frameworks/MetalPerformanceShaders.framework/Versions/A/Frameworks/MPSRayIntersector.framework/Versions/A/MPSRayIntersector
0x000000019aebb000 	/System/Library/Frameworks/MetalPerformanceShaders.framework/Versions/A/Frameworks/MPSNDArray.framework/Versions/A/MPSNDArray
0x00000001f4933000 	/System/Library/Frameworks/MetalPerformanceShaders.framework/Versions/A/Frameworks/MPSFunctions.framework/Versions/A/MPSFunctions
0x0000000190fac000 	/System/Library/PrivateFrameworks/MetalTools.framework/Versions/A/MetalTools
0x0000000199e3f000 	/System/Library/PrivateFrameworks/AggregateDictionary.framework/Versions/A/AggregateDictionary
0x000000019bd75000 	/usr/lib/libIOReport.dylib
0x00000001a6093000 	/System/Library/PrivateFrameworks/ASEProcessing.framework/Versions/A/ASEProcessing
0x000000019c0ea000 	/System/Library/PrivateFrameworks/FaceCore.framework/Versions/A/FaceCore
0x000000019c0dc000 	/System/Library/PrivateFrameworks/GraphVisualizer.framework/Versions/A/GraphVisualizer
0x00000001fcbe7000 	/System/Library/PrivateFrameworks/FontServices.framework/Versions/A/FontServices
0x000000019c4fd000 	/System/Library/PrivateFrameworks/OTSVG.framework/Versions/A/OTSVG
0x0000000197a2a000 	/System/Library/Frameworks/ApplicationServices.framework/Versions/A/Frameworks/ATS.framework/Versions/A/Resources/libFontRegistry.dylib
0x000000019c54a000 	/System/Library/PrivateFrameworks/FontServices.framework/libhvf.dylib
0x00000001fcbe8000 	/System/Library/PrivateFrameworks/FontServices.framework/libXTFontStaticRegistryData.dylib
0x00000001f2255000 	/System/Library/Frameworks/OpenCL.framework/Versions/A/OpenCL
0x000000019bf44000 	/System/Library/PrivateFrameworks/AppleVA.framework/Versions/A/AppleVA
0x000000019e0e4000 	/System/Library/Frameworks/ApplicationServices.framework/Versions/A/Frameworks/ATS.framework/Versions/A/ATS
0x0000000196453000 	/System/Library/Frameworks/ApplicationServices.framework/Versions/A/Frameworks/HIServices.framework/Versions/A/HIServices
0x000000019cf4d000 	/System/Library/Frameworks/ApplicationServices.framework/Versions/A/Frameworks/PrintCore.framework/Versions/A/PrintCore
0x000000019e47b000 	/System/Library/Frameworks/ApplicationServices.framework/Versions/A/Frameworks/QD.framework/Versions/A/QD
0x000000019e473000 	/System/Library/Frameworks/ApplicationServices.framework/Versions/A/Frameworks/ColorSyncLegacy.framework/Versions/A/ColorSyncLegacy
0x000000019e0d0000 	/System/Library/Frameworks/ApplicationServices.framework/Versions/A/Frameworks/SpeechSynthesis.framework/Versions/A/SpeechSynthesis
0x000000019cf0e000 	/System/Library/Frameworks/ApplicationServices.framework/Versions/A/Frameworks/ATSUI.framework/Versions/A/ATSUI
0x000000019e408000 	/usr/lib/libcups.2.dylib
0x000000019e7e2000 	/System/Library/Frameworks/Kerberos.framework/Versions/A/Kerberos
0x000000019e7f3000 	/System/Library/Frameworks/GSS.framework/Versions/A/GSS
0x000000019e154000 	/usr/lib/libresolv.9.dylib
0x000000019c559000 	/System/Library/PrivateFrameworks/Heimdal.framework/Versions/A/Heimdal
0x00000001a52c9000 	/System/Library/Frameworks/Kerberos.framework/Versions/A/Libraries/libHeimdalProxy.dylib
0x00000001970a2000 	/System/Library/Frameworks/Network.framework/Versions/A/Network
0x000000019bfab000 	/usr/lib/libheimdal-asn1.dylib
0x000000019e843000 	/System/Library/PrivateFrameworks/CommonAuth.framework/Versions/A/CommonAuth
0x000000019e04a000 	/System/Library/PrivateFrameworks/AudioSession.framework/Versions/A/AudioSession
0x000000019c03d000 	/System/Library/PrivateFrameworks/MediaExperience.framework/Versions/A/MediaExperience
0x000000019ded0000 	/System/Library/PrivateFrameworks/AudioSession.framework/libSessionUtility.dylib
0x000000019e487000 	/System/Library/PrivateFrameworks/AudioResourceArbitration.framework/Versions/A/AudioResourceArbitration
0x00000001a264d000 	/System/Library/PrivateFrameworks/PowerLog.framework/Versions/A/PowerLog
0x000000019bfb5000 	/System/Library/PrivateFrameworks/IconFoundation.framework/Versions/A/IconFoundation
0x00000001a1396000 	/System/Library/PrivateFrameworks/SpeechRecognitionCore.framework/Versions/A/SpeechRecognitionCore
0x0000000107f54000 	/Library/Java/JavaVirtualMachines/jdk-18.0.2.1.jdk/Contents/Home/lib/server/libjvm.dylib
0x0000000102954000 	/Library/Java/JavaVirtualMachines/jdk-18.0.2.1.jdk/Contents/Home/lib/libjimage.dylib
0x0000000102ab0000 	/Library/Java/JavaVirtualMachines/jdk-18.0.2.1.jdk/Contents/Home/lib/libjava.dylib
0x0000000102d24000 	/Library/Java/JavaVirtualMachines/jdk-18.0.2.1.jdk/Contents/Home/lib/libnio.dylib
0x0000000102d44000 	/Library/Java/JavaVirtualMachines/jdk-18.0.2.1.jdk/Contents/Home/lib/libnet.dylib
0x0000000102a94000 	/Library/Java/JavaVirtualMachines/jdk-18.0.2.1.jdk/Contents/Home/lib/libzip.dylib
0x0000000102d64000 	/Users/nicolegumula/.openjfx/cache/17/libprism_es2.dylib
0x00000001931fa000 	/System/Library/PrivateFrameworks/CoreServicesInternal.framework/Versions/A/CoreServicesInternal
0x00000001f20be000 	/System/Library/Frameworks/OpenGL.framework/Versions/A/Resources/GLEngine.bundle/GLEngine
0x00000001f1f46000 	/System/Library/Frameworks/OpenGL.framework/Versions/A/Libraries/libGLProgrammability.dylib
0x0000000102f64000 	/System/Library/Extensions/AppleMetalOpenGLRenderer.bundle/Contents/MacOS/AppleMetalOpenGLRenderer
0x00000001f222d000 	/System/Library/Frameworks/OpenGL.framework/Versions/A/Resources/GLRendererFloat.bundle/GLRendererFloat
0x00000001f2daf000 	/System/Library/Extensions/AGXMetalG14G.bundle/Contents/MacOS/AGXMetalG14G
0x00000001b0c00000 	/System/Library/PrivateFrameworks/GPURawCounter.framework/Versions/A/GPURawCounter
0x00000001ab396000 	/System/Library/PrivateFrameworks/IOGPU.framework/Versions/A/IOGPU
0x0000000107de0000 	/Users/nicolegumula/.openjfx/cache/17/libglass.dylib
0x00000001a28a5000 	/System/Library/Frameworks/FileProvider.framework/Versions/A/FileProvider
0x0000000196e70000 	/System/Library/Frameworks/Accounts.framework/Versions/A/Accounts
0x00000001a2a29000 	/System/Library/PrivateFrameworks/GenerationalStorage.framework/Versions/A/GenerationalStorage
0x00000001a35ee000 	/System/Library/PrivateFrameworks/CoreSymbolication.framework/Versions/A/CoreSymbolication
0x00000001a2641000 	/System/Library/PrivateFrameworks/SymptomDiagnosticReporter.framework/Versions/A/SymptomDiagnosticReporter
0x00000001944ea000 	/System/Library/PrivateFrameworks/DesktopServicesPriv.framework/Versions/A/DesktopServicesPriv
0x000000019335c000 	/usr/lib/libsandbox.1.dylib
0x0000000197eef000 	/System/Library/PrivateFrameworks/UserManagement.framework/Versions/A/UserManagement
0x00000001a35ab000 	/System/Library/PrivateFrameworks/DebugSymbols.framework/Versions/A/DebugSymbols
0x000000019e466000 	/System/Library/PrivateFrameworks/NetAuth.framework/Versions/A/NetAuth
0x000000019f387000 	/System/Library/PrivateFrameworks/Sharing.framework/Versions/A/Sharing
0x0000000197ebf000 	/System/Library/PrivateFrameworks/login.framework/Versions/A/Frameworks/loginsupport.framework/Versions/A/loginsupport
0x00000001a47e0000 	/System/Library/PrivateFrameworks/Apple80211.framework/Versions/A/Apple80211
0x000000019b046000 	/System/Library/PrivateFrameworks/AuthKit.framework/Versions/A/AuthKit
0x000000019a6ce000 	/System/Library/PrivateFrameworks/CoreUtils.framework/Versions/A/CoreUtils
0x000000019a5f1000 	/System/Library/Frameworks/CoreWLAN.framework/Versions/A/CoreWLAN
0x000000019f4f7000 	/System/Library/Frameworks/IOBluetooth.framework/Versions/A/IOBluetooth
0x00000001a4840000 	/System/Library/PrivateFrameworks/CoreWiFi.framework/Versions/A/CoreWiFi
0x00000001a318b000 	/System/Library/PrivateFrameworks/FrontBoardServices.framework/Versions/A/FrontBoardServices
0x00000001a3223000 	/System/Library/PrivateFrameworks/BoardServices.framework/Versions/A/BoardServices
0x000000019a8e1000 	/System/Library/PrivateFrameworks/AssertionServices.framework/Versions/A/AssertionServices
0x00000001a49bd000 	/System/Library/PrivateFrameworks/BackBoardServices.framework/Versions/A/BackBoardServices
0x000000019e8da000 	/System/Library/PrivateFrameworks/CorePhoneNumbers.framework/Versions/A/CorePhoneNumbers
0x000000019e181000 	/System/Library/PrivateFrameworks/MultiverseSupport.framework/Versions/A/MultiverseSupport
0x00000001a4c3e000 	/System/Library/PrivateFrameworks/RemoteServiceDiscovery.framework/Versions/A/RemoteServiceDiscovery
0x00000001a2771000 	/System/Library/PrivateFrameworks/DiskManagement.framework/Versions/A/DiskManagement
0x00000001a2674000 	/System/Library/PrivateFrameworks/AppleIDAuthSupport.framework/Versions/A/AppleIDAuthSupport
0x00000001f716f000 	/System/Library/PrivateFrameworks/AAAFoundation.framework/Versions/A/AAAFoundation
0x000000019e8b9000 	/System/Library/PrivateFrameworks/KeychainCircle.framework/Versions/A/KeychainCircle
0x00000001a4c4e000 	/System/Library/PrivateFrameworks/RemoteXPC.framework/Versions/A/RemoteXPC
0x00000001a273d000 	/System/Library/PrivateFrameworks/MediaKit.framework/Versions/A/MediaKit
0x00000001a2681000 	/System/Library/Frameworks/DiscRecording.framework/Versions/A/DiscRecording
0x000000019bec0000 	/usr/lib/libCoreStorage.dylib
0x00000001a4cba000 	/usr/lib/libcsfde.dylib
0x000000019f5cc000 	/System/Library/PrivateFrameworks/ProtectedCloudStorage.framework/Versions/A/ProtectedCloudStorage
0x00000001a4cb2000 	/System/Library/PrivateFrameworks/EFILogin.framework/Versions/A/EFILogin
0x00000001a2a50000 	/System/Library/PrivateFrameworks/OctagonTrust.framework/Versions/A/OctagonTrust
0x00000001fbd6e000 	/System/Library/PrivateFrameworks/CoreUtilsExtras.framework/Versions/A/CoreUtilsExtras
0x00000001a25a6000 	/System/Library/Frameworks/CoreBluetooth.framework/Versions/A/CoreBluetooth
0x00000001a534e000 	/System/Library/Frameworks/AudioUnit.framework/Versions/A/AudioUnit
0x000000019beb8000 	/usr/lib/libMatch.1.dylib
0x00000001b50e6000 	/System/Library/Frameworks/Accelerate.framework/Versions/A/Frameworks/vImage.framework/Versions/A/Libraries/libCGInterfaces.dylib
0x000000010efe0000 	/usr/lib/libobjc-trampolines.dylib
0x000000021033e000 	/usr/lib/libRosetta.dylib
0x0000000197bb9000 	/System/Library/PrivateFrameworks/ViewBridge.framework/Versions/A/ViewBridge
0x000000011ff6c000 	/Users/nicolegumula/.openjfx/cache/17/libjavafx_font.dylib
0x000000019c61c000 	/System/Library/PrivateFrameworks/login.framework/Versions/A/login
0x00000001a1abf000 	/System/Library/PrivateFrameworks/SystemAdministration.framework/Versions/A/SystemAdministration
0x000000019d154000 	/System/Library/Frameworks/MediaToolbox.framework/Versions/A/MediaToolbox
0x00000001a135e000 	/System/Library/Frameworks/DirectoryService.framework/Versions/A/DirectoryService
0x00000001a4b47000 	/System/Library/PrivateFrameworks/DiskImages.framework/Versions/A/DiskImages
0x000000019a992000 	/System/Library/Frameworks/ServiceManagement.framework/Versions/A/ServiceManagement
0x00000001a4d30000 	/System/Library/PrivateFrameworks/LoginUIKit.framework/Versions/A/Frameworks/LoginUICore.framework/Versions/A/LoginUICore
0x000000019c7d2000 	/usr/lib/libodfde.dylib
0x00000001a2871000 	/System/Library/PrivateFrameworks/CoreAVCHD.framework/Versions/A/CoreAVCHD
0x00000001a1a81000 	/System/Library/Frameworks/MediaAccessibility.framework/Versions/A/MediaAccessibility
0x00000001a286d000 	/System/Library/PrivateFrameworks/Mangrove.framework/Versions/A/Mangrove
0x00000001a1a8e000 	/System/Library/PrivateFrameworks/AlgosScoreFramework.framework/Versions/A/AlgosScoreFramework
0x00000001f8e50000 	/System/Library/PrivateFrameworks/CMPhoto.framework/Versions/A/CMPhoto
0x00000001a2861000 	/System/Library/PrivateFrameworks/CoreAUC.framework/Versions/A/CoreAUC
0x00000001a4cc6000 	/usr/lib/libcurl.4.dylib
0x00000002106e6000 	/usr/lib/libcrypto.46.dylib
0x0000000210b8f000 	/usr/lib/libssl.48.dylib
0x00000001a49dd000 	/System/Library/Frameworks/LDAP.framework/Versions/A/LDAP
0x00000001a4a19000 	/System/Library/PrivateFrameworks/TrustEvaluationAgent.framework/Versions/A/TrustEvaluationAgent
0x000000019e16d000 	/usr/lib/libsasl2.2.dylib
0x00000001a1ab4000 	/System/Library/PrivateFrameworks/CoreDaemon.framework/Versions/B/CoreDaemon
0x00000001a1aae000 	/System/Library/PrivateFrameworks/AppleSRP.framework/Versions/A/AppleSRP


VM Arguments:
jvm_args: -XX:+ShowCodeDetailsInExceptionMessages --module-path=/Users/nicolegumula/Documents/github/projectfx3/target/classes:/Users/nicolegumula/.m2/repository/org/openjfx/javafx-controls/17/javafx-controls-17-mac-aarch64.jar:/Users/nicolegumula/.m2/repository/org/openjfx/javafx-graphics/17/javafx-graphics-17-mac-aarch64.jar:/Users/nicolegumula/.m2/repository/org/openjfx/javafx-base/17/javafx-base-17-mac-aarch64.jar:/Users/nicolegumula/.m2/repository/org/openjfx/javafx-fxml/17/javafx-fxml-17-mac-aarch64.jar -Djdk.module.main=edu.guilford 
java_command: edu.guilford/edu.guilford.App
java_class_path (initial): /Users/nicolegumula/.m2/repository/org/openjfx/javafx-controls/17/javafx-controls-17.jar:/Users/nicolegumula/.m2/repository/org/openjfx/javafx-graphics/17/javafx-graphics-17.jar:/Users/nicolegumula/.m2/repository/org/openjfx/javafx-base/17/javafx-base-17.jar:/Users/nicolegumula/.m2/repository/org/openjfx/javafx-fxml/17/javafx-fxml-17.jar
Launcher Type: SUN_STANDARD

[Global flags]
     intx CICompilerCount                          = 4                                         {product} {ergonomic}
     uint ConcGCThreads                            = 2                                         {product} {ergonomic}
     uint G1ConcRefinementThreads                  = 8                                         {product} {ergonomic}
   size_t G1HeapRegionSize                         = 1048576                                   {product} {ergonomic}
    uintx GCDrainStackTargetSize                   = 64                                        {product} {ergonomic}
   size_t InitialHeapSize                          = 134217728                                 {product} {ergonomic}
   size_t MarkStackSize                            = 4194304                                   {product} {ergonomic}
   size_t MaxHeapSize                              = 2147483648                                {product} {ergonomic}
   size_t MaxNewSize                               = 1287651328                                {product} {ergonomic}
   size_t MinHeapDeltaBytes                        = 1048576                                   {product} {ergonomic}
   size_t MinHeapSize                              = 8388608                                   {product} {ergonomic}
    uintx NonNMethodCodeHeapSize                   = 5839564                                {pd product} {ergonomic}
    uintx NonProfiledCodeHeapSize                  = 122909338                              {pd product} {ergonomic}
    uintx ProfiledCodeHeapSize                     = 122909338                              {pd product} {ergonomic}
    uintx ReservedCodeCacheSize                    = 251658240                              {pd product} {ergonomic}
     bool SegmentedCodeCache                       = true                                      {product} {ergonomic}
     bool ShowCodeDetailsInExceptionMessages       = true                                   {manageable} {command line}
   size_t SoftMaxHeapSize                          = 2147483648                             {manageable} {ergonomic}
     bool UseCompressedClassPointers               = true                           {product lp64_product} {ergonomic}
     bool UseCompressedOops                        = true                           {product lp64_product} {ergonomic}
     bool UseG1GC                                  = true                                      {product} {ergonomic}
     bool UseNUMA                                  = false                                     {product} {ergonomic}
     bool UseNUMAInterleaving                      = false                                     {product} {ergonomic}

Logging:
Log output configuration:
 #0: stdout all=warning uptime,level,tags foldmultilines=false
 #1: stderr all=off uptime,level,tags foldmultilines=false

Environment Variables:
PATH=/usr/local/bin:/usr/bin:/bin:/usr/sbin:/sbin
SHELL=/bin/zsh
LANG=en_US.UTF-8

Signal Handlers:
   SIGSEGV: _ZL13crash_handleriP9__siginfoPv in libjvm.dylib, mask=11100110000111110111111111111111, flags=SA_RESTART|SA_SIGINFO
    SIGBUS: _ZL13crash_handleriP9__siginfoPv in libjvm.dylib, mask=11100110000111110111111111111111, flags=SA_RESTART|SA_SIGINFO
    SIGFPE: _ZL13crash_handleriP9__siginfoPv in libjvm.dylib, mask=11100110000111110111111111111111, flags=SA_RESTART|SA_SIGINFO
   SIGPIPE: _ZL17javaSignalHandleriP9__siginfoPv in libjvm.dylib, mask=11100110000111110111111111111111, flags=SA_RESTART|SA_SIGINFO
   SIGXFSZ: _ZL17javaSignalHandleriP9__siginfoPv in libjvm.dylib, mask=11100110000111110111111111111111, flags=SA_RESTART|SA_SIGINFO
    SIGILL: _ZL13crash_handleriP9__siginfoPv in libjvm.dylib, mask=11100110000111110111111111111111, flags=SA_RESTART|SA_SIGINFO
   SIGUSR2: _ZL10SR_handleriP9__siginfoP17__darwin_ucontext in libjvm.dylib, mask=00000000000000000000000000000000, flags=SA_RESTART|SA_SIGINFO
    SIGHUP: _ZL11UserHandleriPvS_ in libjvm.dylib, mask=11100110000111110111111111111111, flags=SA_RESTART|SA_SIGINFO
    SIGINT: _ZL11UserHandleriPvS_ in libjvm.dylib, mask=11100110000111110111111111111111, flags=SA_RESTART|SA_SIGINFO
   SIGTERM: _ZL11UserHandleriPvS_ in libjvm.dylib, mask=11100110000111110111111111111111, flags=SA_RESTART|SA_SIGINFO
   SIGQUIT: _ZL11UserHandleriPvS_ in libjvm.dylib, mask=11100110000111110111111111111111, flags=SA_RESTART|SA_SIGINFO
   SIGTRAP: _ZL13crash_handleriP9__siginfoPv in libjvm.dylib, mask=11100110000111110111111111111111, flags=SA_RESTART|SA_SIGINFO


---------------  S Y S T E M  ---------------

OS:
uname: Darwin 21.5.0 Darwin Kernel Version 21.5.0: Tue Apr 26 20:57:23 PDT 2022; root:xnu-8020.121.3~2/RELEASE_ARM64_T8110 arm64
OS uptime: 0 days 13:08 hours
rlimit (soft/hard): STACK 8176k/65520k , CORE 0k/infinity , NPROC 1333/2000 , NOFILE 10240/infinity , AS infinity/infinity , CPU infinity/infinity , DATA infinity/infinity , FSIZE infinity/infinity , MEMLOCK infinity/infinity , RSS infinity/infinity
load average: 1.80 1.53 1.52

CPU: total 8 (initial active 8) 0x61:0x0:0xda33d83d:0, fp, simd, aes, pmull, crc, lse

Memory: 16k page, physical 8388608k(96320k free), swap 1048576k(974848k free)

vm_info: Java HotSpot(TM) 64-Bit Server VM (18.0.2.1+1-1) for bsd-aarch64 JRE (18.0.2.1+1-1), built on Aug 16 2022 00:50:09 by "mach5one" with clang Apple LLVM 12.0.0 (clang-1200.0.32.29)

END.
