#
# A fatal error has been detected by the Java Runtime Environment:
#
#  SIGBUS (0xa) at pc=0x0000000111f754f0, pid=99839, tid=29451
#
# JRE version: Java(TM) SE Runtime Environment (18.0.2.1+1) (build 18.0.2.1+1-1)
# Java VM: Java HotSpot(TM) 64-Bit Server VM (18.0.2.1+1-1, mixed mode, sharing, tiered, compressed oops, compressed class ptrs, g1 gc, bsd-aarch64)
# Problematic frame:
# v  ~StubRoutines::SafeFetchN
#
# No core dump will be written. Core dumps have been disabled. To enable core dumping, try "ulimit -c unlimited" before starting Java again
#
# If you would like to submit a bug report, please visit:
#   https://bugreport.java.com/bugreport/crash.jsp
# The crash happened outside the Java Virtual Machine in native code.
# See problematic frame for where to report the bug.
#

---------------  S U M M A R Y ------------

Command Line: -XX:+ShowCodeDetailsInExceptionMessages --module-path=/Users/nicolegumula/Documents/github/projectfx3/target/classes:/Users/nicolegumula/.m2/repository/org/openjfx/javafx-controls/17/javafx-controls-17-mac-aarch64.jar:/Users/nicolegumula/.m2/repository/org/openjfx/javafx-graphics/17/javafx-graphics-17-mac-aarch64.jar:/Users/nicolegumula/.m2/repository/org/openjfx/javafx-base/17/javafx-base-17-mac-aarch64.jar:/Users/nicolegumula/.m2/repository/org/openjfx/javafx-fxml/17/javafx-fxml-17-mac-aarch64.jar -Djdk.module.main=edu.guilford edu.guilford/edu.guilford.App

Host: "Mac14,2" arm64, 8 cores, 8G, Darwin 21.5.0, macOS 12.4 (21F2081)
Time: Wed Apr 26 20:40:09 2023 EDT elapsed time: 5.009229 seconds (0d 0h 0m 5s)

---------------  T H R E A D  ---------------

Current thread (0x000000012e087400):  JavaThread "InvokeLaterDispatcher" daemon [_thread_in_native, id=29451, stack(0x000000016e5d0000,0x000000016e7d3000)]

Stack: [0x000000016e5d0000,0x000000016e7d3000],  sp=0x000000016e7d27d0,  free space=2057k
Native frames: (J=compiled Java code, j=interpreted, Vv=VM code, C=native code)
v  ~StubRoutines::SafeFetchN
V  [libjvm.dylib+0x7cf0dc]  _ZN10OopStorage7releaseEPKP7oopDesc+0x20
V  [libjvm.dylib+0x4f75e8]  jni_DeleteGlobalRef+0xc0
C  [libglass.dylib+0xab08]  -[GlassRunnable dealloc]+0x34
C  [Foundation+0x85318]  -[_NSThreadPerformInfo dealloc]+0x30
C  [Foundation+0x518ac]  -[NSObject(NSThreadPerformAdditions) performSelectorOnMainThread:withObject:waitUntilDone:]+0x88
C  0x5209800111f7d8ac
j  com.sun.glass.ui.mac.MacApplication.submitForLaterInvocation(Ljava/lang/Runnable;)V+2 javafx.graphics
j  com.sun.glass.ui.InvokeLaterDispatcher.run()V+82 javafx.graphics
v  ~StubRoutines::call_stub
V  [libjvm.dylib+0x49eb20]  _ZN9JavaCalls11call_helperEP9JavaValueRK12methodHandleP17JavaCallArgumentsP10JavaThread+0x38c
V  [libjvm.dylib+0x49db3c]  _ZN9JavaCalls12call_virtualEP9JavaValueP5KlassP6SymbolS5_P17JavaCallArgumentsP10JavaThread+0x11c
V  [libjvm.dylib+0x49dc08]  _ZN9JavaCalls12call_virtualEP9JavaValue6HandleP5KlassP6SymbolS6_P10JavaThread+0x64
V  [libjvm.dylib+0x54fdf8]  _ZL12thread_entryP10JavaThreadS0_+0x9c
V  [libjvm.dylib+0x919c88]  _ZN10JavaThread17thread_main_innerEv+0xa0
V  [libjvm.dylib+0x9186e8]  _ZN6Thread8call_runEv+0xe0
V  [libjvm.dylib+0x7d58c0]  _ZL19thread_native_entryP6Thread+0x158
C  [libsystem_pthread.dylib+0x726c]  _pthread_start+0x94

Java frames: (J=compiled Java code, j=interpreted, Vv=VM code)
j  com.sun.glass.ui.mac.MacApplication._submitForLaterInvocation(Ljava/lang/Runnable;)V+0 javafx.graphics
j  com.sun.glass.ui.mac.MacApplication.submitForLaterInvocation(Ljava/lang/Runnable;)V+2 javafx.graphics
j  com.sun.glass.ui.InvokeLaterDispatcher.run()V+82 javafx.graphics
v  ~StubRoutines::call_stub

siginfo: si_signo: 10 (SIGBUS), si_code: 1 (BUS_ADRALN), si_addr: 0x0000000111f754f0

Register to memory mapping:

 x0=0x0000000138f4bfc8 is a global jni handle
 x1=0x0 is NULL
 x2=0x0000000786178cd0 is an oop: com.sun.glass.ui.InvokeLaterDispatcher$Future 
{0x0000000786178cd0} - klass: 'com/sun/glass/ui/InvokeLaterDispatcher$Future'
 - ---- fields (total size 3 words):
 - private 'done' 'Z' @12  true
 - private final 'runnable' 'Ljava/lang/Runnable;' @16  a 'com/sun/javafx/tk/quantum/QuantumToolkit$$Lambda$81+0x0000000800c38f48'{0x0000000786848598} (f0d090b3)
 - final synthetic 'this$0' 'Lcom/sun/glass/ui/InvokeLaterDispatcher;' @20  a 'com/sun/glass/ui/InvokeLaterDispatcher'{0x0000000786835548} (f0d06aa9)
 x3=0x0 is NULL
 x4=0x00000000000130a8 is an unknown value
 x5=0x0 is NULL
 x6=0x0 is NULL
 x7=0x0 is NULL
 x8=0x0000000111f754ec is at begin+0 in a stub
StubRoutines::SafeFetchN [0x0000000111f754ec, 0x0000000111f754f8] (12 bytes)
 x9=0x0 is NULL
x10=0x2010000030300000 is an unknown value
x11=0x0000000000000007 is an unknown value
x12=0x0 is NULL
x13=0x0000000138fa07d0 points into unknown readable memory: 0x0000000800059578 | 78 95 05 00 08 00 00 00
x14=0x00000d0000000000 is an unknown value
x15=0x000000012eeb1f98: OBJC_CLASS_$_GlassRunnable+0 in /Users/nicolegumula/.openjfx/cache/17/libglass.dylib at 0x000000012ee6c000
x16=0x00000001c09f30fc: pthread_getspecific+0 in /usr/lib/system/libsystem_pthread.dylib at 0x00000001c09f1000
x17=0x000000012de93d60 points into unknown readable memory: 0xfffffffffffffffe | fe ff ff ff ff ff ff ff
x18=0x0 is NULL
x19=0x0000000138f40c00 points into unknown readable memory: 0x0000000138f40e80 | 80 0e f4 38 01 00 00 00
x20=0x0000000138f4bdc0 points into unknown readable memory: 0xfffffffec70b426f | 6f 42 0b c7 fe ff ff ff
x21=0x0000000138f4bfc8 is a global jni handle
x22=0x000000012e087400 is a thread
x23=0x0000000000000001 is an unknown value
x24=0x0000000138f4bf80 is a global jni handle
x25=0x000000010a31ece8: _ZN12StubRoutines17_safefetchN_entryE+0 in /Library/Java/JavaVirtualMachines/jdk-18.0.2.1.jdk/Contents/Home/lib/server/libjvm.dylib at 0x0000000109754000
x26=0x000000012751ac20 is pointing into metadata
x27=0x0 is NULL
x28=0x000000012e087400 is a thread


Registers:
 x0=0x0000000138f4bfc8  x1=0x0000000000000000  x2=0x0000000786178cd0  x3=0x0000000000000000
 x4=0x00000000000130a8  x5=0x0000000000000000  x6=0x0000000000000000  x7=0x0000000000000000
 x8=0x0000000111f754ec  x9=0x0000000000000000 x10=0x2010000030300000 x11=0x0000000000000007
x12=0x0000000000000000 x13=0x0000000138fa07d0 x14=0x00000d0000000000 x15=0x000000012eeb1f98
x16=0x00000001c09f30fc x17=0x000000012de93d60 x18=0x0000000000000000 x19=0x0000000138f40c00
x20=0x0000000138f4bdc0 x21=0x0000000138f4bfc8 x22=0x000000012e087400 x23=0x0000000000000001
x24=0x0000000138f4bf80 x25=0x000000010a31ece8 x26=0x000000012751ac20 x27=0x0000000000000000
x28=0x000000012e087400  fp=0x000000016e7d2810  lr=0x0000000109f21ed0  sp=0x000000016e7d27d0
pc=0x0000000111f754f0 cpsr=0x0000000060001000
Top of Stack: (sp=0x000000016e7d27d0)
0x000000016e7d27d0:   000000012751ac20 0000000000000001
0x000000016e7d27e0:   000000016e7d29c8 000000012c00aeb0
0x000000016e7d27f0:   0000000000000000 0000000138f4bf80
0x000000016e7d2800:   0000000138f4bf80 0000000138f40c00
0x000000016e7d2810:   000000016e7d2850 0000000109f230dc
0x000000016e7d2820:   0000000000000001 0000000138f4bf80
0x000000016e7d2830:   0000000000000000 0000000138f4bf80
0x000000016e7d2840:   0000000000000001 000000012e082000
0x000000016e7d2850:   000000016e7d2880 0000000109c4b5e8
0x000000016e7d2860:   000000012c00a8c0 000000020acc87dc
0x000000016e7d2870:   0000000000000000 000000012c00a8c0
0x000000016e7d2880:   000000016e7d28b0 000000012ee76b08
0x000000016e7d2890:   ab6523be68f00030 0000000000000000
0x000000016e7d28a0:   0000000000000000 000000012c00a880
0x000000016e7d28b0:   000000016e7d28f0 00000001c19c9318
0x000000016e7d28c0:   000000016e7d29c8 000000012c00aeb0
0x000000016e7d28d0:   000000012c00a8c0 ab6523be68f00030
0x000000016e7d28e0:   0000000000000000 0000000000000000
0x000000016e7d28f0:   000000016e7d2930 054f8001c19958ac
0x000000016e7d2900:   000000016e7d29c8 0000000111f7c7c0
0x000000016e7d2910:   0000000000000000 000000010a3267a0
0x000000016e7d2920:   000000016e7d2940 0000000111f7b730
0x000000016e7d2930:   000000016e7d29a0 5209800111f7d8ac
0x000000016e7d2940:   0000000000000001 0000000786178cb0
0x000000016e7d2950:   000000016e7d2950 0000000000000000
0x000000016e7d2960:   000000016e7d29c8 000000012751ac20
0x000000016e7d2970:   0000000786821670 0000000000000000
0x000000016e7d2980:   0000000000000000 00000001274f10f0
0x000000016e7d2990:   0000000000000000 000000016e7d29a0
0x000000016e7d29a0:   000000016e7d2a20 0000000111f79fc8
0x000000016e7d29b0:   0000000000000000 0000000000000000
0x000000016e7d29c0:   0000000786178cd0 00000007868216e8 

Instructions: (pc=0x0000000111f754f0)
0x0000000111f753f0:   f2a145c9 f2c00029 6d425935 1e640886
0x0000000111f75400:   0c402d31 1e6408c7 1f5654d0 1e6c1017
0x0000000111f75410:   1f5050d0 1f504cd0 1f5048d0 1e650af6
0x0000000111f75420:   1f50d8f6 1f5694d6 1f5158f6 1e762880
0x0000000111f75430:   36000501 1e614000 14000026 2e251ca5
0x0000000111f75440:   d2963009 f2a145c9 f2c00029 6d425d36
0x0000000111f75450:   1e600806 0c402d32 1f5758c7 1e6c101a
0x0000000111f75460:   1f4754c7 1e650805 1f4750c7 d2866668
0x0000000111f75470:   f2a7fa68 1f474cc7 1e6608c0 1f4748c7
0x0000000111f75480:   1e6e1019 eb08007f 540000ac 1f479400
0x0000000111f75490:   1f460340 1e603b20 1400000e d2a7fd29
0x0000000111f754a0:   eb09007f 540000ac 51480069 d3607d29
0x0000000111f754b0:   9e670121 14000002 1e6a5001 1f679417
0x0000000111f754c0:   1f668742 1e613b23 1e773857 1e773860
0x0000000111f754d0:   a8c17ff3 910003bf a8c17bfd d65f03c0
0x0000000111f754e0:   b9400001 aa0103e0 d65f03c0 f9400001
0x0000000111f754f0:   aa0103e0 d65f03c0 00000000 00000000
0x0000000111f75500:   00000000 00000000 00000000 00000000
0x0000000111f75510:   00000000 00000000 00000000 00000000
0x0000000111f75520:   00000000 00000000 00000000 00000000
0x0000000111f75530:   00000000 00000000 00000000 00000000
0x0000000111f75540:   00000000 00000000 00000000 00000000
0x0000000111f75550:   00000000 00000000 00000000 00000000
0x0000000111f75560:   00000000 00000000 00000000 00000000
0x0000000111f75570:   00000000 00000000 00000000 00000000
0x0000000111f75580:   00000000 00000000 00000000 00000000
0x0000000111f75590:   00000000 00000000 00000000 00000000
0x0000000111f755a0:   00000000 00000000 00000000 00000000
0x0000000111f755b0:   00000000 00000000 00000000 00000000
0x0000000111f755c0:   00000000 00000000 00000000 00000000
0x0000000111f755d0:   00000000 00000000 00000000 00000000
0x0000000111f755e0:   00000000 00000000 00000000 00000000 


Stack slot to memory mapping:
stack at sp + 0 slots: 0x000000012751ac20 is pointing into metadata
stack at sp + 1 slots: 0x0000000000000001 is an unknown value
stack at sp + 2 slots: 0x000000016e7d29c8 is pointing into the stack for thread: 0x000000012e087400
stack at sp + 3 slots: 0x000000012c00aeb0 points into unknown readable memory: 0x01000002193da031 | 31 a0 3d 19 02 00 00 01
stack at sp + 4 slots: 0x0 is NULL
stack at sp + 5 slots: 0x0000000138f4bf80 is a global jni handle
stack at sp + 6 slots: 0x0000000138f4bf80 is a global jni handle
stack at sp + 7 slots: 0x0000000138f40c00 points into unknown readable memory: 0x0000000138f40e80 | 80 0e f4 38 01 00 00 00

StubRoutines::SafeFetchN [0x0000000111f754ec, 0x0000000111f754f8] (12 bytes)
[MachCode]
  0x0000000111f754ec: 0100 40f9 | e003 01aa | c003 5fd6 
[/MachCode]

---------------  P R O C E S S  ---------------

Threads class SMR info:
_java_thread_list=0x000000013d31b9e0, length=18, elements={
0x000000013900d600, 0x000000012b008200, 0x0000000139041200, 0x000000013980fc00,
0x000000012e00b000, 0x000000012e00b600, 0x000000012e00bc00, 0x000000012e00c200,
0x000000012e014800, 0x000000012e015800, 0x000000012e00aa00, 0x0000000139813200,
0x000000012e087400, 0x000000012e082000, 0x000000012e10a000, 0x000000012b03d800,
0x000000012e178c00, 0x0000000139a0d600
}

Java Threads: ( => current thread )
  0x000000013900d600 JavaThread "main" [_thread_blocked, id=6147, stack(0x000000016bdd4000,0x000000016bfd7000)]
  0x000000012b008200 JavaThread "Reference Handler" daemon [_thread_blocked, id=14851, stack(0x000000016cc28000,0x000000016ce2b000)]
  0x0000000139041200 JavaThread "Finalizer" daemon [_thread_blocked, id=15107, stack(0x000000016ce34000,0x000000016d037000)]
  0x000000013980fc00 JavaThread "Signal Dispatcher" daemon [_thread_blocked, id=41987, stack(0x000000016d158000,0x000000016d35b000)]
  0x000000012e00b000 JavaThread "Service Thread" daemon [_thread_blocked, id=41731, stack(0x000000016d364000,0x000000016d567000)]
  0x000000012e00b600 JavaThread "Monitor Deflation Thread" daemon [_thread_blocked, id=41219, stack(0x000000016d570000,0x000000016d773000)]
  0x000000012e00bc00 JavaThread "C2 CompilerThread0" daemon [_thread_blocked, id=23043, stack(0x000000016d77c000,0x000000016d97f000)]
  0x000000012e00c200 JavaThread "C1 CompilerThread0" daemon [_thread_blocked, id=40963, stack(0x000000016d988000,0x000000016db8b000)]
  0x000000012e014800 JavaThread "Sweeper thread" daemon [_thread_blocked, id=40707, stack(0x000000016db94000,0x000000016dd97000)]
  0x000000012e015800 JavaThread "Common-Cleaner" daemon [_thread_blocked, id=40451, stack(0x000000016dda0000,0x000000016dfa3000)]
  0x000000012e00aa00 JavaThread "Notification Thread" daemon [_thread_blocked, id=24323, stack(0x000000016dfac000,0x000000016e1af000)]
  0x0000000139813200 JavaThread "QuantumRenderer-0" daemon [_thread_blocked, id=25091, stack(0x000000016e3c4000,0x000000016e5c7000)]
=>0x000000012e087400 JavaThread "InvokeLaterDispatcher" daemon [_thread_in_native, id=29451, stack(0x000000016e5d0000,0x000000016e7d3000)]
  0x000000012e082000 JavaThread "JavaFX Application Thread" [_thread_in_native, id=259, stack(0x000000016b54c000,0x000000016bd48000)]
  0x000000012e10a000 JavaThread "PulseTimer-CVDisplayLink thread" daemon [_thread_in_native, id=81155, stack(0x000000016e7dc000,0x000000016e85f000)]
  0x000000012b03d800 JavaThread "JavaFX-Launcher" [_thread_blocked, id=55047, stack(0x000000016ea74000,0x000000016ec77000)]
  0x000000012e178c00 JavaThread "Prism Font Disposer" daemon [_thread_blocked, id=58123, stack(0x000000016f6bc000,0x000000016f8bf000)]
  0x0000000139a0d600 JavaThread "Cleaner-0" daemon [_thread_blocked, id=68875, stack(0x000000016fa6c000,0x000000016fc6f000)]

Other Threads:
  0x0000000138f46ae0 VMThread "VM Thread" [stack: 0x000000016ca1c000,0x000000016cc1f000] [id=16643]
  0x000000012de3a040 WatcherThread "VM Periodic Task Thread" [stack: 0x000000016e1b8000,0x000000016e3bb000] [id=40195]
  0x0000000138e2c720 WorkerThread "GC Thread#0" [stack: 0x000000016bfe0000,0x000000016c1e3000] [id=19459]
  0x000000013cf37aa0 WorkerThread "GC Thread#1" [stack: 0x000000016ec80000,0x000000016ee83000] [id=55811]
  0x0000000138e7bad0 WorkerThread "GC Thread#2" [stack: 0x000000016ee8c000,0x000000016f08f000] [id=76035]
  0x0000000138ece930 WorkerThread "GC Thread#3" [stack: 0x000000016f098000,0x000000016f29b000] [id=75523]
  0x0000000138ecf3b0 WorkerThread "GC Thread#4" [stack: 0x000000016f2a4000,0x000000016f4a7000] [id=75011]
  0x0000000138ed0060 WorkerThread "GC Thread#5" [stack: 0x000000016f4b0000,0x000000016f6b3000] [id=56067]
  0x0000000138f09a10 ConcurrentGCThread "G1 Main Marker" [stack: 0x000000016c1ec000,0x000000016c3ef000] [id=12291]
  0x0000000138f0a6e0 WorkerThread "G1 Conc#0" [stack: 0x000000016c3f8000,0x000000016c5fb000] [id=18947]
  0x0000000138f36d10 ConcurrentGCThread "G1 Refine#0" [stack: 0x000000016c604000,0x000000016c807000] [id=18179]
  0x0000000138f37a10 ConcurrentGCThread "G1 Service" [stack: 0x000000016c810000,0x000000016ca13000] [id=13059]

Threads with active compile tasks:

VM state: not at safepoint (normal execution)

VM Mutex/Monitor currently owned by a thread: None

Heap address: 0x0000000780000000, size: 2048 MB, Compressed Oops mode: Zero based, Oop shift amount: 3

CDS archive(s) mapped at: [0x0000000800000000-0x0000000800ba8000-0x0000000800ba8000), size 12222464, SharedBaseAddress: 0x0000000800000000, ArchiveRelocationMode: 0.
Compressed class space mapped at: 0x0000000800c00000-0x0000000840c00000, reserved size: 1073741824
Narrow klass base: 0x0000000800000000, Narrow klass shift: 0, Narrow klass range: 0x100000000

GC Precious Log:
 CardTable entry size: 512
 Card Set container configuration: InlinePtr #cards 5 size 8 Array Of Cards #cards 12 size 40 Howl #buckets 4 coarsen threshold 1843 Howl Bitmap #cards 512 size 80 coarsen threshold 460 Card regions per heap region 1 cards per card region 2048
 CPUs: 8 total, 8 available
 Memory: 8192M
 Large Page Support: Disabled
 NUMA Support: Disabled
 Compressed Oops: Enabled (Zero based)
 Heap Region Size: 1M
 Heap Min Capacity: 8M
 Heap Initial Capacity: 128M
 Heap Max Capacity: 2G
 Pre-touch: Disabled
 Parallel Workers: 8
 Concurrent Workers: 2
 Concurrent Refinement Workers: 8
 Periodic GC: Disabled

Heap:
 garbage-first heap   total 133120K, used 77771K [0x0000000780000000, 0x0000000800000000)
  region size 1024K, 31 young (31744K), 3 survivors (3072K)
 Metaspace       used 13598K, committed 13824K, reserved 1114112K
  class space    used 2017K, committed 2112K, reserved 1048576K

Heap Regions: E=young(eden), S=young(survivor), O=old, HS=humongous(starts), HC=humongous(continues), CS=collection set, F=free, OA=open archive, CA=closed archive, TAMS=top-at-mark-start (previous, next)
|   0|0x0000000780000000, 0x000000078000ac00, 0x0000000780100000|  4%| O|  |TAMS 0x0000000780000000, 0x0000000780000000| Untracked 
|   1|0x0000000780100000, 0x0000000780200000, 0x0000000780200000|100%|HS|  |TAMS 0x0000000780100000, 0x0000000780100000| Complete 
|   2|0x0000000780200000, 0x0000000780300000, 0x0000000780300000|100%|HC|  |TAMS 0x0000000780200000, 0x0000000780200000| Complete 
|   3|0x0000000780300000, 0x0000000780400000, 0x0000000780400000|100%|HC|  |TAMS 0x0000000780300000, 0x0000000780300000| Complete 
|   4|0x0000000780400000, 0x0000000780500000, 0x0000000780500000|100%|HC|  |TAMS 0x0000000780400000, 0x0000000780400000| Complete 
|   5|0x0000000780500000, 0x0000000780600000, 0x0000000780600000|100%|HC|  |TAMS 0x0000000780500000, 0x0000000780500000| Complete 
|   6|0x0000000780600000, 0x0000000780700000, 0x0000000780700000|100%|HC|  |TAMS 0x0000000780600000, 0x0000000780600000| Complete 
|   7|0x0000000780700000, 0x0000000780800000, 0x0000000780800000|100%|HC|  |TAMS 0x0000000780700000, 0x0000000780700000| Complete 
|   8|0x0000000780800000, 0x0000000780900000, 0x0000000780900000|100%|HC|  |TAMS 0x0000000780800000, 0x0000000780800000| Complete 
|   9|0x0000000780900000, 0x0000000780a00000, 0x0000000780a00000|100%|HC|  |TAMS 0x0000000780900000, 0x0000000780900000| Complete 
|  10|0x0000000780a00000, 0x0000000780b00000, 0x0000000780b00000|100%|HS|  |TAMS 0x0000000780a00000, 0x0000000780a00000| Complete 
|  11|0x0000000780b00000, 0x0000000780c00000, 0x0000000780c00000|100%|HC|  |TAMS 0x0000000780b00000, 0x0000000780b00000| Complete 
|  12|0x0000000780c00000, 0x0000000780d00000, 0x0000000780d00000|100%|HC|  |TAMS 0x0000000780c00000, 0x0000000780c00000| Complete 
|  13|0x0000000780d00000, 0x0000000780e00000, 0x0000000780e00000|100%|HC|  |TAMS 0x0000000780d00000, 0x0000000780d00000| Complete 
|  14|0x0000000780e00000, 0x0000000780f00000, 0x0000000780f00000|100%|HC|  |TAMS 0x0000000780e00000, 0x0000000780e00000| Complete 
|  15|0x0000000780f00000, 0x0000000781000000, 0x0000000781000000|100%|HC|  |TAMS 0x0000000780f00000, 0x0000000780f00000| Complete 
|  16|0x0000000781000000, 0x0000000781100000, 0x0000000781100000|100%|HC|  |TAMS 0x0000000781000000, 0x0000000781000000| Complete 
|  17|0x0000000781100000, 0x0000000781200000, 0x0000000781200000|100%|HC|  |TAMS 0x0000000781100000, 0x0000000781100000| Complete 
|  18|0x0000000781200000, 0x0000000781300000, 0x0000000781300000|100%|HC|  |TAMS 0x0000000781200000, 0x0000000781200000| Complete 
|  19|0x0000000781300000, 0x0000000781400000, 0x0000000781400000|100%|HC|  |TAMS 0x0000000781300000, 0x0000000781300000| Complete 
|  20|0x0000000781400000, 0x0000000781500000, 0x0000000781500000|100%|HC|  |TAMS 0x0000000781400000, 0x0000000781400000| Complete 
|  21|0x0000000781500000, 0x0000000781600000, 0x0000000781600000|100%|HC|  |TAMS 0x0000000781500000, 0x0000000781500000| Complete 
|  22|0x0000000781600000, 0x0000000781700000, 0x0000000781700000|100%|HC|  |TAMS 0x0000000781600000, 0x0000000781600000| Complete 
|  23|0x0000000781700000, 0x0000000781800000, 0x0000000781800000|100%|HC|  |TAMS 0x0000000781700000, 0x0000000781700000| Complete 
|  24|0x0000000781800000, 0x0000000781900000, 0x0000000781900000|100%|HC|  |TAMS 0x0000000781800000, 0x0000000781800000| Complete 
|  25|0x0000000781900000, 0x0000000781a00000, 0x0000000781a00000|100%|HC|  |TAMS 0x0000000781900000, 0x0000000781900000| Complete 
|  26|0x0000000781a00000, 0x0000000781b00000, 0x0000000781b00000|100%|HC|  |TAMS 0x0000000781a00000, 0x0000000781a00000| Complete 
|  27|0x0000000781b00000, 0x0000000781c00000, 0x0000000781c00000|100%|HC|  |TAMS 0x0000000781b00000, 0x0000000781b00000| Complete 
|  28|0x0000000781c00000, 0x0000000781d00000, 0x0000000781d00000|100%|HC|  |TAMS 0x0000000781c00000, 0x0000000781c00000| Complete 
|  29|0x0000000781d00000, 0x0000000781e00000, 0x0000000781e00000|100%|HC|  |TAMS 0x0000000781d00000, 0x0000000781d00000| Complete 
|  30|0x0000000781e00000, 0x0000000781f00000, 0x0000000781f00000|100%|HC|  |TAMS 0x0000000781e00000, 0x0000000781e00000| Complete 
|  31|0x0000000781f00000, 0x0000000782000000, 0x0000000782000000|100%|HC|  |TAMS 0x0000000781f00000, 0x0000000781f00000| Complete 
|  32|0x0000000782000000, 0x0000000782100000, 0x0000000782100000|100%|HC|  |TAMS 0x0000000782000000, 0x0000000782000000| Complete 
|  33|0x0000000782100000, 0x0000000782200000, 0x0000000782200000|100%|HC|  |TAMS 0x0000000782100000, 0x0000000782100000| Complete 
|  34|0x0000000782200000, 0x0000000782300000, 0x0000000782300000|100%|HC|  |TAMS 0x0000000782200000, 0x0000000782200000| Complete 
|  35|0x0000000782300000, 0x0000000782400000, 0x0000000782400000|100%|HC|  |TAMS 0x0000000782300000, 0x0000000782300000| Complete 
|  36|0x0000000782400000, 0x0000000782500000, 0x0000000782500000|100%|HC|  |TAMS 0x0000000782400000, 0x0000000782400000| Complete 
|  37|0x0000000782500000, 0x0000000782600000, 0x0000000782600000|100%|HC|  |TAMS 0x0000000782500000, 0x0000000782500000| Complete 
|  38|0x0000000782600000, 0x0000000782700000, 0x0000000782700000|100%|HC|  |TAMS 0x0000000782600000, 0x0000000782600000| Complete 
|  39|0x0000000782700000, 0x0000000782800000, 0x0000000782800000|100%|HC|  |TAMS 0x0000000782700000, 0x0000000782700000| Complete 
|  40|0x0000000782800000, 0x0000000782900000, 0x0000000782900000|100%|HC|  |TAMS 0x0000000782800000, 0x0000000782800000| Complete 
|  41|0x0000000782900000, 0x0000000782a00000, 0x0000000782a00000|100%|HC|  |TAMS 0x0000000782900000, 0x0000000782900000| Complete 
|  42|0x0000000782a00000, 0x0000000782b00000, 0x0000000782b00000|100%|HC|  |TAMS 0x0000000782a00000, 0x0000000782a00000| Complete 
|  43|0x0000000782b00000, 0x0000000782c00000, 0x0000000782c00000|100%|HC|  |TAMS 0x0000000782b00000, 0x0000000782b00000| Complete 
|  44|0x0000000782c00000, 0x0000000782d00000, 0x0000000782d00000|100%|HC|  |TAMS 0x0000000782c00000, 0x0000000782c00000| Complete 
|  45|0x0000000782d00000, 0x0000000782e00000, 0x0000000782e00000|100%|HS|  |TAMS 0x0000000782d00000, 0x0000000782d00000| Complete 
|  46|0x0000000782e00000, 0x0000000782f00000, 0x0000000782f00000|100%|HC|  |TAMS 0x0000000782e00000, 0x0000000782e00000| Complete 
|  47|0x0000000782f00000, 0x0000000782f00000, 0x0000000783000000|  0%| F|  |TAMS 0x0000000782f00000, 0x0000000782f00000| Untracked 
|  48|0x0000000783000000, 0x0000000783000000, 0x0000000783100000|  0%| F|  |TAMS 0x0000000783000000, 0x0000000783000000| Untracked 
|  49|0x0000000783100000, 0x0000000783100000, 0x0000000783200000|  0%| F|  |TAMS 0x0000000783100000, 0x0000000783100000| Untracked 
|  50|0x0000000783200000, 0x0000000783200000, 0x0000000783300000|  0%| F|  |TAMS 0x0000000783200000, 0x0000000783200000| Untracked 
|  51|0x0000000783300000, 0x0000000783300000, 0x0000000783400000|  0%| F|  |TAMS 0x0000000783300000, 0x0000000783300000| Untracked 
|  52|0x0000000783400000, 0x0000000783400000, 0x0000000783500000|  0%| F|  |TAMS 0x0000000783400000, 0x0000000783400000| Untracked 
|  53|0x0000000783500000, 0x0000000783500000, 0x0000000783600000|  0%| F|  |TAMS 0x0000000783500000, 0x0000000783500000| Untracked 
|  54|0x0000000783600000, 0x0000000783600000, 0x0000000783700000|  0%| F|  |TAMS 0x0000000783600000, 0x0000000783600000| Untracked 
|  55|0x0000000783700000, 0x0000000783700000, 0x0000000783800000|  0%| F|  |TAMS 0x0000000783700000, 0x0000000783700000| Untracked 
|  56|0x0000000783800000, 0x0000000783800000, 0x0000000783900000|  0%| F|  |TAMS 0x0000000783800000, 0x0000000783800000| Untracked 
|  57|0x0000000783900000, 0x0000000783900000, 0x0000000783a00000|  0%| F|  |TAMS 0x0000000783900000, 0x0000000783900000| Untracked 
|  58|0x0000000783a00000, 0x0000000783a00000, 0x0000000783b00000|  0%| F|  |TAMS 0x0000000783a00000, 0x0000000783a00000| Untracked 
|  59|0x0000000783b00000, 0x0000000783b00000, 0x0000000783c00000|  0%| F|  |TAMS 0x0000000783b00000, 0x0000000783b00000| Untracked 
|  60|0x0000000783c00000, 0x0000000783c00000, 0x0000000783d00000|  0%| F|  |TAMS 0x0000000783c00000, 0x0000000783c00000| Untracked 
|  61|0x0000000783d00000, 0x0000000783d00000, 0x0000000783e00000|  0%| F|  |TAMS 0x0000000783d00000, 0x0000000783d00000| Untracked 
|  62|0x0000000783e00000, 0x0000000783e00000, 0x0000000783f00000|  0%| F|  |TAMS 0x0000000783e00000, 0x0000000783e00000| Untracked 
|  63|0x0000000783f00000, 0x0000000783f00000, 0x0000000784000000|  0%| F|  |TAMS 0x0000000783f00000, 0x0000000783f00000| Untracked 
|  64|0x0000000784000000, 0x0000000784000000, 0x0000000784100000|  0%| F|  |TAMS 0x0000000784000000, 0x0000000784000000| Untracked 
|  65|0x0000000784100000, 0x0000000784100000, 0x0000000784200000|  0%| F|  |TAMS 0x0000000784100000, 0x0000000784100000| Untracked 
|  66|0x0000000784200000, 0x0000000784200000, 0x0000000784300000|  0%| F|  |TAMS 0x0000000784200000, 0x0000000784200000| Untracked 
|  67|0x0000000784300000, 0x0000000784300000, 0x0000000784400000|  0%| F|  |TAMS 0x0000000784300000, 0x0000000784300000| Untracked 
|  68|0x0000000784400000, 0x0000000784400000, 0x0000000784500000|  0%| F|  |TAMS 0x0000000784400000, 0x0000000784400000| Untracked 
|  69|0x0000000784500000, 0x0000000784500000, 0x0000000784600000|  0%| F|  |TAMS 0x0000000784500000, 0x0000000784500000| Untracked 
|  70|0x0000000784600000, 0x0000000784600000, 0x0000000784700000|  0%| F|  |TAMS 0x0000000784600000, 0x0000000784600000| Untracked 
|  71|0x0000000784700000, 0x0000000784700000, 0x0000000784800000|  0%| F|  |TAMS 0x0000000784700000, 0x0000000784700000| Untracked 
|  72|0x0000000784800000, 0x0000000784800000, 0x0000000784900000|  0%| F|  |TAMS 0x0000000784800000, 0x0000000784800000| Untracked 
|  73|0x0000000784900000, 0x0000000784900000, 0x0000000784a00000|  0%| F|  |TAMS 0x0000000784900000, 0x0000000784900000| Untracked 
|  74|0x0000000784a00000, 0x0000000784a00000, 0x0000000784b00000|  0%| F|  |TAMS 0x0000000784a00000, 0x0000000784a00000| Untracked 
|  75|0x0000000784b00000, 0x0000000784b00000, 0x0000000784c00000|  0%| F|  |TAMS 0x0000000784b00000, 0x0000000784b00000| Untracked 
|  76|0x0000000784c00000, 0x0000000784c00000, 0x0000000784d00000|  0%| F|  |TAMS 0x0000000784c00000, 0x0000000784c00000| Untracked 
|  77|0x0000000784d00000, 0x0000000784d00000, 0x0000000784e00000|  0%| F|  |TAMS 0x0000000784d00000, 0x0000000784d00000| Untracked 
|  78|0x0000000784e00000, 0x0000000784e00000, 0x0000000784f00000|  0%| F|  |TAMS 0x0000000784e00000, 0x0000000784e00000| Untracked 
|  79|0x0000000784f00000, 0x0000000784f00000, 0x0000000785000000|  0%| F|  |TAMS 0x0000000784f00000, 0x0000000784f00000| Untracked 
|  80|0x0000000785000000, 0x0000000785000000, 0x0000000785100000|  0%| F|  |TAMS 0x0000000785000000, 0x0000000785000000| Untracked 
|  81|0x0000000785100000, 0x0000000785100000, 0x0000000785200000|  0%| F|  |TAMS 0x0000000785100000, 0x0000000785100000| Untracked 
|  82|0x0000000785200000, 0x0000000785200000, 0x0000000785300000|  0%| F|  |TAMS 0x0000000785200000, 0x0000000785200000| Untracked 
|  83|0x0000000785300000, 0x0000000785300000, 0x0000000785400000|  0%| F|  |TAMS 0x0000000785300000, 0x0000000785300000| Untracked 
|  84|0x0000000785400000, 0x0000000785400000, 0x0000000785500000|  0%| F|  |TAMS 0x0000000785400000, 0x0000000785400000| Untracked 
|  85|0x0000000785500000, 0x0000000785500000, 0x0000000785600000|  0%| F|  |TAMS 0x0000000785500000, 0x0000000785500000| Untracked 
|  86|0x0000000785600000, 0x0000000785600000, 0x0000000785700000|  0%| F|  |TAMS 0x0000000785600000, 0x0000000785600000| Untracked 
|  87|0x0000000785700000, 0x0000000785700000, 0x0000000785800000|  0%| F|  |TAMS 0x0000000785700000, 0x0000000785700000| Untracked 
|  88|0x0000000785800000, 0x0000000785800000, 0x0000000785900000|  0%| F|  |TAMS 0x0000000785800000, 0x0000000785800000| Untracked 
|  89|0x0000000785900000, 0x0000000785900000, 0x0000000785a00000|  0%| F|  |TAMS 0x0000000785900000, 0x0000000785900000| Untracked 
|  90|0x0000000785a00000, 0x0000000785a00000, 0x0000000785b00000|  0%| F|  |TAMS 0x0000000785a00000, 0x0000000785a00000| Untracked 
|  91|0x0000000785b00000, 0x0000000785b00000, 0x0000000785c00000|  0%| F|  |TAMS 0x0000000785b00000, 0x0000000785b00000| Untracked 
|  92|0x0000000785c00000, 0x0000000785c00000, 0x0000000785d00000|  0%| F|  |TAMS 0x0000000785c00000, 0x0000000785c00000| Untracked 
|  93|0x0000000785d00000, 0x0000000785d00000, 0x0000000785e00000|  0%| F|  |TAMS 0x0000000785d00000, 0x0000000785d00000| Untracked 
|  94|0x0000000785e00000, 0x0000000785e00000, 0x0000000785f00000|  0%| F|  |TAMS 0x0000000785e00000, 0x0000000785e00000| Untracked 
|  95|0x0000000785f00000, 0x0000000785f00000, 0x0000000786000000|  0%| F|  |TAMS 0x0000000785f00000, 0x0000000785f00000| Untracked 
|  96|0x0000000786000000, 0x0000000786000000, 0x0000000786100000|  0%| F|  |TAMS 0x0000000786000000, 0x0000000786000000| Untracked 
|  97|0x0000000786100000, 0x00000007861f0d28, 0x0000000786200000| 94%| E|  |TAMS 0x0000000786100000, 0x0000000786100000| Complete 
|  98|0x0000000786200000, 0x0000000786300000, 0x0000000786300000|100%| E|CS|TAMS 0x0000000786200000, 0x0000000786200000| Complete 
|  99|0x0000000786300000, 0x0000000786400000, 0x0000000786400000|100%| E|  |TAMS 0x0000000786300000, 0x0000000786300000| Complete 
| 100|0x0000000786400000, 0x0000000786500000, 0x0000000786500000|100%| E|CS|TAMS 0x0000000786400000, 0x0000000786400000| Complete 
| 101|0x0000000786500000, 0x0000000786600000, 0x0000000786600000|100%| E|CS|TAMS 0x0000000786500000, 0x0000000786500000| Complete 
| 102|0x0000000786600000, 0x0000000786700000, 0x0000000786700000|100%| S|CS|TAMS 0x0000000786600000, 0x0000000786600000| Complete 
| 103|0x0000000786700000, 0x0000000786800000, 0x0000000786800000|100%| S|CS|TAMS 0x0000000786700000, 0x0000000786700000| Complete 
| 104|0x0000000786800000, 0x0000000786900000, 0x0000000786900000|100%| S|CS|TAMS 0x0000000786800000, 0x0000000786800000| Complete 
| 105|0x0000000786900000, 0x0000000786a00000, 0x0000000786a00000|100%| E|CS|TAMS 0x0000000786900000, 0x0000000786900000| Complete 
| 106|0x0000000786a00000, 0x0000000786b00000, 0x0000000786b00000|100%| E|CS|TAMS 0x0000000786a00000, 0x0000000786a00000| Complete 
| 107|0x0000000786b00000, 0x0000000786c00000, 0x0000000786c00000|100%| E|CS|TAMS 0x0000000786b00000, 0x0000000786b00000| Complete 
| 108|0x0000000786c00000, 0x0000000786d00000, 0x0000000786d00000|100%| E|CS|TAMS 0x0000000786c00000, 0x0000000786c00000| Complete 
| 109|0x0000000786d00000, 0x0000000786e00000, 0x0000000786e00000|100%| E|CS|TAMS 0x0000000786d00000, 0x0000000786d00000| Complete 
| 110|0x0000000786e00000, 0x0000000786f00000, 0x0000000786f00000|100%| E|CS|TAMS 0x0000000786e00000, 0x0000000786e00000| Complete 
| 111|0x0000000786f00000, 0x0000000787000000, 0x0000000787000000|100%| E|CS|TAMS 0x0000000786f00000, 0x0000000786f00000| Complete 
| 112|0x0000000787000000, 0x0000000787100000, 0x0000000787100000|100%| E|CS|TAMS 0x0000000787000000, 0x0000000787000000| Complete 
| 113|0x0000000787100000, 0x0000000787200000, 0x0000000787200000|100%| E|CS|TAMS 0x0000000787100000, 0x0000000787100000| Complete 
| 114|0x0000000787200000, 0x0000000787300000, 0x0000000787300000|100%| E|CS|TAMS 0x0000000787200000, 0x0000000787200000| Complete 
| 115|0x0000000787300000, 0x0000000787400000, 0x0000000787400000|100%| E|CS|TAMS 0x0000000787300000, 0x0000000787300000| Complete 
| 116|0x0000000787400000, 0x0000000787500000, 0x0000000787500000|100%| E|CS|TAMS 0x0000000787400000, 0x0000000787400000| Complete 
| 117|0x0000000787500000, 0x0000000787600000, 0x0000000787600000|100%| E|CS|TAMS 0x0000000787500000, 0x0000000787500000| Complete 
| 118|0x0000000787600000, 0x0000000787700000, 0x0000000787700000|100%| E|CS|TAMS 0x0000000787600000, 0x0000000787600000| Complete 
| 119|0x0000000787700000, 0x0000000787800000, 0x0000000787800000|100%| E|CS|TAMS 0x0000000787700000, 0x0000000787700000| Complete 
| 120|0x0000000787800000, 0x0000000787900000, 0x0000000787900000|100%| E|CS|TAMS 0x0000000787800000, 0x0000000787800000| Complete 
| 121|0x0000000787900000, 0x0000000787a00000, 0x0000000787a00000|100%| E|CS|TAMS 0x0000000787900000, 0x0000000787900000| Complete 
| 122|0x0000000787a00000, 0x0000000787b00000, 0x0000000787b00000|100%| E|CS|TAMS 0x0000000787a00000, 0x0000000787a00000| Complete 
| 123|0x0000000787b00000, 0x0000000787c00000, 0x0000000787c00000|100%| E|CS|TAMS 0x0000000787b00000, 0x0000000787b00000| Complete 
| 124|0x0000000787c00000, 0x0000000787d00000, 0x0000000787d00000|100%| E|CS|TAMS 0x0000000787c00000, 0x0000000787c00000| Complete 
| 125|0x0000000787d00000, 0x0000000787e00000, 0x0000000787e00000|100%| E|CS|TAMS 0x0000000787d00000, 0x0000000787d00000| Complete 
| 126|0x0000000787e00000, 0x0000000787f00000, 0x0000000787f00000|100%| E|CS|TAMS 0x0000000787e00000, 0x0000000787e00000| Complete 
| 127|0x0000000787f00000, 0x0000000788000000, 0x0000000788000000|100%| E|CS|TAMS 0x0000000787f00000, 0x0000000787f00000| Complete 
|2046|0x00000007ffe00000, 0x00000007ffe74000, 0x00000007fff00000| 45%|OA|  |TAMS 0x00000007ffe00000, 0x00000007ffe00000| Untracked 
|2047|0x00000007fff00000, 0x00000007fff74000, 0x0000000800000000| 45%|CA|  |TAMS 0x00000007fff00000, 0x00000007fff00000| Untracked 

Card table byte_map: [0x0000000108c00000,0x0000000109000000] _byte_map_base: 0x0000000105000000

Marking Bits (Prev, Next): (CMBitMap*) 0x0000000139809e10, (CMBitMap*) 0x0000000139809e50
 Prev Bits: [0x0000000120f74000, 0x0000000122f74000)
 Next Bits: [0x0000000122f74000, 0x0000000124f74000)

Polling page: 0x0000000104238000

Metaspace:

Usage:
  Non-class:     11.31 MB used.
      Class:      1.97 MB used.
       Both:     13.28 MB used.

Virtual space:
  Non-class space:       64.00 MB reserved,      11.44 MB ( 18%) committed,  1 nodes.
      Class space:        1.00 GB reserved,       2.06 MB ( <1%) committed,  1 nodes.
             Both:        1.06 GB reserved,      13.50 MB (  1%) committed. 

Chunk freelists:
   Non-Class:  3.53 MB
       Class:  1.88 MB
        Both:  5.41 MB

MaxMetaspaceSize: unlimited
CompressedClassSpaceSize: 1.00 GB
Initial GC threshold: 21.00 MB
Current GC threshold: 21.00 MB
CDS: on
MetaspaceReclaimPolicy: balanced
 - commit_granule_bytes: 65536.
 - commit_granule_words: 8192.
 - virtual_space_node_default_size: 8388608.
 - enlarge_chunks_in_place: 1.
 - new_chunks_are_fully_committed: 0.
 - uncommit_free_chunks: 1.
 - use_allocation_guard: 0.


Internal statistics:

num_allocs_failed_limit: 0.
num_arena_births: 208.
num_arena_deaths: 0.
num_vsnodes_births: 2.
num_vsnodes_deaths: 0.
num_space_committed: 216.
num_space_uncommitted: 0.
num_chunks_returned_to_freelist: 0.
num_chunks_taken_from_freelist: 629.
num_chunk_merges: 0.
num_chunk_splits: 459.
num_chunks_enlarged: 382.
num_inconsistent_stats: 0.

CodeHeap 'non-profiled nmethods': size=120032Kb used=716Kb max_used=716Kb free=119315Kb
 bounds [0x0000000119a3c000, 0x0000000119cac000, 0x0000000120f74000]
CodeHeap 'profiled nmethods': size=120016Kb used=4090Kb max_used=4090Kb free=115925Kb
 bounds [0x0000000112508000, 0x0000000112908000, 0x0000000119a3c000]
CodeHeap 'non-nmethods': size=5712Kb used=1389Kb max_used=1436Kb free=4322Kb
 bounds [0x0000000111f74000, 0x00000001121e4000, 0x0000000112508000]
 total_blobs=2857 nmethods=2098 adapters=675
 compilation: enabled
              stopped_count=0, restarted_count=0
 full_count=0

Compilation events (20 events):
Event: 4.890 Thread 0x000000012e00c200 2155       3       javafx.animation.AnimationAccessorImpl::setCurrentTicks (6 bytes)
Event: 4.890 Thread 0x000000012e00c200 nmethod 2155 0x0000000112900d10 code [0x0000000112900ec0, 0x0000000112901218]
Event: 4.936 Thread 0x000000012e00c200 2156       3       javafx.scene.Node::localToScene (17 bytes)
Event: 4.936 Thread 0x000000012e00c200 nmethod 2156 0x0000000112901390 code [0x0000000112901540, 0x00000001129017d8]
Event: 4.936 Thread 0x000000012e00c200 2158       3       com.sun.javafx.event.CompositeEventDispatcher::dispatchCapturingEvent (35 bytes)
Event: 4.937 Thread 0x000000012e00c200 nmethod 2158 0x0000000112901910 code [0x0000000112901b00, 0x0000000112902008]
Event: 4.937 Thread 0x000000012e00c200 2157       3       javafx.scene.Node::localToScene (46 bytes)
Event: 4.939 Thread 0x000000012e00c200 nmethod 2157 0x0000000112902190 code [0x0000000112902540, 0x0000000112903ec8]
Event: 4.939 Thread 0x000000012e00c200 2159       1       com.sun.glass.ui.Window::getPlatformScaleX (5 bytes)
Event: 4.939 Thread 0x000000012e00c200 nmethod 2159 0x0000000119aee910 code [0x0000000119aeea80, 0x0000000119aeeb68]
Event: 4.939 Thread 0x000000012e00c200 2160       1       com.sun.glass.ui.Window::getPlatformScaleY (5 bytes)
Event: 4.939 Thread 0x000000012e00c200 nmethod 2160 0x0000000119aeec10 code [0x0000000119aeed80, 0x0000000119aeee68]
Event: 4.956 Thread 0x000000012e00c200 2163       3       javafx.scene.layout.Region::doPickNodeLocal (30 bytes)
Event: 4.956 Thread 0x000000012e00c200 nmethod 2163 0x0000000112904590 code [0x0000000112904800, 0x0000000112904fb8]
Event: 4.956 Thread 0x000000012e00c200 2161       3       com.sun.javafx.scene.NodeHelper::intersectsBounds (11 bytes)
Event: 4.957 Thread 0x000000012e00c200 nmethod 2161 0x0000000112905390 code [0x0000000112905540, 0x0000000112905758]
Event: 4.957 Thread 0x000000012e00c200 2162       3       javafx.scene.Node$1::intersectsBounds (6 bytes)
Event: 4.957 Thread 0x000000012e00c200 nmethod 2162 0x0000000112905910 code [0x0000000112905ac0, 0x0000000112905c58]
Event: 4.972 Thread 0x000000012e00c200 2164       3       com.sun.javafx.animation.TickCalculation::fromNano (10 bytes)
Event: 4.972 Thread 0x000000012e00c200 nmethod 2164 0x0000000112905d10 code [0x0000000112905f00, 0x0000000112906058]

GC Heap History (2 events):
Event: 0.307 GC heap before
{Heap before GC invocations=0 (full 0):
 garbage-first heap   total 133120K, used 23456K [0x0000000780000000, 0x0000000800000000)
  region size 1024K, 23 young (23552K), 0 survivors (0K)
 Metaspace       used 6535K, committed 6784K, reserved 1114112K
  class space    used 829K, committed 960K, reserved 1048576K
}
Event: 0.308 GC heap after
{Heap after GC invocations=1 (full 0):
 garbage-first heap   total 133120K, used 4043K [0x0000000780000000, 0x0000000800000000)
  region size 1024K, 3 young (3072K), 3 survivors (3072K)
 Metaspace       used 6535K, committed 6784K, reserved 1114112K
  class space    used 829K, committed 960K, reserved 1048576K
}

Deoptimization events (20 events):
Event: 0.799 Thread 0x0000000139813200 DEOPT PACKING pc=0x00000001128485c8 sp=0x000000016e5c51e0
Event: 0.799 Thread 0x0000000139813200 DEOPT UNPACKING pc=0x0000000111fb2b7c sp=0x000000016e5c4e40 mode 0
Event: 0.801 Thread 0x0000000139813200 DEOPT PACKING pc=0x00000001128485c8 sp=0x000000016e5c4ed0
Event: 0.801 Thread 0x0000000139813200 DEOPT UNPACKING pc=0x0000000111fb2b7c sp=0x000000016e5c4b30 mode 0
Event: 0.801 Thread 0x0000000139813200 DEOPT PACKING pc=0x00000001128485c8 sp=0x000000016e5c4ed0
Event: 0.801 Thread 0x0000000139813200 DEOPT UNPACKING pc=0x0000000111fb2b7c sp=0x000000016e5c4b30 mode 0
Event: 0.802 Thread 0x0000000139813200 DEOPT PACKING pc=0x00000001128485c8 sp=0x000000016e5c4ed0
Event: 0.802 Thread 0x0000000139813200 DEOPT UNPACKING pc=0x0000000111fb2b7c sp=0x000000016e5c4b30 mode 0
Event: 0.802 Thread 0x0000000139813200 DEOPT PACKING pc=0x00000001128485c8 sp=0x000000016e5c4ed0
Event: 0.802 Thread 0x0000000139813200 DEOPT UNPACKING pc=0x0000000111fb2b7c sp=0x000000016e5c4b30 mode 0
Event: 1.059 Thread 0x0000000139813200 DEOPT PACKING pc=0x000000011285601c sp=0x000000016e5c51e0
Event: 1.059 Thread 0x0000000139813200 DEOPT UNPACKING pc=0x0000000111fb2b7c sp=0x000000016e5c4d90 mode 0
Event: 1.060 Thread 0x0000000139813200 DEOPT PACKING pc=0x000000011285601c sp=0x000000016e5c4bb0
Event: 1.060 Thread 0x0000000139813200 DEOPT UNPACKING pc=0x0000000111fb2b7c sp=0x000000016e5c4760 mode 0
Event: 1.092 Thread 0x0000000139813200 DEOPT PACKING pc=0x0000000112859160 sp=0x000000016e5c5520
Event: 1.092 Thread 0x0000000139813200 DEOPT UNPACKING pc=0x0000000111fb2b7c sp=0x000000016e5c5140 mode 0
Event: 1.093 Thread 0x0000000139813200 DEOPT PACKING pc=0x0000000112854ae4 sp=0x000000016e5c4ea0
Event: 1.093 Thread 0x0000000139813200 DEOPT UNPACKING pc=0x0000000111fb2b7c sp=0x000000016e5c4b40 mode 0
Event: 2.711 Thread 0x0000000139813200 DEOPT PACKING pc=0x00000001128963b0 sp=0x000000016e5c5400
Event: 2.711 Thread 0x0000000139813200 DEOPT UNPACKING pc=0x0000000111fb2b7c sp=0x000000016e5c5000 mode 0

Classes loaded (20 events):
Event: 0.759 Loading class java/nio/DirectShortBufferU
Event: 0.759 Loading class java/nio/ShortBuffer
Event: 0.759 Loading class java/nio/ShortBuffer done
Event: 0.759 Loading class java/nio/DirectShortBufferU done
Event: 0.760 Loading class java/util/concurrent/ConcurrentLinkedQueue
Event: 0.760 Loading class java/util/concurrent/ConcurrentLinkedQueue done
Event: 0.760 Loading class java/util/concurrent/ConcurrentLinkedQueue$Node
Event: 0.760 Loading class java/util/concurrent/ConcurrentLinkedQueue$Node done
Event: 0.767 Loading class java/nio/DoubleBuffer
Event: 0.767 Loading class java/nio/DoubleBuffer done
Event: 0.771 Loading class jdk/internal/ref/CleanerImpl$InnocuousThreadFactory
Event: 0.771 Loading class jdk/internal/ref/CleanerImpl$InnocuousThreadFactory done
Event: 0.773 Loading class sun/misc/Unsafe
Event: 0.773 Loading class sun/misc/Unsafe done
Event: 0.773 Loading class java/lang/invoke/DirectMethodHandle$StaticAccessor
Event: 0.773 Loading class java/lang/invoke/DirectMethodHandle$StaticAccessor done
Event: 0.781 Loading class java/nio/DirectFloatBufferU
Event: 0.781 Loading class java/nio/DirectFloatBufferU done
Event: 0.787 Loading class jdk/internal/misc/ScopedMemoryAccess$Scope
Event: 0.787 Loading class jdk/internal/misc/ScopedMemoryAccess$Scope done

Classes unloaded (0 events):
No events

Classes redefined (0 events):
No events

Internal exceptions (20 events):
Event: 0.443 Thread 0x000000012e082000 Exception <a 'java/lang/ClassNotFoundException'{0x00000007878d1d08}: com/sun/javafx/scene/control/skin/resources/controls-nt_en> (0x00000007878d1d08) 
thrown [open/src/hotspot/share/prims/jni.cpp, line 535]
Event: 0.443 Thread 0x000000012e082000 Exception <a 'java/lang/ClassNotFoundException'{0x00000007878d2ca8}: com/sun/javafx/scene/control/skin/resources/controls-nt_en_US> (0x00000007878d2ca8) 
thrown [open/src/hotspot/share/prims/jni.cpp, line 535]
Event: 0.632 Thread 0x000000012e082000 Exception <a 'java/lang/NoSuchMethodError'{0x0000000787288a38}: 'java.lang.Object java.lang.invoke.DirectMethodHandle$Holder.invokeInterface(java.lang.Object, java.lang.Object, java.lang.Object)'> (0x0000000787288a38) 
thrown [open/src/hotspot/share/interpreter/linkResolver.cpp, line 759]
Event: 0.632 Thread 0x000000012e082000 Exception <a 'java/lang/IncompatibleClassChangeError'{0x000000078728c3b8}: Found class java.lang.Object, but interface was expected> (0x000000078728c3b8) 
thrown [open/src/hotspot/share/interpreter/linkResolver.cpp, line 826]
Event: 0.648 Thread 0x000000012e082000 Exception <a 'java/lang/ClassNotFoundException'{0x00000007870ab1c8}: com/sun/javafx/scene/control/skin/resources/controls> (0x00000007870ab1c8) 
thrown [open/src/hotspot/share/prims/jni.cpp, line 535]
Event: 0.648 Thread 0x000000012e082000 Exception <a 'java/lang/ClassNotFoundException'{0x00000007870b9168}: com/sun/javafx/scene/control/skin/resources/controls_en> (0x00000007870b9168) 
thrown [open/src/hotspot/share/prims/jni.cpp, line 535]
Event: 0.648 Thread 0x000000012e082000 Exception <a 'java/lang/ClassNotFoundException'{0x00000007870ba100}: com/sun/javafx/scene/control/skin/resources/controls_en_US> (0x00000007870ba100) 
thrown [open/src/hotspot/share/prims/jni.cpp, line 535]
Event: 0.660 Thread 0x000000012e082000 Exception <a 'java/lang/NoSuchMethodError'{0x0000000786e792b8}: 'void java.lang.invoke.DirectMethodHandle$Holder.invokeSpecial(java.lang.Object, java.lang.Object, java.lang.Object, java.lang.Object, java.lang.Object, java.lang.Object)'> (0x0000000786e792b8) 
thrown [open/src/hotspot/share/interpreter/linkResolver.cpp, line 759]
Event: 0.686 Thread 0x000000012e082000 Exception <a 'java/lang/NoSuchMethodError'{0x0000000786ac2580}: 'void java.lang.invoke.DirectMethodHandle$Holder.invokeSpecialIFC(java.lang.Object, java.lang.Object, java.lang.Object, java.lang.Object)'> (0x0000000786ac2580) 
thrown [open/src/hotspot/share/interpreter/linkResolver.cpp, line 759]
Event: 0.694 Thread 0x000000012e082000 Exception <a 'java/lang/NoSuchMethodError'{0x000000078693ff58}: 'int java.lang.invoke.DirectMethodHandle$Holder.invokeSpecial(java.lang.Object, java.lang.Object, int)'> (0x000000078693ff58) 
thrown [open/src/hotspot/share/interpreter/linkResolver.cpp, line 759]
Event: 0.695 Thread 0x000000012e082000 Exception <a 'java/lang/NoSuchMethodError'{0x0000000786947e98}: 'int java.lang.invoke.DirectMethodHandle$Holder.invokeSpecial(java.lang.Object, java.lang.Object, java.lang.Object, int)'> (0x0000000786947e98) 
thrown [open/src/hotspot/share/interpreter/linkResolver.cpp, line 759]
Event: 0.695 Thread 0x000000012e082000 Exception <a 'java/lang/NoSuchMethodError'{0x000000078695aae8}: 'java.lang.Object java.lang.invoke.DirectMethodHandle$Holder.invokeStatic(java.lang.Object, java.lang.Object, java.lang.Object, java.lang.Object, int)'> (0x000000078695aae8) 
thrown [open/src/hotspot/share/interpreter/linkResolver.cpp, line 759]
Event: 0.696 Thread 0x000000012e082000 Exception <a 'java/lang/NoSuchMethodError'{0x0000000786963570}: 'int java.lang.invoke.DirectMethodHandle$Holder.invokeSpecial(java.lang.Object, java.lang.Object, java.lang.Object)'> (0x0000000786963570) 
thrown [open/src/hotspot/share/interpreter/linkResolver.cpp, line 759]
Event: 0.704 Thread 0x000000012e082000 Exception <a 'java/lang/NoSuchMethodError'{0x00000007869a7b00}: 'java.lang.Object java.lang.invoke.DirectMethodHandle$Holder.newInvokeSpecial(java.lang.Object, java.lang.Object, int)'> (0x00000007869a7b00) 
thrown [open/src/hotspot/share/interpreter/linkResolver.cpp, line 759]
Event: 0.753 Thread 0x0000000139813200 Exception <a 'java/lang/NoSuchMethodError'{0x00000007865aee50}: 'int java.lang.invoke.DirectMethodHandle$Holder.invokeStaticInit(java.lang.Object, java.lang.Object)'> (0x00000007865aee50) 
thrown [open/src/hotspot/share/interpreter/linkResolver.cpp, line 759]
Event: 0.756 Thread 0x0000000139813200 Exception <a 'java/lang/NoSuchMethodError'{0x00000007865e9618}: 'java.lang.Object java.lang.invoke.Invokers$Holder.invokeExact_MT(java.lang.Object, java.lang.Object, java.lang.Object, java.lang.Object, java.lang.Object)'> (0x00000007865e9618) 
thrown [open/src/hotspot/share/interpreter/linkResolver.cpp, line 759]
Event: 0.760 Thread 0x000000012e082000 Exception <a 'java/lang/NoSuchMethodError'{0x000000078645f120}: 'long java.lang.invoke.DirectMethodHandle$Holder.invokeStatic(java.lang.Object, java.lang.Object, java.lang.Object)'> (0x000000078645f120) 
thrown [open/src/hotspot/share/interpreter/linkResolver.cpp, line 759]
Event: 0.760 Thread 0x000000012e082000 Exception <a 'java/lang/NoSuchMethodError'{0x00000007864628c0}: 'long java.lang.invoke.DirectMethodHandle$Holder.invokeStaticInit(java.lang.Object, java.lang.Object, java.lang.Object)'> (0x00000007864628c0) 
thrown [open/src/hotspot/share/interpreter/linkResolver.cpp, line 759]
Event: 0.761 Thread 0x000000012e082000 Exception <a 'java/lang/NoSuchMethodError'{0x000000078647b000}: 'java.lang.Object java.lang.invoke.DirectMethodHandle$Holder.newInvokeSpecial(java.lang.Object, java.lang.Object, long)'> (0x000000078647b000) 
thrown [open/src/hotspot/share/interpreter/linkResolver.cpp, line 759]
Event: 0.761 Thread 0x000000012e082000 Exception <a 'java/lang/NoSuchMethodError'{0x000000078647e8d0}: 'java.lang.Object java.lang.invoke.Invokers$Holder.linkToTargetMethod(java.lang.Object, long, java.lang.Object)'> (0x000000078647e8d0) 
thrown [open/src/hotspot/share/interpreter/linkResolver.cpp, line 759]

VM Operations (20 events):
Event: 0.300 Executing VM operation: ICBufferFull
Event: 0.301 Executing VM operation: ICBufferFull done
Event: 0.307 Executing VM operation: G1CollectForAllocation
Event: 0.308 Executing VM operation: G1CollectForAllocation done
Event: 0.478 Executing VM operation: ICBufferFull
Event: 0.478 Executing VM operation: ICBufferFull done
Event: 0.624 Executing VM operation: HandshakeAllThreads
Event: 0.624 Executing VM operation: HandshakeAllThreads done
Event: 0.677 Executing VM operation: ICBufferFull
Event: 0.677 Executing VM operation: ICBufferFull done
Event: 0.743 Executing VM operation: ICBufferFull
Event: 0.744 Executing VM operation: ICBufferFull done
Event: 1.749 Executing VM operation: Cleanup
Event: 1.749 Executing VM operation: Cleanup done
Event: 2.750 Executing VM operation: Cleanup
Event: 2.750 Executing VM operation: Cleanup done
Event: 3.755 Executing VM operation: Cleanup
Event: 3.756 Executing VM operation: Cleanup done
Event: 4.756 Executing VM operation: Cleanup
Event: 4.756 Executing VM operation: Cleanup done

Events (20 events):
Event: 0.142 Loaded shared library /Users/nicolegumula/.openjfx/cache/17/libglass.dylib
Event: 0.143 Thread 0x000000012e087400 Thread added: 0x000000012e087400
Event: 0.143 Protecting memory [0x000000016e5d0000,0x000000016e5dc000] with protection modes 0
Event: 0.143 Protecting memory [0x000000016b54c000,0x000000016b558000] with protection modes 0
Event: 0.143 Thread 0x000000012e082000 Thread added: 0x000000012e082000
Event: 0.171 Thread 0x000000012e10b800 Thread added: 0x000000012e10b800
Event: 0.171 Protecting memory [0x000000016e7dc000,0x000000016e7e8000] with protection modes 0
Event: 0.214 Protecting memory [0x000000016e7dc000,0x000000016e7e8000] with protection modes 3
Event: 0.214 Thread 0x000000012e10b800 Thread exited: 0x000000012e10b800
Event: 0.239 Protecting memory [0x000000016e7dc000,0x000000016e7e8000] with protection modes 0
Event: 0.239 Thread 0x000000012e10a000 Thread added: 0x000000012e10a000
Event: 0.250 Thread 0x000000012b03d800 Thread added: 0x000000012b03d800
Event: 0.250 Protecting memory [0x000000016ea74000,0x000000016ea80000] with protection modes 0
Event: 0.291 Loading shared library /Users/nicolegumula/.m2/repository/org/openjfx/javafx-graphics/17/libjavafx_font.dylib failed, dlopen(/Users/nicolegumula/.m2/repository/org/openjfx/javafx-graphics/17/libjavafx_font.dylib, 0x0001): tried: '/Users/nicolegumula/.m2/r
Event: 0.292 Loaded shared library /Users/nicolegumula/.openjfx/cache/17/libjavafx_font.dylib
Event: 0.428 Loaded shared library /Library/Java/JavaVirtualMachines/jdk-18.0.2.1.jdk/Contents/Home/lib/libjimage.dylib
Event: 0.630 Thread 0x000000012e178c00 Thread added: 0x000000012e178c00
Event: 0.630 Protecting memory [0x000000016f6bc000,0x000000016f6c8000] with protection modes 0
Event: 0.771 Thread 0x0000000139a0d600 Thread added: 0x0000000139a0d600
Event: 0.771 Protecting memory [0x000000016fa6c000,0x000000016fa78000] with protection modes 0


Dynamic libraries:
0x00000001041ec000 	/Library/Java/JavaVirtualMachines/jdk-18.0.2.1.jdk/Contents/Home/lib/libjli.dylib
0x00000001cb4a2000 	/usr/lib/libz.1.dylib
0x00000001cb559000 	/usr/lib/libSystem.B.dylib
0x00000001cb553000 	/usr/lib/system/libcache.dylib
0x00000001cb511000 	/usr/lib/system/libcommonCrypto.dylib
0x00000001cb53a000 	/usr/lib/system/libcompiler_rt.dylib
0x00000001cb531000 	/usr/lib/system/libcopyfile.dylib
0x00000001c077b000 	/usr/lib/system/libcorecrypto.dylib
0x00000001c0830000 	/usr/lib/system/libdispatch.dylib
0x00000001c09fe000 	/usr/lib/system/libdyld.dylib
0x00000001cb549000 	/usr/lib/system/libkeymgr.dylib
0x00000001cb4ec000 	/usr/lib/system/libmacho.dylib
0x00000001cabdc000 	/usr/lib/system/libquarantine.dylib
0x00000001cb546000 	/usr/lib/system/libremovefile.dylib
0x00000001c5b75000 	/usr/lib/system/libsystem_asl.dylib
0x00000001c071d000 	/usr/lib/system/libsystem_blocks.dylib
0x00000001c08b8000 	/usr/lib/system/libsystem_c.dylib
0x00000001cb53e000 	/usr/lib/system/libsystem_collections.dylib
0x00000001ca071000 	/usr/lib/system/libsystem_configuration.dylib
0x00000001c92cb000 	/usr/lib/system/libsystem_containermanager.dylib
0x00000001cb249000 	/usr/lib/system/libsystem_coreservices.dylib
0x00000001c312f000 	/usr/lib/system/libsystem_darwin.dylib
0x00000001cb54a000 	/usr/lib/system/libsystem_dnssd.dylib
0x00000001c08b5000 	/usr/lib/system/libsystem_featureflags.dylib
0x00000001c0a13000 	/usr/lib/system/libsystem_info.dylib
0x00000001cb4b4000 	/usr/lib/system/libsystem_m.dylib
0x00000001c0805000 	/usr/lib/system/libsystem_malloc.dylib
0x00000001c5b03000 	/usr/lib/system/libsystem_networkextension.dylib
0x00000001c3588000 	/usr/lib/system/libsystem_notify.dylib
0x00000001d18ac000 	/usr/lib/system/libsystem_product_info_filter.dylib
0x00000001ca076000 	/usr/lib/system/libsystem_sandbox.dylib
0x00000001cb543000 	/usr/lib/system/libsystem_secinit.dylib
0x00000001c09b9000 	/usr/lib/system/libsystem_kernel.dylib
0x00000001c0a0b000 	/usr/lib/system/libsystem_platform.dylib
0x00000001c09f1000 	/usr/lib/system/libsystem_pthread.dylib
0x00000001c72d5000 	/usr/lib/system/libsystem_symptoms.dylib
0x00000001c0761000 	/usr/lib/system/libsystem_trace.dylib
0x00000001cb51e000 	/usr/lib/system/libunwind.dylib
0x00000001c071f000 	/usr/lib/system/libxpc.dylib
0x00000001c09a1000 	/usr/lib/libc++abi.dylib
0x00000001c0877000 	/usr/lib/libobjc.A.dylib
0x00000001cb529000 	/usr/lib/liboah.dylib
0x00000001c093a000 	/usr/lib/libc++.1.dylib
0x00000001d73d4000 	/System/Library/Frameworks/Cocoa.framework/Versions/A/Cocoa
0x00000001c35e9000 	/System/Library/Frameworks/AppKit.framework/Versions/C/AppKit
0x00000001c6afc000 	/System/Library/Frameworks/CoreData.framework/Versions/A/CoreData
0x00000001c1944000 	/System/Library/Frameworks/Foundation.framework/Versions/C/Foundation
0x00000001c44a1000 	/System/Library/PrivateFrameworks/UIFoundation.framework/Versions/A/UIFoundation
0x00000001d15a6000 	/System/Library/PrivateFrameworks/RemoteViewServices.framework/Versions/A/RemoteViewServices
0x00000001c9a19000 	/System/Library/PrivateFrameworks/XCTTargetBootstrap.framework/Versions/A/XCTTargetBootstrap
0x00000001cd299000 	/System/Library/PrivateFrameworks/InternationalSupport.framework/Versions/A/InternationalSupport
0x00000001cd322000 	/System/Library/PrivateFrameworks/UserActivity.framework/Versions/A/UserActivity
0x00000001cc790000 	/usr/lib/libspindump.dylib
0x00000001c4712000 	/System/Library/Frameworks/UniformTypeIdentifiers.framework/Versions/A/UniformTypeIdentifiers
0x00000001c7f61000 	/usr/lib/libapp_launch_measurement.dylib
0x00000001c7487000 	/System/Library/PrivateFrameworks/CoreAnalytics.framework/Versions/A/CoreAnalytics
0x00000001c7f64000 	/System/Library/PrivateFrameworks/CoreAutoLayout.framework/Versions/A/CoreAutoLayout
0x00000001c9308000 	/System/Library/Frameworks/Metal.framework/Versions/A/Metal
0x00000001ca081000 	/usr/lib/liblangid.dylib
0x00000001c9a1e000 	/System/Library/PrivateFrameworks/CoreSVG.framework/Versions/A/CoreSVG
0x00000001c5ba9000 	/System/Library/PrivateFrameworks/SkyLight.framework/Versions/A/SkyLight
0x00000001c5f82000 	/System/Library/Frameworks/CoreGraphics.framework/Versions/A/CoreGraphics
0x00000001d1c72000 	/System/Library/Frameworks/Accelerate.framework/Versions/A/Accelerate
0x00000001cc207000 	/System/Library/PrivateFrameworks/IconServices.framework/Versions/A/IconServices
0x00000001c92ea000 	/System/Library/Frameworks/IOSurface.framework/Versions/A/IOSurface
0x00000001c74b8000 	/usr/lib/libDiagnosticMessagesClient.dylib
0x00000001d5175000 	/System/Library/Frameworks/ApplicationServices.framework/Versions/A/ApplicationServices
0x00000001c9a01000 	/System/Library/PrivateFrameworks/DFRFoundation.framework/Versions/A/DFRFoundation
0x00000001c2e79000 	/usr/lib/libicucore.A.dylib
0x00000001ce146000 	/System/Library/Frameworks/AudioToolbox.framework/Versions/A/AudioToolbox
0x00000001cd2a5000 	/System/Library/PrivateFrameworks/DataDetectorsCore.framework/Versions/A/DataDetectorsCore
0x00000001e3cac000 	/System/Library/PrivateFrameworks/TextInput.framework/Versions/A/TextInput
0x00000001c5b1e000 	/usr/lib/libMobileGestalt.dylib
0x00000001c96cd000 	/System/Library/Frameworks/Carbon.framework/Versions/A/Frameworks/HIToolbox.framework/Versions/A/HIToolbox
0x00000001c7938000 	/System/Library/Frameworks/QuartzCore.framework/Versions/A/QuartzCore
0x00000001c2afa000 	/System/Library/Frameworks/Security.framework/Versions/A/Security
0x00000001d15e6000 	/System/Library/Frameworks/Carbon.framework/Versions/A/Frameworks/SpeechRecognition.framework/Versions/A/SpeechRecognition
0x00000001c7cb6000 	/System/Library/PrivateFrameworks/CoreUI.framework/Versions/A/CoreUI
0x00000001c23d6000 	/System/Library/Frameworks/CoreAudio.framework/Versions/A/CoreAudio
0x00000001c75ac000 	/System/Library/Frameworks/DiskArbitration.framework/Versions/A/DiskArbitration
0x00000001ccb9a000 	/System/Library/PrivateFrameworks/MultitouchSupport.framework/Versions/A/MultitouchSupport
0x00000001c5b1c000 	/usr/lib/libenergytrace.dylib
0x00000001c34b1000 	/System/Library/Frameworks/IOKit.framework/Versions/A/IOKit
0x00000001d19d5000 	/System/Library/Frameworks/CoreServices.framework/Versions/A/CoreServices
0x00000001c7ef1000 	/System/Library/PrivateFrameworks/PerformanceAnalysis.framework/Versions/A/PerformanceAnalysis
0x00000002220ef000 	/System/Library/Frameworks/OpenGL.framework/Versions/A/OpenGL
0x00000001caaf4000 	/System/Library/PrivateFrameworks/MobileKeyBag.framework/Versions/A/MobileKeyBag
0x00000001c6590000 	/System/Library/Frameworks/ColorSync.framework/Versions/A/ColorSync
0x00000001c0a40000 	/System/Library/Frameworks/CoreFoundation.framework/Versions/A/CoreFoundation
0x00000001c9c9d000 	/System/Library/Frameworks/CoreImage.framework/Versions/A/CoreImage
0x00000001c21fa000 	/System/Library/Frameworks/CoreText.framework/Versions/A/CoreText
0x00000001c9a4e000 	/System/Library/Frameworks/ImageIO.framework/Versions/A/ImageIO
0x00000001cb55f000 	/System/Library/PrivateFrameworks/SoftLinking.framework/Versions/A/SoftLinking
0x00000001c7faf000 	/usr/lib/libxml2.2.dylib
0x00000001cb7f8000 	/usr/lib/libcompression.dylib
0x00000001cd1f5000 	/System/Library/PrivateFrameworks/TextureIO.framework/Versions/A/TextureIO
0x00000001cbf20000 	/usr/lib/libate.dylib
0x00000001cbde5000 	/usr/lib/liblzma.5.dylib
0x00000001c1637000 	/System/Library/Frameworks/SystemConfiguration.framework/Versions/A/SystemConfiguration
0x00000001cb55b000 	/usr/lib/libfakelink.dylib
0x00000001c564e000 	/System/Library/Frameworks/CFNetwork.framework/Versions/A/CFNetwork
0x00000001cb6a1000 	/usr/lib/libarchive.2.dylib
0x00000001ca07d000 	/System/Library/PrivateFrameworks/AppleSystemInfo.framework/Versions/A/AppleSystemInfo
0x00000001cac07000 	/usr/lib/libbsm.0.dylib
0x00000001c4bbb000 	/usr/lib/libnetwork.dylib
0x00000001cb4f5000 	/usr/lib/system/libkxld.dylib
0x00000001ca821000 	/System/Library/PrivateFrameworks/IOMobileFramebuffer.framework/Versions/A/IOMobileFramebuffer
0x000000024041d000 	/usr/lib/libCoreEntitlements.dylib
0x00000001cb22b000 	/System/Library/PrivateFrameworks/AppleFSCompression.framework/Versions/A/AppleFSCompression
0x00000001cabef000 	/usr/lib/libcoretls.dylib
0x00000001cbdfe000 	/usr/lib/libcoretls_cfhelpers.dylib
0x00000001cb7f3000 	/usr/lib/libpam.2.dylib
0x00000001c6eec000 	/usr/lib/libsqlite3.dylib
0x00000001cbe67000 	/usr/lib/libxar.1.dylib
0x00000001cb23c000 	/usr/lib/libbz2.1.0.dylib
0x00000001cb560000 	/usr/lib/libpcap.A.dylib
0x00000001c72cc000 	/usr/lib/libdns_services.dylib
0x00000001cb7c6000 	/usr/lib/libapple_nghttp2.dylib
0x00000001cb59d000 	/usr/lib/libiconv.2.dylib
0x00000001cb4eb000 	/usr/lib/libcharset.1.dylib
0x00000001c7f2d000 	/System/Library/Frameworks/CoreServices.framework/Versions/A/Frameworks/FSEvents.framework/Versions/A/FSEvents
0x00000001c313a000 	/System/Library/Frameworks/CoreServices.framework/Versions/A/Frameworks/CarbonCore.framework/Versions/A/CarbonCore
0x00000001c750c000 	/System/Library/Frameworks/CoreServices.framework/Versions/A/Frameworks/Metadata.framework/Versions/A/Metadata
0x00000001cb24f000 	/System/Library/Frameworks/CoreServices.framework/Versions/A/Frameworks/OSServices.framework/Versions/A/OSServices
0x00000001cb727000 	/System/Library/Frameworks/CoreServices.framework/Versions/A/Frameworks/SearchKit.framework/Versions/A/SearchKit
0x00000001c725b000 	/System/Library/Frameworks/CoreServices.framework/Versions/A/Frameworks/AE.framework/Versions/A/AE
0x00000001c0f87000 	/System/Library/Frameworks/CoreServices.framework/Versions/A/Frameworks/LaunchServices.framework/Versions/A/LaunchServices
0x00000001cbd8e000 	/System/Library/Frameworks/CoreServices.framework/Versions/A/Frameworks/DictionaryServices.framework/Versions/A/DictionaryServices
0x00000001c7f3a000 	/System/Library/Frameworks/CoreServices.framework/Versions/A/Frameworks/SharedFileList.framework/Versions/A/SharedFileList
0x00000001cabdf000 	/usr/lib/libCheckFix.dylib
0x00000001c5b8d000 	/System/Library/PrivateFrameworks/TCC.framework/Versions/A/TCC
0x00000001ca083000 	/System/Library/PrivateFrameworks/CoreNLP.framework/Versions/A/CoreNLP
0x00000001c74bb000 	/System/Library/PrivateFrameworks/MetadataUtilities.framework/Versions/A/MetadataUtilities
0x00000001c16f1000 	/usr/lib/libmecabra.dylib
0x00000001cac18000 	/usr/lib/libmecab.dylib
0x00000001c16bd000 	/usr/lib/libCRFSuite.dylib
0x00000001cac75000 	/usr/lib/libgermantok.dylib
0x00000001cb79f000 	/usr/lib/libThaiTokenizer.dylib
0x00000001c75b4000 	/System/Library/Frameworks/Accelerate.framework/Versions/A/Frameworks/vImage.framework/Versions/A/vImage
0x00000001d19ac000 	/System/Library/Frameworks/Accelerate.framework/Versions/A/Frameworks/vecLib.framework/Versions/A/vecLib
0x00000001cbeac000 	/System/Library/Frameworks/Accelerate.framework/Versions/A/Frameworks/vecLib.framework/Versions/A/libvMisc.dylib
0x00000001ca728000 	/System/Library/Frameworks/Accelerate.framework/Versions/A/Frameworks/vecLib.framework/Versions/A/libvDSP.dylib
0x00000001c1312000 	/System/Library/Frameworks/Accelerate.framework/Versions/A/Frameworks/vecLib.framework/Versions/A/libBLAS.dylib
0x00000001cb8c9000 	/System/Library/Frameworks/Accelerate.framework/Versions/A/Frameworks/vecLib.framework/Versions/A/libLAPACK.dylib
0x00000001cac78000 	/System/Library/Frameworks/Accelerate.framework/Versions/A/Frameworks/vecLib.framework/Versions/A/libLinearAlgebra.dylib
0x00000001cb7de000 	/System/Library/Frameworks/Accelerate.framework/Versions/A/Frameworks/vecLib.framework/Versions/A/libSparseBLAS.dylib
0x00000001cb8c4000 	/System/Library/Frameworks/Accelerate.framework/Versions/A/Frameworks/vecLib.framework/Versions/A/libQuadrature.dylib
0x00000001ca17c000 	/System/Library/Frameworks/Accelerate.framework/Versions/A/Frameworks/vecLib.framework/Versions/A/libBNNS.dylib
0x00000001c15d0000 	/System/Library/Frameworks/Accelerate.framework/Versions/A/Frameworks/vecLib.framework/Versions/A/libSparse.dylib
0x00000001ca174000 	/System/Library/PrivateFrameworks/LinguisticData.framework/Versions/A/LinguisticData
0x00000001c1588000 	/System/Library/PrivateFrameworks/Lexicon.framework/Versions/A/Lexicon
0x00000001cbea4000 	/usr/lib/libChineseTokenizer.dylib
0x00000001c1d36000 	/System/Library/PrivateFrameworks/LanguageModeling.framework/Versions/A/LanguageModeling
0x00000001cb7a1000 	/System/Library/PrivateFrameworks/AppleSauce.framework/Versions/A/AppleSauce
0x00000001ca80e000 	/System/Library/PrivateFrameworks/CoreEmoji.framework/Versions/A/CoreEmoji
0x00000001cb68f000 	/usr/lib/libcmph.dylib
0x00000001c7f0d000 	/System/Library/Frameworks/OpenDirectory.framework/Versions/A/Frameworks/CFOpenDirectory.framework/Versions/A/CFOpenDirectory
0x00000001c7efd000 	/System/Library/Frameworks/OpenDirectory.framework/Versions/A/OpenDirectory
0x00000001cbe00000 	/System/Library/PrivateFrameworks/APFS.framework/Versions/A/APFS
0x00000001cab2f000 	/System/Library/Frameworks/SecurityFoundation.framework/Versions/A/SecurityFoundation
0x00000001cbe76000 	/usr/lib/libutil.dylib
0x00000001c3473000 	/System/Library/PrivateFrameworks/CoreServicesStore.framework/Versions/A/CoreServicesStore
0x00000001cbe7a000 	/usr/lib/libxslt.1.dylib
0x00000001cabc3000 	/System/Library/PrivateFrameworks/BackgroundTaskManagement.framework/Versions/A/BackgroundTaskManagement
0x00000001cd116000 	/System/Library/Frameworks/ImageIO.framework/Versions/A/Resources/libRadiance.dylib
0x00000001cd11f000 	/System/Library/Frameworks/ImageIO.framework/Versions/A/Resources/libJPEG.dylib
0x00000001cd072000 	/System/Library/Frameworks/ImageIO.framework/Versions/A/Resources/libPng.dylib
0x00000001cd094000 	/System/Library/Frameworks/ImageIO.framework/Versions/A/Resources/libTIFF.dylib
0x00000001cd17a000 	/System/Library/Frameworks/ImageIO.framework/Versions/A/Resources/libGIF.dylib
0x00000001ccaaa000 	/System/Library/Frameworks/ImageIO.framework/Versions/A/Resources/libJP2.dylib
0x00000001cc1cc000 	/usr/lib/libexpat.1.dylib
0x00000001cca65000 	/System/Library/PrivateFrameworks/AppleJPEG.framework/Versions/A/AppleJPEG
0x00000001c9589000 	/System/Library/PrivateFrameworks/FontServices.framework/libFontParser.dylib
0x00000001c7200000 	/System/Library/PrivateFrameworks/RunningBoardServices.framework/Versions/A/RunningBoardServices
0x00000001d7aaa000 	/System/Library/PrivateFrameworks/IOSurfaceAccelerator.framework/Versions/A/IOSurfaceAccelerator
0x00000001ccb96000 	/System/Library/PrivateFrameworks/WatchdogClient.framework/Versions/A/WatchdogClient
0x00000001c1e36000 	/System/Library/Frameworks/CoreDisplay.framework/Versions/A/CoreDisplay
0x00000001c9473000 	/System/Library/Frameworks/CoreMedia.framework/Versions/A/CoreMedia
0x00000001c92fe000 	/System/Library/PrivateFrameworks/IOAccelerator.framework/Versions/A/IOAccelerator
0x00000001c809d000 	/System/Library/Frameworks/CoreVideo.framework/Versions/A/CoreVideo
0x00000001cb7f1000 	/System/Library/Frameworks/MetalPerformanceShaders.framework/Versions/A/MetalPerformanceShaders
0x00000001ccbd5000 	/System/Library/Frameworks/VideoToolbox.framework/Versions/A/VideoToolbox
0x00000001c7144000 	/System/Library/PrivateFrameworks/BaseBoard.framework/Versions/A/BaseBoard
0x00000001c6ed2000 	/System/Library/PrivateFrameworks/ProtocolBuffer.framework/Versions/A/ProtocolBuffer
0x00000001cd111000 	/System/Library/PrivateFrameworks/GPUWrangler.framework/Versions/A/GPUWrangler
0x00000001cd0f1000 	/System/Library/PrivateFrameworks/IOPresentment.framework/Versions/A/IOPresentment
0x00000001cd119000 	/System/Library/PrivateFrameworks/DSExternalDisplay.framework/Versions/A/DSExternalDisplay
0x00000002220e2000 	/System/Library/Frameworks/OpenGL.framework/Versions/A/Libraries/libCoreFSCache.dylib
0x000000022cf0c000 	/System/Library/PrivateFrameworks/GPUCompiler.framework/Versions/31001/Libraries/libGPUCompilerUtils.dylib
0x00000001cd17f000 	/System/Library/PrivateFrameworks/CMCaptureCore.framework/Versions/A/CMCaptureCore
0x00000001cc77d000 	/System/Library/PrivateFrameworks/AppServerSupport.framework/Versions/A/AppServerSupport
0x00000001cea03000 	/System/Library/PrivateFrameworks/perfdata.framework/Versions/A/perfdata
0x00000001c1f56000 	/System/Library/PrivateFrameworks/AudioToolboxCore.framework/Versions/A/AudioToolboxCore
0x00000001c944c000 	/System/Library/PrivateFrameworks/caulk.framework/Versions/A/caulk
0x00000001ce2f8000 	/usr/lib/libAudioStatistics.dylib
0x00000001e0301000 	/System/Library/PrivateFrameworks/SystemPolicy.framework/Versions/A/SystemPolicy
0x00000001ce564000 	/usr/lib/libSMC.dylib
0x00000001d72b2000 	/System/Library/Frameworks/CoreMIDI.framework/Versions/A/CoreMIDI
0x00000001cd040000 	/usr/lib/libAudioToolboxUtility.dylib
0x00000001dc471000 	/System/Library/PrivateFrameworks/OSAServicesClient.framework/Versions/A/OSAServicesClient
0x00000001cea10000 	/usr/lib/libperfcheck.dylib
0x00000001e0e20000 	/usr/lib/libmis.dylib
0x0000000222144000 	/System/Library/Frameworks/OpenGL.framework/Versions/A/Libraries/libGLU.dylib
0x0000000222103000 	/System/Library/Frameworks/OpenGL.framework/Versions/A/Libraries/libGFXShared.dylib
0x00000002222f0000 	/System/Library/Frameworks/OpenGL.framework/Versions/A/Libraries/libGL.dylib
0x000000022210c000 	/System/Library/Frameworks/OpenGL.framework/Versions/A/Libraries/libGLImage.dylib
0x0000000222100000 	/System/Library/Frameworks/OpenGL.framework/Versions/A/Libraries/libCVMSPluginSupport.dylib
0x00000002220e9000 	/System/Library/Frameworks/OpenGL.framework/Versions/A/Libraries/libCoreVMClient.dylib
0x00000001c9ffd000 	/System/Library/Frameworks/MetalPerformanceShaders.framework/Versions/A/Frameworks/MPSCore.framework/Versions/A/MPSCore
0x00000001cb19e000 	/System/Library/Frameworks/MetalPerformanceShaders.framework/Versions/A/Frameworks/MPSImage.framework/Versions/A/MPSImage
0x00000001cac8d000 	/System/Library/Frameworks/MetalPerformanceShaders.framework/Versions/A/Frameworks/MPSNeuralNetwork.framework/Versions/A/MPSNeuralNetwork
0x00000001cb0c6000 	/System/Library/Frameworks/MetalPerformanceShaders.framework/Versions/A/Frameworks/MPSMatrix.framework/Versions/A/MPSMatrix
0x00000001cae9f000 	/System/Library/Frameworks/MetalPerformanceShaders.framework/Versions/A/Frameworks/MPSRayIntersector.framework/Versions/A/MPSRayIntersector
0x00000001cb0f7000 	/System/Library/Frameworks/MetalPerformanceShaders.framework/Versions/A/Frameworks/MPSNDArray.framework/Versions/A/MPSNDArray
0x0000000224b6f000 	/System/Library/Frameworks/MetalPerformanceShaders.framework/Versions/A/Frameworks/MPSFunctions.framework/Versions/A/MPSFunctions
0x00000001c11e8000 	/System/Library/PrivateFrameworks/MetalTools.framework/Versions/A/MetalTools
0x00000001ca07b000 	/System/Library/PrivateFrameworks/AggregateDictionary.framework/Versions/A/AggregateDictionary
0x00000001cbfb1000 	/usr/lib/libIOReport.dylib
0x00000001d62cf000 	/System/Library/PrivateFrameworks/ASEProcessing.framework/Versions/A/ASEProcessing
0x00000001cc326000 	/System/Library/PrivateFrameworks/FaceCore.framework/Versions/A/FaceCore
0x00000001cc318000 	/System/Library/PrivateFrameworks/GraphVisualizer.framework/Versions/A/GraphVisualizer
0x000000022ce23000 	/System/Library/PrivateFrameworks/FontServices.framework/Versions/A/FontServices
0x00000001cc739000 	/System/Library/PrivateFrameworks/OTSVG.framework/Versions/A/OTSVG
0x00000001c7c66000 	/System/Library/Frameworks/ApplicationServices.framework/Versions/A/Frameworks/ATS.framework/Versions/A/Resources/libFontRegistry.dylib
0x00000001cc786000 	/System/Library/PrivateFrameworks/FontServices.framework/libhvf.dylib
0x000000022ce24000 	/System/Library/PrivateFrameworks/FontServices.framework/libXTFontStaticRegistryData.dylib
0x0000000222491000 	/System/Library/Frameworks/OpenCL.framework/Versions/A/OpenCL
0x00000001cc180000 	/System/Library/PrivateFrameworks/AppleVA.framework/Versions/A/AppleVA
0x00000001ce320000 	/System/Library/Frameworks/ApplicationServices.framework/Versions/A/Frameworks/ATS.framework/Versions/A/ATS
0x00000001c668f000 	/System/Library/Frameworks/ApplicationServices.framework/Versions/A/Frameworks/HIServices.framework/Versions/A/HIServices
0x00000001cd189000 	/System/Library/Frameworks/ApplicationServices.framework/Versions/A/Frameworks/PrintCore.framework/Versions/A/PrintCore
0x00000001ce6b7000 	/System/Library/Frameworks/ApplicationServices.framework/Versions/A/Frameworks/QD.framework/Versions/A/QD
0x00000001ce6af000 	/System/Library/Frameworks/ApplicationServices.framework/Versions/A/Frameworks/ColorSyncLegacy.framework/Versions/A/ColorSyncLegacy
0x00000001ce30c000 	/System/Library/Frameworks/ApplicationServices.framework/Versions/A/Frameworks/SpeechSynthesis.framework/Versions/A/SpeechSynthesis
0x00000001cd14a000 	/System/Library/Frameworks/ApplicationServices.framework/Versions/A/Frameworks/ATSUI.framework/Versions/A/ATSUI
0x00000001ce644000 	/usr/lib/libcups.2.dylib
0x00000001cea1e000 	/System/Library/Frameworks/Kerberos.framework/Versions/A/Kerberos
0x00000001cea2f000 	/System/Library/Frameworks/GSS.framework/Versions/A/GSS
0x00000001ce390000 	/usr/lib/libresolv.9.dylib
0x00000001cc795000 	/System/Library/PrivateFrameworks/Heimdal.framework/Versions/A/Heimdal
0x00000001d5505000 	/System/Library/Frameworks/Kerberos.framework/Versions/A/Libraries/libHeimdalProxy.dylib
0x00000001c72de000 	/System/Library/Frameworks/Network.framework/Versions/A/Network
0x00000001cc1e7000 	/usr/lib/libheimdal-asn1.dylib
0x00000001cea7f000 	/System/Library/PrivateFrameworks/CommonAuth.framework/Versions/A/CommonAuth
0x00000001ce286000 	/System/Library/PrivateFrameworks/AudioSession.framework/Versions/A/AudioSession
0x00000001cc279000 	/System/Library/PrivateFrameworks/MediaExperience.framework/Versions/A/MediaExperience
0x00000001ce10c000 	/System/Library/PrivateFrameworks/AudioSession.framework/libSessionUtility.dylib
0x00000001ce6c3000 	/System/Library/PrivateFrameworks/AudioResourceArbitration.framework/Versions/A/AudioResourceArbitration
0x00000001d2889000 	/System/Library/PrivateFrameworks/PowerLog.framework/Versions/A/PowerLog
0x00000001cc1f1000 	/System/Library/PrivateFrameworks/IconFoundation.framework/Versions/A/IconFoundation
0x00000001d15d2000 	/System/Library/PrivateFrameworks/SpeechRecognitionCore.framework/Versions/A/SpeechRecognitionCore
0x0000000109754000 	/Library/Java/JavaVirtualMachines/jdk-18.0.2.1.jdk/Contents/Home/lib/server/libjvm.dylib
0x000000010424c000 	/Library/Java/JavaVirtualMachines/jdk-18.0.2.1.jdk/Contents/Home/lib/libjimage.dylib
0x00000001042d4000 	/Library/Java/JavaVirtualMachines/jdk-18.0.2.1.jdk/Contents/Home/lib/libjava.dylib
0x000000010447c000 	/Library/Java/JavaVirtualMachines/jdk-18.0.2.1.jdk/Contents/Home/lib/libnio.dylib
0x000000010463c000 	/Library/Java/JavaVirtualMachines/jdk-18.0.2.1.jdk/Contents/Home/lib/libnet.dylib
0x000000010445c000 	/Library/Java/JavaVirtualMachines/jdk-18.0.2.1.jdk/Contents/Home/lib/libzip.dylib
0x000000010465c000 	/Users/nicolegumula/.openjfx/cache/17/libprism_es2.dylib
0x00000001c3436000 	/System/Library/PrivateFrameworks/CoreServicesInternal.framework/Versions/A/CoreServicesInternal
0x00000002222fa000 	/System/Library/Frameworks/OpenGL.framework/Versions/A/Resources/GLEngine.bundle/GLEngine
0x0000000222182000 	/System/Library/Frameworks/OpenGL.framework/Versions/A/Libraries/libGLProgrammability.dylib
0x000000012df00000 	/System/Library/Extensions/AppleMetalOpenGLRenderer.bundle/Contents/MacOS/AppleMetalOpenGLRenderer
0x0000000222469000 	/System/Library/Frameworks/OpenGL.framework/Versions/A/Resources/GLRendererFloat.bundle/GLRendererFloat
0x0000000222feb000 	/System/Library/Extensions/AGXMetalG14G.bundle/Contents/MacOS/AGXMetalG14G
0x00000001e0e3c000 	/System/Library/PrivateFrameworks/GPURawCounter.framework/Versions/A/GPURawCounter
0x00000001db5d2000 	/System/Library/PrivateFrameworks/IOGPU.framework/Versions/A/IOGPU
0x000000012ee6c000 	/Users/nicolegumula/.openjfx/cache/17/libglass.dylib
0x00000001d2ae1000 	/System/Library/Frameworks/FileProvider.framework/Versions/A/FileProvider
0x00000001c70ac000 	/System/Library/Frameworks/Accounts.framework/Versions/A/Accounts
0x00000001d2c65000 	/System/Library/PrivateFrameworks/GenerationalStorage.framework/Versions/A/GenerationalStorage
0x00000001d382a000 	/System/Library/PrivateFrameworks/CoreSymbolication.framework/Versions/A/CoreSymbolication
0x00000001d287d000 	/System/Library/PrivateFrameworks/SymptomDiagnosticReporter.framework/Versions/A/SymptomDiagnosticReporter
0x00000001c4726000 	/System/Library/PrivateFrameworks/DesktopServicesPriv.framework/Versions/A/DesktopServicesPriv
0x00000001c3598000 	/usr/lib/libsandbox.1.dylib
0x00000001c812b000 	/System/Library/PrivateFrameworks/UserManagement.framework/Versions/A/UserManagement
0x00000001d37e7000 	/System/Library/PrivateFrameworks/DebugSymbols.framework/Versions/A/DebugSymbols
0x00000001ce6a2000 	/System/Library/PrivateFrameworks/NetAuth.framework/Versions/A/NetAuth
0x00000001cf5c3000 	/System/Library/PrivateFrameworks/Sharing.framework/Versions/A/Sharing
0x00000001c80fb000 	/System/Library/PrivateFrameworks/login.framework/Versions/A/Frameworks/loginsupport.framework/Versions/A/loginsupport
0x00000001d4a1c000 	/System/Library/PrivateFrameworks/Apple80211.framework/Versions/A/Apple80211
0x00000001cb282000 	/System/Library/PrivateFrameworks/AuthKit.framework/Versions/A/AuthKit
0x00000001ca90a000 	/System/Library/PrivateFrameworks/CoreUtils.framework/Versions/A/CoreUtils
0x00000001ca82d000 	/System/Library/Frameworks/CoreWLAN.framework/Versions/A/CoreWLAN
0x00000001cf733000 	/System/Library/Frameworks/IOBluetooth.framework/Versions/A/IOBluetooth
0x00000001d4a7c000 	/System/Library/PrivateFrameworks/CoreWiFi.framework/Versions/A/CoreWiFi
0x00000001d33c7000 	/System/Library/PrivateFrameworks/FrontBoardServices.framework/Versions/A/FrontBoardServices
0x00000001d345f000 	/System/Library/PrivateFrameworks/BoardServices.framework/Versions/A/BoardServices
0x00000001cab1d000 	/System/Library/PrivateFrameworks/AssertionServices.framework/Versions/A/AssertionServices
0x00000001d4bf9000 	/System/Library/PrivateFrameworks/BackBoardServices.framework/Versions/A/BackBoardServices
0x00000001ceb16000 	/System/Library/PrivateFrameworks/CorePhoneNumbers.framework/Versions/A/CorePhoneNumbers
0x00000001ce3bd000 	/System/Library/PrivateFrameworks/MultiverseSupport.framework/Versions/A/MultiverseSupport
0x00000001d4e7a000 	/System/Library/PrivateFrameworks/RemoteServiceDiscovery.framework/Versions/A/RemoteServiceDiscovery
0x00000001d29ad000 	/System/Library/PrivateFrameworks/DiskManagement.framework/Versions/A/DiskManagement
0x00000001d28b0000 	/System/Library/PrivateFrameworks/AppleIDAuthSupport.framework/Versions/A/AppleIDAuthSupport
0x00000002273ab000 	/System/Library/PrivateFrameworks/AAAFoundation.framework/Versions/A/AAAFoundation
0x00000001ceaf5000 	/System/Library/PrivateFrameworks/KeychainCircle.framework/Versions/A/KeychainCircle
0x00000001d4e8a000 	/System/Library/PrivateFrameworks/RemoteXPC.framework/Versions/A/RemoteXPC
0x00000001d2979000 	/System/Library/PrivateFrameworks/MediaKit.framework/Versions/A/MediaKit
0x00000001d28bd000 	/System/Library/Frameworks/DiscRecording.framework/Versions/A/DiscRecording
0x00000001cc0fc000 	/usr/lib/libCoreStorage.dylib
0x00000001d4ef6000 	/usr/lib/libcsfde.dylib
0x00000001cf808000 	/System/Library/PrivateFrameworks/ProtectedCloudStorage.framework/Versions/A/ProtectedCloudStorage
0x00000001d4eee000 	/System/Library/PrivateFrameworks/EFILogin.framework/Versions/A/EFILogin
0x00000001d2c8c000 	/System/Library/PrivateFrameworks/OctagonTrust.framework/Versions/A/OctagonTrust
0x000000022bfaa000 	/System/Library/PrivateFrameworks/CoreUtilsExtras.framework/Versions/A/CoreUtilsExtras
0x00000001d27e2000 	/System/Library/Frameworks/CoreBluetooth.framework/Versions/A/CoreBluetooth
0x00000001d558a000 	/System/Library/Frameworks/AudioUnit.framework/Versions/A/AudioUnit
0x00000001cc0f4000 	/usr/lib/libMatch.1.dylib
0x00000001e5322000 	/System/Library/Frameworks/Accelerate.framework/Versions/A/Frameworks/vImage.framework/Versions/A/Libraries/libCGInterfaces.dylib
0x00000001381b0000 	/usr/lib/libobjc-trampolines.dylib
0x000000024057a000 	/usr/lib/libRosetta.dylib
0x00000001c7df5000 	/System/Library/PrivateFrameworks/ViewBridge.framework/Versions/A/ViewBridge
0x00000001cbfba000 	/System/Library/PrivateFrameworks/CrashReporterSupport.framework/Versions/A/CrashReporterSupport
0x00000001ecdc5000 	/System/Library/PrivateFrameworks/OSAnalytics.framework/Versions/A/OSAnalytics
0x00000001f8111000 	/System/Library/PrivateFrameworks/Symbolication.framework/Versions/A/Symbolication
0x00000001e0dfd000 	/System/Library/PrivateFrameworks/MallocStackLogging.framework/Versions/A/MallocStackLogging
0x0000000138a90000 	/Users/nicolegumula/.openjfx/cache/17/libjavafx_font.dylib
0x00000001cc858000 	/System/Library/PrivateFrameworks/login.framework/Versions/A/login
0x00000001d1cfb000 	/System/Library/PrivateFrameworks/SystemAdministration.framework/Versions/A/SystemAdministration
0x00000001cd390000 	/System/Library/Frameworks/MediaToolbox.framework/Versions/A/MediaToolbox
0x00000001d159a000 	/System/Library/Frameworks/DirectoryService.framework/Versions/A/DirectoryService
0x00000001d4d83000 	/System/Library/PrivateFrameworks/DiskImages.framework/Versions/A/DiskImages
0x00000001cabce000 	/System/Library/Frameworks/ServiceManagement.framework/Versions/A/ServiceManagement
0x00000001d4f6c000 	/System/Library/PrivateFrameworks/LoginUIKit.framework/Versions/A/Frameworks/LoginUICore.framework/Versions/A/LoginUICore
0x00000001cca0e000 	/usr/lib/libodfde.dylib
0x00000001d2aad000 	/System/Library/PrivateFrameworks/CoreAVCHD.framework/Versions/A/CoreAVCHD
0x00000001d1cbd000 	/System/Library/Frameworks/MediaAccessibility.framework/Versions/A/MediaAccessibility
0x00000001d2aa9000 	/System/Library/PrivateFrameworks/Mangrove.framework/Versions/A/Mangrove
0x00000001d1cca000 	/System/Library/PrivateFrameworks/AlgosScoreFramework.framework/Versions/A/AlgosScoreFramework
0x000000022908c000 	/System/Library/PrivateFrameworks/CMPhoto.framework/Versions/A/CMPhoto
0x00000001d2a9d000 	/System/Library/PrivateFrameworks/CoreAUC.framework/Versions/A/CoreAUC
0x00000001d4f02000 	/usr/lib/libcurl.4.dylib
0x0000000240922000 	/usr/lib/libcrypto.46.dylib
0x0000000240dcb000 	/usr/lib/libssl.48.dylib
0x00000001d4c19000 	/System/Library/Frameworks/LDAP.framework/Versions/A/LDAP
0x00000001d4c55000 	/System/Library/PrivateFrameworks/TrustEvaluationAgent.framework/Versions/A/TrustEvaluationAgent
0x00000001ce3a9000 	/usr/lib/libsasl2.2.dylib
0x00000001d1cf0000 	/System/Library/PrivateFrameworks/CoreDaemon.framework/Versions/B/CoreDaemon
0x00000001d1cea000 	/System/Library/PrivateFrameworks/AppleSRP.framework/Versions/A/AppleSRP


VM Arguments:
jvm_args: -XX:+ShowCodeDetailsInExceptionMessages --module-path=/Users/nicolegumula/Documents/github/projectfx3/target/classes:/Users/nicolegumula/.m2/repository/org/openjfx/javafx-controls/17/javafx-controls-17-mac-aarch64.jar:/Users/nicolegumula/.m2/repository/org/openjfx/javafx-graphics/17/javafx-graphics-17-mac-aarch64.jar:/Users/nicolegumula/.m2/repository/org/openjfx/javafx-base/17/javafx-base-17-mac-aarch64.jar:/Users/nicolegumula/.m2/repository/org/openjfx/javafx-fxml/17/javafx-fxml-17-mac-aarch64.jar -Djdk.module.main=edu.guilford 
java_command: edu.guilford/edu.guilford.App
java_class_path (initial): /Users/nicolegumula/.m2/repository/org/openjfx/javafx-controls/17/javafx-controls-17.jar:/Users/nicolegumula/.m2/repository/org/openjfx/javafx-graphics/17/javafx-graphics-17.jar:/Users/nicolegumula/.m2/repository/org/openjfx/javafx-base/17/javafx-base-17.jar:/Users/nicolegumula/.m2/repository/org/openjfx/javafx-fxml/17/javafx-fxml-17.jar
Launcher Type: SUN_STANDARD

[Global flags]
     intx CICompilerCount                          = 4                                         {product} {ergonomic}
     uint ConcGCThreads                            = 2                                         {product} {ergonomic}
     uint G1ConcRefinementThreads                  = 8                                         {product} {ergonomic}
   size_t G1HeapRegionSize                         = 1048576                                   {product} {ergonomic}
    uintx GCDrainStackTargetSize                   = 64                                        {product} {ergonomic}
   size_t InitialHeapSize                          = 134217728                                 {product} {ergonomic}
   size_t MarkStackSize                            = 4194304                                   {product} {ergonomic}
   size_t MaxHeapSize                              = 2147483648                                {product} {ergonomic}
   size_t MaxNewSize                               = 1287651328                                {product} {ergonomic}
   size_t MinHeapDeltaBytes                        = 1048576                                   {product} {ergonomic}
   size_t MinHeapSize                              = 8388608                                   {product} {ergonomic}
    uintx NonNMethodCodeHeapSize                   = 5839564                                {pd product} {ergonomic}
    uintx NonProfiledCodeHeapSize                  = 122909338                              {pd product} {ergonomic}
    uintx ProfiledCodeHeapSize                     = 122909338                              {pd product} {ergonomic}
    uintx ReservedCodeCacheSize                    = 251658240                              {pd product} {ergonomic}
     bool SegmentedCodeCache                       = true                                      {product} {ergonomic}
     bool ShowCodeDetailsInExceptionMessages       = true                                   {manageable} {command line}
   size_t SoftMaxHeapSize                          = 2147483648                             {manageable} {ergonomic}
     bool UseCompressedClassPointers               = true                           {product lp64_product} {ergonomic}
     bool UseCompressedOops                        = true                           {product lp64_product} {ergonomic}
     bool UseG1GC                                  = true                                      {product} {ergonomic}
     bool UseNUMA                                  = false                                     {product} {ergonomic}
     bool UseNUMAInterleaving                      = false                                     {product} {ergonomic}

Logging:
Log output configuration:
 #0: stdout all=warning uptime,level,tags foldmultilines=false
 #1: stderr all=off uptime,level,tags foldmultilines=false

Environment Variables:
PATH=/usr/local/bin:/usr/bin:/bin:/usr/sbin:/sbin
SHELL=/bin/zsh
LANG=en_US.UTF-8

Signal Handlers:
   SIGSEGV: _ZL13crash_handleriP9__siginfoPv in libjvm.dylib, mask=11100110000111110111111111111111, flags=SA_RESTART|SA_SIGINFO
    SIGBUS: _ZL13crash_handleriP9__siginfoPv in libjvm.dylib, mask=11100110000111110111111111111111, flags=SA_RESTART|SA_SIGINFO
    SIGFPE: _ZL13crash_handleriP9__siginfoPv in libjvm.dylib, mask=11100110000111110111111111111111, flags=SA_RESTART|SA_SIGINFO
   SIGPIPE: _ZL17javaSignalHandleriP9__siginfoPv in libjvm.dylib, mask=11100110000111110111111111111111, flags=SA_RESTART|SA_SIGINFO
   SIGXFSZ: _ZL17javaSignalHandleriP9__siginfoPv in libjvm.dylib, mask=11100110000111110111111111111111, flags=SA_RESTART|SA_SIGINFO
    SIGILL: _ZL13crash_handleriP9__siginfoPv in libjvm.dylib, mask=11100110000111110111111111111111, flags=SA_RESTART|SA_SIGINFO
   SIGUSR2: _ZL10SR_handleriP9__siginfoP17__darwin_ucontext in libjvm.dylib, mask=00000000000000000000000000000000, flags=SA_RESTART|SA_SIGINFO
    SIGHUP: _ZL11UserHandleriPvS_ in libjvm.dylib, mask=11100110000111110111111111111111, flags=SA_RESTART|SA_SIGINFO
    SIGINT: _ZL11UserHandleriPvS_ in libjvm.dylib, mask=11100110000111110111111111111111, flags=SA_RESTART|SA_SIGINFO
   SIGTERM: _ZL11UserHandleriPvS_ in libjvm.dylib, mask=11100110000111110111111111111111, flags=SA_RESTART|SA_SIGINFO
   SIGQUIT: _ZL11UserHandleriPvS_ in libjvm.dylib, mask=11100110000111110111111111111111, flags=SA_RESTART|SA_SIGINFO
   SIGTRAP: _ZL13crash_handleriP9__siginfoPv in libjvm.dylib, mask=11100110000111110111111111111111, flags=SA_RESTART|SA_SIGINFO


---------------  S Y S T E M  ---------------

OS:
uname: Darwin 21.5.0 Darwin Kernel Version 21.5.0: Tue Apr 26 20:57:23 PDT 2022; root:xnu-8020.121.3~2/RELEASE_ARM64_T8110 arm64
OS uptime: 94 days 2:32 hours
rlimit (soft/hard): STACK 8176k/65520k , CORE 0k/infinity , NPROC 1333/2000 , NOFILE 10240/infinity , AS infinity/infinity , CPU infinity/infinity , DATA infinity/infinity , FSIZE infinity/infinity , MEMLOCK infinity/infinity , RSS infinity/infinity
load average: 2.06 1.75 1.61

CPU: total 8 (initial active 8) 0x61:0x0:0xda33d83d:0, fp, simd, aes, pmull, crc, lse

Memory: 16k page, physical 8388608k(87072k free), swap 5242880k(937472k free)

vm_info: Java HotSpot(TM) 64-Bit Server VM (18.0.2.1+1-1) for bsd-aarch64 JRE (18.0.2.1+1-1), built on Aug 16 2022 00:50:09 by "mach5one" with clang Apple LLVM 12.0.0 (clang-1200.0.32.29)

END.
