#
# A fatal error has been detected by the Java Runtime Environment:
#
#  SIGBUS (0xa) at pc=0x000000010e7754f0, pid=88352, tid=36363
#
# JRE version: Java(TM) SE Runtime Environment (18.0.2.1+1) (build 18.0.2.1+1-1)
# Java VM: Java HotSpot(TM) 64-Bit Server VM (18.0.2.1+1-1, mixed mode, sharing, tiered, compressed oops, compressed class ptrs, g1 gc, bsd-aarch64)
# Problematic frame:
# v  ~StubRoutines::SafeFetchN
#
# No core dump will be written. Core dumps have been disabled. To enable core dumping, try "ulimit -c unlimited" before starting Java again
#
# If you would like to submit a bug report, please visit:
#   https://bugreport.java.com/bugreport/crash.jsp
# The crash happened outside the Java Virtual Machine in native code.
# See problematic frame for where to report the bug.
#

---------------  S U M M A R Y ------------

Command Line: -XX:+ShowCodeDetailsInExceptionMessages --module-path=/Users/nicolegumula/Documents/github/projectfx3/target/classes:/Users/nicolegumula/.m2/repository/org/openjfx/javafx-controls/17/javafx-controls-17-mac-aarch64.jar:/Users/nicolegumula/.m2/repository/org/openjfx/javafx-graphics/17/javafx-graphics-17-mac-aarch64.jar:/Users/nicolegumula/.m2/repository/org/openjfx/javafx-base/17/javafx-base-17-mac-aarch64.jar:/Users/nicolegumula/.m2/repository/org/openjfx/javafx-fxml/17/javafx-fxml-17-mac-aarch64.jar -Djdk.module.main=edu.guilford edu.guilford/edu.guilford.App

Host: "Mac14,2" arm64, 8 cores, 8G, Darwin 21.5.0, macOS 12.4 (21F2081)
Time: Wed Apr 26 20:48:31 2023 EDT elapsed time: 5.367094 seconds (0d 0h 0m 5s)

---------------  T H R E A D  ---------------

Current thread (0x0000000149133200):  JavaThread "InvokeLaterDispatcher" daemon [_thread_in_native, id=36363, stack(0x0000000171f98000,0x000000017219b000)]

Stack: [0x0000000171f98000,0x000000017219b000],  sp=0x000000017219a7d0,  free space=2057k
Native frames: (J=compiled Java code, j=interpreted, Vv=VM code, C=native code)
v  ~StubRoutines::SafeFetchN
V  [libjvm.dylib+0x7cf0dc]  _ZN10OopStorage7releaseEPKP7oopDesc+0x20
V  [libjvm.dylib+0x4f75e8]  jni_DeleteGlobalRef+0xc0
C  [libglass.dylib+0xab08]  -[GlassRunnable dealloc]+0x34
C  [Foundation+0x85318]  -[_NSThreadPerformInfo dealloc]+0x30
C  [Foundation+0x518ac]  -[NSObject(NSThreadPerformAdditions) performSelectorOnMainThread:withObject:waitUntilDone:]+0x88
C  0x993180010e77d8ac
j  com.sun.glass.ui.mac.MacApplication.submitForLaterInvocation(Ljava/lang/Runnable;)V+2 javafx.graphics
j  com.sun.glass.ui.InvokeLaterDispatcher.run()V+82 javafx.graphics
v  ~StubRoutines::call_stub
V  [libjvm.dylib+0x49eb20]  _ZN9JavaCalls11call_helperEP9JavaValueRK12methodHandleP17JavaCallArgumentsP10JavaThread+0x38c
V  [libjvm.dylib+0x49db3c]  _ZN9JavaCalls12call_virtualEP9JavaValueP5KlassP6SymbolS5_P17JavaCallArgumentsP10JavaThread+0x11c
V  [libjvm.dylib+0x49dc08]  _ZN9JavaCalls12call_virtualEP9JavaValue6HandleP5KlassP6SymbolS6_P10JavaThread+0x64
V  [libjvm.dylib+0x54fdf8]  _ZL12thread_entryP10JavaThreadS0_+0x9c
V  [libjvm.dylib+0x919c88]  _ZN10JavaThread17thread_main_innerEv+0xa0
V  [libjvm.dylib+0x9186e8]  _ZN6Thread8call_runEv+0xe0
V  [libjvm.dylib+0x7d58c0]  _ZL19thread_native_entryP6Thread+0x158
C  [libsystem_pthread.dylib+0x726c]  _pthread_start+0x94

Java frames: (J=compiled Java code, j=interpreted, Vv=VM code)
j  com.sun.glass.ui.mac.MacApplication._submitForLaterInvocation(Ljava/lang/Runnable;)V+0 javafx.graphics
j  com.sun.glass.ui.mac.MacApplication.submitForLaterInvocation(Ljava/lang/Runnable;)V+2 javafx.graphics
j  com.sun.glass.ui.InvokeLaterDispatcher.run()V+82 javafx.graphics
v  ~StubRoutines::call_stub

siginfo: si_signo: 10 (SIGBUS), si_code: 1 (BUS_ADRALN), si_addr: 0x000000010e7754f0

Register to memory mapping:

 x0=0x0000000138e07e08 is a global jni handle
 x1=0x0 is NULL
 x2=0x000000078614bf28 is an oop: com.sun.glass.ui.InvokeLaterDispatcher$Future 
{0x000000078614bf28} - klass: 'com/sun/glass/ui/InvokeLaterDispatcher$Future'
 - ---- fields (total size 3 words):
 - private 'done' 'Z' @12  true
 - private final 'runnable' 'Ljava/lang/Runnable;' @16  a 'com/sun/javafx/application/PlatformImpl$$Lambda$88+0x0000000800c853f0'{0x000000078602bbb0} (f0c05776)
 - final synthetic 'this$0' 'Lcom/sun/glass/ui/InvokeLaterDispatcher;' @20  a 'com/sun/glass/ui/InvokeLaterDispatcher'{0x0000000786815708} (f0d02ae1)
 x3=0x0 is NULL
 x4=0x00000000000130a8 is an unknown value
 x5=0x0 is NULL
 x6=0x0 is NULL
 x7=0x0 is NULL
 x8=0x000000010e7754ec is at begin+0 in a stub
StubRoutines::SafeFetchN [0x000000010e7754ec, 0x000000010e7754f8] (12 bytes)
 x9=0x0 is NULL
x10=0x2010000030300000 is an unknown value
x11=0x0000000000000007 is an unknown value
x12=0x0 is NULL
x13=0x000000012bd633e0 points into unknown readable memory: 0x3538633030383030 | 30 30 38 30 30 63 38 35
x14=0x0000080000000000 is an unknown value
x15=0x000000012a8e9f98: OBJC_CLASS_$_GlassRunnable+0 in /Users/nicolegumula/.openjfx/cache/17/libglass.dylib at 0x000000012a8a4000
x16=0x00000001907b70fc: pthread_getspecific+0 in /usr/lib/system/libsystem_pthread.dylib at 0x00000001907b5000
x17=0x0000000148e9c640 points into unknown readable memory: 0xfffffffffffffffe | fe ff ff ff ff ff ff ff
x18=0x0 is NULL
x19=0x0000000148f23c50 points into unknown readable memory: 0x0000000148f23ed0 | d0 3e f2 48 01 00 00 00
x20=0x0000000138e07c00 points into unknown readable memory: 0x0000000138e07af0 | f0 7a e0 38 01 00 00 00
x21=0x0000000138e07e08 is a global jni handle
x22=0x0000000149133200 is a thread
x23=0x0000000000000001 is an unknown value
x24=0x0000000138e07dc0 is a global jni handle
x25=0x0000000106b1ece8: _ZN12StubRoutines17_safefetchN_entryE+0 in /Library/Java/JavaVirtualMachines/jdk-18.0.2.1.jdk/Contents/Home/lib/server/libjvm.dylib at 0x0000000105f54000
x26=0x0000000123d1ac08 is pointing into metadata
x27=0x0 is NULL
x28=0x0000000149133200 is a thread


Registers:
 x0=0x0000000138e07e08  x1=0x0000000000000000  x2=0x000000078614bf28  x3=0x0000000000000000
 x4=0x00000000000130a8  x5=0x0000000000000000  x6=0x0000000000000000  x7=0x0000000000000000
 x8=0x000000010e7754ec  x9=0x0000000000000000 x10=0x2010000030300000 x11=0x0000000000000007
x12=0x0000000000000000 x13=0x000000012bd633e0 x14=0x0000080000000000 x15=0x000000012a8e9f98
x16=0x00000001907b70fc x17=0x0000000148e9c640 x18=0x0000000000000000 x19=0x0000000148f23c50
x20=0x0000000138e07c00 x21=0x0000000138e07e08 x22=0x0000000149133200 x23=0x0000000000000001
x24=0x0000000138e07dc0 x25=0x0000000106b1ece8 x26=0x0000000123d1ac08 x27=0x0000000000000000
x28=0x0000000149133200  fp=0x000000017219a810  lr=0x0000000106721ed0  sp=0x000000017219a7d0
pc=0x000000010e7754f0 cpsr=0x0000000060001000
Top of Stack: (sp=0x000000017219a7d0)
0x000000017219a7d0:   0000000123d1ac08 0000000000000001
0x000000017219a7e0:   000000017219a9c8 000000012970be20
0x000000017219a7f0:   0000000000000000 0000000138e07dc0
0x000000017219a800:   0000000138e07dc0 0000000148f23c50
0x000000017219a810:   000000017219a850 00000001067230dc
0x000000017219a820:   0000000000000001 0000000138e07dc0
0x000000017219a830:   0000000000000000 0000000138e07dc0
0x000000017219a840:   0000000000000001 0000000149133800
0x000000017219a850:   000000017219a880 000000010644b5e8
0x000000017219a860:   000000012970ca40 00000001daa8c7dc
0x000000017219a870:   0000000000000000 000000012970ca40
0x000000017219a880:   000000017219a8b0 000000012a8aeb08
0x000000017219a890:   738bc590aa8d00da 0000000000000000
0x000000017219a8a0:   0000000000000000 000000012970c880
0x000000017219a8b0:   000000017219a8f0 000000019178d318
0x000000017219a8c0:   000000017219a9c8 000000012970be20
0x000000017219a8d0:   000000012970ca40 738bc590aa8d00da
0x000000017219a8e0:   0000000000000000 0000000000000000
0x000000017219a8f0:   000000017219a930 464c0001917598ac
0x000000017219a900:   000000017219a9c8 000000010e77c7c0
0x000000017219a910:   0000000000000000 0000000106b267a0
0x000000017219a920:   000000017219a940 000000010e77b730
0x000000017219a930:   000000017219a9a0 993180010e77d8ac
0x000000017219a940:   0000000123d1d270 0000000000000001
0x000000017219a950:   000000017219a950 0000000000000000
0x000000017219a960:   000000017219a9c8 0000000123d1ac08
0x000000017219a970:   00000007868406e0 0000000000000000
0x000000017219a980:   0000000000000000 0000000123cf10f0
0x000000017219a990:   0000000000000000 000000017219a9a0
0x000000017219a9a0:   000000017219aa20 000000010e779fc8
0x000000017219a9b0:   0000000000000000 0000000000000000
0x000000017219a9c0:   000000078614bf28 0000000786840758 

Instructions: (pc=0x000000010e7754f0)
0x000000010e7753f0:   f2a0d5c9 f2c00029 6d425935 1e640886
0x000000010e775400:   0c402d31 1e6408c7 1f5654d0 1e6c1017
0x000000010e775410:   1f5050d0 1f504cd0 1f5048d0 1e650af6
0x000000010e775420:   1f50d8f6 1f5694d6 1f5158f6 1e762880
0x000000010e775430:   36000501 1e614000 14000026 2e251ca5
0x000000010e775440:   d2963009 f2a0d5c9 f2c00029 6d425d36
0x000000010e775450:   1e600806 0c402d32 1f5758c7 1e6c101a
0x000000010e775460:   1f4754c7 1e650805 1f4750c7 d2866668
0x000000010e775470:   f2a7fa68 1f474cc7 1e6608c0 1f4748c7
0x000000010e775480:   1e6e1019 eb08007f 540000ac 1f479400
0x000000010e775490:   1f460340 1e603b20 1400000e d2a7fd29
0x000000010e7754a0:   eb09007f 540000ac 51480069 d3607d29
0x000000010e7754b0:   9e670121 14000002 1e6a5001 1f679417
0x000000010e7754c0:   1f668742 1e613b23 1e773857 1e773860
0x000000010e7754d0:   a8c17ff3 910003bf a8c17bfd d65f03c0
0x000000010e7754e0:   b9400001 aa0103e0 d65f03c0 f9400001
0x000000010e7754f0:   aa0103e0 d65f03c0 00000000 00000000
0x000000010e775500:   00000000 00000000 00000000 00000000
0x000000010e775510:   00000000 00000000 00000000 00000000
0x000000010e775520:   00000000 00000000 00000000 00000000
0x000000010e775530:   00000000 00000000 00000000 00000000
0x000000010e775540:   00000000 00000000 00000000 00000000
0x000000010e775550:   00000000 00000000 00000000 00000000
0x000000010e775560:   00000000 00000000 00000000 00000000
0x000000010e775570:   00000000 00000000 00000000 00000000
0x000000010e775580:   00000000 00000000 00000000 00000000
0x000000010e775590:   00000000 00000000 00000000 00000000
0x000000010e7755a0:   00000000 00000000 00000000 00000000
0x000000010e7755b0:   00000000 00000000 00000000 00000000
0x000000010e7755c0:   00000000 00000000 00000000 00000000
0x000000010e7755d0:   00000000 00000000 00000000 00000000
0x000000010e7755e0:   00000000 00000000 00000000 00000000 


Stack slot to memory mapping:
stack at sp + 0 slots: 0x0000000123d1ac08 is pointing into metadata
stack at sp + 1 slots: 0x0000000000000001 is an unknown value
stack at sp + 2 slots: 0x000000017219a9c8 is pointing into the stack for thread: 0x0000000149133200
stack at sp + 3 slots: 0x000000012970be20 points into unknown readable memory: 0x01000001e919e031 | 31 e0 19 e9 01 00 00 01
stack at sp + 4 slots: 0x0 is NULL
stack at sp + 5 slots: 0x0000000138e07dc0 is a global jni handle
stack at sp + 6 slots: 0x0000000138e07dc0 is a global jni handle
stack at sp + 7 slots: 0x0000000148f23c50 points into unknown readable memory: 0x0000000148f23ed0 | d0 3e f2 48 01 00 00 00

StubRoutines::SafeFetchN [0x000000010e7754ec, 0x000000010e7754f8] (12 bytes)
[MachCode]
  0x000000010e7754ec: 0100 40f9 | e003 01aa | c003 5fd6 
[/MachCode]

---------------  P R O C E S S  ---------------

Threads class SMR info:
_java_thread_list=0x000000012f7b8080, length=18, elements={
0x000000014980a200, 0x0000000149866200, 0x000000014900b800, 0x0000000139010400,
0x000000013900cc00, 0x000000013900d200, 0x000000013900a600, 0x000000013900ac00,
0x000000013900b200, 0x000000014903c800, 0x0000000149866800, 0x0000000149089200,
0x0000000149133200, 0x0000000149133800, 0x0000000149144200, 0x00000001499b8800,
0x0000000149a40000, 0x00000001390cf400
}

Java Threads: ( => current thread )
  0x000000014980a200 JavaThread "main" [_thread_blocked, id=6403, stack(0x000000016f79c000,0x000000016f99f000)]
  0x0000000149866200 JavaThread "Reference Handler" daemon [_thread_blocked, id=16131, stack(0x00000001705f0000,0x00000001707f3000)]
  0x000000014900b800 JavaThread "Finalizer" daemon [_thread_blocked, id=15875, stack(0x00000001707fc000,0x00000001709ff000)]
  0x0000000139010400 JavaThread "Signal Dispatcher" daemon [_thread_blocked, id=42499, stack(0x0000000170b20000,0x0000000170d23000)]
  0x000000013900cc00 JavaThread "Service Thread" daemon [_thread_blocked, id=23299, stack(0x0000000170d2c000,0x0000000170f2f000)]
  0x000000013900d200 JavaThread "Monitor Deflation Thread" daemon [_thread_blocked, id=23555, stack(0x0000000170f38000,0x000000017113b000)]
  0x000000013900a600 JavaThread "C2 CompilerThread0" daemon [_thread_blocked, id=24067, stack(0x0000000171144000,0x0000000171347000)]
  0x000000013900ac00 JavaThread "C1 CompilerThread0" daemon [_thread_blocked, id=24323, stack(0x0000000171350000,0x0000000171553000)]
  0x000000013900b200 JavaThread "Sweeper thread" daemon [_thread_blocked, id=24579, stack(0x000000017155c000,0x000000017175f000)]
  0x000000014903c800 JavaThread "Common-Cleaner" daemon [_thread_blocked, id=24835, stack(0x0000000171768000,0x000000017196b000)]
  0x0000000149866800 JavaThread "Notification Thread" daemon [_thread_blocked, id=25347, stack(0x0000000171974000,0x0000000171b77000)]
  0x0000000149089200 JavaThread "QuantumRenderer-0" daemon [_thread_blocked, id=26371, stack(0x0000000171d8c000,0x0000000171f8f000)]
=>0x0000000149133200 JavaThread "InvokeLaterDispatcher" daemon [_thread_in_native, id=36363, stack(0x0000000171f98000,0x000000017219b000)]
  0x0000000149133800 JavaThread "JavaFX Application Thread" [_thread_in_vm, id=259, stack(0x000000016ef14000,0x000000016f710000)]
  0x0000000149144200 JavaThread "PulseTimer-CVDisplayLink thread" daemon [_thread_in_native, id=80387, stack(0x00000001721a4000,0x0000000172227000)]
  0x00000001499b8800 JavaThread "JavaFX-Launcher" [_thread_blocked, id=55555, stack(0x000000017243c000,0x000000017263f000)]
  0x0000000149a40000 JavaThread "Prism Font Disposer" daemon [_thread_blocked, id=59659, stack(0x0000000173084000,0x0000000173287000)]
  0x00000001390cf400 JavaThread "Cleaner-0" daemon [_thread_blocked, id=75275, stack(0x0000000173290000,0x0000000173493000)]

Other Threads:
  0x0000000148f29b30 VMThread "VM Thread" [stack: 0x00000001703e4000,0x00000001705e7000] [id=16643]
  0x0000000148f60b40 WatcherThread "VM Periodic Task Thread" [stack: 0x0000000171b80000,0x0000000171d83000] [id=25859]
  0x0000000148f18fb0 WorkerThread "GC Thread#0" [stack: 0x000000016f9a8000,0x000000016fbab000] [id=12291]
  0x0000000138e60510 WorkerThread "GC Thread#1" [stack: 0x0000000172648000,0x000000017284b000] [id=76803]
  0x000000012f715ff0 WorkerThread "GC Thread#2" [stack: 0x0000000172854000,0x0000000172a57000] [id=56067]
  0x000000012f716a70 WorkerThread "GC Thread#3" [stack: 0x0000000172a60000,0x0000000172c63000] [id=56323]
  0x000000012f7176c0 WorkerThread "GC Thread#4" [stack: 0x0000000172c6c000,0x0000000172e6f000] [id=75779]
  0x000000012f718330 WorkerThread "GC Thread#5" [stack: 0x0000000172e78000,0x000000017307b000] [id=56579]
  0x0000000148f19e60 ConcurrentGCThread "G1 Main Marker" [stack: 0x000000016fbb4000,0x000000016fdb7000] [id=12803]
  0x0000000148f1abe0 WorkerThread "G1 Conc#0" [stack: 0x000000016fdc0000,0x000000016ffc3000] [id=19203]
  0x0000000148e48a50 ConcurrentGCThread "G1 Refine#0" [stack: 0x000000016ffcc000,0x00000001701cf000] [id=18691]
  0x0000000148e497d0 ConcurrentGCThread "G1 Service" [stack: 0x00000001701d8000,0x00000001703db000] [id=13571]

Threads with active compile tasks:

VM state: not at safepoint (normal execution)

VM Mutex/Monitor currently owned by a thread: None

Heap address: 0x0000000780000000, size: 2048 MB, Compressed Oops mode: Zero based, Oop shift amount: 3

CDS archive(s) mapped at: [0x0000000800000000-0x0000000800ba8000-0x0000000800ba8000), size 12222464, SharedBaseAddress: 0x0000000800000000, ArchiveRelocationMode: 0.
Compressed class space mapped at: 0x0000000800c00000-0x0000000840c00000, reserved size: 1073741824
Narrow klass base: 0x0000000800000000, Narrow klass shift: 0, Narrow klass range: 0x100000000

GC Precious Log:
 CardTable entry size: 512
 Card Set container configuration: InlinePtr #cards 5 size 8 Array Of Cards #cards 12 size 40 Howl #buckets 4 coarsen threshold 1843 Howl Bitmap #cards 512 size 80 coarsen threshold 460 Card regions per heap region 1 cards per card region 2048
 CPUs: 8 total, 8 available
 Memory: 8192M
 Large Page Support: Disabled
 NUMA Support: Disabled
 Compressed Oops: Enabled (Zero based)
 Heap Region Size: 1M
 Heap Min Capacity: 8M
 Heap Initial Capacity: 128M
 Heap Max Capacity: 2G
 Pre-touch: Disabled
 Parallel Workers: 8
 Concurrent Workers: 2
 Concurrent Refinement Workers: 8
 Periodic GC: Disabled

Heap:
 garbage-first heap   total 133120K, used 80088K [0x0000000780000000, 0x0000000800000000)
  region size 1024K, 32 young (32768K), 3 survivors (3072K)
 Metaspace       used 13840K, committed 14080K, reserved 1114112K
  class space    used 2035K, committed 2176K, reserved 1048576K

Heap Regions: E=young(eden), S=young(survivor), O=old, HS=humongous(starts), HC=humongous(continues), CS=collection set, F=free, OA=open archive, CA=closed archive, TAMS=top-at-mark-start (previous, next)
|   0|0x0000000780000000, 0x000000078004e000, 0x0000000780100000| 30%| O|  |TAMS 0x0000000780000000, 0x0000000780000000| Untracked 
|   1|0x0000000780100000, 0x0000000780200000, 0x0000000780200000|100%|HS|  |TAMS 0x0000000780100000, 0x0000000780100000| Complete 
|   2|0x0000000780200000, 0x0000000780300000, 0x0000000780300000|100%|HC|  |TAMS 0x0000000780200000, 0x0000000780200000| Complete 
|   3|0x0000000780300000, 0x0000000780400000, 0x0000000780400000|100%|HC|  |TAMS 0x0000000780300000, 0x0000000780300000| Complete 
|   4|0x0000000780400000, 0x0000000780500000, 0x0000000780500000|100%|HC|  |TAMS 0x0000000780400000, 0x0000000780400000| Complete 
|   5|0x0000000780500000, 0x0000000780600000, 0x0000000780600000|100%|HC|  |TAMS 0x0000000780500000, 0x0000000780500000| Complete 
|   6|0x0000000780600000, 0x0000000780700000, 0x0000000780700000|100%|HC|  |TAMS 0x0000000780600000, 0x0000000780600000| Complete 
|   7|0x0000000780700000, 0x0000000780800000, 0x0000000780800000|100%|HC|  |TAMS 0x0000000780700000, 0x0000000780700000| Complete 
|   8|0x0000000780800000, 0x0000000780900000, 0x0000000780900000|100%|HC|  |TAMS 0x0000000780800000, 0x0000000780800000| Complete 
|   9|0x0000000780900000, 0x0000000780a00000, 0x0000000780a00000|100%|HC|  |TAMS 0x0000000780900000, 0x0000000780900000| Complete 
|  10|0x0000000780a00000, 0x0000000780b00000, 0x0000000780b00000|100%|HS|  |TAMS 0x0000000780a00000, 0x0000000780a00000| Complete 
|  11|0x0000000780b00000, 0x0000000780c00000, 0x0000000780c00000|100%|HC|  |TAMS 0x0000000780b00000, 0x0000000780b00000| Complete 
|  12|0x0000000780c00000, 0x0000000780d00000, 0x0000000780d00000|100%|HC|  |TAMS 0x0000000780c00000, 0x0000000780c00000| Complete 
|  13|0x0000000780d00000, 0x0000000780e00000, 0x0000000780e00000|100%|HC|  |TAMS 0x0000000780d00000, 0x0000000780d00000| Complete 
|  14|0x0000000780e00000, 0x0000000780f00000, 0x0000000780f00000|100%|HC|  |TAMS 0x0000000780e00000, 0x0000000780e00000| Complete 
|  15|0x0000000780f00000, 0x0000000781000000, 0x0000000781000000|100%|HC|  |TAMS 0x0000000780f00000, 0x0000000780f00000| Complete 
|  16|0x0000000781000000, 0x0000000781100000, 0x0000000781100000|100%|HC|  |TAMS 0x0000000781000000, 0x0000000781000000| Complete 
|  17|0x0000000781100000, 0x0000000781200000, 0x0000000781200000|100%|HC|  |TAMS 0x0000000781100000, 0x0000000781100000| Complete 
|  18|0x0000000781200000, 0x0000000781300000, 0x0000000781300000|100%|HC|  |TAMS 0x0000000781200000, 0x0000000781200000| Complete 
|  19|0x0000000781300000, 0x0000000781400000, 0x0000000781400000|100%|HC|  |TAMS 0x0000000781300000, 0x0000000781300000| Complete 
|  20|0x0000000781400000, 0x0000000781500000, 0x0000000781500000|100%|HC|  |TAMS 0x0000000781400000, 0x0000000781400000| Complete 
|  21|0x0000000781500000, 0x0000000781600000, 0x0000000781600000|100%|HC|  |TAMS 0x0000000781500000, 0x0000000781500000| Complete 
|  22|0x0000000781600000, 0x0000000781700000, 0x0000000781700000|100%|HC|  |TAMS 0x0000000781600000, 0x0000000781600000| Complete 
|  23|0x0000000781700000, 0x0000000781800000, 0x0000000781800000|100%|HC|  |TAMS 0x0000000781700000, 0x0000000781700000| Complete 
|  24|0x0000000781800000, 0x0000000781900000, 0x0000000781900000|100%|HC|  |TAMS 0x0000000781800000, 0x0000000781800000| Complete 
|  25|0x0000000781900000, 0x0000000781a00000, 0x0000000781a00000|100%|HC|  |TAMS 0x0000000781900000, 0x0000000781900000| Complete 
|  26|0x0000000781a00000, 0x0000000781b00000, 0x0000000781b00000|100%|HC|  |TAMS 0x0000000781a00000, 0x0000000781a00000| Complete 
|  27|0x0000000781b00000, 0x0000000781c00000, 0x0000000781c00000|100%|HC|  |TAMS 0x0000000781b00000, 0x0000000781b00000| Complete 
|  28|0x0000000781c00000, 0x0000000781d00000, 0x0000000781d00000|100%|HC|  |TAMS 0x0000000781c00000, 0x0000000781c00000| Complete 
|  29|0x0000000781d00000, 0x0000000781e00000, 0x0000000781e00000|100%|HC|  |TAMS 0x0000000781d00000, 0x0000000781d00000| Complete 
|  30|0x0000000781e00000, 0x0000000781f00000, 0x0000000781f00000|100%|HC|  |TAMS 0x0000000781e00000, 0x0000000781e00000| Complete 
|  31|0x0000000781f00000, 0x0000000782000000, 0x0000000782000000|100%|HC|  |TAMS 0x0000000781f00000, 0x0000000781f00000| Complete 
|  32|0x0000000782000000, 0x0000000782100000, 0x0000000782100000|100%|HC|  |TAMS 0x0000000782000000, 0x0000000782000000| Complete 
|  33|0x0000000782100000, 0x0000000782200000, 0x0000000782200000|100%|HC|  |TAMS 0x0000000782100000, 0x0000000782100000| Complete 
|  34|0x0000000782200000, 0x0000000782300000, 0x0000000782300000|100%|HC|  |TAMS 0x0000000782200000, 0x0000000782200000| Complete 
|  35|0x0000000782300000, 0x0000000782400000, 0x0000000782400000|100%|HC|  |TAMS 0x0000000782300000, 0x0000000782300000| Complete 
|  36|0x0000000782400000, 0x0000000782500000, 0x0000000782500000|100%|HC|  |TAMS 0x0000000782400000, 0x0000000782400000| Complete 
|  37|0x0000000782500000, 0x0000000782600000, 0x0000000782600000|100%|HC|  |TAMS 0x0000000782500000, 0x0000000782500000| Complete 
|  38|0x0000000782600000, 0x0000000782700000, 0x0000000782700000|100%|HC|  |TAMS 0x0000000782600000, 0x0000000782600000| Complete 
|  39|0x0000000782700000, 0x0000000782800000, 0x0000000782800000|100%|HC|  |TAMS 0x0000000782700000, 0x0000000782700000| Complete 
|  40|0x0000000782800000, 0x0000000782900000, 0x0000000782900000|100%|HC|  |TAMS 0x0000000782800000, 0x0000000782800000| Complete 
|  41|0x0000000782900000, 0x0000000782a00000, 0x0000000782a00000|100%|HC|  |TAMS 0x0000000782900000, 0x0000000782900000| Complete 
|  42|0x0000000782a00000, 0x0000000782b00000, 0x0000000782b00000|100%|HC|  |TAMS 0x0000000782a00000, 0x0000000782a00000| Complete 
|  43|0x0000000782b00000, 0x0000000782c00000, 0x0000000782c00000|100%|HC|  |TAMS 0x0000000782b00000, 0x0000000782b00000| Complete 
|  44|0x0000000782c00000, 0x0000000782d00000, 0x0000000782d00000|100%|HC|  |TAMS 0x0000000782c00000, 0x0000000782c00000| Complete 
|  45|0x0000000782d00000, 0x0000000782e00000, 0x0000000782e00000|100%|HS|  |TAMS 0x0000000782d00000, 0x0000000782d00000| Complete 
|  46|0x0000000782e00000, 0x0000000782f00000, 0x0000000782f00000|100%|HC|  |TAMS 0x0000000782e00000, 0x0000000782e00000| Complete 
|  47|0x0000000782f00000, 0x0000000782f00000, 0x0000000783000000|  0%| F|  |TAMS 0x0000000782f00000, 0x0000000782f00000| Untracked 
|  48|0x0000000783000000, 0x0000000783000000, 0x0000000783100000|  0%| F|  |TAMS 0x0000000783000000, 0x0000000783000000| Untracked 
|  49|0x0000000783100000, 0x0000000783100000, 0x0000000783200000|  0%| F|  |TAMS 0x0000000783100000, 0x0000000783100000| Untracked 
|  50|0x0000000783200000, 0x0000000783200000, 0x0000000783300000|  0%| F|  |TAMS 0x0000000783200000, 0x0000000783200000| Untracked 
|  51|0x0000000783300000, 0x0000000783300000, 0x0000000783400000|  0%| F|  |TAMS 0x0000000783300000, 0x0000000783300000| Untracked 
|  52|0x0000000783400000, 0x0000000783400000, 0x0000000783500000|  0%| F|  |TAMS 0x0000000783400000, 0x0000000783400000| Untracked 
|  53|0x0000000783500000, 0x0000000783500000, 0x0000000783600000|  0%| F|  |TAMS 0x0000000783500000, 0x0000000783500000| Untracked 
|  54|0x0000000783600000, 0x0000000783600000, 0x0000000783700000|  0%| F|  |TAMS 0x0000000783600000, 0x0000000783600000| Untracked 
|  55|0x0000000783700000, 0x0000000783700000, 0x0000000783800000|  0%| F|  |TAMS 0x0000000783700000, 0x0000000783700000| Untracked 
|  56|0x0000000783800000, 0x0000000783800000, 0x0000000783900000|  0%| F|  |TAMS 0x0000000783800000, 0x0000000783800000| Untracked 
|  57|0x0000000783900000, 0x0000000783900000, 0x0000000783a00000|  0%| F|  |TAMS 0x0000000783900000, 0x0000000783900000| Untracked 
|  58|0x0000000783a00000, 0x0000000783a00000, 0x0000000783b00000|  0%| F|  |TAMS 0x0000000783a00000, 0x0000000783a00000| Untracked 
|  59|0x0000000783b00000, 0x0000000783b00000, 0x0000000783c00000|  0%| F|  |TAMS 0x0000000783b00000, 0x0000000783b00000| Untracked 
|  60|0x0000000783c00000, 0x0000000783c00000, 0x0000000783d00000|  0%| F|  |TAMS 0x0000000783c00000, 0x0000000783c00000| Untracked 
|  61|0x0000000783d00000, 0x0000000783d00000, 0x0000000783e00000|  0%| F|  |TAMS 0x0000000783d00000, 0x0000000783d00000| Untracked 
|  62|0x0000000783e00000, 0x0000000783e00000, 0x0000000783f00000|  0%| F|  |TAMS 0x0000000783e00000, 0x0000000783e00000| Untracked 
|  63|0x0000000783f00000, 0x0000000783f00000, 0x0000000784000000|  0%| F|  |TAMS 0x0000000783f00000, 0x0000000783f00000| Untracked 
|  64|0x0000000784000000, 0x0000000784000000, 0x0000000784100000|  0%| F|  |TAMS 0x0000000784000000, 0x0000000784000000| Untracked 
|  65|0x0000000784100000, 0x0000000784100000, 0x0000000784200000|  0%| F|  |TAMS 0x0000000784100000, 0x0000000784100000| Untracked 
|  66|0x0000000784200000, 0x0000000784200000, 0x0000000784300000|  0%| F|  |TAMS 0x0000000784200000, 0x0000000784200000| Untracked 
|  67|0x0000000784300000, 0x0000000784300000, 0x0000000784400000|  0%| F|  |TAMS 0x0000000784300000, 0x0000000784300000| Untracked 
|  68|0x0000000784400000, 0x0000000784400000, 0x0000000784500000|  0%| F|  |TAMS 0x0000000784400000, 0x0000000784400000| Untracked 
|  69|0x0000000784500000, 0x0000000784500000, 0x0000000784600000|  0%| F|  |TAMS 0x0000000784500000, 0x0000000784500000| Untracked 
|  70|0x0000000784600000, 0x0000000784600000, 0x0000000784700000|  0%| F|  |TAMS 0x0000000784600000, 0x0000000784600000| Untracked 
|  71|0x0000000784700000, 0x0000000784700000, 0x0000000784800000|  0%| F|  |TAMS 0x0000000784700000, 0x0000000784700000| Untracked 
|  72|0x0000000784800000, 0x0000000784800000, 0x0000000784900000|  0%| F|  |TAMS 0x0000000784800000, 0x0000000784800000| Untracked 
|  73|0x0000000784900000, 0x0000000784900000, 0x0000000784a00000|  0%| F|  |TAMS 0x0000000784900000, 0x0000000784900000| Untracked 
|  74|0x0000000784a00000, 0x0000000784a00000, 0x0000000784b00000|  0%| F|  |TAMS 0x0000000784a00000, 0x0000000784a00000| Untracked 
|  75|0x0000000784b00000, 0x0000000784b00000, 0x0000000784c00000|  0%| F|  |TAMS 0x0000000784b00000, 0x0000000784b00000| Untracked 
|  76|0x0000000784c00000, 0x0000000784c00000, 0x0000000784d00000|  0%| F|  |TAMS 0x0000000784c00000, 0x0000000784c00000| Untracked 
|  77|0x0000000784d00000, 0x0000000784d00000, 0x0000000784e00000|  0%| F|  |TAMS 0x0000000784d00000, 0x0000000784d00000| Untracked 
|  78|0x0000000784e00000, 0x0000000784e00000, 0x0000000784f00000|  0%| F|  |TAMS 0x0000000784e00000, 0x0000000784e00000| Untracked 
|  79|0x0000000784f00000, 0x0000000784f00000, 0x0000000785000000|  0%| F|  |TAMS 0x0000000784f00000, 0x0000000784f00000| Untracked 
|  80|0x0000000785000000, 0x0000000785000000, 0x0000000785100000|  0%| F|  |TAMS 0x0000000785000000, 0x0000000785000000| Untracked 
|  81|0x0000000785100000, 0x0000000785100000, 0x0000000785200000|  0%| F|  |TAMS 0x0000000785100000, 0x0000000785100000| Untracked 
|  82|0x0000000785200000, 0x0000000785200000, 0x0000000785300000|  0%| F|  |TAMS 0x0000000785200000, 0x0000000785200000| Untracked 
|  83|0x0000000785300000, 0x0000000785300000, 0x0000000785400000|  0%| F|  |TAMS 0x0000000785300000, 0x0000000785300000| Untracked 
|  84|0x0000000785400000, 0x0000000785400000, 0x0000000785500000|  0%| F|  |TAMS 0x0000000785400000, 0x0000000785400000| Untracked 
|  85|0x0000000785500000, 0x0000000785500000, 0x0000000785600000|  0%| F|  |TAMS 0x0000000785500000, 0x0000000785500000| Untracked 
|  86|0x0000000785600000, 0x0000000785600000, 0x0000000785700000|  0%| F|  |TAMS 0x0000000785600000, 0x0000000785600000| Untracked 
|  87|0x0000000785700000, 0x0000000785700000, 0x0000000785800000|  0%| F|  |TAMS 0x0000000785700000, 0x0000000785700000| Untracked 
|  88|0x0000000785800000, 0x0000000785800000, 0x0000000785900000|  0%| F|  |TAMS 0x0000000785800000, 0x0000000785800000| Untracked 
|  89|0x0000000785900000, 0x0000000785900000, 0x0000000785a00000|  0%| F|  |TAMS 0x0000000785900000, 0x0000000785900000| Untracked 
|  90|0x0000000785a00000, 0x0000000785a00000, 0x0000000785b00000|  0%| F|  |TAMS 0x0000000785a00000, 0x0000000785a00000| Untracked 
|  91|0x0000000785b00000, 0x0000000785b00000, 0x0000000785c00000|  0%| F|  |TAMS 0x0000000785b00000, 0x0000000785b00000| Untracked 
|  92|0x0000000785c00000, 0x0000000785c00000, 0x0000000785d00000|  0%| F|  |TAMS 0x0000000785c00000, 0x0000000785c00000| Untracked 
|  93|0x0000000785d00000, 0x0000000785d00000, 0x0000000785e00000|  0%| F|  |TAMS 0x0000000785d00000, 0x0000000785d00000| Untracked 
|  94|0x0000000785e00000, 0x0000000785e00000, 0x0000000785f00000|  0%| F|  |TAMS 0x0000000785e00000, 0x0000000785e00000| Untracked 
|  95|0x0000000785f00000, 0x0000000785f00000, 0x0000000786000000|  0%| F|  |TAMS 0x0000000785f00000, 0x0000000785f00000| Untracked 
|  96|0x0000000786000000, 0x00000007860840e8, 0x0000000786100000| 51%| E|  |TAMS 0x0000000786000000, 0x0000000786000000| Complete 
|  97|0x0000000786100000, 0x0000000786200000, 0x0000000786200000|100%| E|CS|TAMS 0x0000000786100000, 0x0000000786100000| Complete 
|  98|0x0000000786200000, 0x0000000786300000, 0x0000000786300000|100%| E|CS|TAMS 0x0000000786200000, 0x0000000786200000| Complete 
|  99|0x0000000786300000, 0x0000000786400000, 0x0000000786400000|100%| E|CS|TAMS 0x0000000786300000, 0x0000000786300000| Complete 
| 100|0x0000000786400000, 0x0000000786500000, 0x0000000786500000|100%| E|CS|TAMS 0x0000000786400000, 0x0000000786400000| Complete 
| 101|0x0000000786500000, 0x0000000786600000, 0x0000000786600000|100%| E|CS|TAMS 0x0000000786500000, 0x0000000786500000| Complete 
| 102|0x0000000786600000, 0x0000000786700000, 0x0000000786700000|100%| S|CS|TAMS 0x0000000786600000, 0x0000000786600000| Complete 
| 103|0x0000000786700000, 0x0000000786800000, 0x0000000786800000|100%| S|CS|TAMS 0x0000000786700000, 0x0000000786700000| Complete 
| 104|0x0000000786800000, 0x0000000786900000, 0x0000000786900000|100%| S|CS|TAMS 0x0000000786800000, 0x0000000786800000| Complete 
| 105|0x0000000786900000, 0x0000000786a00000, 0x0000000786a00000|100%| E|CS|TAMS 0x0000000786900000, 0x0000000786900000| Complete 
| 106|0x0000000786a00000, 0x0000000786b00000, 0x0000000786b00000|100%| E|CS|TAMS 0x0000000786a00000, 0x0000000786a00000| Complete 
| 107|0x0000000786b00000, 0x0000000786c00000, 0x0000000786c00000|100%| E|CS|TAMS 0x0000000786b00000, 0x0000000786b00000| Complete 
| 108|0x0000000786c00000, 0x0000000786d00000, 0x0000000786d00000|100%| E|CS|TAMS 0x0000000786c00000, 0x0000000786c00000| Complete 
| 109|0x0000000786d00000, 0x0000000786e00000, 0x0000000786e00000|100%| E|CS|TAMS 0x0000000786d00000, 0x0000000786d00000| Complete 
| 110|0x0000000786e00000, 0x0000000786f00000, 0x0000000786f00000|100%| E|CS|TAMS 0x0000000786e00000, 0x0000000786e00000| Complete 
| 111|0x0000000786f00000, 0x0000000787000000, 0x0000000787000000|100%| E|CS|TAMS 0x0000000786f00000, 0x0000000786f00000| Complete 
| 112|0x0000000787000000, 0x0000000787100000, 0x0000000787100000|100%| E|CS|TAMS 0x0000000787000000, 0x0000000787000000| Complete 
| 113|0x0000000787100000, 0x0000000787200000, 0x0000000787200000|100%| E|CS|TAMS 0x0000000787100000, 0x0000000787100000| Complete 
| 114|0x0000000787200000, 0x0000000787300000, 0x0000000787300000|100%| E|CS|TAMS 0x0000000787200000, 0x0000000787200000| Complete 
| 115|0x0000000787300000, 0x0000000787400000, 0x0000000787400000|100%| E|CS|TAMS 0x0000000787300000, 0x0000000787300000| Complete 
| 116|0x0000000787400000, 0x0000000787500000, 0x0000000787500000|100%| E|CS|TAMS 0x0000000787400000, 0x0000000787400000| Complete 
| 117|0x0000000787500000, 0x0000000787600000, 0x0000000787600000|100%| E|CS|TAMS 0x0000000787500000, 0x0000000787500000| Complete 
| 118|0x0000000787600000, 0x0000000787700000, 0x0000000787700000|100%| E|CS|TAMS 0x0000000787600000, 0x0000000787600000| Complete 
| 119|0x0000000787700000, 0x0000000787800000, 0x0000000787800000|100%| E|CS|TAMS 0x0000000787700000, 0x0000000787700000| Complete 
| 120|0x0000000787800000, 0x0000000787900000, 0x0000000787900000|100%| E|CS|TAMS 0x0000000787800000, 0x0000000787800000| Complete 
| 121|0x0000000787900000, 0x0000000787a00000, 0x0000000787a00000|100%| E|CS|TAMS 0x0000000787900000, 0x0000000787900000| Complete 
| 122|0x0000000787a00000, 0x0000000787b00000, 0x0000000787b00000|100%| E|CS|TAMS 0x0000000787a00000, 0x0000000787a00000| Complete 
| 123|0x0000000787b00000, 0x0000000787c00000, 0x0000000787c00000|100%| E|CS|TAMS 0x0000000787b00000, 0x0000000787b00000| Complete 
| 124|0x0000000787c00000, 0x0000000787d00000, 0x0000000787d00000|100%| E|CS|TAMS 0x0000000787c00000, 0x0000000787c00000| Complete 
| 125|0x0000000787d00000, 0x0000000787e00000, 0x0000000787e00000|100%| E|CS|TAMS 0x0000000787d00000, 0x0000000787d00000| Complete 
| 126|0x0000000787e00000, 0x0000000787f00000, 0x0000000787f00000|100%| E|CS|TAMS 0x0000000787e00000, 0x0000000787e00000| Complete 
| 127|0x0000000787f00000, 0x0000000788000000, 0x0000000788000000|100%| E|CS|TAMS 0x0000000787f00000, 0x0000000787f00000| Complete 
|2046|0x00000007ffe00000, 0x00000007ffe74000, 0x00000007fff00000| 45%|OA|  |TAMS 0x00000007ffe00000, 0x00000007ffe00000| Untracked 
|2047|0x00000007fff00000, 0x00000007fff74000, 0x0000000800000000| 45%|CA|  |TAMS 0x00000007fff00000, 0x00000007fff00000| Untracked 

Card table byte_map: [0x0000000105000000,0x0000000105400000] _byte_map_base: 0x0000000101400000

Marking Bits (Prev, Next): (CMBitMap*) 0x0000000149833810, (CMBitMap*) 0x0000000149833850
 Prev Bits: [0x000000011d774000, 0x000000011f774000)
 Next Bits: [0x000000011f774000, 0x0000000121774000)

Polling page: 0x0000000100870000

Metaspace:

Usage:
  Non-class:     11.53 MB used.
      Class:      1.99 MB used.
       Both:     13.52 MB used.

Virtual space:
  Non-class space:       64.00 MB reserved,      11.62 MB ( 18%) committed,  1 nodes.
      Class space:        1.00 GB reserved,       2.12 MB ( <1%) committed,  1 nodes.
             Both:        1.06 GB reserved,      13.75 MB (  1%) committed. 

Chunk freelists:
   Non-Class:  3.38 MB
       Class:  1.86 MB
        Both:  5.23 MB

MaxMetaspaceSize: unlimited
CompressedClassSpaceSize: 1.00 GB
Initial GC threshold: 21.00 MB
Current GC threshold: 21.00 MB
CDS: on
MetaspaceReclaimPolicy: balanced
 - commit_granule_bytes: 65536.
 - commit_granule_words: 8192.
 - virtual_space_node_default_size: 8388608.
 - enlarge_chunks_in_place: 1.
 - new_chunks_are_fully_committed: 0.
 - uncommit_free_chunks: 1.
 - use_allocation_guard: 0.


Internal statistics:

num_allocs_failed_limit: 0.
num_arena_births: 210.
num_arena_deaths: 0.
num_vsnodes_births: 2.
num_vsnodes_deaths: 0.
num_space_committed: 220.
num_space_uncommitted: 0.
num_chunks_returned_to_freelist: 0.
num_chunks_taken_from_freelist: 647.
num_chunk_merges: 0.
num_chunk_splits: 472.
num_chunks_enlarged: 388.
num_inconsistent_stats: 0.

CodeHeap 'non-profiled nmethods': size=120032Kb used=762Kb max_used=762Kb free=119270Kb
 bounds [0x000000011623c000, 0x00000001164ac000, 0x000000011d774000]
CodeHeap 'profiled nmethods': size=120016Kb used=4378Kb max_used=4378Kb free=115637Kb
 bounds [0x000000010ed08000, 0x000000010f158000, 0x000000011623c000]
CodeHeap 'non-nmethods': size=5712Kb used=1390Kb max_used=1439Kb free=4321Kb
 bounds [0x000000010e774000, 0x000000010e9e4000, 0x000000010ed08000]
 total_blobs=2998 nmethods=2239 adapters=675
 compilation: enabled
              stopped_count=0, restarted_count=0
 full_count=0

Compilation events (20 events):
Event: 5.234 Thread 0x000000013900ac00 nmethod 2292 0x00000001162f9410 code [0x00000001162f9580, 0x00000001162f9668]
Event: 5.234 Thread 0x000000013900a600 nmethod 2293 0x00000001162f9710 code [0x00000001162f9880, 0x00000001162f9930]
Event: 5.263 Thread 0x000000013900ac00 2294       3       javafx.scene.Scene::isDirtyEmpty (8 bytes)
Event: 5.264 Thread 0x000000013900ac00 nmethod 2294 0x000000010f144c10 code [0x000000010f144dc0, 0x000000010f144fe8]
Event: 5.348 Thread 0x000000013900ac00 2295       3       com.sun.javafx.scene.EnteredExitedHandler::dispatchCapturingEvent (222 bytes)
Event: 5.348 Thread 0x000000013900a600 2296       4       com.sun.javafx.scene.NodeHelper::getHelper (59 bytes)
Event: 5.349 Thread 0x000000013900a600 nmethod 2296 0x00000001162f9a10 code [0x00000001162f9bc0, 0x00000001162f9ce0]
Event: 5.349 Thread 0x000000013900ac00 nmethod 2295 0x000000010f145110 code [0x000000010f145680, 0x000000010f147fa8]
Event: 5.349 Thread 0x000000013900ac00 2298       3       javafx.beans.binding.DoubleExpression::<init> (5 bytes)
Event: 5.349 Thread 0x000000013900ac00 nmethod 2298 0x000000010f148910 code [0x000000010f148ac0, 0x000000010f148ce8]
Event: 5.349 Thread 0x000000013900ac00 2299       3       javafx.beans.binding.StringExpression::getValue (8 bytes)
Event: 5.349 Thread 0x000000013900ac00 nmethod 2299 0x000000010f148e10 code [0x000000010f148fc0, 0x000000010f1492d8]
Event: 5.349 Thread 0x000000013900ac00 2297       1       com.sun.javafx.text.TextLine::getRuns (5 bytes)
Event: 5.349 Thread 0x000000013900ac00 nmethod 2297 0x00000001162f9e10 code [0x00000001162f9f80, 0x00000001162fa068]
Event: 5.363 Thread 0x000000013900ac00 2300       3       javafx.beans.property.BooleanPropertyBase::set (76 bytes)
Event: 5.364 Thread 0x000000013900ac00 nmethod 2300 0x000000010f149390 code [0x000000010f149640, 0x000000010f14a208]
Event: 5.364 Thread 0x000000013900ac00 2301       3       javafx.scene.Parent::minHeight (89 bytes)
Event: 5.365 Thread 0x000000013900ac00 nmethod 2301 0x000000010f14a510 code [0x000000010f14a740, 0x000000010f14ad88]
Event: 5.365 Thread 0x000000013900ac00 2304       3       javafx.scene.layout.GridPane::getValignment (10 bytes)
Event: 5.365 Thread 0x000000013900a600 2306       4       java.util.RegularEnumSet::contains (57 bytes)

GC Heap History (2 events):
Event: 0.261 GC heap before
{Heap before GC invocations=0 (full 0):
 garbage-first heap   total 133120K, used 23456K [0x0000000780000000, 0x0000000800000000)
  region size 1024K, 23 young (23552K), 0 survivors (0K)
 Metaspace       used 6526K, committed 6784K, reserved 1114112K
  class space    used 831K, committed 960K, reserved 1048576K
}
Event: 0.262 GC heap after
{Heap after GC invocations=1 (full 0):
 garbage-first heap   total 133120K, used 4312K [0x0000000780000000, 0x0000000800000000)
  region size 1024K, 3 young (3072K), 3 survivors (3072K)
 Metaspace       used 6526K, committed 6784K, reserved 1114112K
  class space    used 831K, committed 960K, reserved 1048576K
}

Deoptimization events (20 events):
Event: 0.701 Thread 0x0000000149089200 DEOPT PACKING pc=0x000000010f0239c8 sp=0x0000000171f8ced0
Event: 0.701 Thread 0x0000000149089200 DEOPT UNPACKING pc=0x000000010e7b2b7c sp=0x0000000171f8cb30 mode 0
Event: 2.467 Thread 0x0000000149089200 DEOPT PACKING pc=0x000000010f049de0 sp=0x0000000171f8d520
Event: 2.467 Thread 0x0000000149089200 DEOPT UNPACKING pc=0x000000010e7b2b7c sp=0x0000000171f8d140 mode 0
Event: 4.187 Thread 0x0000000149133800 Uncommon trap: trap_request=0xffffff45 fr.pc=0x000000011628def4 relative=0x0000000000000bf4
Event: 4.187 Thread 0x0000000149133800 Uncommon trap: reason=unstable_if action=reinterpret pc=0x000000011628def4 method=java.util.concurrent.ConcurrentHashMap.putVal(Ljava/lang/Object;Ljava/lang/Object;Z)Ljava/lang/Object; @ 148 c2
Event: 4.187 Thread 0x0000000149133800 DEOPT PACKING pc=0x000000011628def4 sp=0x000000016f709bc0
Event: 4.187 Thread 0x0000000149133800 DEOPT UNPACKING pc=0x000000010e7b2d1c sp=0x000000016f709ad0 mode 2
Event: 4.189 Thread 0x0000000149133800 Uncommon trap: trap_request=0xffffff45 fr.pc=0x000000011624c3c4 relative=0x0000000000000104
Event: 4.189 Thread 0x0000000149133800 Uncommon trap: reason=unstable_if action=reinterpret pc=0x000000011624c3c4 method=java.lang.StringLatin1.lastIndexOf([BI[BII)I @ 86 c2
Event: 4.189 Thread 0x0000000149133800 DEOPT PACKING pc=0x000000011624c3c4 sp=0x000000016f709e00
Event: 4.189 Thread 0x0000000149133800 DEOPT UNPACKING pc=0x000000010e7b2d1c sp=0x000000016f709d60 mode 2
Event: 4.195 Thread 0x0000000149089200 DEOPT PACKING pc=0x000000010f088c0c sp=0x0000000171f8d400
Event: 4.195 Thread 0x0000000149089200 DEOPT UNPACKING pc=0x000000010e7b2b7c sp=0x0000000171f8d000 mode 0
Event: 4.198 Thread 0x0000000149089200 DEOPT PACKING pc=0x000000010f088c0c sp=0x0000000171f8d3b0
Event: 4.198 Thread 0x0000000149089200 DEOPT UNPACKING pc=0x000000010e7b2b7c sp=0x0000000171f8cfb0 mode 0
Event: 4.199 Thread 0x0000000149089200 DEOPT PACKING pc=0x000000010f088c0c sp=0x0000000171f8d050
Event: 4.199 Thread 0x0000000149089200 DEOPT UNPACKING pc=0x000000010e7b2b7c sp=0x0000000171f8cc50 mode 0
Event: 4.200 Thread 0x0000000149089200 DEOPT PACKING pc=0x000000010f088c0c sp=0x0000000171f8d050
Event: 4.200 Thread 0x0000000149089200 DEOPT UNPACKING pc=0x000000010e7b2b7c sp=0x0000000171f8cc50 mode 0

Classes loaded (20 events):
Event: 4.187 Loading class sun/util/locale/provider/BaseLocaleDataMetaInfo
Event: 4.187 Loading class sun/util/locale/provider/BaseLocaleDataMetaInfo done
Event: 4.189 Loading class sun/text/resources/BreakIteratorInfo
Event: 4.189 Loading class sun/text/resources/BreakIteratorInfo done
Event: 4.189 Loading class sun/text/resources/BreakIteratorResources
Event: 4.189 Loading class sun/util/resources/BreakIteratorResourceBundle
Event: 4.189 Loading class sun/util/resources/BreakIteratorResourceBundle done
Event: 4.189 Loading class sun/text/resources/BreakIteratorResources done
Event: 4.189 Loading class sun/text/resources/BreakIteratorResources_en
Event: 4.189 Loading class sun/text/resources/BreakIteratorResources_en done
Event: 4.189 Loading class sun/text/resources/BreakIteratorResources_en_US
Event: 4.189 Loading class sun/text/resources/BreakIteratorResources_en_US done
Event: 4.190 Loading class sun/text/RuleBasedBreakIterator
Event: 4.190 Loading class sun/text/RuleBasedBreakIterator done
Event: 4.191 Loading class sun/text/CompactByteArray
Event: 4.191 Loading class sun/text/CompactByteArray done
Event: 4.191 Loading class sun/text/SupplementaryCharacterData
Event: 4.191 Loading class sun/text/SupplementaryCharacterData done
Event: 4.191 Loading class java/text/BreakIterator$BreakIteratorCache
Event: 4.191 Loading class java/text/BreakIterator$BreakIteratorCache done

Classes unloaded (0 events):
No events

Classes redefined (0 events):
No events

Internal exceptions (20 events):
Event: 0.390 Thread 0x0000000149133800 Exception <a 'java/lang/ClassNotFoundException'{0x00000007878da8d0}: com/sun/javafx/scene/control/skin/resources/controls-nt_en> (0x00000007878da8d0) 
thrown [open/src/hotspot/share/prims/jni.cpp, line 535]
Event: 0.390 Thread 0x0000000149133800 Exception <a 'java/lang/ClassNotFoundException'{0x00000007878db870}: com/sun/javafx/scene/control/skin/resources/controls-nt_en_US> (0x00000007878db870) 
thrown [open/src/hotspot/share/prims/jni.cpp, line 535]
Event: 0.569 Thread 0x0000000149133800 Exception <a 'java/lang/NoSuchMethodError'{0x000000078728f158}: 'java.lang.Object java.lang.invoke.DirectMethodHandle$Holder.invokeInterface(java.lang.Object, java.lang.Object, java.lang.Object)'> (0x000000078728f158) 
thrown [open/src/hotspot/share/interpreter/linkResolver.cpp, line 759]
Event: 0.569 Thread 0x0000000149133800 Exception <a 'java/lang/IncompatibleClassChangeError'{0x0000000787292ef8}: Found class java.lang.Object, but interface was expected> (0x0000000787292ef8) 
thrown [open/src/hotspot/share/interpreter/linkResolver.cpp, line 826]
Event: 0.584 Thread 0x0000000149133800 Exception <a 'java/lang/ClassNotFoundException'{0x00000007870b2ca0}: com/sun/javafx/scene/control/skin/resources/controls> (0x00000007870b2ca0) 
thrown [open/src/hotspot/share/prims/jni.cpp, line 535]
Event: 0.585 Thread 0x0000000149133800 Exception <a 'java/lang/ClassNotFoundException'{0x00000007870c0c40}: com/sun/javafx/scene/control/skin/resources/controls_en> (0x00000007870c0c40) 
thrown [open/src/hotspot/share/prims/jni.cpp, line 535]
Event: 0.585 Thread 0x0000000149133800 Exception <a 'java/lang/ClassNotFoundException'{0x00000007870c1bd8}: com/sun/javafx/scene/control/skin/resources/controls_en_US> (0x00000007870c1bd8) 
thrown [open/src/hotspot/share/prims/jni.cpp, line 535]
Event: 0.596 Thread 0x0000000149133800 Exception <a 'java/lang/NoSuchMethodError'{0x0000000786e80b58}: 'void java.lang.invoke.DirectMethodHandle$Holder.invokeSpecial(java.lang.Object, java.lang.Object, java.lang.Object, java.lang.Object, java.lang.Object, java.lang.Object)'> (0x0000000786e80b58) 
thrown [open/src/hotspot/share/interpreter/linkResolver.cpp, line 759]
Event: 0.620 Thread 0x0000000149133800 Exception <a 'java/lang/NoSuchMethodError'{0x0000000786acaa08}: 'void java.lang.invoke.DirectMethodHandle$Holder.invokeSpecialIFC(java.lang.Object, java.lang.Object, java.lang.Object, java.lang.Object)'> (0x0000000786acaa08) 
thrown [open/src/hotspot/share/interpreter/linkResolver.cpp, line 759]
Event: 0.626 Thread 0x0000000149133800 Exception <a 'java/lang/NoSuchMethodError'{0x0000000786947fb0}: 'int java.lang.invoke.DirectMethodHandle$Holder.invokeSpecial(java.lang.Object, java.lang.Object, int)'> (0x0000000786947fb0) 
thrown [open/src/hotspot/share/interpreter/linkResolver.cpp, line 759]
Event: 0.626 Thread 0x0000000149133800 Exception <a 'java/lang/NoSuchMethodError'{0x00000007869502f0}: 'int java.lang.invoke.DirectMethodHandle$Holder.invokeSpecial(java.lang.Object, java.lang.Object, java.lang.Object, int)'> (0x00000007869502f0) 
thrown [open/src/hotspot/share/interpreter/linkResolver.cpp, line 759]
Event: 0.627 Thread 0x0000000149133800 Exception <a 'java/lang/NoSuchMethodError'{0x0000000786962ac0}: 'java.lang.Object java.lang.invoke.DirectMethodHandle$Holder.invokeStatic(java.lang.Object, java.lang.Object, java.lang.Object, java.lang.Object, int)'> (0x0000000786962ac0) 
thrown [open/src/hotspot/share/interpreter/linkResolver.cpp, line 759]
Event: 0.627 Thread 0x0000000149133800 Exception <a 'java/lang/NoSuchMethodError'{0x000000078696b548}: 'int java.lang.invoke.DirectMethodHandle$Holder.invokeSpecial(java.lang.Object, java.lang.Object, java.lang.Object)'> (0x000000078696b548) 
thrown [open/src/hotspot/share/interpreter/linkResolver.cpp, line 759]
Event: 0.634 Thread 0x0000000149133800 Exception <a 'java/lang/NoSuchMethodError'{0x00000007869af1f8}: 'java.lang.Object java.lang.invoke.DirectMethodHandle$Holder.newInvokeSpecial(java.lang.Object, java.lang.Object, int)'> (0x00000007869af1f8) 
thrown [open/src/hotspot/share/interpreter/linkResolver.cpp, line 759]
Event: 0.663 Thread 0x0000000149089200 Exception <a 'java/lang/NoSuchMethodError'{0x00000007865aec38}: 'int java.lang.invoke.DirectMethodHandle$Holder.invokeStaticInit(java.lang.Object, java.lang.Object)'> (0x00000007865aec38) 
thrown [open/src/hotspot/share/interpreter/linkResolver.cpp, line 759]
Event: 0.664 Thread 0x0000000149133800 Exception <a 'java/lang/NoSuchMethodError'{0x00000007865d4158}: 'long java.lang.invoke.DirectMethodHandle$Holder.invokeStatic(java.lang.Object, java.lang.Object, java.lang.Object)'> (0x00000007865d4158) 
thrown [open/src/hotspot/share/interpreter/linkResolver.cpp, line 759]
Event: 0.664 Thread 0x0000000149133800 Exception <a 'java/lang/NoSuchMethodError'{0x00000007865d78f8}: 'long java.lang.invoke.DirectMethodHandle$Holder.invokeStaticInit(java.lang.Object, java.lang.Object, java.lang.Object)'> (0x00000007865d78f8) 
thrown [open/src/hotspot/share/interpreter/linkResolver.cpp, line 759]
Event: 0.665 Thread 0x0000000149133800 Exception <a 'java/lang/NoSuchMethodError'{0x00000007865f0038}: 'java.lang.Object java.lang.invoke.DirectMethodHandle$Holder.newInvokeSpecial(java.lang.Object, java.lang.Object, long)'> (0x00000007865f0038) 
thrown [open/src/hotspot/share/interpreter/linkResolver.cpp, line 759]
Event: 0.665 Thread 0x0000000149133800 Exception <a 'java/lang/NoSuchMethodError'{0x00000007865f3908}: 'java.lang.Object java.lang.invoke.Invokers$Holder.linkToTargetMethod(java.lang.Object, long, java.lang.Object)'> (0x00000007865f3908) 
thrown [open/src/hotspot/share/interpreter/linkResolver.cpp, line 759]
Event: 0.665 Thread 0x0000000149089200 Exception <a 'java/lang/NoSuchMethodError'{0x000000078642f870}: 'java.lang.Object java.lang.invoke.Invokers$Holder.invokeExact_MT(java.lang.Object, java.lang.Object, java.lang.Object, java.lang.Object, java.lang.Object)'> (0x000000078642f870) 
thrown [open/src/hotspot/share/interpreter/linkResolver.cpp, line 759]

VM Operations (20 events):
Event: 0.251 Executing VM operation: HandshakeAllThreads
Event: 0.251 Executing VM operation: HandshakeAllThreads done
Event: 0.261 Executing VM operation: G1CollectForAllocation
Event: 0.262 Executing VM operation: G1CollectForAllocation done
Event: 0.390 Executing VM operation: ICBufferFull
Event: 0.401 Executing VM operation: ICBufferFull done
Event: 0.562 Executing VM operation: HandshakeAllThreads
Event: 0.562 Executing VM operation: HandshakeAllThreads done
Event: 0.608 Executing VM operation: ICBufferFull
Event: 0.608 Executing VM operation: ICBufferFull done
Event: 0.629 Executing VM operation: ICBufferFull
Event: 0.629 Executing VM operation: ICBufferFull done
Event: 1.633 Executing VM operation: Cleanup
Event: 1.633 Executing VM operation: Cleanup done
Event: 2.638 Executing VM operation: Cleanup
Event: 2.638 Executing VM operation: Cleanup done
Event: 3.643 Executing VM operation: Cleanup
Event: 3.644 Executing VM operation: Cleanup done
Event: 4.649 Executing VM operation: Cleanup
Event: 4.649 Executing VM operation: Cleanup done

Events (20 events):
Event: 0.126 Loaded shared library /Users/nicolegumula/.openjfx/cache/17/libglass.dylib
Event: 0.126 Thread 0x0000000149133200 Thread added: 0x0000000149133200
Event: 0.126 Protecting memory [0x0000000171f98000,0x0000000171fa4000] with protection modes 0
Event: 0.127 Protecting memory [0x000000016ef14000,0x000000016ef20000] with protection modes 0
Event: 0.127 Thread 0x0000000149133800 Thread added: 0x0000000149133800
Event: 0.151 Thread 0x0000000129894e00 Thread added: 0x0000000129894e00
Event: 0.151 Protecting memory [0x00000001721a4000,0x00000001721b0000] with protection modes 0
Event: 0.185 Protecting memory [0x00000001721a4000,0x00000001721b0000] with protection modes 3
Event: 0.185 Thread 0x0000000129894e00 Thread exited: 0x0000000129894e00
Event: 0.213 Protecting memory [0x00000001721a4000,0x00000001721b0000] with protection modes 0
Event: 0.213 Thread 0x0000000149144200 Thread added: 0x0000000149144200
Event: 0.214 Thread 0x00000001499b8800 Thread added: 0x00000001499b8800
Event: 0.214 Protecting memory [0x000000017243c000,0x0000000172448000] with protection modes 0
Event: 0.247 Loading shared library /Users/nicolegumula/.m2/repository/org/openjfx/javafx-graphics/17/libjavafx_font.dylib failed, dlopen(/Users/nicolegumula/.m2/repository/org/openjfx/javafx-graphics/17/libjavafx_font.dylib, 0x0001): tried: '/Users/nicolegumula/.m2/r
Event: 0.248 Loaded shared library /Users/nicolegumula/.openjfx/cache/17/libjavafx_font.dylib
Event: 0.375 Loaded shared library /Library/Java/JavaVirtualMachines/jdk-18.0.2.1.jdk/Contents/Home/lib/libjimage.dylib
Event: 0.567 Thread 0x0000000149a40000 Thread added: 0x0000000149a40000
Event: 0.567 Protecting memory [0x0000000173084000,0x0000000173090000] with protection modes 0
Event: 0.676 Thread 0x00000001390cf400 Thread added: 0x00000001390cf400
Event: 0.676 Protecting memory [0x0000000173290000,0x000000017329c000] with protection modes 0


Dynamic libraries:
0x0000000100824000 	/Library/Java/JavaVirtualMachines/jdk-18.0.2.1.jdk/Contents/Home/lib/libjli.dylib
0x000000019b266000 	/usr/lib/libz.1.dylib
0x000000019b31d000 	/usr/lib/libSystem.B.dylib
0x000000019b317000 	/usr/lib/system/libcache.dylib
0x000000019b2d5000 	/usr/lib/system/libcommonCrypto.dylib
0x000000019b2fe000 	/usr/lib/system/libcompiler_rt.dylib
0x000000019b2f5000 	/usr/lib/system/libcopyfile.dylib
0x000000019053f000 	/usr/lib/system/libcorecrypto.dylib
0x00000001905f4000 	/usr/lib/system/libdispatch.dylib
0x00000001907c2000 	/usr/lib/system/libdyld.dylib
0x000000019b30d000 	/usr/lib/system/libkeymgr.dylib
0x000000019b2b0000 	/usr/lib/system/libmacho.dylib
0x000000019a9a0000 	/usr/lib/system/libquarantine.dylib
0x000000019b30a000 	/usr/lib/system/libremovefile.dylib
0x0000000195939000 	/usr/lib/system/libsystem_asl.dylib
0x00000001904e1000 	/usr/lib/system/libsystem_blocks.dylib
0x000000019067c000 	/usr/lib/system/libsystem_c.dylib
0x000000019b302000 	/usr/lib/system/libsystem_collections.dylib
0x0000000199e35000 	/usr/lib/system/libsystem_configuration.dylib
0x000000019908f000 	/usr/lib/system/libsystem_containermanager.dylib
0x000000019b00d000 	/usr/lib/system/libsystem_coreservices.dylib
0x0000000192ef3000 	/usr/lib/system/libsystem_darwin.dylib
0x000000019b30e000 	/usr/lib/system/libsystem_dnssd.dylib
0x0000000190679000 	/usr/lib/system/libsystem_featureflags.dylib
0x00000001907d7000 	/usr/lib/system/libsystem_info.dylib
0x000000019b278000 	/usr/lib/system/libsystem_m.dylib
0x00000001905c9000 	/usr/lib/system/libsystem_malloc.dylib
0x00000001958c7000 	/usr/lib/system/libsystem_networkextension.dylib
0x000000019334c000 	/usr/lib/system/libsystem_notify.dylib
0x00000001a1670000 	/usr/lib/system/libsystem_product_info_filter.dylib
0x0000000199e3a000 	/usr/lib/system/libsystem_sandbox.dylib
0x000000019b307000 	/usr/lib/system/libsystem_secinit.dylib
0x000000019077d000 	/usr/lib/system/libsystem_kernel.dylib
0x00000001907cf000 	/usr/lib/system/libsystem_platform.dylib
0x00000001907b5000 	/usr/lib/system/libsystem_pthread.dylib
0x0000000197099000 	/usr/lib/system/libsystem_symptoms.dylib
0x0000000190525000 	/usr/lib/system/libsystem_trace.dylib
0x000000019b2e2000 	/usr/lib/system/libunwind.dylib
0x00000001904e3000 	/usr/lib/system/libxpc.dylib
0x0000000190765000 	/usr/lib/libc++abi.dylib
0x000000019063b000 	/usr/lib/libobjc.A.dylib
0x000000019b2ed000 	/usr/lib/liboah.dylib
0x00000001906fe000 	/usr/lib/libc++.1.dylib
0x00000001a7198000 	/System/Library/Frameworks/Cocoa.framework/Versions/A/Cocoa
0x00000001933ad000 	/System/Library/Frameworks/AppKit.framework/Versions/C/AppKit
0x00000001968c0000 	/System/Library/Frameworks/CoreData.framework/Versions/A/CoreData
0x0000000191708000 	/System/Library/Frameworks/Foundation.framework/Versions/C/Foundation
0x0000000194265000 	/System/Library/PrivateFrameworks/UIFoundation.framework/Versions/A/UIFoundation
0x00000001a136a000 	/System/Library/PrivateFrameworks/RemoteViewServices.framework/Versions/A/RemoteViewServices
0x00000001997dd000 	/System/Library/PrivateFrameworks/XCTTargetBootstrap.framework/Versions/A/XCTTargetBootstrap
0x000000019d05d000 	/System/Library/PrivateFrameworks/InternationalSupport.framework/Versions/A/InternationalSupport
0x000000019d0e6000 	/System/Library/PrivateFrameworks/UserActivity.framework/Versions/A/UserActivity
0x000000019c554000 	/usr/lib/libspindump.dylib
0x00000001944d6000 	/System/Library/Frameworks/UniformTypeIdentifiers.framework/Versions/A/UniformTypeIdentifiers
0x0000000197d25000 	/usr/lib/libapp_launch_measurement.dylib
0x000000019724b000 	/System/Library/PrivateFrameworks/CoreAnalytics.framework/Versions/A/CoreAnalytics
0x0000000197d28000 	/System/Library/PrivateFrameworks/CoreAutoLayout.framework/Versions/A/CoreAutoLayout
0x00000001990cc000 	/System/Library/Frameworks/Metal.framework/Versions/A/Metal
0x0000000199e45000 	/usr/lib/liblangid.dylib
0x00000001997e2000 	/System/Library/PrivateFrameworks/CoreSVG.framework/Versions/A/CoreSVG
0x000000019596d000 	/System/Library/PrivateFrameworks/SkyLight.framework/Versions/A/SkyLight
0x0000000195d46000 	/System/Library/Frameworks/CoreGraphics.framework/Versions/A/CoreGraphics
0x00000001a1a36000 	/System/Library/Frameworks/Accelerate.framework/Versions/A/Accelerate
0x000000019bfcb000 	/System/Library/PrivateFrameworks/IconServices.framework/Versions/A/IconServices
0x00000001990ae000 	/System/Library/Frameworks/IOSurface.framework/Versions/A/IOSurface
0x000000019727c000 	/usr/lib/libDiagnosticMessagesClient.dylib
0x00000001a4f39000 	/System/Library/Frameworks/ApplicationServices.framework/Versions/A/ApplicationServices
0x00000001997c5000 	/System/Library/PrivateFrameworks/DFRFoundation.framework/Versions/A/DFRFoundation
0x0000000192c3d000 	/usr/lib/libicucore.A.dylib
0x000000019df0a000 	/System/Library/Frameworks/AudioToolbox.framework/Versions/A/AudioToolbox
0x000000019d069000 	/System/Library/PrivateFrameworks/DataDetectorsCore.framework/Versions/A/DataDetectorsCore
0x00000001b3a70000 	/System/Library/PrivateFrameworks/TextInput.framework/Versions/A/TextInput
0x00000001958e2000 	/usr/lib/libMobileGestalt.dylib
0x0000000199491000 	/System/Library/Frameworks/Carbon.framework/Versions/A/Frameworks/HIToolbox.framework/Versions/A/HIToolbox
0x00000001976fc000 	/System/Library/Frameworks/QuartzCore.framework/Versions/A/QuartzCore
0x00000001928be000 	/System/Library/Frameworks/Security.framework/Versions/A/Security
0x00000001a13aa000 	/System/Library/Frameworks/Carbon.framework/Versions/A/Frameworks/SpeechRecognition.framework/Versions/A/SpeechRecognition
0x0000000197a7a000 	/System/Library/PrivateFrameworks/CoreUI.framework/Versions/A/CoreUI
0x000000019219a000 	/System/Library/Frameworks/CoreAudio.framework/Versions/A/CoreAudio
0x0000000197370000 	/System/Library/Frameworks/DiskArbitration.framework/Versions/A/DiskArbitration
0x000000019c95e000 	/System/Library/PrivateFrameworks/MultitouchSupport.framework/Versions/A/MultitouchSupport
0x00000001958e0000 	/usr/lib/libenergytrace.dylib
0x0000000193275000 	/System/Library/Frameworks/IOKit.framework/Versions/A/IOKit
0x00000001a1799000 	/System/Library/Frameworks/CoreServices.framework/Versions/A/CoreServices
0x0000000197cb5000 	/System/Library/PrivateFrameworks/PerformanceAnalysis.framework/Versions/A/PerformanceAnalysis
0x00000001f1eb3000 	/System/Library/Frameworks/OpenGL.framework/Versions/A/OpenGL
0x000000019a8b8000 	/System/Library/PrivateFrameworks/MobileKeyBag.framework/Versions/A/MobileKeyBag
0x0000000196354000 	/System/Library/Frameworks/ColorSync.framework/Versions/A/ColorSync
0x0000000190804000 	/System/Library/Frameworks/CoreFoundation.framework/Versions/A/CoreFoundation
0x0000000199a61000 	/System/Library/Frameworks/CoreImage.framework/Versions/A/CoreImage
0x0000000191fbe000 	/System/Library/Frameworks/CoreText.framework/Versions/A/CoreText
0x0000000199812000 	/System/Library/Frameworks/ImageIO.framework/Versions/A/ImageIO
0x000000019b323000 	/System/Library/PrivateFrameworks/SoftLinking.framework/Versions/A/SoftLinking
0x0000000197d73000 	/usr/lib/libxml2.2.dylib
0x000000019b5bc000 	/usr/lib/libcompression.dylib
0x000000019cfb9000 	/System/Library/PrivateFrameworks/TextureIO.framework/Versions/A/TextureIO
0x000000019bce4000 	/usr/lib/libate.dylib
0x000000019bba9000 	/usr/lib/liblzma.5.dylib
0x00000001913fb000 	/System/Library/Frameworks/SystemConfiguration.framework/Versions/A/SystemConfiguration
0x000000019b31f000 	/usr/lib/libfakelink.dylib
0x0000000195412000 	/System/Library/Frameworks/CFNetwork.framework/Versions/A/CFNetwork
0x000000019b465000 	/usr/lib/libarchive.2.dylib
0x0000000199e41000 	/System/Library/PrivateFrameworks/AppleSystemInfo.framework/Versions/A/AppleSystemInfo
0x000000019a9cb000 	/usr/lib/libbsm.0.dylib
0x000000019497f000 	/usr/lib/libnetwork.dylib
0x000000019b2b9000 	/usr/lib/system/libkxld.dylib
0x000000019a5e5000 	/System/Library/PrivateFrameworks/IOMobileFramebuffer.framework/Versions/A/IOMobileFramebuffer
0x00000002101e1000 	/usr/lib/libCoreEntitlements.dylib
0x000000019afef000 	/System/Library/PrivateFrameworks/AppleFSCompression.framework/Versions/A/AppleFSCompression
0x000000019a9b3000 	/usr/lib/libcoretls.dylib
0x000000019bbc2000 	/usr/lib/libcoretls_cfhelpers.dylib
0x000000019b5b7000 	/usr/lib/libpam.2.dylib
0x0000000196cb0000 	/usr/lib/libsqlite3.dylib
0x000000019bc2b000 	/usr/lib/libxar.1.dylib
0x000000019b000000 	/usr/lib/libbz2.1.0.dylib
0x000000019b324000 	/usr/lib/libpcap.A.dylib
0x0000000197090000 	/usr/lib/libdns_services.dylib
0x000000019b58a000 	/usr/lib/libapple_nghttp2.dylib
0x000000019b361000 	/usr/lib/libiconv.2.dylib
0x000000019b2af000 	/usr/lib/libcharset.1.dylib
0x0000000197cf1000 	/System/Library/Frameworks/CoreServices.framework/Versions/A/Frameworks/FSEvents.framework/Versions/A/FSEvents
0x0000000192efe000 	/System/Library/Frameworks/CoreServices.framework/Versions/A/Frameworks/CarbonCore.framework/Versions/A/CarbonCore
0x00000001972d0000 	/System/Library/Frameworks/CoreServices.framework/Versions/A/Frameworks/Metadata.framework/Versions/A/Metadata
0x000000019b013000 	/System/Library/Frameworks/CoreServices.framework/Versions/A/Frameworks/OSServices.framework/Versions/A/OSServices
0x000000019b4eb000 	/System/Library/Frameworks/CoreServices.framework/Versions/A/Frameworks/SearchKit.framework/Versions/A/SearchKit
0x000000019701f000 	/System/Library/Frameworks/CoreServices.framework/Versions/A/Frameworks/AE.framework/Versions/A/AE
0x0000000190d4b000 	/System/Library/Frameworks/CoreServices.framework/Versions/A/Frameworks/LaunchServices.framework/Versions/A/LaunchServices
0x000000019bb52000 	/System/Library/Frameworks/CoreServices.framework/Versions/A/Frameworks/DictionaryServices.framework/Versions/A/DictionaryServices
0x0000000197cfe000 	/System/Library/Frameworks/CoreServices.framework/Versions/A/Frameworks/SharedFileList.framework/Versions/A/SharedFileList
0x000000019a9a3000 	/usr/lib/libCheckFix.dylib
0x0000000195951000 	/System/Library/PrivateFrameworks/TCC.framework/Versions/A/TCC
0x0000000199e47000 	/System/Library/PrivateFrameworks/CoreNLP.framework/Versions/A/CoreNLP
0x000000019727f000 	/System/Library/PrivateFrameworks/MetadataUtilities.framework/Versions/A/MetadataUtilities
0x00000001914b5000 	/usr/lib/libmecabra.dylib
0x000000019a9dc000 	/usr/lib/libmecab.dylib
0x0000000191481000 	/usr/lib/libCRFSuite.dylib
0x000000019aa39000 	/usr/lib/libgermantok.dylib
0x000000019b563000 	/usr/lib/libThaiTokenizer.dylib
0x0000000197378000 	/System/Library/Frameworks/Accelerate.framework/Versions/A/Frameworks/vImage.framework/Versions/A/vImage
0x00000001a1770000 	/System/Library/Frameworks/Accelerate.framework/Versions/A/Frameworks/vecLib.framework/Versions/A/vecLib
0x000000019bc70000 	/System/Library/Frameworks/Accelerate.framework/Versions/A/Frameworks/vecLib.framework/Versions/A/libvMisc.dylib
0x000000019a4ec000 	/System/Library/Frameworks/Accelerate.framework/Versions/A/Frameworks/vecLib.framework/Versions/A/libvDSP.dylib
0x00000001910d6000 	/System/Library/Frameworks/Accelerate.framework/Versions/A/Frameworks/vecLib.framework/Versions/A/libBLAS.dylib
0x000000019b68d000 	/System/Library/Frameworks/Accelerate.framework/Versions/A/Frameworks/vecLib.framework/Versions/A/libLAPACK.dylib
0x000000019aa3c000 	/System/Library/Frameworks/Accelerate.framework/Versions/A/Frameworks/vecLib.framework/Versions/A/libLinearAlgebra.dylib
0x000000019b5a2000 	/System/Library/Frameworks/Accelerate.framework/Versions/A/Frameworks/vecLib.framework/Versions/A/libSparseBLAS.dylib
0x000000019b688000 	/System/Library/Frameworks/Accelerate.framework/Versions/A/Frameworks/vecLib.framework/Versions/A/libQuadrature.dylib
0x0000000199f40000 	/System/Library/Frameworks/Accelerate.framework/Versions/A/Frameworks/vecLib.framework/Versions/A/libBNNS.dylib
0x0000000191394000 	/System/Library/Frameworks/Accelerate.framework/Versions/A/Frameworks/vecLib.framework/Versions/A/libSparse.dylib
0x0000000199f38000 	/System/Library/PrivateFrameworks/LinguisticData.framework/Versions/A/LinguisticData
0x000000019134c000 	/System/Library/PrivateFrameworks/Lexicon.framework/Versions/A/Lexicon
0x000000019bc68000 	/usr/lib/libChineseTokenizer.dylib
0x0000000191afa000 	/System/Library/PrivateFrameworks/LanguageModeling.framework/Versions/A/LanguageModeling
0x000000019b565000 	/System/Library/PrivateFrameworks/AppleSauce.framework/Versions/A/AppleSauce
0x000000019a5d2000 	/System/Library/PrivateFrameworks/CoreEmoji.framework/Versions/A/CoreEmoji
0x000000019b453000 	/usr/lib/libcmph.dylib
0x0000000197cd1000 	/System/Library/Frameworks/OpenDirectory.framework/Versions/A/Frameworks/CFOpenDirectory.framework/Versions/A/CFOpenDirectory
0x0000000197cc1000 	/System/Library/Frameworks/OpenDirectory.framework/Versions/A/OpenDirectory
0x000000019bbc4000 	/System/Library/PrivateFrameworks/APFS.framework/Versions/A/APFS
0x000000019a8f3000 	/System/Library/Frameworks/SecurityFoundation.framework/Versions/A/SecurityFoundation
0x000000019bc3a000 	/usr/lib/libutil.dylib
0x0000000193237000 	/System/Library/PrivateFrameworks/CoreServicesStore.framework/Versions/A/CoreServicesStore
0x000000019bc3e000 	/usr/lib/libxslt.1.dylib
0x000000019a987000 	/System/Library/PrivateFrameworks/BackgroundTaskManagement.framework/Versions/A/BackgroundTaskManagement
0x000000019ceda000 	/System/Library/Frameworks/ImageIO.framework/Versions/A/Resources/libRadiance.dylib
0x000000019cee3000 	/System/Library/Frameworks/ImageIO.framework/Versions/A/Resources/libJPEG.dylib
0x000000019ce36000 	/System/Library/Frameworks/ImageIO.framework/Versions/A/Resources/libPng.dylib
0x000000019ce58000 	/System/Library/Frameworks/ImageIO.framework/Versions/A/Resources/libTIFF.dylib
0x000000019cf3e000 	/System/Library/Frameworks/ImageIO.framework/Versions/A/Resources/libGIF.dylib
0x000000019c86e000 	/System/Library/Frameworks/ImageIO.framework/Versions/A/Resources/libJP2.dylib
0x000000019bf90000 	/usr/lib/libexpat.1.dylib
0x000000019c829000 	/System/Library/PrivateFrameworks/AppleJPEG.framework/Versions/A/AppleJPEG
0x000000019934d000 	/System/Library/PrivateFrameworks/FontServices.framework/libFontParser.dylib
0x0000000196fc4000 	/System/Library/PrivateFrameworks/RunningBoardServices.framework/Versions/A/RunningBoardServices
0x00000001a786e000 	/System/Library/PrivateFrameworks/IOSurfaceAccelerator.framework/Versions/A/IOSurfaceAccelerator
0x000000019c95a000 	/System/Library/PrivateFrameworks/WatchdogClient.framework/Versions/A/WatchdogClient
0x0000000191bfa000 	/System/Library/Frameworks/CoreDisplay.framework/Versions/A/CoreDisplay
0x0000000199237000 	/System/Library/Frameworks/CoreMedia.framework/Versions/A/CoreMedia
0x00000001990c2000 	/System/Library/PrivateFrameworks/IOAccelerator.framework/Versions/A/IOAccelerator
0x0000000197e61000 	/System/Library/Frameworks/CoreVideo.framework/Versions/A/CoreVideo
0x000000019b5b5000 	/System/Library/Frameworks/MetalPerformanceShaders.framework/Versions/A/MetalPerformanceShaders
0x000000019c999000 	/System/Library/Frameworks/VideoToolbox.framework/Versions/A/VideoToolbox
0x0000000196f08000 	/System/Library/PrivateFrameworks/BaseBoard.framework/Versions/A/BaseBoard
0x0000000196c96000 	/System/Library/PrivateFrameworks/ProtocolBuffer.framework/Versions/A/ProtocolBuffer
0x000000019ced5000 	/System/Library/PrivateFrameworks/GPUWrangler.framework/Versions/A/GPUWrangler
0x000000019ceb5000 	/System/Library/PrivateFrameworks/IOPresentment.framework/Versions/A/IOPresentment
0x000000019cedd000 	/System/Library/PrivateFrameworks/DSExternalDisplay.framework/Versions/A/DSExternalDisplay
0x00000001f1ea6000 	/System/Library/Frameworks/OpenGL.framework/Versions/A/Libraries/libCoreFSCache.dylib
0x00000001fccd0000 	/System/Library/PrivateFrameworks/GPUCompiler.framework/Versions/31001/Libraries/libGPUCompilerUtils.dylib
0x000000019cf43000 	/System/Library/PrivateFrameworks/CMCaptureCore.framework/Versions/A/CMCaptureCore
0x000000019c541000 	/System/Library/PrivateFrameworks/AppServerSupport.framework/Versions/A/AppServerSupport
0x000000019e7c7000 	/System/Library/PrivateFrameworks/perfdata.framework/Versions/A/perfdata
0x0000000191d1a000 	/System/Library/PrivateFrameworks/AudioToolboxCore.framework/Versions/A/AudioToolboxCore
0x0000000199210000 	/System/Library/PrivateFrameworks/caulk.framework/Versions/A/caulk
0x000000019e0bc000 	/usr/lib/libAudioStatistics.dylib
0x00000001b00c5000 	/System/Library/PrivateFrameworks/SystemPolicy.framework/Versions/A/SystemPolicy
0x000000019e328000 	/usr/lib/libSMC.dylib
0x00000001a7076000 	/System/Library/Frameworks/CoreMIDI.framework/Versions/A/CoreMIDI
0x000000019ce04000 	/usr/lib/libAudioToolboxUtility.dylib
0x00000001ac235000 	/System/Library/PrivateFrameworks/OSAServicesClient.framework/Versions/A/OSAServicesClient
0x000000019e7d4000 	/usr/lib/libperfcheck.dylib
0x00000001b0be4000 	/usr/lib/libmis.dylib
0x00000001f1f08000 	/System/Library/Frameworks/OpenGL.framework/Versions/A/Libraries/libGLU.dylib
0x00000001f1ec7000 	/System/Library/Frameworks/OpenGL.framework/Versions/A/Libraries/libGFXShared.dylib
0x00000001f20b4000 	/System/Library/Frameworks/OpenGL.framework/Versions/A/Libraries/libGL.dylib
0x00000001f1ed0000 	/System/Library/Frameworks/OpenGL.framework/Versions/A/Libraries/libGLImage.dylib
0x00000001f1ec4000 	/System/Library/Frameworks/OpenGL.framework/Versions/A/Libraries/libCVMSPluginSupport.dylib
0x00000001f1ead000 	/System/Library/Frameworks/OpenGL.framework/Versions/A/Libraries/libCoreVMClient.dylib
0x0000000199dc1000 	/System/Library/Frameworks/MetalPerformanceShaders.framework/Versions/A/Frameworks/MPSCore.framework/Versions/A/MPSCore
0x000000019af62000 	/System/Library/Frameworks/MetalPerformanceShaders.framework/Versions/A/Frameworks/MPSImage.framework/Versions/A/MPSImage
0x000000019aa51000 	/System/Library/Frameworks/MetalPerformanceShaders.framework/Versions/A/Frameworks/MPSNeuralNetwork.framework/Versions/A/MPSNeuralNetwork
0x000000019ae8a000 	/System/Library/Frameworks/MetalPerformanceShaders.framework/Versions/A/Frameworks/MPSMatrix.framework/Versions/A/MPSMatrix
0x000000019ac63000 	/System/Library/Frameworks/MetalPerformanceShaders.framework/Versions/A/Frameworks/MPSRayIntersector.framework/Versions/A/MPSRayIntersector
0x000000019aebb000 	/System/Library/Frameworks/MetalPerformanceShaders.framework/Versions/A/Frameworks/MPSNDArray.framework/Versions/A/MPSNDArray
0x00000001f4933000 	/System/Library/Frameworks/MetalPerformanceShaders.framework/Versions/A/Frameworks/MPSFunctions.framework/Versions/A/MPSFunctions
0x0000000190fac000 	/System/Library/PrivateFrameworks/MetalTools.framework/Versions/A/MetalTools
0x0000000199e3f000 	/System/Library/PrivateFrameworks/AggregateDictionary.framework/Versions/A/AggregateDictionary
0x000000019bd75000 	/usr/lib/libIOReport.dylib
0x00000001a6093000 	/System/Library/PrivateFrameworks/ASEProcessing.framework/Versions/A/ASEProcessing
0x000000019c0ea000 	/System/Library/PrivateFrameworks/FaceCore.framework/Versions/A/FaceCore
0x000000019c0dc000 	/System/Library/PrivateFrameworks/GraphVisualizer.framework/Versions/A/GraphVisualizer
0x00000001fcbe7000 	/System/Library/PrivateFrameworks/FontServices.framework/Versions/A/FontServices
0x000000019c4fd000 	/System/Library/PrivateFrameworks/OTSVG.framework/Versions/A/OTSVG
0x0000000197a2a000 	/System/Library/Frameworks/ApplicationServices.framework/Versions/A/Frameworks/ATS.framework/Versions/A/Resources/libFontRegistry.dylib
0x000000019c54a000 	/System/Library/PrivateFrameworks/FontServices.framework/libhvf.dylib
0x00000001fcbe8000 	/System/Library/PrivateFrameworks/FontServices.framework/libXTFontStaticRegistryData.dylib
0x00000001f2255000 	/System/Library/Frameworks/OpenCL.framework/Versions/A/OpenCL
0x000000019bf44000 	/System/Library/PrivateFrameworks/AppleVA.framework/Versions/A/AppleVA
0x000000019e0e4000 	/System/Library/Frameworks/ApplicationServices.framework/Versions/A/Frameworks/ATS.framework/Versions/A/ATS
0x0000000196453000 	/System/Library/Frameworks/ApplicationServices.framework/Versions/A/Frameworks/HIServices.framework/Versions/A/HIServices
0x000000019cf4d000 	/System/Library/Frameworks/ApplicationServices.framework/Versions/A/Frameworks/PrintCore.framework/Versions/A/PrintCore
0x000000019e47b000 	/System/Library/Frameworks/ApplicationServices.framework/Versions/A/Frameworks/QD.framework/Versions/A/QD
0x000000019e473000 	/System/Library/Frameworks/ApplicationServices.framework/Versions/A/Frameworks/ColorSyncLegacy.framework/Versions/A/ColorSyncLegacy
0x000000019e0d0000 	/System/Library/Frameworks/ApplicationServices.framework/Versions/A/Frameworks/SpeechSynthesis.framework/Versions/A/SpeechSynthesis
0x000000019cf0e000 	/System/Library/Frameworks/ApplicationServices.framework/Versions/A/Frameworks/ATSUI.framework/Versions/A/ATSUI
0x000000019e408000 	/usr/lib/libcups.2.dylib
0x000000019e7e2000 	/System/Library/Frameworks/Kerberos.framework/Versions/A/Kerberos
0x000000019e7f3000 	/System/Library/Frameworks/GSS.framework/Versions/A/GSS
0x000000019e154000 	/usr/lib/libresolv.9.dylib
0x000000019c559000 	/System/Library/PrivateFrameworks/Heimdal.framework/Versions/A/Heimdal
0x00000001a52c9000 	/System/Library/Frameworks/Kerberos.framework/Versions/A/Libraries/libHeimdalProxy.dylib
0x00000001970a2000 	/System/Library/Frameworks/Network.framework/Versions/A/Network
0x000000019bfab000 	/usr/lib/libheimdal-asn1.dylib
0x000000019e843000 	/System/Library/PrivateFrameworks/CommonAuth.framework/Versions/A/CommonAuth
0x000000019e04a000 	/System/Library/PrivateFrameworks/AudioSession.framework/Versions/A/AudioSession
0x000000019c03d000 	/System/Library/PrivateFrameworks/MediaExperience.framework/Versions/A/MediaExperience
0x000000019ded0000 	/System/Library/PrivateFrameworks/AudioSession.framework/libSessionUtility.dylib
0x000000019e487000 	/System/Library/PrivateFrameworks/AudioResourceArbitration.framework/Versions/A/AudioResourceArbitration
0x00000001a264d000 	/System/Library/PrivateFrameworks/PowerLog.framework/Versions/A/PowerLog
0x000000019bfb5000 	/System/Library/PrivateFrameworks/IconFoundation.framework/Versions/A/IconFoundation
0x00000001a1396000 	/System/Library/PrivateFrameworks/SpeechRecognitionCore.framework/Versions/A/SpeechRecognitionCore
0x0000000105f54000 	/Library/Java/JavaVirtualMachines/jdk-18.0.2.1.jdk/Contents/Home/lib/server/libjvm.dylib
0x0000000100884000 	/Library/Java/JavaVirtualMachines/jdk-18.0.2.1.jdk/Contents/Home/lib/libjimage.dylib
0x00000001009c0000 	/Library/Java/JavaVirtualMachines/jdk-18.0.2.1.jdk/Contents/Home/lib/libjava.dylib
0x0000000105868000 	/Library/Java/JavaVirtualMachines/jdk-18.0.2.1.jdk/Contents/Home/lib/libnio.dylib
0x0000000105888000 	/Library/Java/JavaVirtualMachines/jdk-18.0.2.1.jdk/Contents/Home/lib/libnet.dylib
0x0000000100fcc000 	/Library/Java/JavaVirtualMachines/jdk-18.0.2.1.jdk/Contents/Home/lib/libzip.dylib
0x0000000100fe4000 	/Users/nicolegumula/.openjfx/cache/17/libprism_es2.dylib
0x00000001931fa000 	/System/Library/PrivateFrameworks/CoreServicesInternal.framework/Versions/A/CoreServicesInternal
0x00000001f20be000 	/System/Library/Frameworks/OpenGL.framework/Versions/A/Resources/GLEngine.bundle/GLEngine
0x00000001f1f46000 	/System/Library/Frameworks/OpenGL.framework/Versions/A/Libraries/libGLProgrammability.dylib
0x000000012a940000 	/System/Library/Extensions/AppleMetalOpenGLRenderer.bundle/Contents/MacOS/AppleMetalOpenGLRenderer
0x00000001f222d000 	/System/Library/Frameworks/OpenGL.framework/Versions/A/Resources/GLRendererFloat.bundle/GLRendererFloat
0x00000001f2daf000 	/System/Library/Extensions/AGXMetalG14G.bundle/Contents/MacOS/AGXMetalG14G
0x00000001b0c00000 	/System/Library/PrivateFrameworks/GPURawCounter.framework/Versions/A/GPURawCounter
0x00000001ab396000 	/System/Library/PrivateFrameworks/IOGPU.framework/Versions/A/IOGPU
0x000000012a8a4000 	/Users/nicolegumula/.openjfx/cache/17/libglass.dylib
0x00000001a28a5000 	/System/Library/Frameworks/FileProvider.framework/Versions/A/FileProvider
0x0000000196e70000 	/System/Library/Frameworks/Accounts.framework/Versions/A/Accounts
0x00000001a2a29000 	/System/Library/PrivateFrameworks/GenerationalStorage.framework/Versions/A/GenerationalStorage
0x00000001a35ee000 	/System/Library/PrivateFrameworks/CoreSymbolication.framework/Versions/A/CoreSymbolication
0x00000001a2641000 	/System/Library/PrivateFrameworks/SymptomDiagnosticReporter.framework/Versions/A/SymptomDiagnosticReporter
0x00000001944ea000 	/System/Library/PrivateFrameworks/DesktopServicesPriv.framework/Versions/A/DesktopServicesPriv
0x000000019335c000 	/usr/lib/libsandbox.1.dylib
0x0000000197eef000 	/System/Library/PrivateFrameworks/UserManagement.framework/Versions/A/UserManagement
0x00000001a35ab000 	/System/Library/PrivateFrameworks/DebugSymbols.framework/Versions/A/DebugSymbols
0x000000019e466000 	/System/Library/PrivateFrameworks/NetAuth.framework/Versions/A/NetAuth
0x000000019f387000 	/System/Library/PrivateFrameworks/Sharing.framework/Versions/A/Sharing
0x0000000197ebf000 	/System/Library/PrivateFrameworks/login.framework/Versions/A/Frameworks/loginsupport.framework/Versions/A/loginsupport
0x00000001a47e0000 	/System/Library/PrivateFrameworks/Apple80211.framework/Versions/A/Apple80211
0x000000019b046000 	/System/Library/PrivateFrameworks/AuthKit.framework/Versions/A/AuthKit
0x000000019a6ce000 	/System/Library/PrivateFrameworks/CoreUtils.framework/Versions/A/CoreUtils
0x000000019a5f1000 	/System/Library/Frameworks/CoreWLAN.framework/Versions/A/CoreWLAN
0x000000019f4f7000 	/System/Library/Frameworks/IOBluetooth.framework/Versions/A/IOBluetooth
0x00000001a4840000 	/System/Library/PrivateFrameworks/CoreWiFi.framework/Versions/A/CoreWiFi
0x00000001a318b000 	/System/Library/PrivateFrameworks/FrontBoardServices.framework/Versions/A/FrontBoardServices
0x00000001a3223000 	/System/Library/PrivateFrameworks/BoardServices.framework/Versions/A/BoardServices
0x000000019a8e1000 	/System/Library/PrivateFrameworks/AssertionServices.framework/Versions/A/AssertionServices
0x00000001a49bd000 	/System/Library/PrivateFrameworks/BackBoardServices.framework/Versions/A/BackBoardServices
0x000000019e8da000 	/System/Library/PrivateFrameworks/CorePhoneNumbers.framework/Versions/A/CorePhoneNumbers
0x000000019e181000 	/System/Library/PrivateFrameworks/MultiverseSupport.framework/Versions/A/MultiverseSupport
0x00000001a4c3e000 	/System/Library/PrivateFrameworks/RemoteServiceDiscovery.framework/Versions/A/RemoteServiceDiscovery
0x00000001a2771000 	/System/Library/PrivateFrameworks/DiskManagement.framework/Versions/A/DiskManagement
0x00000001a2674000 	/System/Library/PrivateFrameworks/AppleIDAuthSupport.framework/Versions/A/AppleIDAuthSupport
0x00000001f716f000 	/System/Library/PrivateFrameworks/AAAFoundation.framework/Versions/A/AAAFoundation
0x000000019e8b9000 	/System/Library/PrivateFrameworks/KeychainCircle.framework/Versions/A/KeychainCircle
0x00000001a4c4e000 	/System/Library/PrivateFrameworks/RemoteXPC.framework/Versions/A/RemoteXPC
0x00000001a273d000 	/System/Library/PrivateFrameworks/MediaKit.framework/Versions/A/MediaKit
0x00000001a2681000 	/System/Library/Frameworks/DiscRecording.framework/Versions/A/DiscRecording
0x000000019bec0000 	/usr/lib/libCoreStorage.dylib
0x00000001a4cba000 	/usr/lib/libcsfde.dylib
0x000000019f5cc000 	/System/Library/PrivateFrameworks/ProtectedCloudStorage.framework/Versions/A/ProtectedCloudStorage
0x00000001a4cb2000 	/System/Library/PrivateFrameworks/EFILogin.framework/Versions/A/EFILogin
0x00000001a2a50000 	/System/Library/PrivateFrameworks/OctagonTrust.framework/Versions/A/OctagonTrust
0x00000001fbd6e000 	/System/Library/PrivateFrameworks/CoreUtilsExtras.framework/Versions/A/CoreUtilsExtras
0x00000001a25a6000 	/System/Library/Frameworks/CoreBluetooth.framework/Versions/A/CoreBluetooth
0x00000001a534e000 	/System/Library/Frameworks/AudioUnit.framework/Versions/A/AudioUnit
0x000000019beb8000 	/usr/lib/libMatch.1.dylib
0x00000001b50e6000 	/System/Library/Frameworks/Accelerate.framework/Versions/A/Frameworks/vImage.framework/Versions/A/Libraries/libCGInterfaces.dylib
0x000000012bf5c000 	/usr/lib/libobjc-trampolines.dylib
0x0000000197bb9000 	/System/Library/PrivateFrameworks/ViewBridge.framework/Versions/A/ViewBridge
0x000000019bd7e000 	/System/Library/PrivateFrameworks/CrashReporterSupport.framework/Versions/A/CrashReporterSupport
0x00000001bcb89000 	/System/Library/PrivateFrameworks/OSAnalytics.framework/Versions/A/OSAnalytics
0x00000001c7ed5000 	/System/Library/PrivateFrameworks/Symbolication.framework/Versions/A/Symbolication
0x00000001b0bc1000 	/System/Library/PrivateFrameworks/MallocStackLogging.framework/Versions/A/MallocStackLogging
0x000000012f81c000 	/Users/nicolegumula/.openjfx/cache/17/libjavafx_font.dylib
0x000000021033e000 	/usr/lib/libRosetta.dylib
0x000000019c61c000 	/System/Library/PrivateFrameworks/login.framework/Versions/A/login
0x00000001a1abf000 	/System/Library/PrivateFrameworks/SystemAdministration.framework/Versions/A/SystemAdministration
0x000000019d154000 	/System/Library/Frameworks/MediaToolbox.framework/Versions/A/MediaToolbox
0x00000001a135e000 	/System/Library/Frameworks/DirectoryService.framework/Versions/A/DirectoryService
0x00000001a4b47000 	/System/Library/PrivateFrameworks/DiskImages.framework/Versions/A/DiskImages
0x000000019a992000 	/System/Library/Frameworks/ServiceManagement.framework/Versions/A/ServiceManagement
0x00000001a4d30000 	/System/Library/PrivateFrameworks/LoginUIKit.framework/Versions/A/Frameworks/LoginUICore.framework/Versions/A/LoginUICore
0x000000019c7d2000 	/usr/lib/libodfde.dylib
0x00000001a2871000 	/System/Library/PrivateFrameworks/CoreAVCHD.framework/Versions/A/CoreAVCHD
0x00000001a1a81000 	/System/Library/Frameworks/MediaAccessibility.framework/Versions/A/MediaAccessibility
0x00000001a286d000 	/System/Library/PrivateFrameworks/Mangrove.framework/Versions/A/Mangrove
0x00000001a1a8e000 	/System/Library/PrivateFrameworks/AlgosScoreFramework.framework/Versions/A/AlgosScoreFramework
0x00000001f8e50000 	/System/Library/PrivateFrameworks/CMPhoto.framework/Versions/A/CMPhoto
0x00000001a2861000 	/System/Library/PrivateFrameworks/CoreAUC.framework/Versions/A/CoreAUC
0x00000001a4cc6000 	/usr/lib/libcurl.4.dylib
0x00000002106e6000 	/usr/lib/libcrypto.46.dylib
0x0000000210b8f000 	/usr/lib/libssl.48.dylib
0x00000001a49dd000 	/System/Library/Frameworks/LDAP.framework/Versions/A/LDAP
0x00000001a4a19000 	/System/Library/PrivateFrameworks/TrustEvaluationAgent.framework/Versions/A/TrustEvaluationAgent
0x000000019e16d000 	/usr/lib/libsasl2.2.dylib
0x00000001a1ab4000 	/System/Library/PrivateFrameworks/CoreDaemon.framework/Versions/B/CoreDaemon
0x00000001a1aae000 	/System/Library/PrivateFrameworks/AppleSRP.framework/Versions/A/AppleSRP


VM Arguments:
jvm_args: -XX:+ShowCodeDetailsInExceptionMessages --module-path=/Users/nicolegumula/Documents/github/projectfx3/target/classes:/Users/nicolegumula/.m2/repository/org/openjfx/javafx-controls/17/javafx-controls-17-mac-aarch64.jar:/Users/nicolegumula/.m2/repository/org/openjfx/javafx-graphics/17/javafx-graphics-17-mac-aarch64.jar:/Users/nicolegumula/.m2/repository/org/openjfx/javafx-base/17/javafx-base-17-mac-aarch64.jar:/Users/nicolegumula/.m2/repository/org/openjfx/javafx-fxml/17/javafx-fxml-17-mac-aarch64.jar -Djdk.module.main=edu.guilford 
java_command: edu.guilford/edu.guilford.App
java_class_path (initial): /Users/nicolegumula/.m2/repository/org/openjfx/javafx-controls/17/javafx-controls-17.jar:/Users/nicolegumula/.m2/repository/org/openjfx/javafx-graphics/17/javafx-graphics-17.jar:/Users/nicolegumula/.m2/repository/org/openjfx/javafx-base/17/javafx-base-17.jar:/Users/nicolegumula/.m2/repository/org/openjfx/javafx-fxml/17/javafx-fxml-17.jar
Launcher Type: SUN_STANDARD

[Global flags]
     intx CICompilerCount                          = 4                                         {product} {ergonomic}
     uint ConcGCThreads                            = 2                                         {product} {ergonomic}
     uint G1ConcRefinementThreads                  = 8                                         {product} {ergonomic}
   size_t G1HeapRegionSize                         = 1048576                                   {product} {ergonomic}
    uintx GCDrainStackTargetSize                   = 64                                        {product} {ergonomic}
   size_t InitialHeapSize                          = 134217728                                 {product} {ergonomic}
   size_t MarkStackSize                            = 4194304                                   {product} {ergonomic}
   size_t MaxHeapSize                              = 2147483648                                {product} {ergonomic}
   size_t MaxNewSize                               = 1287651328                                {product} {ergonomic}
   size_t MinHeapDeltaBytes                        = 1048576                                   {product} {ergonomic}
   size_t MinHeapSize                              = 8388608                                   {product} {ergonomic}
    uintx NonNMethodCodeHeapSize                   = 5839564                                {pd product} {ergonomic}
    uintx NonProfiledCodeHeapSize                  = 122909338                              {pd product} {ergonomic}
    uintx ProfiledCodeHeapSize                     = 122909338                              {pd product} {ergonomic}
    uintx ReservedCodeCacheSize                    = 251658240                              {pd product} {ergonomic}
     bool SegmentedCodeCache                       = true                                      {product} {ergonomic}
     bool ShowCodeDetailsInExceptionMessages       = true                                   {manageable} {command line}
   size_t SoftMaxHeapSize                          = 2147483648                             {manageable} {ergonomic}
     bool UseCompressedClassPointers               = true                           {product lp64_product} {ergonomic}
     bool UseCompressedOops                        = true                           {product lp64_product} {ergonomic}
     bool UseG1GC                                  = true                                      {product} {ergonomic}
     bool UseNUMA                                  = false                                     {product} {ergonomic}
     bool UseNUMAInterleaving                      = false                                     {product} {ergonomic}

Logging:
Log output configuration:
 #0: stdout all=warning uptime,level,tags foldmultilines=false
 #1: stderr all=off uptime,level,tags foldmultilines=false

Environment Variables:
PATH=/usr/local/bin:/usr/bin:/bin:/usr/sbin:/sbin
SHELL=/bin/zsh
LANG=en_US.UTF-8

Signal Handlers:
   SIGSEGV: _ZL13crash_handleriP9__siginfoPv in libjvm.dylib, mask=11100110000111110111111111111111, flags=SA_RESTART|SA_SIGINFO
    SIGBUS: _ZL13crash_handleriP9__siginfoPv in libjvm.dylib, mask=11100110000111110111111111111111, flags=SA_RESTART|SA_SIGINFO
    SIGFPE: _ZL13crash_handleriP9__siginfoPv in libjvm.dylib, mask=11100110000111110111111111111111, flags=SA_RESTART|SA_SIGINFO
   SIGPIPE: _ZL17javaSignalHandleriP9__siginfoPv in libjvm.dylib, mask=11100110000111110111111111111111, flags=SA_RESTART|SA_SIGINFO
   SIGXFSZ: _ZL17javaSignalHandleriP9__siginfoPv in libjvm.dylib, mask=11100110000111110111111111111111, flags=SA_RESTART|SA_SIGINFO
    SIGILL: _ZL13crash_handleriP9__siginfoPv in libjvm.dylib, mask=11100110000111110111111111111111, flags=SA_RESTART|SA_SIGINFO
   SIGUSR2: _ZL10SR_handleriP9__siginfoP17__darwin_ucontext in libjvm.dylib, mask=00000000000000000000000000000000, flags=SA_RESTART|SA_SIGINFO
    SIGHUP: _ZL11UserHandleriPvS_ in libjvm.dylib, mask=11100110000111110111111111111111, flags=SA_RESTART|SA_SIGINFO
    SIGINT: _ZL11UserHandleriPvS_ in libjvm.dylib, mask=11100110000111110111111111111111, flags=SA_RESTART|SA_SIGINFO
   SIGTERM: _ZL11UserHandleriPvS_ in libjvm.dylib, mask=11100110000111110111111111111111, flags=SA_RESTART|SA_SIGINFO
   SIGQUIT: _ZL11UserHandleriPvS_ in libjvm.dylib, mask=11100110000111110111111111111111, flags=SA_RESTART|SA_SIGINFO
   SIGTRAP: _ZL13crash_handleriP9__siginfoPv in libjvm.dylib, mask=11100110000111110111111111111111, flags=SA_RESTART|SA_SIGINFO


---------------  S Y S T E M  ---------------

OS:
uname: Darwin 21.5.0 Darwin Kernel Version 21.5.0: Tue Apr 26 20:57:23 PDT 2022; root:xnu-8020.121.3~2/RELEASE_ARM64_T8110 arm64
OS uptime: 0 days 0:05 hours
rlimit (soft/hard): STACK 8176k/65520k , CORE 0k/infinity , NPROC 1333/2000 , NOFILE 10240/infinity , AS infinity/infinity , CPU infinity/infinity , DATA infinity/infinity , FSIZE infinity/infinity , MEMLOCK infinity/infinity , RSS infinity/infinity
load average: 2.33 4.03 2.46

CPU: total 8 (initial active 8) 0x61:0x0:0xda33d83d:0, fp, simd, aes, pmull, crc, lse

Memory: 16k page, physical 8388608k(140480k free), swap 0k(0k free)

vm_info: Java HotSpot(TM) 64-Bit Server VM (18.0.2.1+1-1) for bsd-aarch64 JRE (18.0.2.1+1-1), built on Aug 16 2022 00:50:09 by "mach5one" with clang Apple LLVM 12.0.0 (clang-1200.0.32.29)

END.
